  78000: system.cpu T0 : @_start    :   ldr   r12, [pc, #36]     : MemRead :  D=0x00000000000089a4 A=0x819c
  78000: system.cpu T0 : @_start+4    :   mov   fp, #0             : IntAlu :  D=0x0000000000000000
  78000: system.cpu T0 : @_start+8    :   ldr   r1, [sp] #4       
  78000: system.cpu T0 : @_start+8.0  :   ldr   r1, [sp] #4        : MemRead :  D=0x0000000000000001 A=0xbefffee0
  78500: system.cpu T0 : @_start+8.1  :   addi_uop   sp, sp, #4    : IntAlu :  D=0x00000000befffee4
  78500: system.cpu T0 : @_start+12    :   mov   r2, sp             : IntAlu :  D=0x00000000befffee4
 134500: system.cpu T0 : @_start+16    :   str   r2, [sp, #-4]!    
 134500: system.cpu T0 : @_start+16.0  :   str   r2, [sp, #-4]!     : MemWrite :  D=0x00000000befffee4 A=0xbefffee0
 134500: system.cpu T0 : @_start+16.1  :   subi_uop   sp, sp, #4    : IntAlu :  D=0x00000000befffee0
 134500: system.cpu T0 : @_start+20    :   str   r0, [sp, #-4]!    
 134500: system.cpu T0 : @_start+20.0  :   str   r0, [sp, #-4]!     : MemWrite :  D=0x0000000000000000 A=0xbefffedc
 135000: system.cpu T0 : @_start+20.1  :   subi_uop   sp, sp, #4    : IntAlu :  D=0x00000000befffedc
 135000: system.cpu T0 : @_start+24    :   ldr   r0, [pc, #16]      : MemRead :  D=0x0000000000008334 A=0x81a0
 135000: system.cpu T0 : @_start+28    :   ldr   r3, [pc, #16]      : MemRead :  D=0x00000000000089e8 A=0x81a4
 139000: system.cpu T0 : @_start+32    :   str   r12, [sp, #-4]!   
 139000: system.cpu T0 : @_start+32.0  :   str   r12, [sp, #-4]!    : MemWrite :  D=0x00000000000089a4 A=0xbefffed8
 139000: system.cpu T0 : @_start+32.1  :   subi_uop   sp, sp, #4    : IntAlu :  D=0x00000000befffed8
 139000: system.cpu T0 : @_start+36    :   bl                       : IntAlu :  D=0x0000000000008198
 197500: system.cpu T0 : @__libc_start_main    : ldmstm                    
 197500: system.cpu T0 : @__libc_start_main.0  :   str_uop   r4, [sp, #16]  : MemWrite :  D=0x0000000000000000 A=0xbefffec8
 197500: system.cpu T0 : @__libc_start_main.1  :   str_uop   r5, [sp, #12]  : MemWrite :  D=0x0000000000000000 A=0xbefffecc
 197500: system.cpu T0 : @__libc_start_main.2  :   str_uop   r6, [sp, #8]   : MemWrite :  D=0x0000000000000000 A=0xbefffed0
 198000: system.cpu T0 : @__libc_start_main.3  :   str_uop   lr, [sp, #4]   : MemWrite :  D=0x0000000000008198 A=0xbefffed4
 198000: system.cpu T0 : @__libc_start_main.4  :   subi_uop   sp, sp, #16   : IntAlu :  D=0x00000000befffec8
 198000: system.cpu T0 : @__libc_start_main+4    :   ldr   r12, [pc, #520]    : MemRead :  D=0x0000000000000000 A=0x858c
 254500: system.cpu T0 : @__libc_start_main+8    :   sub   sp, sp, #304       : IntAlu :  D=0x00000000befffd98
 254500: system.cpu T0 : @__libc_start_main+12    :   cmps   r12, #0           : IntAlu :  D=0x0000000000000001
 254500: system.cpu T0 : @__libc_start_main+16    :   str   r0, [sp, #12]      : MemWrite :  D=0x0000000000008334 A=0xbefffda4
 255000: system.cpu T0 : @__libc_start_main+20    : ldmstm                    
 255000: system.cpu T0 : @__libc_start_main+20.0  :   str_uop   r1, [sp, #4]   : MemWrite :  D=0x0000000000000001 A=0xbefffd9c
 255000: system.cpu T0 : @__libc_start_main+20.1  :   str_uop   r2, [sp, #8]   : MemWrite :  D=0x00000000befffee4 A=0xbefffda0
 259000: system.cpu T0 : @__libc_start_main+24    :   mov   r5, r3             : IntAlu :  D=0x00000000000089e8
 259000: system.cpu T0 : @__libc_start_main+28    :   ldr   r6, [sp, #320]     : MemRead :  D=0x00000000000089a4 A=0xbefffed8
 259000: system.cpu T0 : @__libc_start_main+32    :   ldr   r4, [sp, #324]     : MemRead :  D=0x0000000000000000 A=0xbefffedc
 259500: system.cpu T0 : @__libc_start_main+36    :   beq                      : IntAlu : 
 265000: system.cpu T0 : @__libc_start_main+52    :   ldr   r3, [sp, #4]       : MemRead :  D=0x0000000000000001 A=0xbefffd9c
 265500: system.cpu T0 : @__libc_start_main+56    :   ldr   r2, [sp, #328]     : MemRead :  D=0x00000000befffee4 A=0xbefffee0
 265500: system.cpu T0 : @__libc_start_main+60    :   add   r0, r3, #1         : IntAlu :  D=0x0000000000000002
 265500: system.cpu T0 : @__libc_start_main+64    :   ldr   r3, [sp, #8]       : MemRead :  D=0x00000000befffee4 A=0xbefffda0
 266000: system.cpu T0 : @__libc_start_main+68    :   add   r0, r3, r0, LSL #2 : IntAlu :  D=0x00000000befffeec
 318000: system.cpu T0 : @__libc_start_main+72    :   ldr   r3, [pc, #456]     : MemRead :  D=0x00000000000804f4 A=0x8590
 318000: system.cpu T0 : @__libc_start_main+76    :   str   r12, [r3, #0]      : MemWrite :  D=0x0000000000000000 A=0x804f4
 318000: system.cpu T0 : @__libc_start_main+80    :   ldr   r3, [pc, #452]     : MemRead :  D=0x000000000007ffd8 A=0x8594
 318500: system.cpu T0 : @__libc_start_main+84    :   str   r2, [r3, #0]       : MemWrite :  D=0x00000000befffee4 A=0x7ffd8
 322000: system.cpu T0 : @__libc_start_main+88    :   ldr   r3, [pc, #448]     : MemRead :  D=0x00000000000814f4 A=0x8598
 322000: system.cpu T0 : @__libc_start_main+92    :   str   r0, [r3, #0]       : MemWrite :  D=0x00000000befffeec A=0x814f4
 322000: system.cpu T0 : @__libc_start_main+96    :   ldr   r3, [r0] #4       
 322000: system.cpu T0 : @__libc_start_main+96.0  :   ldr   r3, [r0] #4        : MemRead :  D=0x0000000000000000 A=0xbefffeec
 322500: system.cpu T0 : @__libc_start_main+96.1  :   addi_uop   r0, r0, #4    : IntAlu :  D=0x00000000befffef0
 322500: system.cpu T0 : @__libc_start_main+100    :   cmps   r3, #0            : IntAlu :  D=0x0000000000000001
 323000: system.cpu T0 : @__libc_start_main+104    :   bne                      : IntAlu : Predicated False
 323000: system.cpu T0 : @__libc_start_main+108    :   bl                       : IntAlu :  D=0x00000000000083e8
 394500: system.cpu T0 : @_dl_aux_init    : ldmstm                    
 394500: system.cpu T0 : @_dl_aux_init.0  :   str_uop   r4, [sp, #32]  : MemWrite :  D=0x0000000000000000 A=0xbefffd78
 394500: system.cpu T0 : @_dl_aux_init.1  :   str_uop   r5, [sp, #28]  : MemWrite :  D=0x00000000000089e8 A=0xbefffd7c
 394500: system.cpu T0 : @_dl_aux_init.2  :   str_uop   r6, [sp, #24]  : MemWrite :  D=0x00000000000089a4 A=0xbefffd80
 395000: system.cpu T0 : @_dl_aux_init.3  :   str_uop   r7, [sp, #20]  : MemWrite :  D=0x0000000000000000 A=0xbefffd84
 395000: system.cpu T0 : @_dl_aux_init.4  :   str_uop   r8, [sp, #16]  : MemWrite :  D=0x0000000000000000 A=0xbefffd88
 395000: system.cpu T0 : @_dl_aux_init.5  :   str_uop   r9, [sp, #12]  : MemWrite :  D=0x0000000000000000 A=0xbefffd8c
 395500: system.cpu T0 : @_dl_aux_init.6  :   str_uop   r10, [sp, #8]  : MemWrite :  D=0x0000000000000000 A=0xbefffd90
 395500: system.cpu T0 : @_dl_aux_init.7  :   str_uop   fp, [sp, #4]   : MemWrite :  D=0x0000000000000000 A=0xbefffd94
 395500: system.cpu T0 : @_dl_aux_init.8  :   subi_uop   sp, sp, #32   : IntAlu :  D=0x00000000befffd78
 396000: system.cpu T0 : @_dl_aux_init+4    :   ldr   r3, [r0, #0]       : MemRead :  D=0x0000000000000010 A=0xbefffef0
 396000: system.cpu T0 : @_dl_aux_init+8    :   sub   sp, sp, #40        : IntAlu :  D=0x00000000befffd50
 399000: system.cpu T0 : @_dl_aux_init+12    :   cmps   r3, #0            : IntAlu :  D=0x0000000000000001
 399000: system.cpu T0 : @_dl_aux_init+16    :   beq                      : IntAlu : Predicated False
 399000: system.cpu T0 : @_dl_aux_init+20    :   ldr   r9, [pc, #676]     : MemRead :  D=0x0000000000082084 A=0x13ec4
 399500: system.cpu T0 : @_dl_aux_init+24    :   ldr   r10, [pc, #676]    : MemRead :  D=0x0000000000082058 A=0x13ec8
 400000: system.cpu T0 : @_dl_aux_init+28    :   ldr   r2, [r9, #0]       : MemRead :  D=0x0000000000000000 A=0x82084
 400000: system.cpu T0 : @_dl_aux_init+32    :   ldr   r8, [pc, #672]     : MemRead :  D=0x000000000008204c A=0x13ecc
 400000: system.cpu T0 : @_dl_aux_init+36    :   str   r2, [sp, #28]      : MemWrite :  D=0x0000000000000000 A=0xbefffd6c
 400500: system.cpu T0 : @_dl_aux_init+40    :   ldr   r2, [r10, #0]      : MemRead :  D=0x0000000000000000 A=0x82058
 401000: system.cpu T0 : @_dl_aux_init+44    :   ldr   r7, [pc, #664]     : MemRead :  D=0x000000000008206c A=0x13ed0
 401000: system.cpu T0 : @_dl_aux_init+48    :   str   r2, [sp, #24]      : MemWrite :  D=0x0000000000000000 A=0xbefffd68
 401000: system.cpu T0 : @_dl_aux_init+52    :   ldr   r2, [r8, #0]       : MemRead :  D=0x0000000000000000 A=0x8204c
 401500: system.cpu T0 : @_dl_aux_init+56    :   ldr   r4, [pc, #656]     : MemRead :  D=0x0000000000081ac0 A=0x13ed4
 464500: system.cpu T0 : @_dl_aux_init+60    :   str   r2, [sp, #20]      : MemWrite :  D=0x0000000000000000 A=0xbefffd64
 464500: system.cpu T0 : @_dl_aux_init+64    :   ldr   r2, [r7, #0]       : MemRead :  D=0x0000000000000000 A=0x8206c
 464500: system.cpu T0 : @_dl_aux_init+68    :   ldr   r6, [pc, #648]     : MemRead :  D=0x0000000000082060 A=0x13ed8
 465000: system.cpu T0 : @_dl_aux_init+72    :   str   r2, [sp, #16]      : MemWrite :  D=0x0000000000000000 A=0xbefffd60
 469000: system.cpu T0 : @_dl_aux_init+76    :   ldr   r2, [r4, #0]       : MemRead :  D=0x0000000000000000 A=0x81ac0
 469000: system.cpu T0 : @_dl_aux_init+80    :   ldr   r5, [pc, #640]     : MemRead :  D=0x000000000007ffdc A=0x13edc
 469000: system.cpu T0 : @_dl_aux_init+84    :   str   r2, [sp, #32]      : MemWrite :  D=0x0000000000000000 A=0xbefffd70
 469500: system.cpu T0 : @_dl_aux_init+88    :   ldr   r2, [r4, #4]       : MemRead :  D=0x0000000000000000 A=0x81ac4
 470000: system.cpu T0 : @_dl_aux_init+92    :   ldr   fp, [pc, #632]     : MemRead :  D=0x00000000000820ac A=0x13ee0
 470000: system.cpu T0 : @_dl_aux_init+96    :   str   r2, [sp, #36]      : MemWrite :  D=0x0000000000000000 A=0xbefffd74
 470000: system.cpu T0 : @_dl_aux_init+100    :   ldr   r2, [r6, #0]       : MemRead :  D=0x0000000000000000 A=0x82060
 470500: system.cpu T0 : @_dl_aux_init+104    :   mov   r1, #0             : IntAlu :  D=0x0000000000000000
 471000: system.cpu T0 : @_dl_aux_init+108    :   str   r2, [sp, #12]      : MemWrite :  D=0x0000000000000000 A=0xbefffd5c
 471000: system.cpu T0 : @_dl_aux_init+112    :   ldr   r2, [r5, #0]       : MemRead :  D=0x0000000000000001 A=0x7ffdc
 471000: system.cpu T0 : @_dl_aux_init+116    :   add   r0, r0, #8         : IntAlu :  D=0x00000000befffef8
 471500: system.cpu T0 : @_dl_aux_init+120    :   str   r2, [sp, #8]       : MemWrite :  D=0x0000000000000001 A=0xbefffd58
 527500: system.cpu T0 : @_dl_aux_init+124    :   ldr   r2, [fp, #0]       : MemRead :  D=0x0000000000000000 A=0x820ac
 527500: system.cpu T0 : @_dl_aux_init+128    :   mov   r12, r1            : IntAlu :  D=0x0000000000000000
 527500: system.cpu T0 : @_dl_aux_init+132    :   str   r2, [sp, #4]       : MemWrite :  D=0x0000000000000000 A=0xbefffd54
 528000: system.cpu T0 : @_dl_aux_init+136    :   mov   r2, r1             : IntAlu :  D=0x0000000000000000
 532000: system.cpu T0 : @_dl_aux_init+140    :   sub   r3, r3, #3         : IntAlu :  D=0x000000000000000d
 532000: system.cpu T0 : @_dl_aux_init+144    :   cmps   r3, #30           : IntAlu :  D=0x0000000000000000
 532000: system.cpu T0 : @_dl_aux_init+148    :   ldrls   pc, [pc, r3 LSL #2] : MemRead :  D=0x0000000000013dec A=0x13cd4
 653500: system.cpu T0 : @_dl_aux_init+488    :   ldr   r3, [r0, #-4]      : MemRead :  D=0x00000000000078d7 A=0xbefffef4
 658000: system.cpu T0 : @_dl_aux_init+492    :   str   r3, [sp, #32]      : MemWrite :  D=0x00000000000078d7 A=0xbefffd70
 658000: system.cpu T0 : @_dl_aux_init+496    :   mov   r3, #0             : IntAlu :  D=0x0000000000000000
 658000: system.cpu T0 : @_dl_aux_init+500    :   str   r3, [sp, #36]      : MemWrite :  D=0x0000000000000000 A=0xbefffd74
 658500: system.cpu T0 : @_dl_aux_init+504    :   ldr   r3, [r0] #8       
 658500: system.cpu T0 : @_dl_aux_init+504.0  :   ldr   r3, [r0] #8        : MemRead :  D=0x0000000000000011 A=0xbefffef8
 658500: system.cpu T0 : @_dl_aux_init+504.1  :   addi_uop   r0, r0, #8    : IntAlu :  D=0x00000000beffff00
 714500: system.cpu T0 : @_dl_aux_init+508    :   cmps   r3, #0            : IntAlu :  D=0x0000000000000001
 714500: system.cpu T0 : @_dl_aux_init+512    :   bne                      : IntAlu : 
 720500: system.cpu T0 : @_dl_aux_init+140    :   sub   r3, r3, #3         : IntAlu :  D=0x000000000000000e
 720500: system.cpu T0 : @_dl_aux_init+144    :   cmps   r3, #30           : IntAlu :  D=0x0000000000000000
 720500: system.cpu T0 : @_dl_aux_init+148    :   ldrls   pc, [pc, r3 LSL #2] : MemRead :  D=0x0000000000013dd4 A=0x13cd8
 728500: system.cpu T0 : @_dl_aux_init+464    :   ldr   r3, [r0, #-4]      : MemRead :  D=0x0000000000000064 A=0xbefffefc
 728500: system.cpu T0 : @_dl_aux_init+468    :   str   r3, [sp, #24]      : MemWrite :  D=0x0000000000000064 A=0xbefffd68
 728500: system.cpu T0 : @_dl_aux_init+472    :   ldr   r3, [r0] #8       
 728500: system.cpu T0 : @_dl_aux_init+472.0  :   ldr   r3, [r0] #8        : MemRead :  D=0x0000000000000017 A=0xbeffff00
 729000: system.cpu T0 : @_dl_aux_init+472.1  :   addi_uop   r0, r0, #8    : IntAlu :  D=0x00000000beffff08
 729500: system.cpu T0 : @_dl_aux_init+476    :   cmps   r3, #0            : IntAlu :  D=0x0000000000000001
 729500: system.cpu T0 : @_dl_aux_init+480    :   bne                      : IntAlu : 
 793500: system.cpu T0 : @_dl_aux_init+140    :   sub   r3, r3, #3         : IntAlu :  D=0x0000000000000014
 793500: system.cpu T0 : @_dl_aux_init+144    :   cmps   r3, #30           : IntAlu :  D=0x0000000000000000
 793500: system.cpu T0 : @_dl_aux_init+148    :   ldrls   pc, [pc, r3 LSL #2] : MemRead :  D=0x0000000000013d1c A=0x13cf0
 802000: system.cpu T0 : @_dl_aux_init+280    :   ldr   r2, [r0, #-4]      : MemRead :  D=0x0000000000000000 A=0xbeffff04
 802500: system.cpu T0 : @_dl_aux_init+284    :   mov   r3, #1             : IntAlu :  D=0x0000000000000001
 802500: system.cpu T0 : @_dl_aux_init+288    :   str   r2, [sp, #8]       : MemWrite :  D=0x0000000000000000 A=0xbefffd58
 802500: system.cpu T0 : @_dl_aux_init+292    :   str   r3, [sp, #4]       : MemWrite :  D=0x0000000000000001 A=0xbefffd54
 803000: system.cpu T0 : @_dl_aux_init+296    :   mvn   r2, #0             : IntAlu :  D=0x00000000ffffffff
 803500: system.cpu T0 : @_dl_aux_init+300    :   ldr   r3, [r0] #8       
 803500: system.cpu T0 : @_dl_aux_init+300.0  :   ldr   r3, [r0] #8        : MemRead :  D=0x0000000000000019 A=0xbeffff08
 803500: system.cpu T0 : @_dl_aux_init+300.1  :   addi_uop   r0, r0, #8    : IntAlu :  D=0x00000000beffff10
 803500: system.cpu T0 : @_dl_aux_init+304    :   cmps   r3, #0            : IntAlu :  D=0x0000000000000001
 804000: system.cpu T0 : @_dl_aux_init+308    :   bne                      : IntAlu : 
 811500: system.cpu T0 : @_dl_aux_init+140    :   sub   r3, r3, #3         : IntAlu :  D=0x0000000000000016
 811500: system.cpu T0 : @_dl_aux_init+144    :   cmps   r3, #30           : IntAlu :  D=0x0000000000000000
 811500: system.cpu T0 : @_dl_aux_init+148    :   ldrls   pc, [pc, r3 LSL #2] : MemRead :  D=0x0000000000013d30 A=0x13cf8
 819500: system.cpu T0 : @_dl_aux_init+300    :   ldr   r3, [r0] #8       
 819500: system.cpu T0 : @_dl_aux_init+300.0  :   ldr   r3, [r0] #8        : MemRead :  D=0x000000000000001f A=0xbeffff10
 819500: system.cpu T0 : @_dl_aux_init+300.1  :   addi_uop   r0, r0, #8    : IntAlu :  D=0x00000000beffff18
 819500: system.cpu T0 : @_dl_aux_init+304    :   cmps   r3, #0            : IntAlu :  D=0x0000000000000001
 820000: system.cpu T0 : @_dl_aux_init+308    :   bne                      : IntAlu : 
 827500: system.cpu T0 : @_dl_aux_init+140    :   sub   r3, r3, #3         : IntAlu :  D=0x000000000000001c
 827500: system.cpu T0 : @_dl_aux_init+144    :   cmps   r3, #30           : IntAlu :  D=0x0000000000000000
 827500: system.cpu T0 : @_dl_aux_init+148    :   ldrls   pc, [pc, r3 LSL #2] : MemRead :  D=0x0000000000013d30 A=0x13d10
 893000: system.cpu T0 : @_dl_aux_init+300    :   ldr   r3, [r0] #8       
 893000: system.cpu T0 : @_dl_aux_init+300.0  :   ldr   r3, [r0] #8        : MemRead :  D=0x000000000000000f A=0xbeffff18
 893000: system.cpu T0 : @_dl_aux_init+300.1  :   addi_uop   r0, r0, #8    : IntAlu :  D=0x00000000beffff20
 893000: system.cpu T0 : @_dl_aux_init+304    :   cmps   r3, #0            : IntAlu :  D=0x0000000000000001
 893500: system.cpu T0 : @_dl_aux_init+308    :   bne                      : IntAlu : 
 902000: system.cpu T0 : @_dl_aux_init+140    :   sub   r3, r3, #3         : IntAlu :  D=0x000000000000000c
 902000: system.cpu T0 : @_dl_aux_init+144    :   cmps   r3, #30           : IntAlu :  D=0x0000000000000000
 902000: system.cpu T0 : @_dl_aux_init+148    :   ldrls   pc, [pc, r3 LSL #2] : MemRead :  D=0x0000000000013d30 A=0x13cd0
 910000: system.cpu T0 : @_dl_aux_init+300    :   ldr   r3, [r0] #8       
 910000: system.cpu T0 : @_dl_aux_init+300.0  :   ldr   r3, [r0] #8        : MemRead :  D=0x0000000000000006 A=0xbeffff20
 910000: system.cpu T0 : @_dl_aux_init+300.1  :   addi_uop   r0, r0, #8    : IntAlu :  D=0x00000000beffff28
 910000: system.cpu T0 : @_dl_aux_init+304    :   cmps   r3, #0            : IntAlu :  D=0x0000000000000001
 910500: system.cpu T0 : @_dl_aux_init+308    :   bne                      : IntAlu : 
 918000: system.cpu T0 : @_dl_aux_init+140    :   sub   r3, r3, #3         : IntAlu :  D=0x0000000000000003
 918000: system.cpu T0 : @_dl_aux_init+144    :   cmps   r3, #30           : IntAlu :  D=0x0000000000000000
 918000: system.cpu T0 : @_dl_aux_init+148    :   ldrls   pc, [pc, r3 LSL #2] : MemRead :  D=0x0000000000013e7c A=0x13cac
1038500: system.cpu T0 : @_dl_aux_init+632    :   ldr   r3, [r0, #-4]      : MemRead :  D=0x0000000000001000 A=0xbeffff24
1094500: system.cpu T0 : @_dl_aux_init+636    :   str   r3, [sp, #28]      : MemWrite :  D=0x0000000000001000 A=0xbefffd6c
1094500: system.cpu T0 : @_dl_aux_init+640    :   ldr   r3, [r0] #8       
1094500: system.cpu T0 : @_dl_aux_init+640.0  :   ldr   r3, [r0] #8        : MemRead :  D=0x0000000000000003 A=0xbeffff28
1094500: system.cpu T0 : @_dl_aux_init+640.1  :   addi_uop   r0, r0, #8    : IntAlu :  D=0x00000000beffff30
1095000: system.cpu T0 : @_dl_aux_init+644    :   cmps   r3, #0            : IntAlu :  D=0x0000000000000001
1095000: system.cpu T0 : @_dl_aux_init+648    :   bne                      : IntAlu : 
1102500: system.cpu T0 : @_dl_aux_init+140    :   sub   r3, r3, #3         : IntAlu :  D=0x0000000000000000
1102500: system.cpu T0 : @_dl_aux_init+144    :   cmps   r3, #30           : IntAlu :  D=0x0000000000000000
1102500: system.cpu T0 : @_dl_aux_init+148    :   ldrls   pc, [pc, r3 LSL #2] : MemRead :  D=0x0000000000013eac A=0x13ca0
1110500: system.cpu T0 : @_dl_aux_init+680    :   ldr   r3, [r0, #-4]      : MemRead :  D=0x0000000000008034 A=0xbeffff2c
1111000: system.cpu T0 : @_dl_aux_init+684    :   str   r3, [sp, #20]      : MemWrite :  D=0x0000000000008034 A=0xbefffd64
1111000: system.cpu T0 : @_dl_aux_init+688    :   ldr   r3, [r0] #8       
1111000: system.cpu T0 : @_dl_aux_init+688.0  :   ldr   r3, [r0] #8        : MemRead :  D=0x0000000000000004 A=0xbeffff30
1111000: system.cpu T0 : @_dl_aux_init+688.1  :   addi_uop   r0, r0, #8    : IntAlu :  D=0x00000000beffff38
1111500: system.cpu T0 : @_dl_aux_init+692    :   cmps   r3, #0            : IntAlu :  D=0x0000000000000001
1111500: system.cpu T0 : @_dl_aux_init+696    :   bne                      : IntAlu : 
1119000: system.cpu T0 : @_dl_aux_init+140    :   sub   r3, r3, #3         : IntAlu :  D=0x0000000000000001
1119000: system.cpu T0 : @_dl_aux_init+144    :   cmps   r3, #30           : IntAlu :  D=0x0000000000000000
1119000: system.cpu T0 : @_dl_aux_init+148    :   ldrls   pc, [pc, r3 LSL #2] : MemRead :  D=0x0000000000013d30 A=0x13ca4
1127000: system.cpu T0 : @_dl_aux_init+300    :   ldr   r3, [r0] #8       
1127000: system.cpu T0 : @_dl_aux_init+300.0  :   ldr   r3, [r0] #8        : MemRead :  D=0x0000000000000005 A=0xbeffff38
1127000: system.cpu T0 : @_dl_aux_init+300.1  :   addi_uop   r0, r0, #8    : IntAlu :  D=0x00000000beffff40
1127000: system.cpu T0 : @_dl_aux_init+304    :   cmps   r3, #0            : IntAlu :  D=0x0000000000000001
1127500: system.cpu T0 : @_dl_aux_init+308    :   bne                      : IntAlu : 
1135000: system.cpu T0 : @_dl_aux_init+140    :   sub   r3, r3, #3         : IntAlu :  D=0x0000000000000002
1135000: system.cpu T0 : @_dl_aux_init+144    :   cmps   r3, #30           : IntAlu :  D=0x0000000000000000
1135000: system.cpu T0 : @_dl_aux_init+148    :   ldrls   pc, [pc, r3 LSL #2] : MemRead :  D=0x0000000000013e94 A=0x13ca8
1143000: system.cpu T0 : @_dl_aux_init+656    :   ldr   r3, [r0, #-4]      : MemRead :  D=0x0000000000000008 A=0xbeffff3c
1143000: system.cpu T0 : @_dl_aux_init+660    :   str   r3, [sp, #16]      : MemWrite :  D=0x0000000000000008 A=0xbefffd60
1143000: system.cpu T0 : @_dl_aux_init+664    :   ldr   r3, [r0] #8       
1143000: system.cpu T0 : @_dl_aux_init+664.0  :   ldr   r3, [r0] #8        : MemRead :  D=0x0000000000000007 A=0xbeffff40
1143500: system.cpu T0 : @_dl_aux_init+664.1  :   addi_uop   r0, r0, #8    : IntAlu :  D=0x00000000beffff48
1144000: system.cpu T0 : @_dl_aux_init+668    :   cmps   r3, #0            : IntAlu :  D=0x0000000000000001
1144000: system.cpu T0 : @_dl_aux_init+672    :   bne                      : IntAlu : 
1201500: system.cpu T0 : @_dl_aux_init+140    :   sub   r3, r3, #3         : IntAlu :  D=0x0000000000000004
1201500: system.cpu T0 : @_dl_aux_init+144    :   cmps   r3, #30           : IntAlu :  D=0x0000000000000000
1201500: system.cpu T0 : @_dl_aux_init+148    :   ldrls   pc, [pc, r3 LSL #2] : MemRead :  D=0x0000000000013d30 A=0x13cb0
1210500: system.cpu T0 : @_dl_aux_init+300    :   ldr   r3, [r0] #8       
1210500: system.cpu T0 : @_dl_aux_init+300.0  :   ldr   r3, [r0] #8        : MemRead :  D=0x0000000000000008 A=0xbeffff48
1210500: system.cpu T0 : @_dl_aux_init+300.1  :   addi_uop   r0, r0, #8    : IntAlu :  D=0x00000000beffff50
1210500: system.cpu T0 : @_dl_aux_init+304    :   cmps   r3, #0            : IntAlu :  D=0x0000000000000001
1211000: system.cpu T0 : @_dl_aux_init+308    :   bne                      : IntAlu : 
1218500: system.cpu T0 : @_dl_aux_init+140    :   sub   r3, r3, #3         : IntAlu :  D=0x0000000000000005
1218500: system.cpu T0 : @_dl_aux_init+144    :   cmps   r3, #30           : IntAlu :  D=0x0000000000000000
1218500: system.cpu T0 : @_dl_aux_init+148    :   ldrls   pc, [pc, r3 LSL #2] : MemRead :  D=0x0000000000013d30 A=0x13cb4
1219000: system.cpu T0 : @_dl_aux_init+300    :   ldr   r3, [r0] #8       
1219000: system.cpu T0 : @_dl_aux_init+300.0  :   ldr   r3, [r0] #8        : MemRead :  D=0x0000000000000009 A=0xbeffff50
1219000: system.cpu T0 : @_dl_aux_init+300.1  :   addi_uop   r0, r0, #8    : IntAlu :  D=0x00000000beffff58
1219000: system.cpu T0 : @_dl_aux_init+304    :   cmps   r3, #0            : IntAlu :  D=0x0000000000000001
1219500: system.cpu T0 : @_dl_aux_init+308    :   bne                      : IntAlu : 
1220000: system.cpu T0 : @_dl_aux_init+140    :   sub   r3, r3, #3         : IntAlu :  D=0x0000000000000006
1220000: system.cpu T0 : @_dl_aux_init+144    :   cmps   r3, #30           : IntAlu :  D=0x0000000000000000
1220000: system.cpu T0 : @_dl_aux_init+148    :   ldrls   pc, [pc, r3 LSL #2] : MemRead :  D=0x0000000000013d30 A=0x13cb8
1229000: system.cpu T0 : @_dl_aux_init+300    :   ldr   r3, [r0] #8       
1229000: system.cpu T0 : @_dl_aux_init+300.0  :   ldr   r3, [r0] #8        : MemRead :  D=0x000000000000000b A=0xbeffff58
1229000: system.cpu T0 : @_dl_aux_init+300.1  :   addi_uop   r0, r0, #8    : IntAlu :  D=0x00000000beffff60
1229000: system.cpu T0 : @_dl_aux_init+304    :   cmps   r3, #0            : IntAlu :  D=0x0000000000000001
1229500: system.cpu T0 : @_dl_aux_init+308    :   bne                      : IntAlu : 
1230000: system.cpu T0 : @_dl_aux_init+140    :   sub   r3, r3, #3         : IntAlu :  D=0x0000000000000008
1230000: system.cpu T0 : @_dl_aux_init+144    :   cmps   r3, #30           : IntAlu :  D=0x0000000000000000
1230000: system.cpu T0 : @_dl_aux_init+148    :   ldrls   pc, [pc, r3 LSL #2] : MemRead :  D=0x0000000000013e60 A=0x13cc0
1239000: system.cpu T0 : @_dl_aux_init+604    :   ldr   r3, [r0, #-4]      : MemRead :  D=0x0000000000000064 A=0xbeffff5c
1239000: system.cpu T0 : @_dl_aux_init+608    :   orr   r2, r2, #1         : IntAlu :  D=0x00000000ffffffff
1239000: system.cpu T0 : @_dl_aux_init+612    :   eor   r12, r12, r3       : IntAlu :  D=0x0000000000000064
1239500: system.cpu T0 : @_dl_aux_init+616    :   ldr   r3, [r0] #8       
1239500: system.cpu T0 : @_dl_aux_init+616.0  :   ldr   r3, [r0] #8        : MemRead :  D=0x000000000000000c A=0xbeffff60
1239500: system.cpu T0 : @_dl_aux_init+616.1  :   addi_uop   r0, r0, #8    : IntAlu :  D=0x00000000beffff68
1240000: system.cpu T0 : @_dl_aux_init+620    :   cmps   r3, #0            : IntAlu :  D=0x0000000000000001
1240000: system.cpu T0 : @_dl_aux_init+624    :   bne                      : IntAlu : 
1247500: system.cpu T0 : @_dl_aux_init+140    :   sub   r3, r3, #3         : IntAlu :  D=0x0000000000000009
1247500: system.cpu T0 : @_dl_aux_init+144    :   cmps   r3, #30           : IntAlu :  D=0x0000000000000000
1247500: system.cpu T0 : @_dl_aux_init+148    :   ldrls   pc, [pc, r3 LSL #2] : MemRead :  D=0x0000000000013e44 A=0x13cc4
1255500: system.cpu T0 : @_dl_aux_init+576    :   ldr   r3, [r0, #-4]      : MemRead :  D=0x0000000000000064 A=0xbeffff64
1255500: system.cpu T0 : @_dl_aux_init+580    :   orr   r2, r2, #2         : IntAlu :  D=0x00000000ffffffff
1255500: system.cpu T0 : @_dl_aux_init+584    :   eor   r12, r12, r3       : IntAlu :  D=0x0000000000000000
1256000: system.cpu T0 : @_dl_aux_init+588    :   ldr   r3, [r0] #8       
1256000: system.cpu T0 : @_dl_aux_init+588.0  :   ldr   r3, [r0] #8        : MemRead :  D=0x000000000000000d A=0xbeffff68
1256000: system.cpu T0 : @_dl_aux_init+588.1  :   addi_uop   r0, r0, #8    : IntAlu :  D=0x00000000beffff70
1256000: system.cpu T0 : @_dl_aux_init+592    :   cmps   r3, #0            : IntAlu :  D=0x0000000000000001
1256500: system.cpu T0 : @_dl_aux_init+596    :   bne                      : IntAlu : 
1264000: system.cpu T0 : @_dl_aux_init+140    :   sub   r3, r3, #3         : IntAlu :  D=0x000000000000000a
1264000: system.cpu T0 : @_dl_aux_init+144    :   cmps   r3, #30           : IntAlu :  D=0x0000000000000000
1264000: system.cpu T0 : @_dl_aux_init+148    :   ldrls   pc, [pc, r3 LSL #2] : MemRead :  D=0x0000000000013e28 A=0x13cc8
1272000: system.cpu T0 : @_dl_aux_init+548    :   ldr   r3, [r0, #-4]      : MemRead :  D=0x0000000000000064 A=0xbeffff6c
1272000: system.cpu T0 : @_dl_aux_init+552    :   orr   r2, r2, #4         : IntAlu :  D=0x00000000ffffffff
1272500: system.cpu T0 : @_dl_aux_init+556    :   eor   r1, r1, r3         : IntAlu :  D=0x0000000000000064
1272500: system.cpu T0 : @_dl_aux_init+560    :   ldr   r3, [r0] #8       
1272500: system.cpu T0 : @_dl_aux_init+560.0  :   ldr   r3, [r0] #8        : MemRead :  D=0x000000000000000e A=0xbeffff70
1272500: system.cpu T0 : @_dl_aux_init+560.1  :   addi_uop   r0, r0, #8    : IntAlu :  D=0x00000000beffff78
1273000: system.cpu T0 : @_dl_aux_init+564    :   cmps   r3, #0            : IntAlu :  D=0x0000000000000001
1273000: system.cpu T0 : @_dl_aux_init+568    :   bne                      : IntAlu : 
1280500: system.cpu T0 : @_dl_aux_init+140    :   sub   r3, r3, #3         : IntAlu :  D=0x000000000000000b
1280500: system.cpu T0 : @_dl_aux_init+144    :   cmps   r3, #30           : IntAlu :  D=0x0000000000000000
1280500: system.cpu T0 : @_dl_aux_init+148    :   ldrls   pc, [pc, r3 LSL #2] : MemRead :  D=0x0000000000013e0c A=0x13ccc
1288500: system.cpu T0 : @_dl_aux_init+520    :   ldr   r3, [r0, #-4]      : MemRead :  D=0x0000000000000064 A=0xbeffff74
1289000: system.cpu T0 : @_dl_aux_init+524    :   orr   r2, r2, #8         : IntAlu :  D=0x00000000ffffffff
1289000: system.cpu T0 : @_dl_aux_init+528    :   eor   r1, r1, r3         : IntAlu :  D=0x0000000000000000
1289000: system.cpu T0 : @_dl_aux_init+532    :   ldr   r3, [r0] #8       
1289000: system.cpu T0 : @_dl_aux_init+532.0  :   ldr   r3, [r0] #8        : MemRead :  D=0x0000000000000000 A=0xbeffff78
1289500: system.cpu T0 : @_dl_aux_init+532.1  :   addi_uop   r0, r0, #8    : IntAlu :  D=0x00000000beffff80
1289500: system.cpu T0 : @_dl_aux_init+536    :   cmps   r3, #0            : IntAlu :  D=0x0000000000000001
1290000: system.cpu T0 : @_dl_aux_init+540    :   bne                      : IntAlu : Predicated False
1290000: system.cpu T0 : @_dl_aux_init+544    :   b                        : IntAlu : 
1293000: system.cpu T0 : @_dl_aux_init+312    :   cmps   r2, #15           : IntAlu :  D=0x0000000000000001
1293500: system.cpu T0 : @_dl_aux_init+316    :   ldr   r2, [sp, #28]      : MemRead :  D=0x0000000000001000 A=0xbefffd6c
1293500: system.cpu T0 : @_dl_aux_init+320    :   ldr   r3, [sp, #24]      : MemRead :  D=0x0000000000000064 A=0xbefffd68
1293500: system.cpu T0 : @_dl_aux_init+324    :   str   r2, [r9, #0]       : MemWrite :  D=0x0000000000001000 A=0x82084
1294000: system.cpu T0 : @_dl_aux_init+328    :   ldr   r2, [sp, #20]      : MemRead :  D=0x0000000000008034 A=0xbefffd64
1294500: system.cpu T0 : @_dl_aux_init+332    :   str   r3, [r10, #0]      : MemWrite :  D=0x0000000000000064 A=0x82058
1294500: system.cpu T0 : @_dl_aux_init+336    :   str   r2, [r8, #0]       : MemWrite :  D=0x0000000000008034 A=0x8204c
1294500: system.cpu T0 : @_dl_aux_init+340    :   ldr   r3, [sp, #16]      : MemRead :  D=0x0000000000000008 A=0xbefffd60
1295000: system.cpu T0 : @_dl_aux_init+344    :   ldr   r2, [sp, #36]      : MemRead :  D=0x0000000000000000 A=0xbefffd74
1295500: system.cpu T0 : @_dl_aux_init+348    :   str   r3, [r7, #0]       : MemWrite :  D=0x0000000000000008 A=0x8206c
1295500: system.cpu T0 : @_dl_aux_init+352    :   str   r2, [r4, #4]       : MemWrite :  D=0x0000000000000000 A=0x81ac4
1295500: system.cpu T0 : @_dl_aux_init+356    :   ldr   r3, [sp, #12]      : MemRead :  D=0x0000000000000000 A=0xbefffd5c
1296000: system.cpu T0 : @_dl_aux_init+360    :   ldr   r2, [sp, #8]       : MemRead :  D=0x0000000000000000 A=0xbefffd58
1296500: system.cpu T0 : @_dl_aux_init+364    :   str   r3, [r6, #0]       : MemWrite :  D=0x0000000000000000 A=0x82060
1296500: system.cpu T0 : @_dl_aux_init+368    :   str   r2, [r5, #0]       : MemWrite :  D=0x0000000000000000 A=0x7ffdc
1296500: system.cpu T0 : @_dl_aux_init+372    :   ldr   r3, [sp, #4]       : MemRead :  D=0x0000000000000001 A=0xbefffd54
1297000: system.cpu T0 : @_dl_aux_init+376    :   ldr   r2, [sp, #32]      : MemRead :  D=0x00000000000078d7 A=0xbefffd70
1297500: system.cpu T0 : @_dl_aux_init+380    :   str   r3, [fp, #0]       : MemWrite :  D=0x0000000000000001 A=0x820ac
1297500: system.cpu T0 : @_dl_aux_init+384    :   str   r2, [r4, #0]       : MemWrite :  D=0x00000000000078d7 A=0x81ac0
1297500: system.cpu T0 : @_dl_aux_init+388    :   bne                      : IntAlu : 
1303000: system.cpu T0 : @_dl_aux_init+428    :   add   sp, sp, #40        : IntAlu :  D=0x00000000befffd78
1303000: system.cpu T0 : @_dl_aux_init+432    : ldmstm                    
1303000: system.cpu T0 : @_dl_aux_init+432.0  :   ldr2_uop   r4,r5, [sp, #0] : MemRead :  D=0x00000000000089e8 A=0xbefffd78
1303000: system.cpu T0 : @_dl_aux_init+432.1  :   ldr2_uop   r6,r7, [sp, #8] : MemRead :  D=0x0000000000000000 A=0xbefffd80
1303500: system.cpu T0 : @_dl_aux_init+432.2  :   ldr2_uop   r8,r9, [sp, #16] : MemRead :  D=0x0000000000000000 A=0xbefffd88
1303500: system.cpu T0 : @_dl_aux_init+432.3  :   ldr2_uop   r10,fp, [sp, #24] : MemRead :  D=0x0000000000000000 A=0xbefffd90
1303500: system.cpu T0 : @_dl_aux_init+432.4  :   addi_uop   sp, sp, #32   : IntAlu :  D=0x00000000befffd98
1304000: system.cpu T0 : @_dl_aux_init+436    :   bx                       : IntAlu : 
1304500: system.cpu T0 : @__libc_start_main+112    :   ldr   r3, [pc, #416]     : MemRead :  D=0x00000000000804f4 A=0x8590
1304500: system.cpu T0 : @__libc_start_main+116    :   ldr   r3, [r3, #0]       : MemRead :  D=0x0000000000000000 A=0x804f4
1305000: system.cpu T0 : @__libc_start_main+120    :   cmps   r3, #0            : IntAlu :  D=0x0000000000000001
1305000: system.cpu T0 : @__libc_start_main+124    :   bne                      : IntAlu : Predicated False
1305000: system.cpu T0 : @__libc_start_main+128    :   bl                       : IntAlu :  D=0x00000000000083fc
1305500: system.cpu T0 : @_dl_discover_osversion    : ldmstm                    
1305500: system.cpu T0 : @_dl_discover_osversion.0  :   str_uop   r4, [sp, #16]  : MemWrite :  D=0x0000000000000000 A=0xbefffd88
1305500: system.cpu T0 : @_dl_discover_osversion.1  :   str_uop   r5, [sp, #12]  : MemWrite :  D=0x00000000000089e8 A=0xbefffd8c
1305500: system.cpu T0 : @_dl_discover_osversion.2  :   str_uop   r6, [sp, #8]   : MemWrite :  D=0x00000000000089a4 A=0xbefffd90
1306000: system.cpu T0 : @_dl_discover_osversion.3  :   str_uop   lr, [sp, #4]   : MemWrite :  D=0x00000000000083fc A=0xbefffd94
1306000: system.cpu T0 : @_dl_discover_osversion.4  :   subi_uop   sp, sp, #16   : IntAlu :  D=0x00000000befffd88
1306000: system.cpu T0 : @_dl_discover_osversion+4    :   sub   sp, sp, #456       : IntAlu :  D=0x00000000befffbc0
1306500: system.cpu T0 : @_dl_discover_osversion+8    :   mov   r0, sp             : IntAlu :  D=0x00000000befffbc0
1307000: system.cpu T0 : @_dl_discover_osversion+12    :   bl                       : IntAlu :  D=0x00000000000146b4
1377500: system.cpu T0 : @uname    :   mov   r12, r7            : IntAlu :  D=0x0000000000000000
1377500: system.cpu T0 : @uname+4    :   mov   r7, #122           : IntAlu :  D=0x000000000000007a
1377500: system.cpu T0 : @uname+8    :   svc   #0                 : IntAlu : 
1393500: system.cpu T0 : @uname+12    :   mov   r7, r12            : IntAlu :  D=0x0000000000000000
1394000: system.cpu T0 : @uname+16    :   cmns   r0, #4096         : IntAlu :  D=0x0000000000000000
1394000: system.cpu T0 : @uname+20    :   bxcc                     : IntAlu : 
1441000: system.cpu T0 : @_dl_discover_osversion+16    :   cmps   r0, #0            : IntAlu :  D=0x0000000000000001
1441000: system.cpu T0 : @_dl_discover_osversion+20    :   mov   r4, sp             : IntAlu :  D=0x00000000befffbc0
1441000: system.cpu T0 : @_dl_discover_osversion+24    :   addeq   r4, sp, #130     : IntAlu :  D=0x00000000befffc42
1441500: system.cpu T0 : @_dl_discover_osversion+28    :   bne                      : IntAlu : Predicated False
1441500: system.cpu T0 : @_dl_discover_osversion+32    :   mov   r12, #0            : IntAlu :  D=0x0000000000000000
1441500: system.cpu T0 : @_dl_discover_osversion+36    :   mov   r0, r12            : IntAlu :  D=0x0000000000000000
1442000: system.cpu T0 : @_dl_discover_osversion+40    :   ldrb   r2, [r4, #0]      : MemRead :  D=0x0000000000000033 A=0xbefffc42
1442500: system.cpu T0 : @_dl_discover_osversion+44    :   sub   r2, r2, #48        : IntAlu :  D=0x0000000000000003
1442500: system.cpu T0 : @_dl_discover_osversion+48    :   and   r3, r2, #255       : IntAlu :  D=0x0000000000000003
1442500: system.cpu T0 : @_dl_discover_osversion+52    :   cmps   r3, #9            : IntAlu :  D=0x0000000000000000
1443000: system.cpu T0 : @_dl_discover_osversion+56    :   bhi                      : IntAlu : Predicated False
1443500: system.cpu T0 : @_dl_discover_osversion+60    :   ldrb   r3, [r4, #1]      : MemRead :  D=0x000000000000002e A=0xbefffc43
1443500: system.cpu T0 : @_dl_discover_osversion+64    :   add   r4, r4, #1         : IntAlu :  D=0x00000000befffc43
1443500: system.cpu T0 : @_dl_discover_osversion+68    :   sub   r1, r3, #48        : IntAlu :  D=0x00000000fffffffe
1444000: system.cpu T0 : @_dl_discover_osversion+72    :   cmps   r1, #9            : IntAlu :  D=0x0000000000000001
1444500: system.cpu T0 : @_dl_discover_osversion+76    :   bhi                      : IntAlu : 
1517500: system.cpu T0 : @_dl_discover_osversion+108    :   cmps   r3, #46           : IntAlu :  D=0x0000000000000001
1517500: system.cpu T0 : @_dl_discover_osversion+112    :   orr   r0, r2, r0, LSL #8 : IntAlu :  D=0x0000000000000003
1517500: system.cpu T0 : @_dl_discover_osversion+116    :   add   r12, r12, #1       : IntAlu :  D=0x0000000000000001
1518000: system.cpu T0 : @_dl_discover_osversion+120    :   bne                      : IntAlu : Predicated False
1518500: system.cpu T0 : @_dl_discover_osversion+124    :   cmps   r12, #3           : IntAlu :  D=0x0000000000000000
1518500: system.cpu T0 : @_dl_discover_osversion+128    :   beq                      : IntAlu : Predicated False
1518500: system.cpu T0 : @_dl_discover_osversion+132    :   add   r4, r4, #1         : IntAlu :  D=0x00000000befffc44
1519000: system.cpu T0 : @_dl_discover_osversion+136    :   b                        : IntAlu : 
1519500: system.cpu T0 : @_dl_discover_osversion+40    :   ldrb   r2, [r4, #0]      : MemRead :  D=0x0000000000000030 A=0xbefffc44
1520000: system.cpu T0 : @_dl_discover_osversion+44    :   sub   r2, r2, #48        : IntAlu :  D=0x0000000000000000
1520000: system.cpu T0 : @_dl_discover_osversion+48    :   and   r3, r2, #255       : IntAlu :  D=0x0000000000000000
1520000: system.cpu T0 : @_dl_discover_osversion+52    :   cmps   r3, #9            : IntAlu :  D=0x0000000000000000
1520500: system.cpu T0 : @_dl_discover_osversion+56    :   bhi                      : IntAlu : Predicated False
1521000: system.cpu T0 : @_dl_discover_osversion+60    :   ldrb   r3, [r4, #1]      : MemRead :  D=0x000000000000002e A=0xbefffc45
1521000: system.cpu T0 : @_dl_discover_osversion+64    :   add   r4, r4, #1         : IntAlu :  D=0x00000000befffc45
1521000: system.cpu T0 : @_dl_discover_osversion+68    :   sub   r1, r3, #48        : IntAlu :  D=0x00000000fffffffe
1521500: system.cpu T0 : @_dl_discover_osversion+72    :   cmps   r1, #9            : IntAlu :  D=0x0000000000000001
1522000: system.cpu T0 : @_dl_discover_osversion+76    :   bhi                      : IntAlu : 
1530500: system.cpu T0 : @_dl_discover_osversion+108    :   cmps   r3, #46           : IntAlu :  D=0x0000000000000001
1530500: system.cpu T0 : @_dl_discover_osversion+112    :   orr   r0, r2, r0, LSL #8 : IntAlu :  D=0x0000000000000300
1530500: system.cpu T0 : @_dl_discover_osversion+116    :   add   r12, r12, #1       : IntAlu :  D=0x0000000000000002
1531000: system.cpu T0 : @_dl_discover_osversion+120    :   bne                      : IntAlu : Predicated False
1531500: system.cpu T0 : @_dl_discover_osversion+124    :   cmps   r12, #3           : IntAlu :  D=0x0000000000000000
1531500: system.cpu T0 : @_dl_discover_osversion+128    :   beq                      : IntAlu : Predicated False
1531500: system.cpu T0 : @_dl_discover_osversion+132    :   add   r4, r4, #1         : IntAlu :  D=0x00000000befffc46
1532000: system.cpu T0 : @_dl_discover_osversion+136    :   b                        : IntAlu : 
1532500: system.cpu T0 : @_dl_discover_osversion+40    :   ldrb   r2, [r4, #0]      : MemRead :  D=0x0000000000000030 A=0xbefffc46
1533000: system.cpu T0 : @_dl_discover_osversion+44    :   sub   r2, r2, #48        : IntAlu :  D=0x0000000000000000
1533000: system.cpu T0 : @_dl_discover_osversion+48    :   and   r3, r2, #255       : IntAlu :  D=0x0000000000000000
1533000: system.cpu T0 : @_dl_discover_osversion+52    :   cmps   r3, #9            : IntAlu :  D=0x0000000000000000
1533500: system.cpu T0 : @_dl_discover_osversion+56    :   bhi                      : IntAlu : Predicated False
1534000: system.cpu T0 : @_dl_discover_osversion+60    :   ldrb   r3, [r4, #1]      : MemRead :  D=0x0000000000000000 A=0xbefffc47
1534000: system.cpu T0 : @_dl_discover_osversion+64    :   add   r4, r4, #1         : IntAlu :  D=0x00000000befffc47
1534000: system.cpu T0 : @_dl_discover_osversion+68    :   sub   r1, r3, #48        : IntAlu :  D=0x00000000ffffffd0
1534500: system.cpu T0 : @_dl_discover_osversion+72    :   cmps   r1, #9            : IntAlu :  D=0x0000000000000001
1535000: system.cpu T0 : @_dl_discover_osversion+76    :   bhi                      : IntAlu : 
1542500: system.cpu T0 : @_dl_discover_osversion+108    :   cmps   r3, #46           : IntAlu :  D=0x0000000000000000
1542500: system.cpu T0 : @_dl_discover_osversion+112    :   orr   r0, r2, r0, LSL #8 : IntAlu :  D=0x0000000000030000
1542500: system.cpu T0 : @_dl_discover_osversion+116    :   add   r12, r12, #1       : IntAlu :  D=0x0000000000000003
1543000: system.cpu T0 : @_dl_discover_osversion+120    :   bne                      : IntAlu : 
1568500: system.cpu T0 : @_dl_discover_osversion+176    :   cmps   r12, #2           : IntAlu :  D=0x0000000000000001
1568500: system.cpu T0 : @_dl_discover_osversion+180    :   rsble   r12, r12, #3     : IntAlu : Predicated False
1568500: system.cpu T0 : @_dl_discover_osversion+184    :   movle   r12, r12, LSL #3 : IntAlu : Predicated False
1569000: system.cpu T0 : @_dl_discover_osversion+188    :   movle   r0, r0, LSL r12  : IntAlu : Predicated False
1569000: system.cpu T0 : @_dl_discover_osversion+192    :   b                        : IntAlu : 
1572000: system.cpu T0 : @_dl_discover_osversion+164    :   add   sp, sp, #456       : IntAlu :  D=0x00000000befffd88
1572000: system.cpu T0 : @_dl_discover_osversion+168    : ldmstm                    
1572000: system.cpu T0 : @_dl_discover_osversion+168.0  :   ldr2_uop   r4,r5, [sp, #0] : MemRead :  D=0x00000000000089e8 A=0xbefffd88
1572000: system.cpu T0 : @_dl_discover_osversion+168.1  :   ldr2_uop   r6,lr, [sp, #8] : MemRead :  D=0x00000000000083fc A=0xbefffd90
1572500: system.cpu T0 : @_dl_discover_osversion+168.2  :   addi_uop   sp, sp, #16   : IntAlu :  D=0x00000000befffd98
1573000: system.cpu T0 : @_dl_discover_osversion+172    :   bx                       : IntAlu : 
1573500: system.cpu T0 : @__libc_start_main+132    :   cmps   r0, #0            : IntAlu :  D=0x0000000000000001
1574000: system.cpu T0 : @__libc_start_main+136    :   blt                      : IntAlu : Predicated False
1574000: system.cpu T0 : @__libc_start_main+140    :   ldr   r3, [pc, #400]     : MemRead :  D=0x000000000008207c A=0x859c
1574000: system.cpu T0 : @__libc_start_main+144    :   ldr   r3, [r3, #0]       : MemRead :  D=0x0000000000000000 A=0x8207c
1574500: system.cpu T0 : @__libc_start_main+148    :   cmps   r3, #0            : IntAlu :  D=0x0000000000000001
1575000: system.cpu T0 : @__libc_start_main+152    :   moveq   r3, r0           : IntAlu :  D=0x0000000000030000
1575000: system.cpu T0 : @__libc_start_main+156    :   bne                      : IntAlu : Predicated False
1575000: system.cpu T0 : @__libc_start_main+160    :   ldr   r2, [pc, #380]     : MemRead :  D=0x000000000008207c A=0x859c
1575500: system.cpu T0 : @__libc_start_main+164    :   str   r3, [r2, #0]       : MemWrite :  D=0x0000000000030000 A=0x8207c
1576000: system.cpu T0 : @__libc_start_main+168    :   ldr   r3, [pc, #376]     : MemRead :  D=0x000000000002061f A=0x85a0
1576000: system.cpu T0 : @__libc_start_main+172    :   cmps   r0, r3            : IntAlu :  D=0x0000000000000001
1576000: system.cpu T0 : @__libc_start_main+176    :   ble                      : IntAlu : Predicated False
1576500: system.cpu T0 : @__libc_start_main+180    :   bl                       : IntAlu :  D=0x0000000000008430
1682500: system.cpu T0 : @__pthread_initialize_minimal    :   mov   r0, #8             : IntAlu :  D=0x0000000000000008
1682500: system.cpu T0 : @__pthread_initialize_minimal+4    :   mov   r1, #16            : IntAlu :  D=0x0000000000000010
1687000: system.cpu T0 : @__pthread_initialize_minimal+8    :   b                        : IntAlu : 
1745500: system.cpu T0 : @__libc_setup_tls    : ldmstm                    
1745500: system.cpu T0 : @__libc_setup_tls.0  :   str_uop   r4, [sp, #36]  : MemWrite :  D=0x0000000000000000 A=0xbefffd74
1745500: system.cpu T0 : @__libc_setup_tls.1  :   str_uop   r5, [sp, #32]  : MemWrite :  D=0x00000000000089e8 A=0xbefffd78
1745500: system.cpu T0 : @__libc_setup_tls.2  :   str_uop   r6, [sp, #28]  : MemWrite :  D=0x00000000000089a4 A=0xbefffd7c
1746000: system.cpu T0 : @__libc_setup_tls.3  :   str_uop   r7, [sp, #24]  : MemWrite :  D=0x0000000000000000 A=0xbefffd80
1746000: system.cpu T0 : @__libc_setup_tls.4  :   str_uop   r8, [sp, #20]  : MemWrite :  D=0x0000000000000000 A=0xbefffd84
1746000: system.cpu T0 : @__libc_setup_tls.5  :   str_uop   r9, [sp, #16]  : MemWrite :  D=0x0000000000000000 A=0xbefffd88
1746500: system.cpu T0 : @__libc_setup_tls.6  :   str_uop   r10, [sp, #12] : MemWrite :  D=0x0000000000000000 A=0xbefffd8c
1746500: system.cpu T0 : @__libc_setup_tls.7  :   str_uop   fp, [sp, #8]   : MemWrite :  D=0x0000000000000000 A=0xbefffd90
1746500: system.cpu T0 : @__libc_setup_tls.8  :   str_uop   lr, [sp, #4]   : MemWrite :  D=0x0000000000008430 A=0xbefffd94
1747000: system.cpu T0 : @__libc_setup_tls.9  :   subi_uop   sp, sp, #36   : IntAlu :  D=0x00000000befffd74
1750000: system.cpu T0 : @__libc_setup_tls+4    :   ldr   r3, [pc, #464]     : MemRead :  D=0x000000000008204c A=0x8968
1750000: system.cpu T0 : @__libc_setup_tls+8    :   sub   sp, sp, #12        : IntAlu :  D=0x00000000befffd68
1750000: system.cpu T0 : @__libc_setup_tls+12    :   ldr   r3, [r3, #0]       : MemRead :  D=0x0000000000008034 A=0x8204c
1750500: system.cpu T0 : @__libc_setup_tls+16    :   cmps   r3, #0            : IntAlu :  D=0x0000000000000001
1751000: system.cpu T0 : @__libc_setup_tls+20    :   beq                      : IntAlu : Predicated False
1751000: system.cpu T0 : @__libc_setup_tls+24    :   ldr   r2, [pc, #448]     : MemRead :  D=0x000000000008206c A=0x896c
1751000: system.cpu T0 : @__libc_setup_tls+28    :   ldr   r12, [r2, #0]      : MemRead :  D=0x0000000000000008 A=0x8206c
1751500: system.cpu T0 : @__libc_setup_tls+32    :   add   r12, r3, r12, LSL #5 : IntAlu :  D=0x0000000000008134
1752000: system.cpu T0 : @__libc_setup_tls+36    :   cmps   r3, r12           : IntAlu :  D=0x0000000000000000
1752000: system.cpu T0 : @__libc_setup_tls+40    :   bcc                      : IntAlu : 
1828500: system.cpu T0 : @__libc_setup_tls+60    :   ldr   r2, [r3, #0]       : MemRead :  D=0x0000000070000001 A=0x8034
1828500: system.cpu T0 : @__libc_setup_tls+64    :   cmps   r2, #7            : IntAlu :  D=0x0000000000000001
1829000: system.cpu T0 : @__libc_setup_tls+68    :   bne                      : IntAlu : 
1895000: system.cpu T0 : @__libc_setup_tls+48    :   add   r3, r3, #32        : IntAlu :  D=0x0000000000008054
1895500: system.cpu T0 : @__libc_setup_tls+52    :   cmps   r3, r12           : IntAlu :  D=0x0000000000000000
1895500: system.cpu T0 : @__libc_setup_tls+56    :   bcs                      : IntAlu : Predicated False
1895500: system.cpu T0 : @__libc_setup_tls+60    :   ldr   r2, [r3, #0]       : MemRead :  D=0x0000000000000001 A=0x8054
1896000: system.cpu T0 : @__libc_setup_tls+64    :   cmps   r2, #7            : IntAlu :  D=0x0000000000000000
1896500: system.cpu T0 : @__libc_setup_tls+68    :   bne                      : IntAlu : 
1934000: system.cpu T0 : @__libc_setup_tls+48    :   add   r3, r3, #32        : IntAlu :  D=0x0000000000008074
1934500: system.cpu T0 : @__libc_setup_tls+52    :   cmps   r3, r12           : IntAlu :  D=0x0000000000000000
1934500: system.cpu T0 : @__libc_setup_tls+56    :   bcs                      : IntAlu : Predicated False
1934500: system.cpu T0 : @__libc_setup_tls+60    :   ldr   r2, [r3, #0]       : MemRead :  D=0x0000000000000001 A=0x8074
1935000: system.cpu T0 : @__libc_setup_tls+64    :   cmps   r2, #7            : IntAlu :  D=0x0000000000000000
1935500: system.cpu T0 : @__libc_setup_tls+68    :   bne                      : IntAlu : 
1943000: system.cpu T0 : @__libc_setup_tls+48    :   add   r3, r3, #32        : IntAlu :  D=0x0000000000008094
1943500: system.cpu T0 : @__libc_setup_tls+52    :   cmps   r3, r12           : IntAlu :  D=0x0000000000000000
1943500: system.cpu T0 : @__libc_setup_tls+56    :   bcs                      : IntAlu : Predicated False
1943500: system.cpu T0 : @__libc_setup_tls+60    :   ldr   r2, [r3, #0]       : MemRead :  D=0x0000000000000004 A=0x8094
1944000: system.cpu T0 : @__libc_setup_tls+64    :   cmps   r2, #7            : IntAlu :  D=0x0000000000000000
1944500: system.cpu T0 : @__libc_setup_tls+68    :   bne                      : IntAlu : 
2004500: system.cpu T0 : @__libc_setup_tls+48    :   add   r3, r3, #32        : IntAlu :  D=0x00000000000080b4
2005000: system.cpu T0 : @__libc_setup_tls+52    :   cmps   r3, r12           : IntAlu :  D=0x0000000000000000
2005000: system.cpu T0 : @__libc_setup_tls+56    :   bcs                      : IntAlu : Predicated False
2005000: system.cpu T0 : @__libc_setup_tls+60    :   ldr   r2, [r3, #0]       : MemRead :  D=0x0000000000000007 A=0x80b4
2005500: system.cpu T0 : @__libc_setup_tls+64    :   cmps   r2, #7            : IntAlu :  D=0x0000000000000001
2006000: system.cpu T0 : @__libc_setup_tls+68    :   bne                      : IntAlu : Predicated False
2006000: system.cpu T0 : @__libc_setup_tls+72    :   ldr   r4, [r3, #28]      : MemRead :  D=0x0000000000000004 A=0x80d0
2006000: system.cpu T0 : @__libc_setup_tls+76    :   ldr   r2, [r3, #16]      : MemRead :  D=0x0000000000000010 A=0x80c4
2006500: system.cpu T0 : @__libc_setup_tls+80    :   cmps   r1, r4            : IntAlu :  D=0x0000000000000001
2007000: system.cpu T0 : @__libc_setup_tls+84    :   movcs   r6, r1           : IntAlu :  D=0x0000000000000010
2007000: system.cpu T0 : @__libc_setup_tls+88    :   movcc   r6, r4           : IntAlu : Predicated False
2007000: system.cpu T0 : @__libc_setup_tls+92    :   cmps   r4, #0            : IntAlu :  D=0x0000000000000001
2007500: system.cpu T0 : @__libc_setup_tls+96    :   ldr   r10, [r3, #20]     : MemRead :  D=0x0000000000000028 A=0x80c8
2008000: system.cpu T0 : @__libc_setup_tls+100    :   str   r2, [sp, #4]       : MemWrite :  D=0x0000000000000010 A=0xbefffd6c
2008000: system.cpu T0 : @__libc_setup_tls+104    :   ldr   fp, [r3, #8]       : MemRead :  D=0x000000000007ffb4 A=0x80bc
2008000: system.cpu T0 : @__libc_setup_tls+108    :   beq                      : IntAlu : Predicated False
2008500: system.cpu T0 : @__libc_setup_tls+112    :   sub   r3, r4, #1         : IntAlu :  D=0x0000000000000003
2009000: system.cpu T0 : @__libc_setup_tls+116    :   add   r0, r3, r0         : IntAlu :  D=0x000000000000000b
2009000: system.cpu T0 : @__libc_setup_tls+120    :   mov   r1, r4             : IntAlu :  D=0x0000000000000004
2009000: system.cpu T0 : @__libc_setup_tls+124    :   bl                       : IntAlu :  D=0x000000000000880c
2009500: system.cpu T0 : @__aeabi_uidiv    :   subs   r2, r1, #1        : IntAlu :  D=0x0000000000000001
2009500: system.cpu T0 : @__aeabi_uidiv+4    :   bxeq                     : IntAlu : Predicated False
2009500: system.cpu T0 : @__aeabi_uidiv+8    :   bcc                      : IntAlu : Predicated False
2010000: system.cpu T0 : @__aeabi_uidiv+12    :   cmps   r0, r1            : IntAlu :  D=0x0000000000000001
2010000: system.cpu T0 : @__aeabi_uidiv+16    :   bls                      : IntAlu : Predicated False
2010000: system.cpu T0 : @__aeabi_uidiv+20    :   tsts   r1, r2            : IntAlu :  D=0x0000000000000001
2010500: system.cpu T0 : @__aeabi_uidiv+24    :   beq                      : IntAlu : 
2130500: system.cpu T0 : @__aeabi_uidiv+172    :   cmps   r1, #65536        : IntAlu :  D=0x0000000000000000
2130500: system.cpu T0 : @__aeabi_uidiv+176    :   movcs   r1, r1, LSR #16  : IntAlu : Predicated False
2130500: system.cpu T0 : @__aeabi_uidiv+180    :   movcs   r2, #16          : IntAlu : Predicated False
2131000: system.cpu T0 : @__aeabi_uidiv+184    :   movcc   r2, #0           : IntAlu :  D=0x0000000000000000
2135000: system.cpu T0 : @__aeabi_uidiv+188    :   cmps   r1, #256          : IntAlu :  D=0x0000000000000000
2135000: system.cpu T0 : @__aeabi_uidiv+192    :   movcs   r1, r1, LSR #8   : IntAlu : Predicated False
2135000: system.cpu T0 : @__aeabi_uidiv+196    :   addcs   r2, r2, #8       : IntAlu : Predicated False
2135500: system.cpu T0 : @__aeabi_uidiv+200    :   cmps   r1, #16           : IntAlu :  D=0x0000000000000000
2136000: system.cpu T0 : @__aeabi_uidiv+204    :   movcs   r1, r1, LSR #4   : IntAlu : Predicated False
2136000: system.cpu T0 : @__aeabi_uidiv+208    :   addcs   r2, r2, #4       : IntAlu : Predicated False
2136000: system.cpu T0 : @__aeabi_uidiv+212    :   cmps   r1, #4            : IntAlu :  D=0x0000000000000001
2136500: system.cpu T0 : @__aeabi_uidiv+216    :   addhi   r2, r2, #3       : IntAlu : Predicated False
2137000: system.cpu T0 : @__aeabi_uidiv+220    :   addls   r2, r2, r1, LSR #1 : IntAlu :  D=0x0000000000000002
2137000: system.cpu T0 : @__aeabi_uidiv+224    :   mov   r0, r0, LSR r2     : IntAlu :  D=0x0000000000000002
2137000: system.cpu T0 : @__aeabi_uidiv+228    :   bx                       : IntAlu : 
2137500: system.cpu T0 : @__libc_setup_tls+128    :   mov   r9, r4             : IntAlu :  D=0x0000000000000004
2138000: system.cpu T0 : @__libc_setup_tls+132    :   b                        : IntAlu : 
2141000: system.cpu T0 : @__libc_setup_tls+160    :   ldr   r8, [pc, #316]     : MemRead :  D=0x0000000000080070 A=0x8970
2141500: system.cpu T0 : @__libc_setup_tls+164    :   mul                      : IntMult :  D=0x0000000000000008
2141500: system.cpu T0 : @__libc_setup_tls+168    :   ldr   r0, [r8, #0]       : MemRead :  D=0x0000000000000800 A=0x80070
2141500: system.cpu T0 : @__libc_setup_tls+172    :   sub   r7, r6, #1         : IntAlu :  D=0x000000000000000f
2142000: system.cpu T0 : @__libc_setup_tls+176    :   add   r0, r0, #1184      : IntAlu :  D=0x0000000000000ca0
2142500: system.cpu T0 : @__libc_setup_tls+180    :   add   r0, r0, r10        : IntAlu :  D=0x0000000000000cc8
2142500: system.cpu T0 : @__libc_setup_tls+184    :   add   r0, r0, r6         : IntAlu :  D=0x0000000000000cd8
2142500: system.cpu T0 : @__libc_setup_tls+188    :   add   r0, r0, r5         : IntAlu :  D=0x0000000000000ce0
2143000: system.cpu T0 : @__libc_setup_tls+192    :   bl                       : IntAlu :  D=0x0000000000008850
2201500: system.cpu T0 : @sbrk    : ldmstm                    
2201500: system.cpu T0 : @sbrk.0  :   str_uop   r4, [sp, #16]  : MemWrite :  D=0x0000000000000004 A=0xbefffd58
2201500: system.cpu T0 : @sbrk.1  :   str_uop   r5, [sp, #12]  : MemWrite :  D=0x0000000000000008 A=0xbefffd5c
2201500: system.cpu T0 : @sbrk.2  :   str_uop   r6, [sp, #8]   : MemWrite :  D=0x0000000000000010 A=0xbefffd60
2202000: system.cpu T0 : @sbrk.3  :   str_uop   lr, [sp, #4]   : MemWrite :  D=0x0000000000008850 A=0xbefffd64
2202000: system.cpu T0 : @sbrk.4  :   subi_uop   sp, sp, #16   : IntAlu :  D=0x00000000befffd58
2202000: system.cpu T0 : @sbrk+4    :   ldr   r5, [pc, #100]     : MemRead :  D=0x0000000000081c40 A=0x12778
2206000: system.cpu T0 : @sbrk+8    :   mov   r6, r0             : IntAlu :  D=0x0000000000000ce0
2206000: system.cpu T0 : @sbrk+12    :   ldr   r4, [r5, #0]       : MemRead :  D=0x0000000000000000 A=0x81c40
2206000: system.cpu T0 : @sbrk+16    :   cmps   r4, #0            : IntAlu :  D=0x0000000000000001
2206500: system.cpu T0 : @sbrk+20    :   beq                      : IntAlu : 
2339000: system.cpu T0 : @sbrk+60    :   mov   r0, #0             : IntAlu :  D=0x0000000000000000
2339000: system.cpu T0 : @sbrk+64    :   bl                       : IntAlu :  D=0x000000000001274c
2344000: system.cpu T0 : @brk    : ldmstm                    
2344000: system.cpu T0 : @brk.0  :   str_uop   r7, [sp, #8]   : MemWrite :  D=0x000000000000000f A=0xbefffd50
2344000: system.cpu T0 : @brk.1  :   str_uop   lr, [sp, #4]   : MemWrite :  D=0x000000000001274c A=0xbefffd54
2344000: system.cpu T0 : @brk.2  :   subi_uop   sp, sp, #8    : IntAlu :  D=0x00000000befffd50
2344500: system.cpu T0 : @brk+4    :   mov   r2, r0             : IntAlu :  D=0x0000000000000000
2348000: system.cpu T0 : @brk+8    :   mov   r7, #45            : IntAlu :  D=0x000000000000002d
2348000: system.cpu T0 : @brk+12    :   svc   #0                 : IntAlu : 
2364000: system.cpu T0 : @brk+16    :   cmns   r0, #4096         : IntAlu :  D=0x0000000000000000
2364000: system.cpu T0 : @brk+20    :   mov   r3, r0             : IntAlu :  D=0x0000000000083000
2405000: system.cpu T0 : @brk+24    :   bhi                      : IntAlu : Predicated False
2405000: system.cpu T0 : @brk+28    :   cmps   r2, r0            : IntAlu :  D=0x0000000000000000
2405000: system.cpu T0 : @brk+32    :   ldr   r2, [pc, #84]      : MemRead :  D=0x0000000000081c40 A=0x31ee4
2405500: system.cpu T0 : @brk+36    :   str   r0, [r2, #0]       : MemWrite :  D=0x0000000000083000 A=0x81c40
2409000: system.cpu T0 : @brk+40    :   movls   r0, #0           : IntAlu :  D=0x0000000000000000
2409000: system.cpu T0 : @brk+44    :   bhi                      : IntAlu : Predicated False
2409000: system.cpu T0 : @brk+48    : ldmstm                    
2409000: system.cpu T0 : @brk+48.0  :   ldr2_uop   r7,lr, [sp, #0] : MemRead :  D=0x000000000001274c A=0xbefffd50
2409500: system.cpu T0 : @brk+48.1  :   addi_uop   sp, sp, #8    : IntAlu :  D=0x00000000befffd58
2409500: system.cpu T0 : @brk+52    :   bx                       : IntAlu : 
2410000: system.cpu T0 : @sbrk+68    :   cmps   r0, #0            : IntAlu :  D=0x0000000000000001
2410500: system.cpu T0 : @sbrk+72    :   blt                      : IntAlu : Predicated False
2410500: system.cpu T0 : @sbrk+76    :   cmps   r6, #0            : IntAlu :  D=0x0000000000000001
2469000: system.cpu T0 : @sbrk+80    :   ldr   r4, [r5, #0]       : MemRead :  D=0x0000000000083000 A=0x81c40
2469000: system.cpu T0 : @sbrk+84    :   beq                      : IntAlu : Predicated False
2469500: system.cpu T0 : @sbrk+88    :   add   r0, r4, r6         : IntAlu :  D=0x0000000000083ce0
2469500: system.cpu T0 : @sbrk+92    :   bl                       : IntAlu :  D=0x0000000000012768
2470000: system.cpu T0 : @brk    : ldmstm                    
2470000: system.cpu T0 : @brk.0  :   str_uop   r7, [sp, #8]   : MemWrite :  D=0x000000000000000f A=0xbefffd50
2470000: system.cpu T0 : @brk.1  :   str_uop   lr, [sp, #4]   : MemWrite :  D=0x0000000000012768 A=0xbefffd54
2470000: system.cpu T0 : @brk.2  :   subi_uop   sp, sp, #8    : IntAlu :  D=0x00000000befffd50
2470500: system.cpu T0 : @brk+4    :   mov   r2, r0             : IntAlu :  D=0x0000000000083ce0
2471000: system.cpu T0 : @brk+8    :   mov   r7, #45            : IntAlu :  D=0x000000000000002d
2471000: system.cpu T0 : @brk+12    :   svc   #0                 : IntAlu : 
2489000: system.cpu T0 : @brk+16    :   cmns   r0, #4096         : IntAlu :  D=0x0000000000000000
2489000: system.cpu T0 : @brk+20    :   mov   r3, r0             : IntAlu :  D=0x0000000000083ce0
2489500: system.cpu T0 : @brk+24    :   bhi                      : IntAlu : Predicated False
2489500: system.cpu T0 : @brk+28    :   cmps   r2, r0            : IntAlu :  D=0x0000000000000001
2489500: system.cpu T0 : @brk+32    :   ldr   r2, [pc, #84]      : MemRead :  D=0x0000000000081c40 A=0x31ee4
2490000: system.cpu T0 : @brk+36    :   str   r0, [r2, #0]       : MemWrite :  D=0x0000000000083ce0 A=0x81c40
2490500: system.cpu T0 : @brk+40    :   movls   r0, #0           : IntAlu :  D=0x0000000000000000
2490500: system.cpu T0 : @brk+44    :   bhi                      : IntAlu : Predicated False
2490500: system.cpu T0 : @brk+48    : ldmstm                    
2490500: system.cpu T0 : @brk+48.0  :   ldr2_uop   r7,lr, [sp, #0] : MemRead :  D=0x0000000000012768 A=0xbefffd50
2491000: system.cpu T0 : @brk+48.1  :   addi_uop   sp, sp, #8    : IntAlu :  D=0x00000000befffd58
2491000: system.cpu T0 : @brk+52    :   bx                       : IntAlu : 
2491500: system.cpu T0 : @sbrk+96    :   cmps   r0, #0            : IntAlu :  D=0x0000000000000001
2491500: system.cpu T0 : @sbrk+100    :   bge                      : IntAlu : 
2497500: system.cpu T0 : @sbrk+48    :   mov   r0, r4             : IntAlu :  D=0x0000000000083000
2497500: system.cpu T0 : @sbrk+52    : ldmstm                    
2497500: system.cpu T0 : @sbrk+52.0  :   ldr2_uop   r4,r5, [sp, #0] : MemRead :  D=0x0000000000000008 A=0xbefffd58
2497500: system.cpu T0 : @sbrk+52.1  :   ldr2_uop   r6,lr, [sp, #8] : MemRead :  D=0x0000000000008850 A=0xbefffd60
2498000: system.cpu T0 : @sbrk+52.2  :   addi_uop   sp, sp, #16   : IntAlu :  D=0x00000000befffd68
2498500: system.cpu T0 : @sbrk+56    :   bx                       : IntAlu : 
2499000: system.cpu T0 : @__libc_setup_tls+196    :   add   r0, r0, #1184      : IntAlu :  D=0x00000000000834a0
2499000: system.cpu T0 : @__libc_setup_tls+200    :   rsb   r3, r6, #0         : IntAlu :  D=0x00000000fffffff0
2499000: system.cpu T0 : @__libc_setup_tls+204    :   add   r7, r7, r0         : IntAlu :  D=0x00000000000834af
2499500: system.cpu T0 : @__libc_setup_tls+208    :   ldr   r4, [pc, #272]     : MemRead :  D=0x0000000000080770 A=0x8974
2500000: system.cpu T0 : @__libc_setup_tls+212    :   and   r7, r7, r3         : IntAlu :  D=0x00000000000834a0
2500000: system.cpu T0 : @__libc_setup_tls+216    :   add   r3, r7, r5         : IntAlu :  D=0x00000000000834a8
2500000: system.cpu T0 : @__libc_setup_tls+220    :   mov   r12, #1            : IntAlu :  D=0x0000000000000001
2500500: system.cpu T0 : @__libc_setup_tls+224    :   mov   lr, #62            : IntAlu :  D=0x000000000000003e
2501000: system.cpu T0 : @__libc_setup_tls+228    :   ldr   r2, [sp, #4]       : MemRead :  D=0x0000000000000010 A=0xbefffd6c
2501000: system.cpu T0 : @__libc_setup_tls+232    :   mov   r0, r3             : IntAlu :  D=0x00000000000834a8
2501000: system.cpu T0 : @__libc_setup_tls+236    :   str   r3, [r4, #536]     : MemWrite :  D=0x00000000000834a8 A=0x80988
2501500: system.cpu T0 : @__libc_setup_tls+240    :   str   lr, [r4, #520]     : MemWrite :  D=0x000000000000003e A=0x80978
2502000: system.cpu T0 : @__libc_setup_tls+244    :   strb   r12, [r4, #540]   : MemWrite :  D=0x0000000000000001 A=0x8098c
2502000: system.cpu T0 : @__libc_setup_tls+248    :   mov   r1, fp             : IntAlu :  D=0x000000000007ffb4
2502000: system.cpu T0 : @__libc_setup_tls+252    :   str   r5, [r4, #1596]    : MemWrite :  D=0x0000000000000008 A=0x80dac
2502500: system.cpu T0 : @__libc_setup_tls+256    :   str   r12, [sp, #0]      : MemWrite :  D=0x0000000000000001 A=0xbefffd68
2503000: system.cpu T0 : @__libc_setup_tls+260    :   bl                       : IntAlu :  D=0x0000000000008894
2589500: system.cpu T0 : @memcpy    : ldmstm                    
2589500: system.cpu T0 : @memcpy.0  :   str_uop   r0, [sp, #12]  : MemWrite :  D=0x00000000000834a8 A=0xbefffd5c
2589500: system.cpu T0 : @memcpy.1  :   str_uop   r4, [sp, #8]   : MemWrite :  D=0x0000000000080770 A=0xbefffd60
2589500: system.cpu T0 : @memcpy.2  :   str_uop   lr, [sp, #4]   : MemWrite :  D=0x0000000000008894 A=0xbefffd64
2590000: system.cpu T0 : @memcpy.3  :   subi_uop   sp, sp, #12   : IntAlu :  D=0x00000000befffd5c
2590000: system.cpu T0 : @memcpy+4    :   subs   r2, r2, #4        : IntAlu :  D=0x0000000000000001
2590000: system.cpu T0 : @memcpy+8    :   blt                      : IntAlu : Predicated False
2590500: system.cpu T0 : @memcpy+12    :   ands   r12, r0, #3       : IntAlu :  D=0x0000000000000001
2594000: system.cpu T0 : @memcpy+16    :   bne                      : IntAlu : Predicated False
2594000: system.cpu T0 : @memcpy+20    :   ands   r12, r1, #3       : IntAlu :  D=0x0000000000000001
2594000: system.cpu T0 : @memcpy+24    :   bne                      : IntAlu : Predicated False
2594500: system.cpu T0 : @memcpy+28    :   subs   r2, r2, #28       : IntAlu :  D=0x0000000000000000
2595000: system.cpu T0 : @memcpy+32    : ldmstm                    
2595000: system.cpu T0 : @memcpy+32.0  :   str_uop   r5, [sp, #16]  : MemWrite :  D=0x0000000000000008 A=0xbefffd4c
2595000: system.cpu T0 : @memcpy+32.1  :   str_uop   r6, [sp, #12]  : MemWrite :  D=0x0000000000000010 A=0xbefffd50
2595000: system.cpu T0 : @memcpy+32.2  :   str_uop   r7, [sp, #8]   : MemWrite :  D=0x00000000000834a0 A=0xbefffd54
2595500: system.cpu T0 : @memcpy+32.3  :   str_uop   r8, [sp, #4]   : MemWrite :  D=0x0000000000080070 A=0xbefffd58
2595500: system.cpu T0 : @memcpy+32.4  :   subi_uop   sp, sp, #16   : IntAlu :  D=0x00000000befffd4c
2595500: system.cpu T0 : @memcpy+36    :   blt                      : IntAlu : 
2601000: system.cpu T0 : @memcpy+56    :   ands   r12, r2, #28      : IntAlu :  D=0x0000000000000000
2601000: system.cpu T0 : @memcpy+60    :   rsb   r12, r12, #32      : IntAlu :  D=0x0000000000000010
2655000: system.cpu T0 : @memcpy+64    :   addne   pc, pc, r12      : IntAlu :  D=0x0000000000011d18
2660500: system.cpu T0 : @memcpy+88    :   ldr   r6, [r1] #4       
2660500: system.cpu T0 : @memcpy+88.0  :   ldr   r6, [r1] #4        : MemRead :  D=0x0000000000080698 A=0x7ffb4
2660500: system.cpu T0 : @memcpy+88.1  :   addi_uop   r1, r1, #4    : IntAlu :  D=0x000000000007ffb8
2660500: system.cpu T0 : @memcpy+92    :   ldr   r7, [r1] #4       
2660500: system.cpu T0 : @memcpy+92.0  :   ldr   r7, [r1] #4        : MemRead :  D=0x00000000000806a8 A=0x7ffb8
2661000: system.cpu T0 : @memcpy+92.1  :   addi_uop   r1, r1, #4    : IntAlu :  D=0x000000000007ffbc
2661500: system.cpu T0 : @memcpy+96    :   ldr   r8, [r1] #4       
2661500: system.cpu T0 : @memcpy+96.0  :   ldr   r8, [r1] #4        : MemRead :  D=0x000000000008069c A=0x7ffbc
2661500: system.cpu T0 : @memcpy+96.1  :   addi_uop   r1, r1, #4    : IntAlu :  D=0x000000000007ffc0
2661500: system.cpu T0 : @memcpy+100    :   ldr   lr, [r1] #4       
2661500: system.cpu T0 : @memcpy+100.0  :   ldr   lr, [r1] #4        : MemRead :  D=0x0000000000080698 A=0x7ffc0
2662000: system.cpu T0 : @memcpy+100.1  :   addi_uop   r1, r1, #4    : IntAlu :  D=0x000000000007ffc4
2662000: system.cpu T0 : @memcpy+104    :   add   pc, pc, r12        : IntAlu :  D=0x0000000000011d40
2718000: system.cpu T0 : @memcpy+128    :   str   r6, [r0] #4       
2718000: system.cpu T0 : @memcpy+128.0  :   str   r6, [r0] #4        : MemWrite :  D=0x0000000000080698 A=0x834a8
2718000: system.cpu T0 : @memcpy+128.1  :   addi_uop   r0, r0, #4    : IntAlu :  D=0x00000000000834ac
2718000: system.cpu T0 : @memcpy+132    :   str   r7, [r0] #4       
2718000: system.cpu T0 : @memcpy+132.0  :   str   r7, [r0] #4        : MemWrite :  D=0x00000000000806a8 A=0x834ac
2718500: system.cpu T0 : @memcpy+132.1  :   addi_uop   r0, r0, #4    : IntAlu :  D=0x00000000000834b0
2718500: system.cpu T0 : @memcpy+136    :   str   r8, [r0] #4       
2718500: system.cpu T0 : @memcpy+136.0  :   str   r8, [r0] #4        : MemWrite :  D=0x000000000008069c A=0x834b0
2718500: system.cpu T0 : @memcpy+136.1  :   addi_uop   r0, r0, #4    : IntAlu :  D=0x00000000000834b4
2719000: system.cpu T0 : @memcpy+140    :   str   lr, [r0] #4       
2719000: system.cpu T0 : @memcpy+140.0  :   str   lr, [r0] #4        : MemWrite :  D=0x0000000000080698 A=0x834b4
2719000: system.cpu T0 : @memcpy+140.1  :   addi_uop   r0, r0, #4    : IntAlu :  D=0x00000000000834b8
2719500: system.cpu T0 : @memcpy+144    : ldmstm                    
2719500: system.cpu T0 : @memcpy+144.0  :   ldr2_uop   r5,r6, [sp, #0] : MemRead :  D=0x0000000000000010 A=0xbefffd4c
2719500: system.cpu T0 : @memcpy+144.1  :   ldr2_uop   r7,r8, [sp, #8] : MemRead :  D=0x0000000000080070 A=0xbefffd54
2719500: system.cpu T0 : @memcpy+144.2  :   addi_uop   sp, sp, #16   : IntAlu :  D=0x00000000befffd5c
2720000: system.cpu T0 : @memcpy+148    :   movs   r2, r2, LSL #31   : IntAlu :  D=0x0000000000000001
2720000: system.cpu T0 : @memcpy+152    :   ldrbne   r3, [r1] #1    
2720000: system.cpu T0 : @memcpy+152.0  :   ldrbne   r3, [r1] #1     : MemRead : Predicated False
2720000: system.cpu T0 : @memcpy+152.1  :   addi_uopne   r1, r1, #1  : IntAlu : Predicated False
2720500: system.cpu T0 : @memcpy+156    :   ldrbcs   r4, [r1] #1    
2720500: system.cpu T0 : @memcpy+156.0  :   ldrbcs   r4, [r1] #1     : MemRead : Predicated False
2720500: system.cpu T0 : @memcpy+156.1  :   addi_uopcs   r1, r1, #1  : IntAlu : Predicated False
2721000: system.cpu T0 : @memcpy+160    :   ldrbcs   r12, [r1, #0]   : MemRead : Predicated False
2721000: system.cpu T0 : @memcpy+164    :   strbne   r3, [r0] #1    
2721000: system.cpu T0 : @memcpy+164.0  :   strbne   r3, [r0] #1     : MemWrite : Predicated False
2721000: system.cpu T0 : @memcpy+164.1  :   addi_uopne   r0, r0, #1  : IntAlu : Predicated False
2721500: system.cpu T0 : @memcpy+168    :   strbcs   r4, [r0] #1    
2721500: system.cpu T0 : @memcpy+168.0  :   strbcs   r4, [r0] #1     : MemWrite : Predicated False
2721500: system.cpu T0 : @memcpy+168.1  :   addi_uopcs   r0, r0, #1  : IntAlu : Predicated False
2721500: system.cpu T0 : @memcpy+172    :   strbcs   r12, [r0, #0]   : MemWrite : Predicated False
2722000: system.cpu T0 : @memcpy+176    : ldmstm                    
2722000: system.cpu T0 : @memcpy+176.0  :   ldr2_uop   r0,r4, [sp, #0] : MemRead :  D=0x0000000000080770 A=0xbefffd5c
2722000: system.cpu T0 : @memcpy+176.1  :   ldr_uop   r36, [sp, #8]  : MemRead :  D=0x0000000000008894 A=0xbefffd64
2722000: system.cpu T0 : @memcpy+176.2  :   addi_uop   sp, sp, #12   : IntAlu :  D=0x00000000befffd68
2722500: system.cpu T0 : @memcpy+176.3  :   uopReg_uop   pc, r36     : IntAlu :  D=0x0000000000008894
2723000: system.cpu T0 : @__libc_setup_tls+264    :   add   r3, r4, #528       : IntAlu :  D=0x0000000000080980
2723000: system.cpu T0 : @__libc_setup_tls+268    :   str   r3, [r7, #0]       : MemWrite :  D=0x0000000000080980 A=0x834a0
2723000: system.cpu T0 : @__libc_setup_tls+272    :   mov   r0, r7             : IntAlu :  D=0x00000000000834a0
2723500: system.cpu T0 : @__libc_setup_tls+276    :   ldr   r7, [pc, #208]     : MemRead :  D=0x00000000000f0005 A=0x8978
2723500: system.cpu T0 : @__libc_setup_tls+280    :   svc   #0                 : IntAlu : 
2815500: system.cpu T0 : @__libc_setup_tls+284    :   cmns   r0, #4096         : IntAlu :  D=0x0000000000000000
2815500: system.cpu T0 : @__libc_setup_tls+288    :   ldr   r12, [sp, #0]      : MemRead :  D=0x0000000000000001 A=0xbefffd68
2816000: system.cpu T0 : @__libc_setup_tls+292    :   ldrhi   r0, [pc, #196]   : MemRead : Predicated False
2816000: system.cpu T0 : @__libc_setup_tls+296    :   blhi                     : IntAlu : Predicated False
2816000: system.cpu T0 : @__libc_setup_tls+300    :   ldrb   r3, [r4, #1436]   : MemRead :  D=0x0000000000000000 A=0x80d0c
2816500: system.cpu T0 : @__libc_setup_tls+304    :   ldr   r2, [pc, #188]     : MemRead :  D=0x0000000000080b78 A=0x8980
2817000: system.cpu T0 : @__libc_setup_tls+308    :   bic   r3, r3, #3         : IntAlu :  D=0x0000000000000000
2817000: system.cpu T0 : @__libc_setup_tls+312    :   str   r2, [r4, #20]      : MemWrite :  D=0x0000000000080b78 A=0x80784
2817000: system.cpu T0 : @__libc_setup_tls+316    :   ldr   r2, [sp, #4]       : MemRead :  D=0x0000000000000010 A=0xbefffd6c
2817500: system.cpu T0 : @__libc_setup_tls+320    :   strb   r3, [r4, #1436]   : MemWrite :  D=0x0000000000000000 A=0x80d0c
2818000: system.cpu T0 : @__libc_setup_tls+324    :   mov   r3, #64            : IntAlu :  D=0x0000000000000040
2818000: system.cpu T0 : @__libc_setup_tls+328    :   str   r3, [r4, #0]       : MemWrite :  D=0x0000000000000040 A=0x80770
2818000: system.cpu T0 : @__libc_setup_tls+332    :   ldr   r3, [pc, #164]     : MemRead :  D=0x0000000000081fe8 A=0x8984
2818500: system.cpu T0 : @__libc_setup_tls+336    :   cmps   r9, #0            : IntAlu :  D=0x0000000000000001
2819000: system.cpu T0 : @__libc_setup_tls+340    :   str   r12, [r3, #0]      : MemWrite :  D=0x0000000000000001 A=0x81fe8
2819000: system.cpu T0 : @__libc_setup_tls+344    :   ldr   r3, [pc, #156]     : MemRead :  D=0x0000000000081fec A=0x8988
2819000: system.cpu T0 : @__libc_setup_tls+348    :   str   r9, [r4, #1588]    : MemWrite :  D=0x0000000000000004 A=0x80da4
2819500: system.cpu T0 : @__libc_setup_tls+352    :   str   fp, [r4, #1576]    : MemWrite :  D=0x000000000007ffb4 A=0x80d98
2820000: system.cpu T0 : @__libc_setup_tls+356    :   str   r2, [r4, #1580]    : MemWrite :  D=0x0000000000000010 A=0x80d9c
2820000: system.cpu T0 : @__libc_setup_tls+360    :   str   r4, [r3, #0]       : MemWrite :  D=0x0000000000080770 A=0x81fec
2820000: system.cpu T0 : @__libc_setup_tls+364    :   str   r10, [r4, #1584]   : MemWrite :  D=0x0000000000000028 A=0x80da0
2820500: system.cpu T0 : @__libc_setup_tls+368    :   str   r12, [r4, #1600]   : MemWrite :  D=0x0000000000000001 A=0x80db0
2845000: system.cpu T0 : @__libc_setup_tls+372    :   moveq   r9, r12          : IntAlu : Predicated False
2845000: system.cpu T0 : @__libc_setup_tls+376    :   bne                      : IntAlu : 
2901500: system.cpu T0 : @__libc_setup_tls+452    :   add   r0, r10, r9        : IntAlu :  D=0x000000000000002c
2901500: system.cpu T0 : @__libc_setup_tls+456    :   sub   r0, r0, #1         : IntAlu :  D=0x000000000000002b
2901500: system.cpu T0 : @__libc_setup_tls+460    :   mov   r1, r9             : IntAlu :  D=0x0000000000000004
2902000: system.cpu T0 : @__libc_setup_tls+464    :   bl                       : IntAlu :  D=0x0000000000008960
2906500: system.cpu T0 : @__aeabi_uidiv    :   subs   r2, r1, #1        : IntAlu :  D=0x0000000000000001
2906500: system.cpu T0 : @__aeabi_uidiv+4    :   bxeq                     : IntAlu : Predicated False
2906500: system.cpu T0 : @__aeabi_uidiv+8    :   bcc                      : IntAlu : Predicated False
2907000: system.cpu T0 : @__aeabi_uidiv+12    :   cmps   r0, r1            : IntAlu :  D=0x0000000000000001
2907000: system.cpu T0 : @__aeabi_uidiv+16    :   bls                      : IntAlu : Predicated False
2907000: system.cpu T0 : @__aeabi_uidiv+20    :   tsts   r1, r2            : IntAlu :  D=0x0000000000000001
2907500: system.cpu T0 : @__aeabi_uidiv+24    :   beq                      : IntAlu : 
2914000: system.cpu T0 : @__aeabi_uidiv+172    :   cmps   r1, #65536        : IntAlu :  D=0x0000000000000000
2914000: system.cpu T0 : @__aeabi_uidiv+176    :   movcs   r1, r1, LSR #16  : IntAlu : Predicated False
2914000: system.cpu T0 : @__aeabi_uidiv+180    :   movcs   r2, #16          : IntAlu : Predicated False
2914500: system.cpu T0 : @__aeabi_uidiv+184    :   movcc   r2, #0           : IntAlu :  D=0x0000000000000000
2915000: system.cpu T0 : @__aeabi_uidiv+188    :   cmps   r1, #256          : IntAlu :  D=0x0000000000000000
2915000: system.cpu T0 : @__aeabi_uidiv+192    :   movcs   r1, r1, LSR #8   : IntAlu : Predicated False
2915000: system.cpu T0 : @__aeabi_uidiv+196    :   addcs   r2, r2, #8       : IntAlu : Predicated False
2915500: system.cpu T0 : @__aeabi_uidiv+200    :   cmps   r1, #16           : IntAlu :  D=0x0000000000000000
2916000: system.cpu T0 : @__aeabi_uidiv+204    :   movcs   r1, r1, LSR #4   : IntAlu : Predicated False
2916000: system.cpu T0 : @__aeabi_uidiv+208    :   addcs   r2, r2, #4       : IntAlu : Predicated False
2916000: system.cpu T0 : @__aeabi_uidiv+212    :   cmps   r1, #4            : IntAlu :  D=0x0000000000000001
2916500: system.cpu T0 : @__aeabi_uidiv+216    :   addhi   r2, r2, #3       : IntAlu : Predicated False
2917000: system.cpu T0 : @__aeabi_uidiv+220    :   addls   r2, r2, r1, LSR #1 : IntAlu :  D=0x0000000000000002
2917000: system.cpu T0 : @__aeabi_uidiv+224    :   mov   r0, r0, LSR r2     : IntAlu :  D=0x000000000000000a
2917000: system.cpu T0 : @__aeabi_uidiv+228    :   bx                       : IntAlu : 
2917500: system.cpu T0 : @__libc_setup_tls+468    :   mov   r10, r0            : IntAlu :  D=0x000000000000000a
2917500: system.cpu T0 : @__libc_setup_tls+472    :   b                        : IntAlu : 
2920500: system.cpu T0 : @__libc_setup_tls+380    :   mla                      : IntMult :  D=0x0000000000000030
2920500: system.cpu T0 : @__libc_setup_tls+384    :   ldr   r2, [r8, #0]       : MemRead :  D=0x0000000000000800 A=0x80070
2921000: system.cpu T0 : @__libc_setup_tls+388    :   cmps   r6, #16           : IntAlu :  D=0x0000000000000001
2921000: system.cpu T0 : @__libc_setup_tls+392    :   movcc   r6, #16          : IntAlu : Predicated False
2921000: system.cpu T0 : @__libc_setup_tls+396    :   add   r2, r2, #15        : IntAlu :  D=0x000000000000080f
2921500: system.cpu T0 : @__libc_setup_tls+400    :   add   r2, r2, r3         : IntAlu :  D=0x000000000000083f
2922000: system.cpu T0 : @__libc_setup_tls+404    :   bic   r2, r2, #15        : IntAlu :  D=0x0000000000000830
2922000: system.cpu T0 : @__libc_setup_tls+408    :   str   r2, [r8, #0]       : MemWrite :  D=0x0000000000000830 A=0x80070
2922000: system.cpu T0 : @__libc_setup_tls+412    :   ldr   r2, [pc, #92]      : MemRead :  D=0x0000000000081fe0 A=0x898c
2922500: system.cpu T0 : @__libc_setup_tls+416    :   str   r3, [r2, #0]       : MemWrite :  D=0x0000000000000030 A=0x81fe0
2923000: system.cpu T0 : @__libc_setup_tls+420    :   ldr   r3, [pc, #88]      : MemRead :  D=0x0000000000081fe4 A=0x8990
2923000: system.cpu T0 : @__libc_setup_tls+424    :   mov   r2, #1             : IntAlu :  D=0x0000000000000001
2923000: system.cpu T0 : @__libc_setup_tls+428    :   str   r6, [r3, #0]       : MemWrite :  D=0x0000000000000010 A=0x81fe4
2923500: system.cpu T0 : @__libc_setup_tls+432    :   ldr   r3, [pc, #80]      : MemRead :  D=0x0000000000081ff8 A=0x8994
2924000: system.cpu T0 : @__libc_setup_tls+436    :   str   r2, [r3, #0]       : MemWrite :  D=0x0000000000000001 A=0x81ff8
2924000: system.cpu T0 : @__libc_setup_tls+440    :   add   sp, sp, #12        : IntAlu :  D=0x00000000befffd74
2924000: system.cpu T0 : @__libc_setup_tls+444    : ldmstm                    
2924000: system.cpu T0 : @__libc_setup_tls+444.0  :   ldr2_uop   r4,r5, [sp, #0] : MemRead :  D=0x00000000000089e8 A=0xbefffd74
2924500: system.cpu T0 : @__libc_setup_tls+444.1  :   ldr2_uop   r6,r7, [sp, #8] : MemRead :  D=0x0000000000000000 A=0xbefffd7c
2924500: system.cpu T0 : @__libc_setup_tls+444.2  :   ldr2_uop   r8,r9, [sp, #16] : MemRead :  D=0x0000000000000000 A=0xbefffd84
2924500: system.cpu T0 : @__libc_setup_tls+444.3  :   ldr2_uop   r10,fp, [sp, #24] : MemRead :  D=0x0000000000000000 A=0xbefffd8c
2925000: system.cpu T0 : @__libc_setup_tls+444.4  :   ldr_uop   lr, [sp, #32]  : MemRead :  D=0x0000000000008430 A=0xbefffd94
2925000: system.cpu T0 : @__libc_setup_tls+444.5  :   addi_uop   sp, sp, #36   : IntAlu :  D=0x00000000befffd98
2925000: system.cpu T0 : @__libc_setup_tls+448    :   bx                       : IntAlu : 
2925500: system.cpu T0 : @__libc_start_main+184    :   mov   r1, #0             : IntAlu :  D=0x0000000000000000
2925500: system.cpu T0 : @__libc_start_main+188    :   mvn   r3, #0             : IntAlu :  D=0x00000000ffffffff
2925500: system.cpu T0 : @__libc_start_main+192    :   str   r1, [sp, #300]     : MemWrite :  D=0x0000000000000000 A=0xbefffec4
2926000: system.cpu T0 : @__libc_start_main+196    :   strb   r3, [sp, #303]    : MemWrite :  D=0x00000000000000ff A=0xbefffec7
2926500: system.cpu T0 : @__libc_start_main+200    :   mov   r3, #10            : IntAlu :  D=0x000000000000000a
2926500: system.cpu T0 : @__libc_start_main+204    :   strb   r3, [sp, #302]    : MemWrite :  D=0x000000000000000a A=0xbefffec6
2950000: system.cpu T0 : @__libc_start_main+208    :   ldr   r2, [sp, #300]     : MemRead :  D=0x00000000ff0a0000 A=0xbefffec4
2950000: system.cpu T0 : @__libc_start_main+212    :   ldr   r3, [pc, #336]     : MemRead :  D=0x000000000007ffd4 A=0x85a4
2950500: system.cpu T0 : @__libc_start_main+216    :   cmps   r4, r1            : IntAlu :  D=0x0000000000000001
2950500: system.cpu T0 : @__libc_start_main+220    :   str   r2, [r3, #0]       : MemWrite :  D=0x00000000ff0a0000 A=0x7ffd4
2950500: system.cpu T0 : @__libc_start_main+224    :   movne   r0, r4           : IntAlu : Predicated False
2951000: system.cpu T0 : @__libc_start_main+228    :   movne   r2, r1           : IntAlu : Predicated False
2951500: system.cpu T0 : @__libc_start_main+232    :   blne                     : IntAlu : Predicated False
2951500: system.cpu T0 : @__libc_start_main+236    :   ldr   r3, [pc, #300]     : MemRead :  D=0x00000000000814f4 A=0x8598
2951500: system.cpu T0 : @__libc_start_main+240    :   ldr   r0, [sp, #4]       : MemRead :  D=0x0000000000000001 A=0xbefffd9c
2952000: system.cpu T0 : @__libc_start_main+244    :   ldr   r2, [r3, #0]       : MemRead :  D=0x00000000befffeec A=0x814f4
2952500: system.cpu T0 : @__libc_start_main+248    :   ldr   r1, [sp, #8]       : MemRead :  D=0x00000000befffee4 A=0xbefffda0
2952500: system.cpu T0 : @__libc_start_main+252    :   bl                       : IntAlu :  D=0x0000000000008478
2991500: system.cpu T0 : @__libc_init_first    :   ldr   r3, [pc, #128]     : MemRead :  D=0x0000000000000000 A=0x14830
2991500: system.cpu T0 : @__libc_init_first+4    : ldmstm                    
2991500: system.cpu T0 : @__libc_init_first+4.0  :   str_uop   r4, [sp, #16]  : MemWrite :  D=0x0000000000000000 A=0xbefffd88
2991500: system.cpu T0 : @__libc_init_first+4.1  :   str_uop   r5, [sp, #12]  : MemWrite :  D=0x00000000000089e8 A=0xbefffd8c
2992000: system.cpu T0 : @__libc_init_first+4.2  :   str_uop   r6, [sp, #8]   : MemWrite :  D=0x00000000000089a4 A=0xbefffd90
2992000: system.cpu T0 : @__libc_init_first+4.3  :   str_uop   lr, [sp, #4]   : MemWrite :  D=0x0000000000008478 A=0xbefffd94
2992000: system.cpu T0 : @__libc_init_first+4.4  :   subi_uop   sp, sp, #16   : IntAlu :  D=0x00000000befffd88
2996000: system.cpu T0 : @__libc_init_first+8    :   cmps   r3, #0            : IntAlu :  D=0x0000000000000001
2996000: system.cpu T0 : @__libc_init_first+12    :   mov   r4, r0             : IntAlu :  D=0x0000000000000001
2996000: system.cpu T0 : @__libc_init_first+16    :   mov   r5, r1             : IntAlu :  D=0x00000000befffee4
2996500: system.cpu T0 : @__libc_init_first+20    :   mov   r6, r2             : IntAlu :  D=0x00000000befffeec
3057500: system.cpu T0 : @__libc_init_first+24    :   beq                      : IntAlu : 
3062500: system.cpu T0 : @__libc_init_first+40    :   ldr   r3, [pc, #92]      : MemRead :  D=0x0000000000081b78 A=0x14834
3062500: system.cpu T0 : @__libc_init_first+44    :   mov   r2, #0             : IntAlu :  D=0x0000000000000000
3062500: system.cpu T0 : @__libc_init_first+48    :   ldr   r0, [r3, #0]       : MemRead :  D=0x0000000000000000 A=0x81b78
3063000: system.cpu T0 : @__libc_init_first+52    :   ldr   r3, [pc, #84]      : MemRead :  D=0x00000000000804f4 A=0x14838
3063500: system.cpu T0 : @__libc_init_first+56    :   str   r2, [r3, #0]       : MemWrite :  D=0x0000000000000000 A=0x804f4
3063500: system.cpu T0 : @__libc_init_first+60    :   bl                       : IntAlu :  D=0x00000000000147e8
3150500: system.cpu T0 : @__setfpucw    :   ldr   r3, [pc, #64]      : MemRead :  D=0x0000000000081ac0 A=0x18ed8
3150500: system.cpu T0 : @__setfpucw+4    :   mov   r2, #0             : IntAlu :  D=0x0000000000000000
3150500: system.cpu T0 : @__setfpucw+8    :   mov   r1, #64            : IntAlu :  D=0x0000000000000040
3151000: system.cpu T0 : @__setfpucw+12    : ldmstm                    
3151000: system.cpu T0 : @__setfpucw+12.0  :   str_uop   r4, [sp, #8]   : MemWrite :  D=0x0000000000000001 A=0xbefffd80
3151000: system.cpu T0 : @__setfpucw+12.1  :   str_uop   fp, [sp, #4]   : MemWrite :  D=0x0000000000000000 A=0xbefffd84
3151000: system.cpu T0 : @__setfpucw+12.2  :   subi_uop   sp, sp, #8    : IntAlu :  D=0x00000000befffd80
3155000: system.cpu T0 : @__setfpucw+16    : ldmstm                    
3155000: system.cpu T0 : @__setfpucw+16.0  :   ldr2_uop   fp,r12, [r3, #0] : MemRead :  D=0x0000000000000000 A=0x81ac0
3155000: system.cpu T0 : @__setfpucw+20    :   and   r3, fp, r1         : IntAlu :  D=0x0000000000000040
3155000: system.cpu T0 : @__setfpucw+24    :   and   r4, r12, r2        : IntAlu :  D=0x0000000000000000
3155500: system.cpu T0 : @__setfpucw+28    :   orrs   r2, r3, r4        : IntAlu :  D=0x0000000000000000
3156000: system.cpu T0 : @__setfpucw+32    :   beq                      : IntAlu : Predicated False
3156000: system.cpu T0 : @__setfpucw+36    :   vmrs   f1, f11           : SimdFloatMisc :  D=0x0000000000000000
3156000: system.cpu T0 : @__setfpucw+40    :   ldr   r2, [pc, #28]      : MemRead :  D=0x000000000e08e0e0 A=0x18edc
3156500: system.cpu T0 : @__setfpucw+44    :   ldr   r3, [pc, #28]      : MemRead :  D=0x00000000f1f71f1f A=0x18ee0
3217500: system.cpu T0 : @__setfpucw+48    :   and   r2, r1, r2         : IntAlu :  D=0x0000000000000000
3217500: system.cpu T0 : @__setfpucw+52    :   and   r3, r0, r3         : IntAlu :  D=0x0000000000000000
3217500: system.cpu T0 : @__setfpucw+56    :   orr   r3, r2, r3         : IntAlu :  D=0x0000000000000000
3218000: system.cpu T0 : @__setfpucw+60    :   vmsr   f11, f3           : SimdFloatMisc :  D=0x0000000000000000
3229000: system.cpu T0 : @__setfpucw+64    : ldmstm                    
3229000: system.cpu T0 : @__setfpucw+64.0  :   ldr2_uop   r4,fp, [sp, #0] : MemRead :  D=0x0000000000000000 A=0xbefffd80
3229000: system.cpu T0 : @__setfpucw+64.1  :   addi_uop   sp, sp, #8    : IntAlu :  D=0x00000000befffd88
3229000: system.cpu T0 : @__setfpucw+68    :   bx                       : IntAlu : 
3229500: system.cpu T0 : @__libc_init_first+64    :   ldr   r3, [pc, #76]      : MemRead :  D=0x00000000000820b0 A=0x1483c
3229500: system.cpu T0 : @__libc_init_first+68    :   str   r4, [r3, #0]       : MemWrite :  D=0x0000000000000001 A=0x820b0
3230000: system.cpu T0 : @__libc_init_first+72    :   ldr   r3, [pc, #72]      : MemRead :  D=0x00000000000820b4 A=0x14840
3230000: system.cpu T0 : @__libc_init_first+76    :   str   r5, [r3, #0]       : MemWrite :  D=0x00000000befffee4 A=0x820b4
3230000: system.cpu T0 : @__libc_init_first+80    :   ldr   r3, [pc, #68]      : MemRead :  D=0x00000000000814f4 A=0x14844
3230500: system.cpu T0 : @__libc_init_first+84    :   str   r6, [r3, #0]       : MemWrite :  D=0x00000000befffeec A=0x814f4
3231000: system.cpu T0 : @__libc_init_first+88    :   bl                       : IntAlu :  D=0x0000000000014804
3289500: system.cpu T0 : @__libc_init_secure    :   ldr   r3, [pc, #80]      : MemRead :  D=0x00000000000820ac A=0x1469c
3289500: system.cpu T0 : @__libc_init_secure+4    : ldmstm                    
3289500: system.cpu T0 : @__libc_init_secure+4.0  :   str_uop   r4, [sp, #16]  : MemWrite :  D=0x0000000000000001 A=0xbefffd78
3289500: system.cpu T0 : @__libc_init_secure+4.1  :   str_uop   r5, [sp, #12]  : MemWrite :  D=0x00000000befffee4 A=0xbefffd7c
3290000: system.cpu T0 : @__libc_init_secure+4.2  :   str_uop   r6, [sp, #8]   : MemWrite :  D=0x00000000befffeec A=0xbefffd80
3290000: system.cpu T0 : @__libc_init_secure+4.3  :   str_uop   lr, [sp, #4]   : MemWrite :  D=0x0000000000014804 A=0xbefffd84
3290000: system.cpu T0 : @__libc_init_secure+4.4  :   subi_uop   sp, sp, #16   : IntAlu :  D=0x00000000befffd78
3290500: system.cpu T0 : @__libc_init_secure+8    :   ldr   r4, [r3, #0]       : MemRead :  D=0x0000000000000001 A=0x820ac
3294000: system.cpu T0 : @__libc_init_secure+12    :   cmps   r4, #0            : IntAlu :  D=0x0000000000000001
3294000: system.cpu T0 : @__libc_init_secure+16    :   beq                      : IntAlu : Predicated False
3294000: system.cpu T0 : @__libc_init_secure+20    : ldmstm                    
3294000: system.cpu T0 : @__libc_init_secure+20.0  :   ldr2_uop   r4,r5, [sp, #0] : MemRead :  D=0x00000000befffee4 A=0xbefffd78
3294500: system.cpu T0 : @__libc_init_secure+20.1  :   ldr2_uop   r6,lr, [sp, #8] : MemRead :  D=0x0000000000014804 A=0xbefffd80
3294500: system.cpu T0 : @__libc_init_secure+20.2  :   addi_uop   sp, sp, #16   : IntAlu :  D=0x00000000befffd88
3294500: system.cpu T0 : @__libc_init_secure+24    :   bx                       : IntAlu : 
3295000: system.cpu T0 : @__libc_init_first+92    :   bl                       : IntAlu :  D=0x0000000000014808
3355500: system.cpu T0 : @_dl_non_dynamic_init    : ldmstm                    
3355500: system.cpu T0 : @_dl_non_dynamic_init.0  :   str_uop   r4, [sp, #28]  : MemWrite :  D=0x0000000000000001 A=0xbefffd6c
3355500: system.cpu T0 : @_dl_non_dynamic_init.1  :   str_uop   r5, [sp, #24]  : MemWrite :  D=0x00000000befffee4 A=0xbefffd70
3355500: system.cpu T0 : @_dl_non_dynamic_init.2  :   str_uop   r6, [sp, #20]  : MemWrite :  D=0x00000000befffeec A=0xbefffd74
3356000: system.cpu T0 : @_dl_non_dynamic_init.3  :   str_uop   r7, [sp, #16]  : MemWrite :  D=0x0000000000000000 A=0xbefffd78
3356000: system.cpu T0 : @_dl_non_dynamic_init.4  :   str_uop   r8, [sp, #12]  : MemWrite :  D=0x0000000000000000 A=0xbefffd7c
3356000: system.cpu T0 : @_dl_non_dynamic_init.5  :   str_uop   r10, [sp, #8]  : MemWrite :  D=0x0000000000000000 A=0xbefffd80
3356500: system.cpu T0 : @_dl_non_dynamic_init.6  :   str_uop   lr, [sp, #4]   : MemWrite :  D=0x0000000000014808 A=0xbefffd84
3356500: system.cpu T0 : @_dl_non_dynamic_init.7  :   subi_uop   sp, sp, #28   : IntAlu :  D=0x00000000befffd6c
3360000: system.cpu T0 : @_dl_non_dynamic_init+4    :   ldr   r4, [pc, #712]     : MemRead :  D=0x0000000000082084 A=0x141e0
3360000: system.cpu T0 : @_dl_non_dynamic_init+8    :   sub   sp, sp, #12        : IntAlu :  D=0x00000000befffd60
3360000: system.cpu T0 : @_dl_non_dynamic_init+12    :   ldr   r3, [r4, #0]       : MemRead :  D=0x0000000000001000 A=0x82084
3360500: system.cpu T0 : @_dl_non_dynamic_init+16    :   cmps   r3, #0            : IntAlu :  D=0x0000000000000001
3361000: system.cpu T0 : @_dl_non_dynamic_init+20    :   bne                      : IntAlu : 
3431500: system.cpu T0 : @_dl_non_dynamic_init+32    :   ldr   r0, [pc, #688]     : MemRead :  D=0x000000000006361c A=0x141e4
3432000: system.cpu T0 : @_dl_non_dynamic_init+36    :   bl                       : IntAlu :  D=0x0000000000013f34
3449000: system.cpu T0 : @getenv    : ldmstm                    
3449000: system.cpu T0 : @getenv.0  :   str_uop   r4, [sp, #32]  : MemWrite :  D=0x0000000000082084 A=0xbefffd40
3449000: system.cpu T0 : @getenv.1  :   str_uop   r5, [sp, #28]  : MemWrite :  D=0x00000000befffee4 A=0xbefffd44
3449000: system.cpu T0 : @getenv.2  :   str_uop   r6, [sp, #24]  : MemWrite :  D=0x00000000befffeec A=0xbefffd48
3449500: system.cpu T0 : @getenv.3  :   str_uop   r7, [sp, #20]  : MemWrite :  D=0x0000000000000000 A=0xbefffd4c
3449500: system.cpu T0 : @getenv.4  :   str_uop   r8, [sp, #16]  : MemWrite :  D=0x0000000000000000 A=0xbefffd50
3449500: system.cpu T0 : @getenv.5  :   str_uop   r9, [sp, #12]  : MemWrite :  D=0x0000000000000000 A=0xbefffd54
3450000: system.cpu T0 : @getenv.6  :   str_uop   r10, [sp, #8]  : MemWrite :  D=0x0000000000000000 A=0xbefffd58
3450000: system.cpu T0 : @getenv.7  :   str_uop   lr, [sp, #4]   : MemWrite :  D=0x0000000000013f34 A=0xbefffd5c
3450000: system.cpu T0 : @getenv.8  :   subi_uop   sp, sp, #32   : IntAlu :  D=0x00000000befffd40
3450500: system.cpu T0 : @getenv+4    :   mov   r8, r0             : IntAlu :  D=0x000000000006361c
3450500: system.cpu T0 : @getenv+8    :   bl                       : IntAlu :  D=0x00000000000198fc
3514500: system.cpu T0 : @strlen    :   bic   r1, r0, #3         : IntAlu :  D=0x000000000006361c
3514500: system.cpu T0 : @strlen+4    :   ldr   r2, [r1] #4       
3514500: system.cpu T0 : @strlen+4.0  :   ldr   r2, [r1] #4        : MemRead :  D=0x00000000575f444c A=0x6361c
3514500: system.cpu T0 : @strlen+4.1  :   addi_uop   r1, r1, #4    : IntAlu :  D=0x0000000000063620
3515000: system.cpu T0 : @strlen+8    :   ands   r3, r0, #3        : IntAlu :  D=0x0000000000000001
3515000: system.cpu T0 : @strlen+12    :   rsb   r0, r3, #0         : IntAlu :  D=0x0000000000000000
3571500: system.cpu T0 : @strlen+16    :   beq                      : IntAlu : 
3576500: system.cpu T0 : @Laligned    :   tsts   r2, #255          : IntAlu :  D=0x0000000000000000
3576500: system.cpu T0 : @Laligned+4    :   tstsne   r2, #65280      : IntAlu :  D=0x0000000000000000
3577000: system.cpu T0 : @Laligned+8    :   tstsne   r2, #16711680   : IntAlu :  D=0x0000000000000000
3577000: system.cpu T0 : @Laligned+12    :   tstsne   r2, #4278190080 : IntAlu :  D=0x0000000000000000
3577000: system.cpu T0 : @Laligned+16    :   addne   r0, r0, #4       : IntAlu :  D=0x0000000000000004
3577500: system.cpu T0 : @Laligned+20    :   ldrne   r2, [r1] #4     
3577500: system.cpu T0 : @Laligned+20.0  :   ldrne   r2, [r1] #4      : MemRead :  D=0x00000000004e5241 A=0x63620
3577500: system.cpu T0 : @Laligned+20.1  :   addi_uopne   r1, r1, #4  : IntAlu :  D=0x0000000000063624
3578000: system.cpu T0 : @Laligned+24    :   bne                      : IntAlu : 
3595000: system.cpu T0 : @Laligned    :   tsts   r2, #255          : IntAlu :  D=0x0000000000000000
3595000: system.cpu T0 : @Laligned+4    :   tstsne   r2, #65280      : IntAlu :  D=0x0000000000000000
3595500: system.cpu T0 : @Laligned+8    :   tstsne   r2, #16711680   : IntAlu :  D=0x0000000000000000
3595500: system.cpu T0 : @Laligned+12    :   tstsne   r2, #4278190080 : IntAlu :  D=0x0000000000000001
3595500: system.cpu T0 : @Laligned+16    :   addne   r0, r0, #4       : IntAlu : Predicated False
3596000: system.cpu T0 : @Laligned+20    :   ldrne   r2, [r1] #4     
3596000: system.cpu T0 : @Laligned+20.0  :   ldrne   r2, [r1] #4      : MemRead : Predicated False
3596000: system.cpu T0 : @Laligned+20.1  :   addi_uopne   r1, r1, #4  : IntAlu : Predicated False
3596500: system.cpu T0 : @Laligned+24    :   bne                      : IntAlu : Predicated False
3596500: system.cpu T0 : @Llastword    :   tsts   r2, #255          : IntAlu :  D=0x0000000000000000
3596500: system.cpu T0 : @Llastword+4    :   addne   r0, r0, #1       : IntAlu :  D=0x0000000000000005
3597000: system.cpu T0 : @Llastword+8    :   tstsne   r2, #65280      : IntAlu :  D=0x0000000000000000
3635000: system.cpu T0 : @Llastword+12    :   addne   r0, r0, #1       : IntAlu :  D=0x0000000000000006
3635000: system.cpu T0 : @Llastword+16    :   tstsne   r2, #16711680   : IntAlu :  D=0x0000000000000000
3635000: system.cpu T0 : @Llastword+20    :   addne   r0, r0, #1       : IntAlu :  D=0x0000000000000007
3635500: system.cpu T0 : @Llastword+24    :   bx                       : IntAlu : 
3636000: system.cpu T0 : @getenv+12    :   ldr   r3, [pc, #264]     : MemRead :  D=0x00000000000814f4 A=0x19a0c
3636500: system.cpu T0 : @getenv+16    :   mov   r6, r0             : IntAlu :  D=0x0000000000000007
3636500: system.cpu T0 : @getenv+20    :   ldr   r5, [r3, #0]       : MemRead :  D=0x00000000befffeec A=0x814f4
3636500: system.cpu T0 : @getenv+24    :   cmps   r5, #0            : IntAlu :  D=0x0000000000000001
3637000: system.cpu T0 : @getenv+28    :   bne                      : IntAlu : 
3702000: system.cpu T0 : @getenv+44    :   ldrb   r1, [r8, #0]      : MemRead :  D=0x000000000000004c A=0x6361c
3702500: system.cpu T0 : @getenv+48    :   cmps   r1, #0            : IntAlu :  D=0x0000000000000001
3702500: system.cpu T0 : @getenv+52    :   beq                      : IntAlu : Predicated False
3702500: system.cpu T0 : @getenv+56    :   ldrb   r10, [r8, #1]     : MemRead :  D=0x0000000000000044 A=0x6361d
3703000: system.cpu T0 : @getenv+60    :   cmps   r10, #0           : IntAlu :  D=0x0000000000000001
3703500: system.cpu T0 : @getenv+64    :   beq                      : IntAlu : Predicated False
3703500: system.cpu T0 : @getenv+68    :   ldr   r4, [r5, #0]       : MemRead :  D=0x0000000000000000 A=0xbefffeec
3703500: system.cpu T0 : @getenv+72    :   orr   r10, r1, r10, LSL #8 : IntAlu :  D=0x000000000000444c
3704000: system.cpu T0 : @getenv+76    :   cmps   r4, #0            : IntAlu :  D=0x0000000000000001
3760500: system.cpu T0 : @getenv+80    :   add   r8, r8, #2         : IntAlu :  D=0x000000000006361e
3760500: system.cpu T0 : @getenv+84    :   sub   r7, r0, #2         : IntAlu :  D=0x0000000000000005
3760500: system.cpu T0 : @getenv+88    :   beq                      : IntAlu : 
3766500: system.cpu T0 : @getenv+32    :   mov   r0, #0             : IntAlu :  D=0x0000000000000000
3766500: system.cpu T0 : @getenv+36    : ldmstm                    
3766500: system.cpu T0 : @getenv+36.0  :   ldr2_uop   r4,r5, [sp, #0] : MemRead :  D=0x00000000befffee4 A=0xbefffd40
3766500: system.cpu T0 : @getenv+36.1  :   ldr2_uop   r6,r7, [sp, #8] : MemRead :  D=0x0000000000000000 A=0xbefffd48
3767000: system.cpu T0 : @getenv+36.2  :   ldr2_uop   r8,r9, [sp, #16] : MemRead :  D=0x0000000000000000 A=0xbefffd50
3767000: system.cpu T0 : @getenv+36.3  :   ldr2_uop   r10,lr, [sp, #24] : MemRead :  D=0x0000000000013f34 A=0xbefffd58
3767000: system.cpu T0 : @getenv+36.4  :   addi_uop   sp, sp, #32   : IntAlu :  D=0x00000000befffd60
3767500: system.cpu T0 : @getenv+40    :   bx                       : IntAlu : 
3768000: system.cpu T0 : @_dl_non_dynamic_init+40    :   ldr   r4, [pc, #684]     : MemRead :  D=0x0000000000066c64 A=0x141e8
3768000: system.cpu T0 : @_dl_non_dynamic_init+44    :   cmps   r0, #0            : IntAlu :  D=0x0000000000000001
3768000: system.cpu T0 : @_dl_non_dynamic_init+48    :   moveq   r0, r4           : IntAlu :  D=0x0000000000066c64
3768500: system.cpu T0 : @_dl_non_dynamic_init+52    :   ldrb   r2, [r0, #0]      : MemRead :  D=0x0000000000000000 A=0x66c64
3768500: system.cpu T0 : @_dl_non_dynamic_init+56    :   ldr   r3, [pc, #672]     : MemRead :  D=0x0000000000082068 A=0x141ec
3768500: system.cpu T0 : @_dl_non_dynamic_init+60    :   subs   r2, r2, #0        : IntAlu :  D=0x0000000000000001
3769000: system.cpu T0 : @_dl_non_dynamic_init+64    :   movne   r2, #1           : IntAlu : Predicated False
3769500: system.cpu T0 : @_dl_non_dynamic_init+68    :   str   r2, [r3, #0]       : MemWrite :  D=0x0000000000000000 A=0x82068
3769500: system.cpu T0 : @_dl_non_dynamic_init+72    :   ldr   r0, [pc, #660]     : MemRead :  D=0x0000000000063624 A=0x141f0
3769500: system.cpu T0 : @_dl_non_dynamic_init+76    :   bl                       : IntAlu :  D=0x0000000000013f5c
3770000: system.cpu T0 : @getenv    : ldmstm                    
3770000: system.cpu T0 : @getenv.0  :   str_uop   r4, [sp, #32]  : MemWrite :  D=0x0000000000066c64 A=0xbefffd40
3770000: system.cpu T0 : @getenv.1  :   str_uop   r5, [sp, #28]  : MemWrite :  D=0x00000000befffee4 A=0xbefffd44
3770000: system.cpu T0 : @getenv.2  :   str_uop   r6, [sp, #24]  : MemWrite :  D=0x00000000befffeec A=0xbefffd48
3770500: system.cpu T0 : @getenv.3  :   str_uop   r7, [sp, #20]  : MemWrite :  D=0x0000000000000000 A=0xbefffd4c
3770500: system.cpu T0 : @getenv.4  :   str_uop   r8, [sp, #16]  : MemWrite :  D=0x0000000000000000 A=0xbefffd50
3770500: system.cpu T0 : @getenv.5  :   str_uop   r9, [sp, #12]  : MemWrite :  D=0x0000000000000000 A=0xbefffd54
3771000: system.cpu T0 : @getenv.6  :   str_uop   r10, [sp, #8]  : MemWrite :  D=0x0000000000000000 A=0xbefffd58
3771000: system.cpu T0 : @getenv.7  :   str_uop   lr, [sp, #4]   : MemWrite :  D=0x0000000000013f5c A=0xbefffd5c
3771000: system.cpu T0 : @getenv.8  :   subi_uop   sp, sp, #32   : IntAlu :  D=0x00000000befffd40
3771500: system.cpu T0 : @getenv+4    :   mov   r8, r0             : IntAlu :  D=0x0000000000063624
3771500: system.cpu T0 : @getenv+8    :   bl                       : IntAlu :  D=0x00000000000198fc
3772000: system.cpu T0 : @strlen    :   bic   r1, r0, #3         : IntAlu :  D=0x0000000000063624
3772000: system.cpu T0 : @strlen+4    :   ldr   r2, [r1] #4       
3772000: system.cpu T0 : @strlen+4.0  :   ldr   r2, [r1] #4        : MemRead :  D=0x000000004c5f444c A=0x63624
3772000: system.cpu T0 : @strlen+4.1  :   addi_uop   r1, r1, #4    : IntAlu :  D=0x0000000000063628
3772500: system.cpu T0 : @strlen+8    :   ands   r3, r0, #3        : IntAlu :  D=0x0000000000000001
3772500: system.cpu T0 : @strlen+12    :   rsb   r0, r3, #0         : IntAlu :  D=0x0000000000000000
3773000: system.cpu T0 : @strlen+16    :   beq                      : IntAlu : 
3780000: system.cpu T0 : @Laligned    :   tsts   r2, #255          : IntAlu :  D=0x0000000000000000
3780000: system.cpu T0 : @Laligned+4    :   tstsne   r2, #65280      : IntAlu :  D=0x0000000000000000
3780500: system.cpu T0 : @Laligned+8    :   tstsne   r2, #16711680   : IntAlu :  D=0x0000000000000000
3780500: system.cpu T0 : @Laligned+12    :   tstsne   r2, #4278190080 : IntAlu :  D=0x0000000000000000
3780500: system.cpu T0 : @Laligned+16    :   addne   r0, r0, #4       : IntAlu :  D=0x0000000000000004
3781000: system.cpu T0 : @Laligned+20    :   ldrne   r2, [r1] #4     
3781000: system.cpu T0 : @Laligned+20.0  :   ldrne   r2, [r1] #4      : MemRead :  D=0x0000000041524249 A=0x63628
3781000: system.cpu T0 : @Laligned+20.1  :   addi_uopne   r1, r1, #4  : IntAlu :  D=0x000000000006362c
3781500: system.cpu T0 : @Laligned+24    :   bne                      : IntAlu : 
3788000: system.cpu T0 : @Laligned    :   tsts   r2, #255          : IntAlu :  D=0x0000000000000000
3788000: system.cpu T0 : @Laligned+4    :   tstsne   r2, #65280      : IntAlu :  D=0x0000000000000000
3788500: system.cpu T0 : @Laligned+8    :   tstsne   r2, #16711680   : IntAlu :  D=0x0000000000000000
3788500: system.cpu T0 : @Laligned+12    :   tstsne   r2, #4278190080 : IntAlu :  D=0x0000000000000000
3788500: system.cpu T0 : @Laligned+16    :   addne   r0, r0, #4       : IntAlu :  D=0x0000000000000008
3789000: system.cpu T0 : @Laligned+20    :   ldrne   r2, [r1] #4     
3789000: system.cpu T0 : @Laligned+20.0  :   ldrne   r2, [r1] #4      : MemRead :  D=0x00000000505f5952 A=0x6362c
3789000: system.cpu T0 : @Laligned+20.1  :   addi_uopne   r1, r1, #4  : IntAlu :  D=0x0000000000063630
3789500: system.cpu T0 : @Laligned+24    :   bne                      : IntAlu : 
3796000: system.cpu T0 : @Laligned    :   tsts   r2, #255          : IntAlu :  D=0x0000000000000000
3796000: system.cpu T0 : @Laligned+4    :   tstsne   r2, #65280      : IntAlu :  D=0x0000000000000000
3796500: system.cpu T0 : @Laligned+8    :   tstsne   r2, #16711680   : IntAlu :  D=0x0000000000000000
3796500: system.cpu T0 : @Laligned+12    :   tstsne   r2, #4278190080 : IntAlu :  D=0x0000000000000000
3796500: system.cpu T0 : @Laligned+16    :   addne   r0, r0, #4       : IntAlu :  D=0x000000000000000c
3797000: system.cpu T0 : @Laligned+20    :   ldrne   r2, [r1] #4     
3797000: system.cpu T0 : @Laligned+20.0  :   ldrne   r2, [r1] #4      : MemRead :  D=0x0000000000485441 A=0x63630
3797000: system.cpu T0 : @Laligned+20.1  :   addi_uopne   r1, r1, #4  : IntAlu :  D=0x0000000000063634
3797500: system.cpu T0 : @Laligned+24    :   bne                      : IntAlu : 
3804000: system.cpu T0 : @Laligned    :   tsts   r2, #255          : IntAlu :  D=0x0000000000000000
3804000: system.cpu T0 : @Laligned+4    :   tstsne   r2, #65280      : IntAlu :  D=0x0000000000000000
3804500: system.cpu T0 : @Laligned+8    :   tstsne   r2, #16711680   : IntAlu :  D=0x0000000000000000
3804500: system.cpu T0 : @Laligned+12    :   tstsne   r2, #4278190080 : IntAlu :  D=0x0000000000000001
3804500: system.cpu T0 : @Laligned+16    :   addne   r0, r0, #4       : IntAlu : Predicated False
3805000: system.cpu T0 : @Laligned+20    :   ldrne   r2, [r1] #4     
3805000: system.cpu T0 : @Laligned+20.0  :   ldrne   r2, [r1] #4      : MemRead : Predicated False
3805000: system.cpu T0 : @Laligned+20.1  :   addi_uopne   r1, r1, #4  : IntAlu : Predicated False
3805500: system.cpu T0 : @Laligned+24    :   bne                      : IntAlu : Predicated False
3805500: system.cpu T0 : @Llastword    :   tsts   r2, #255          : IntAlu :  D=0x0000000000000000
3805500: system.cpu T0 : @Llastword+4    :   addne   r0, r0, #1       : IntAlu :  D=0x000000000000000d
3806000: system.cpu T0 : @Llastword+8    :   tstsne   r2, #65280      : IntAlu :  D=0x0000000000000000
3806500: system.cpu T0 : @Llastword+12    :   addne   r0, r0, #1       : IntAlu :  D=0x000000000000000e
3806500: system.cpu T0 : @Llastword+16    :   tstsne   r2, #16711680   : IntAlu :  D=0x0000000000000000
3806500: system.cpu T0 : @Llastword+20    :   addne   r0, r0, #1       : IntAlu :  D=0x000000000000000f
3807000: system.cpu T0 : @Llastword+24    :   bx                       : IntAlu : 
3807500: system.cpu T0 : @getenv+12    :   ldr   r3, [pc, #264]     : MemRead :  D=0x00000000000814f4 A=0x19a0c
3808000: system.cpu T0 : @getenv+16    :   mov   r6, r0             : IntAlu :  D=0x000000000000000f
3808000: system.cpu T0 : @getenv+20    :   ldr   r5, [r3, #0]       : MemRead :  D=0x00000000befffeec A=0x814f4
3808000: system.cpu T0 : @getenv+24    :   cmps   r5, #0            : IntAlu :  D=0x0000000000000001
3808500: system.cpu T0 : @getenv+28    :   bne                      : IntAlu : 
3817500: system.cpu T0 : @getenv+44    :   ldrb   r1, [r8, #0]      : MemRead :  D=0x000000000000004c A=0x63624
3818000: system.cpu T0 : @getenv+48    :   cmps   r1, #0            : IntAlu :  D=0x0000000000000001
3818000: system.cpu T0 : @getenv+52    :   beq                      : IntAlu : Predicated False
3818000: system.cpu T0 : @getenv+56    :   ldrb   r10, [r8, #1]     : MemRead :  D=0x0000000000000044 A=0x63625
3818500: system.cpu T0 : @getenv+60    :   cmps   r10, #0           : IntAlu :  D=0x0000000000000001
3819000: system.cpu T0 : @getenv+64    :   beq                      : IntAlu : Predicated False
3819000: system.cpu T0 : @getenv+68    :   ldr   r4, [r5, #0]       : MemRead :  D=0x0000000000000000 A=0xbefffeec
3819000: system.cpu T0 : @getenv+72    :   orr   r10, r1, r10, LSL #8 : IntAlu :  D=0x000000000000444c
3819500: system.cpu T0 : @getenv+76    :   cmps   r4, #0            : IntAlu :  D=0x0000000000000001
3820000: system.cpu T0 : @getenv+80    :   add   r8, r8, #2         : IntAlu :  D=0x0000000000063626
3820000: system.cpu T0 : @getenv+84    :   sub   r7, r0, #2         : IntAlu :  D=0x000000000000000d
3820000: system.cpu T0 : @getenv+88    :   beq                      : IntAlu : 
3898000: system.cpu T0 : @getenv+32    :   mov   r0, #0             : IntAlu :  D=0x0000000000000000
3898000: system.cpu T0 : @getenv+36    : ldmstm                    
3898000: system.cpu T0 : @getenv+36.0  :   ldr2_uop   r4,r5, [sp, #0] : MemRead :  D=0x00000000befffee4 A=0xbefffd40
3898000: system.cpu T0 : @getenv+36.1  :   ldr2_uop   r6,r7, [sp, #8] : MemRead :  D=0x0000000000000000 A=0xbefffd48
3898500: system.cpu T0 : @getenv+36.2  :   ldr2_uop   r8,r9, [sp, #16] : MemRead :  D=0x0000000000000000 A=0xbefffd50
3898500: system.cpu T0 : @getenv+36.3  :   ldr2_uop   r10,lr, [sp, #24] : MemRead :  D=0x0000000000013f5c A=0xbefffd58
3898500: system.cpu T0 : @getenv+36.4  :   addi_uop   sp, sp, #32   : IntAlu :  D=0x00000000befffd60
3899000: system.cpu T0 : @getenv+40    :   bx                       : IntAlu : 
3899500: system.cpu T0 : @_dl_non_dynamic_init+80    :   bl                       : IntAlu :  D=0x0000000000013f60
3902000: system.cpu T0 : @_dl_init_paths    : ldmstm                    
3902000: system.cpu T0 : @_dl_init_paths.0  :   str_uop   r4, [sp, #36]  : MemWrite :  D=0x0000000000066c64 A=0xbefffd3c
3902000: system.cpu T0 : @_dl_init_paths.1  :   str_uop   r5, [sp, #32]  : MemWrite :  D=0x00000000befffee4 A=0xbefffd40
3902000: system.cpu T0 : @_dl_init_paths.2  :   str_uop   r6, [sp, #28]  : MemWrite :  D=0x00000000befffeec A=0xbefffd44
3902500: system.cpu T0 : @_dl_init_paths.3  :   str_uop   r7, [sp, #24]  : MemWrite :  D=0x0000000000000000 A=0xbefffd48
3902500: system.cpu T0 : @_dl_init_paths.4  :   str_uop   r8, [sp, #20]  : MemWrite :  D=0x0000000000000000 A=0xbefffd4c
3902500: system.cpu T0 : @_dl_init_paths.5  :   str_uop   r9, [sp, #16]  : MemWrite :  D=0x0000000000000000 A=0xbefffd50
3903000: system.cpu T0 : @_dl_init_paths.6  :   str_uop   r10, [sp, #12] : MemWrite :  D=0x0000000000000000 A=0xbefffd54
3903000: system.cpu T0 : @_dl_init_paths.7  :   str_uop   fp, [sp, #8]   : MemWrite :  D=0x0000000000000000 A=0xbefffd58
3903000: system.cpu T0 : @_dl_init_paths.8  :   str_uop   lr, [sp, #4]   : MemWrite :  D=0x0000000000013f60 A=0xbefffd5c
3903500: system.cpu T0 : @_dl_init_paths.9  :   subi_uop   sp, sp, #36   : IntAlu :  D=0x00000000befffd3c
3903500: system.cpu T0 : @_dl_init_paths+4    :   ldr   r3, [pc, #608]     : MemRead :  D=0x0000000000082024 A=0x35154
3904000: system.cpu T0 : @_dl_init_paths+8    :   add   fp, sp, #32        : IntAlu :  D=0x00000000befffd5c
3904000: system.cpu T0 : @_dl_init_paths+12    :   sub   sp, sp, #20        : IntAlu :  D=0x00000000befffd28
3904000: system.cpu T0 : @_dl_init_paths+16    :   ldr   r4, [pc, #600]     : MemRead :  D=0x000000000007ffe0 A=0x35158
3904500: system.cpu T0 : @_dl_init_paths+20    :   ldr   r1, [r3, #0]       : MemRead :  D=0x0000000000000000 A=0x82024
3960500: system.cpu T0 : @_dl_init_paths+24    :   ldr   r3, [pc, #596]     : MemRead :  D=0x0000000000082044 A=0x3515c
3960500: system.cpu T0 : @_dl_init_paths+28    :   mov   r2, r4             : IntAlu :  D=0x000000000007ffe0
3960500: system.cpu T0 : @_dl_init_paths+32    :   mov   r9, r0             : IntAlu :  D=0x0000000000000000
3961000: system.cpu T0 : @_dl_init_paths+36    :   ldr   r0, [r3, #0]       : MemRead :  D=0x0000000000000000 A=0x82044
3965000: system.cpu T0 : @_dl_init_paths+40    :   add   r3, r4, #4         : IntAlu :  D=0x000000000007ffe4
3965000: system.cpu T0 : @_dl_init_paths+44    :   bl                       : IntAlu :  D=0x0000000000034f18
3968000: system.cpu T0 : @_dl_important_hwcaps    :   ldr   r0, [pc, #28]      : MemRead :  D=0x0000000000081ac0 A=0x13f08
3968000: system.cpu T0 : @_dl_important_hwcaps+4    :   mov   r1, #0             : IntAlu :  D=0x0000000000000000
3968000: system.cpu T0 : @_dl_important_hwcaps+8    :   str   r1, [r0, #12]      : MemWrite :  D=0x0000000000000000 A=0x81acc
3968500: system.cpu T0 : @_dl_important_hwcaps+12    :   add   r3, r0, #16        : IntAlu :  D=0x0000000000081ad0
3968500: system.cpu T0 : @_dl_important_hwcaps+16    :   mov   r1, #1             : IntAlu :  D=0x0000000000000001
3968500: system.cpu T0 : @_dl_important_hwcaps+20    :   str   r3, [r0, #8]       : MemWrite :  D=0x0000000000081ad0 A=0x81ac8
3969000: system.cpu T0 : @_dl_important_hwcaps+24    :   str   r1, [r2, #0]       : MemWrite :  D=0x0000000000000001 A=0x7ffe0
3969500: system.cpu T0 : @_dl_important_hwcaps+28    :   add   r0, r0, #8         : IntAlu :  D=0x0000000000081ac8
3969500: system.cpu T0 : @_dl_important_hwcaps+32    :   bx                       : IntAlu : 
3970000: system.cpu T0 : @_dl_init_paths+48    :   str   r0, [r4, #8]       : MemWrite :  D=0x0000000000081ac8 A=0x7ffe8
3970000: system.cpu T0 : @_dl_init_paths+52    :   mov   r0, #12            : IntAlu :  D=0x000000000000000c
3970500: system.cpu T0 : @_dl_init_paths+56    :   bl                       : IntAlu :  D=0x0000000000034f24
4042500: system.cpu T0 : @__libc_malloc    :   ldr   r3, [pc, #792]     : MemRead :  D=0x000000000008049c A=0x1076c
4047000: system.cpu T0 : @__libc_malloc+4    : ldmstm                    
4047000: system.cpu T0 : @__libc_malloc+4.0  :   str_uop   r4, [sp, #32]  : MemWrite :  D=0x000000000007ffe0 A=0xbefffd08
4047000: system.cpu T0 : @__libc_malloc+4.1  :   str_uop   r5, [sp, #28]  : MemWrite :  D=0x00000000befffee4 A=0xbefffd0c
4047000: system.cpu T0 : @__libc_malloc+4.2  :   str_uop   r6, [sp, #24]  : MemWrite :  D=0x00000000befffeec A=0xbefffd10
4047500: system.cpu T0 : @__libc_malloc+4.3  :   str_uop   r7, [sp, #20]  : MemWrite :  D=0x0000000000000000 A=0xbefffd14
4047500: system.cpu T0 : @__libc_malloc+4.4  :   str_uop   r8, [sp, #16]  : MemWrite :  D=0x0000000000000000 A=0xbefffd18
4047500: system.cpu T0 : @__libc_malloc+4.5  :   str_uop   r9, [sp, #12]  : MemWrite :  D=0x0000000000000000 A=0xbefffd1c
4048000: system.cpu T0 : @__libc_malloc+4.6  :   str_uop   r10, [sp, #8]  : MemWrite :  D=0x0000000000000000 A=0xbefffd20
4048000: system.cpu T0 : @__libc_malloc+4.7  :   str_uop   lr, [sp, #4]   : MemWrite :  D=0x0000000000034f24 A=0xbefffd24
4048000: system.cpu T0 : @__libc_malloc+4.8  :   subi_uop   sp, sp, #32   : IntAlu :  D=0x00000000befffd08
4048500: system.cpu T0 : @__libc_malloc+8    :   ldr   r4, [r3, #0]       : MemRead :  D=0x000000000001077c A=0x8049c
4048500: system.cpu T0 : @__libc_malloc+12    :   mov   r8, r0             : IntAlu :  D=0x000000000000000c
4048500: system.cpu T0 : @__libc_malloc+16    :   cmps   r4, #0            : IntAlu :  D=0x0000000000000001
4049000: system.cpu T0 : @__libc_malloc+20    :   beq                      : IntAlu : Predicated False
4049000: system.cpu T0 : @__libc_malloc+24    :   mov   r1, lr             : IntAlu :  D=0x0000000000034f24
4049000: system.cpu T0 : @__libc_malloc+28    :   mov   lr, pc             : IntAlu :  D=0x0000000000010470
4049500: system.cpu T0 : @__libc_malloc+32    :   bx                       : IntAlu : 
4249500: system.cpu T0 : @malloc_hook_ini    :   ldr   r3, [pc, #28]      : MemRead :  D=0x000000000008049c A=0x107a0
4310500: system.cpu T0 : @malloc_hook_ini+4    :   mov   r2, #0             : IntAlu :  D=0x0000000000000000
4310500: system.cpu T0 : @malloc_hook_ini+8    : ldmstm                    
4310500: system.cpu T0 : @malloc_hook_ini+8.0  :   str_uop   r4, [sp, #8]   : MemWrite :  D=0x000000000001077c A=0xbefffd00
4310500: system.cpu T0 : @malloc_hook_ini+8.1  :   str_uop   lr, [sp, #4]   : MemWrite :  D=0x0000000000010470 A=0xbefffd04
4311000: system.cpu T0 : @malloc_hook_ini+8.2  :   subi_uop   sp, sp, #8    : IntAlu :  D=0x00000000befffd00
4311000: system.cpu T0 : @malloc_hook_ini+12    :   str   r2, [r3, #0]       : MemWrite :  D=0x0000000000000000 A=0x8049c
4311000: system.cpu T0 : @malloc_hook_ini+16    :   mov   r4, r0             : IntAlu :  D=0x000000000000000c
4315000: system.cpu T0 : @malloc_hook_ini+20    :   bl                       : IntAlu :  D=0x0000000000010794
4387500: system.cpu T0 : @ptmalloc_init    : ldmstm                    
4387500: system.cpu T0 : @ptmalloc_init.0  :   str_uop   r4, [sp, #32]  : MemWrite :  D=0x000000000000000c A=0xbefffce0
4387500: system.cpu T0 : @ptmalloc_init.1  :   str_uop   r5, [sp, #28]  : MemWrite :  D=0x00000000befffee4 A=0xbefffce4
4387500: system.cpu T0 : @ptmalloc_init.2  :   str_uop   r6, [sp, #24]  : MemWrite :  D=0x00000000befffeec A=0xbefffce8
4388000: system.cpu T0 : @ptmalloc_init.3  :   str_uop   r7, [sp, #20]  : MemWrite :  D=0x0000000000000000 A=0xbefffcec
4388000: system.cpu T0 : @ptmalloc_init.4  :   str_uop   r8, [sp, #16]  : MemWrite :  D=0x000000000000000c A=0xbefffcf0
4388000: system.cpu T0 : @ptmalloc_init.5  :   str_uop   r9, [sp, #12]  : MemWrite :  D=0x0000000000000000 A=0xbefffcf4
4388500: system.cpu T0 : @ptmalloc_init.6  :   str_uop   r10, [sp, #8]  : MemWrite :  D=0x0000000000000000 A=0xbefffcf8
4388500: system.cpu T0 : @ptmalloc_init.7  :   str_uop   lr, [sp, #4]   : MemWrite :  D=0x0000000000010794 A=0xbefffcfc
4388500: system.cpu T0 : @ptmalloc_init.8  :   subi_uop   sp, sp, #32   : IntAlu :  D=0x00000000befffce0
4389000: system.cpu T0 : @ptmalloc_init+4    :   ldr   r5, [pc, #880]     : MemRead :  D=0x0000000000080490 A=0xc3c0
4389000: system.cpu T0 : @ptmalloc_init+8    :   ldr   r3, [r5, #0]       : MemRead :  D=0x00000000ffffffff A=0x80490
4392000: system.cpu T0 : @ptmalloc_init+12    :   cmps   r3, #0            : IntAlu :  D=0x0000000000000001
4392000: system.cpu T0 : @ptmalloc_init+16    :   blt                      : IntAlu : 
4465500: system.cpu T0 : @ptmalloc_init+28    :   ldr   r4, [pc, #860]     : MemRead :  D=0x0000000000081024 A=0xc3c4
4465500: system.cpu T0 : @ptmalloc_init+32    :   mov   r6, #0             : IntAlu :  D=0x0000000000000000
4465500: system.cpu T0 : @ptmalloc_init+36    :   mov   r3, #131072        : IntAlu :  D=0x0000000000020000
4466000: system.cpu T0 : @ptmalloc_init+40    :   mov   r2, #65536         : IntAlu :  D=0x0000000000010000
4466500: system.cpu T0 : @ptmalloc_init+44    :   str   r2, [r4, #1144]    : MemWrite :  D=0x0000000000010000 A=0x8149c
4466500: system.cpu T0 : @ptmalloc_init+48    :   str   r3, [r4, #1128]    : MemWrite :  D=0x0000000000020000 A=0x8148c
4466500: system.cpu T0 : @ptmalloc_init+52    :   str   r6, [r5, #0]       : MemWrite :  D=0x0000000000000000 A=0x80490
4467000: system.cpu T0 : @ptmalloc_init+56    :   str   r3, [r4, #1132]    : MemWrite :  D=0x0000000000020000 A=0x81490
4523500: system.cpu T0 : @ptmalloc_init+60    :   str   r3, [r4, #1136]    : MemWrite :  D=0x0000000000020000 A=0x81494
4523500: system.cpu T0 : @ptmalloc_init+64    :   bl                       : IntAlu :  D=0x000000000000c088
4528500: system.cpu T0 : @getpagesize    :   ldr   r3, [pc, #12]      : MemRead :  D=0x0000000000082084 A=0x12794
4528500: system.cpu T0 : @getpagesize+4    :   ldr   r0, [r3, #0]       : MemRead :  D=0x0000000000001000 A=0x82084
4528500: system.cpu T0 : @getpagesize+8    :   cmps   r0, #0            : IntAlu :  D=0x0000000000000001
4529000: system.cpu T0 : @getpagesize+12    :   moveq   r0, #4096        : IntAlu : Predicated False
4529500: system.cpu T0 : @getpagesize+16    :   bx                       : IntAlu : 
4530000: system.cpu T0 : @ptmalloc_init+68    :   mov   r3, r4             : IntAlu :  D=0x0000000000081024
4530000: system.cpu T0 : @ptmalloc_init+72    :   ldr   r1, [pc, #820]     : MemRead :  D=0x000000000000001c A=0xc3c8
4530500: system.cpu T0 : @ptmalloc_init+76    :   str   r6, [r3, #12]!    
4530500: system.cpu T0 : @ptmalloc_init+76.0  :   str   r6, [r3, #12]!     : MemWrite :  D=0x0000000000000000 A=0x81030
4530500: system.cpu T0 : @ptmalloc_init+76.1  :   addi_uop   r3, r3, #12   : IntAlu :  D=0x0000000000081030
4530500: system.cpu T0 : @ptmalloc_init+80    :   str   r0, [r4, #1156]    : MemWrite :  D=0x0000000000001000 A=0x814a8
4531000: system.cpu T0 : @ptmalloc_init+84    :   bl                       : IntAlu :  D=0x000000000000c09c
4589500: system.cpu T0 : @__aeabi_read_tp    :   mvn   r0, #61440         : IntAlu :  D=0x00000000ffff0fff
4589500: system.cpu T0 : @__aeabi_read_tp+4    :   sub   pc, r0, #31        : IntAlu :  D=0x00000000ffff0fe0
4651500: system.cpu T0 : @_end+4294372964    :   mrc   r0, tpidruro       : IntAlu :  D=0x00000000000834a0
4651500: system.cpu T0 : @_end+4294372968    :   mov   pc, lr             : IntAlu :  D=0x000000000000c09c
4652000: system.cpu T0 : @ptmalloc_init+88    :   str   r3, [r1, r0]       : MemWrite :  D=0x0000000000081030 A=0x834bc
4652500: system.cpu T0 : @ptmalloc_init+92    :   ldr   r1, [pc, #804]     : MemRead :  D=0x000000000000b97c A=0xc3cc
4652500: system.cpu T0 : @ptmalloc_init+96    :   ldr   r2, [pc, #804]     : MemRead :  D=0x000000000008006c A=0xc3d0
4652500: system.cpu T0 : @ptmalloc_init+100    :   str   r1, [r4, #1188]    : MemWrite :  D=0x000000000000b97c A=0x814c8
4653000: system.cpu T0 : @ptmalloc_init+104    :   ldr   r1, [pc, #800]     : MemRead :  D=0x000000000000b5ec A=0xc3d4
4653500: system.cpu T0 : @ptmalloc_init+108    :   cmps   r2, r6            : IntAlu :  D=0x0000000000000001
4653500: system.cpu T0 : @ptmalloc_init+112    :   ldrne   r2, [r2, #0]     : MemRead :  D=0x0000000000000000 A=0x8006c
4653500: system.cpu T0 : @ptmalloc_init+116    :   str   r1, [r4, #1192]    : MemWrite :  D=0x000000000000b5ec A=0x814cc
4654000: system.cpu T0 : @ptmalloc_init+120    :   ldr   r1, [pc, #788]     : MemRead :  D=0x000000000000b33c A=0xc3d8
4710500: system.cpu T0 : @ptmalloc_init+124    :   str   r3, [r4, #1100]    : MemWrite :  D=0x0000000000081030 A=0x81470
4710500: system.cpu T0 : @ptmalloc_init+128    :   ldr   r0, [pc, #784]     : MemRead :  D=0x00000000000814c4 A=0xc3dc
4710500: system.cpu T0 : @ptmalloc_init+132    :   mov   r3, #1             : IntAlu :  D=0x0000000000000001
4711000: system.cpu T0 : @ptmalloc_init+136    :   str   r6, [r4, #1112]    : MemWrite :  D=0x0000000000000000 A=0x8147c
4715000: system.cpu T0 : @ptmalloc_init+140    :   str   r3, [r4, #1204]    : MemWrite :  D=0x0000000000000001 A=0x814d8
4715000: system.cpu T0 : @ptmalloc_init+144    :   str   r1, [r4, #1196]    : MemWrite :  D=0x000000000000b33c A=0x814d0
4715000: system.cpu T0 : @ptmalloc_init+148    :   str   r2, [r4, #1200]    : MemWrite :  D=0x0000000000000000 A=0x814d4
4715500: system.cpu T0 : @ptmalloc_init+152    :   bl                       : IntAlu :  D=0x000000000000c0e0
4780500: system.cpu T0 : @__linkin_atfork    : ldmstm                    
4780500: system.cpu T0 : @__linkin_atfork.0  :   str_uop   r4, [sp, #16]  : MemWrite :  D=0x0000000000081024 A=0xbefffcd0
4780500: system.cpu T0 : @__linkin_atfork.1  :   str_uop   r5, [sp, #12]  : MemWrite :  D=0x0000000000080490 A=0xbefffcd4
4780500: system.cpu T0 : @__linkin_atfork.2  :   str_uop   r6, [sp, #8]   : MemWrite :  D=0x0000000000000000 A=0xbefffcd8
4781000: system.cpu T0 : @__linkin_atfork.3  :   str_uop   lr, [sp, #4]   : MemWrite :  D=0x000000000000c0e0 A=0xbefffcdc
4781000: system.cpu T0 : @__linkin_atfork.4  :   subi_uop   sp, sp, #16   : IntAlu :  D=0x00000000befffcd0
4781000: system.cpu T0 : @__linkin_atfork+4    :   ldr   r6, [pc, #68]      : MemRead :  D=0x0000000000082100 A=0x135f8
4785000: system.cpu T0 : @__linkin_atfork+8    :   mov   r5, r0             : IntAlu :  D=0x00000000000814c4
4785000: system.cpu T0 : @__linkin_atfork+12    :   ldr   r4, [r6, #0]       : MemRead :  D=0x0000000000000000 A=0x82100
4785000: system.cpu T0 : @__linkin_atfork+16    :   mov   r1, r5             : IntAlu :  D=0x00000000000814c4
4785500: system.cpu T0 : @__linkin_atfork+20    :   str   r4, [r5, #0]       : MemWrite :  D=0x0000000000000000 A=0x814c4
4841500: system.cpu T0 : @__linkin_atfork+24    :   ldr   r2, [pc, #48]      : MemRead :  D=0x0000000000082100 A=0x135f8
4841500: system.cpu T0 : @__linkin_atfork+28    :   ldr   r3, [r2, #0]       : MemRead :  D=0x0000000000000000 A=0x82100
4841500: system.cpu T0 : @__linkin_atfork+32    :   cmps   r3, r4            : IntAlu :  D=0x0000000000000001
4842000: system.cpu T0 : @__linkin_atfork+36    :   bne                      : IntAlu : Predicated False
4846000: system.cpu T0 : @__linkin_atfork+40    :   mov   r0, r4             : IntAlu :  D=0x0000000000000000
4846000: system.cpu T0 : @__linkin_atfork+44    :   mvn   r3, #61440         : IntAlu :  D=0x00000000ffff0fff
4846000: system.cpu T0 : @__linkin_atfork+48    :   mov   lr, pc             : IntAlu :  D=0x00000000000135e0
4846500: system.cpu T0 : @__linkin_atfork+52    :   sub   pc, r3, #63        : IntAlu :  D=0x00000000ffff0fc0
4852000: system.cpu T0 : @_end+4294372932    :   ldrex   r3, [r2, #0]     : MemRead :  D=0x0000000000000000 A=0x82100
4852000: system.cpu T0 : @_end+4294372936    :   subs   r3, r3, r0        : IntAlu :  D=0x0000000000000001
4852000: system.cpu T0 : @_end+4294372940    :   strexeq   r3, r1, [r2, #0] : MemWrite :  D=0x0000000000000000 A=0x82100
4852500: system.cpu T0 : @_end+4294372944    :   teqseq   r3, #1          : IntAlu :  D=0x0000000000000000
4853000: system.cpu T0 : @_end+4294372948    :   beq                      : IntAlu : Predicated False
4853000: system.cpu T0 : @_end+4294372952    :   rsbs   r0, r3, #0        : IntAlu :  D=0x0000000000000001
4853000: system.cpu T0 : @_end+4294372956    :   dmb   #0                 : IntAlu : 
4853500: system.cpu T0 : @_end+4294372960    :   mov   pc, lr             : IntAlu :  D=0x00000000000135e0
4918500: system.cpu T0 : @__linkin_atfork+56    :   bcc                      : IntAlu : Predicated False
4918500: system.cpu T0 : @__linkin_atfork+60    :   mov   r3, r4             : IntAlu :  D=0x0000000000000000
4918500: system.cpu T0 : @__linkin_atfork+64    :   cmps   r4, r3            : IntAlu :  D=0x0000000000000001
4919000: system.cpu T0 : @__linkin_atfork+68    :   bne                      : IntAlu : Predicated False
4919500: system.cpu T0 : @__linkin_atfork+72    : ldmstm                    
4919500: system.cpu T0 : @__linkin_atfork+72.0  :   ldr2_uop   r4,r5, [sp, #0] : MemRead :  D=0x0000000000080490 A=0xbefffcd0
4919500: system.cpu T0 : @__linkin_atfork+72.1  :   ldr2_uop   r6,lr, [sp, #8] : MemRead :  D=0x000000000000c0e0 A=0xbefffcd8
4919500: system.cpu T0 : @__linkin_atfork+72.2  :   addi_uop   sp, sp, #16   : IntAlu :  D=0x00000000befffce0
4920000: system.cpu T0 : @__linkin_atfork+76    :   bx                       : IntAlu : 
4927500: system.cpu T0 : @ptmalloc_init+156    :   ldr   r3, [pc, #760]     : MemRead :  D=0x00000000000814f4 A=0xc3e0
4927500: system.cpu T0 : @ptmalloc_init+160    :   ldr   r6, [r3, #0]       : MemRead :  D=0x00000000befffeec A=0x814f4
4927500: system.cpu T0 : @ptmalloc_init+164    :   ldr   r3, [pc, #756]     : MemRead :  D=0x000000000007ffdc A=0xc3e4
4928000: system.cpu T0 : @ptmalloc_init+168    :   cmps   r6, #0            : IntAlu :  D=0x0000000000000001
4928500: system.cpu T0 : @ptmalloc_init+172    :   ldr   r8, [r3, #0]       : MemRead :  D=0x0000000000000000 A=0x7ffdc
4928500: system.cpu T0 : @ptmalloc_init+176    :   movne   r7, #0           : IntAlu :  D=0x0000000000000000
4928500: system.cpu T0 : @ptmalloc_init+180    :   beq                      : IntAlu : Predicated False
4929000: system.cpu T0 : @ptmalloc_init+184    :   ldr   r3, [r6, #0]       : MemRead :  D=0x0000000000000000 A=0xbefffeec
4929500: system.cpu T0 : @ptmalloc_init+188    :   cmps   r3, #0            : IntAlu :  D=0x0000000000000001
4929500: system.cpu T0 : @ptmalloc_init+192    :   beq                      : IntAlu : 
4939500: system.cpu T0 : @ptmalloc_init+220    :   cmps   r7, #0            : IntAlu :  D=0x0000000000000001
4939500: system.cpu T0 : @ptmalloc_init+224    :   beq                      : IntAlu : 
4945500: system.cpu T0 : @ptmalloc_init+240    :   ldr   r3, [pc, #684]     : MemRead :  D=0x00000000000814e8 A=0xc3e8
4945500: system.cpu T0 : @ptmalloc_init+244    :   ldr   r3, [r3, #0]       : MemRead :  D=0x0000000000000000 A=0x814e8
4945500: system.cpu T0 : @ptmalloc_init+248    :   cmps   r3, #0            : IntAlu :  D=0x0000000000000001
4990000: system.cpu T0 : @ptmalloc_init+252    :   movne   lr, pc           : IntAlu : Predicated False
4990000: system.cpu T0 : @ptmalloc_init+256    :   bxne                     : IntAlu : Predicated False
4990000: system.cpu T0 : @ptmalloc_init+260    :   mov   r3, #1             : IntAlu :  D=0x0000000000000001
4990500: system.cpu T0 : @ptmalloc_init+264    :   str   r3, [r5, #0]       : MemWrite :  D=0x0000000000000001 A=0x80490
4994000: system.cpu T0 : @ptmalloc_init+268    :   b                        : IntAlu : 
4997000: system.cpu T0 : @ptmalloc_init+20    : ldmstm                    
4997000: system.cpu T0 : @ptmalloc_init+20.0  :   ldr2_uop   r4,r5, [sp, #0] : MemRead :  D=0x00000000befffee4 A=0xbefffce0
4997000: system.cpu T0 : @ptmalloc_init+20.1  :   ldr2_uop   r6,r7, [sp, #8] : MemRead :  D=0x0000000000000000 A=0xbefffce8
4997000: system.cpu T0 : @ptmalloc_init+20.2  :   ldr2_uop   r8,r9, [sp, #16] : MemRead :  D=0x0000000000000000 A=0xbefffcf0
4997500: system.cpu T0 : @ptmalloc_init+20.3  :   ldr2_uop   r10,lr, [sp, #24] : MemRead :  D=0x0000000000010794 A=0xbefffcf8
4997500: system.cpu T0 : @ptmalloc_init+20.4  :   addi_uop   sp, sp, #32   : IntAlu :  D=0x00000000befffd00
4997500: system.cpu T0 : @ptmalloc_init+24    :   bx                       : IntAlu : 
5006000: system.cpu T0 : @malloc_hook_ini+24    :   mov   r0, r4             : IntAlu :  D=0x000000000000000c
5006000: system.cpu T0 : @malloc_hook_ini+28    : ldmstm                    
5006000: system.cpu T0 : @malloc_hook_ini+28.0  :   ldr2_uop   r4,lr, [sp, #0] : MemRead :  D=0x0000000000010470 A=0xbefffd00
5006000: system.cpu T0 : @malloc_hook_ini+28.1  :   addi_uop   sp, sp, #8    : IntAlu :  D=0x00000000befffd08
5006500: system.cpu T0 : @malloc_hook_ini+32    :   b                        : IntAlu : 
5007000: system.cpu T0 : @__libc_malloc    :   ldr   r3, [pc, #792]     : MemRead :  D=0x000000000008049c A=0x1076c
5007500: system.cpu T0 : @__libc_malloc+4    : ldmstm                    
5007500: system.cpu T0 : @__libc_malloc+4.0  :   str_uop   r4, [sp, #32]  : MemWrite :  D=0x000000000001077c A=0xbefffce8
5007500: system.cpu T0 : @__libc_malloc+4.1  :   str_uop   r5, [sp, #28]  : MemWrite :  D=0x00000000befffee4 A=0xbefffcec
5007500: system.cpu T0 : @__libc_malloc+4.2  :   str_uop   r6, [sp, #24]  : MemWrite :  D=0x00000000befffeec A=0xbefffcf0
5008000: system.cpu T0 : @__libc_malloc+4.3  :   str_uop   r7, [sp, #20]  : MemWrite :  D=0x0000000000000000 A=0xbefffcf4
5008000: system.cpu T0 : @__libc_malloc+4.4  :   str_uop   r8, [sp, #16]  : MemWrite :  D=0x000000000000000c A=0xbefffcf8
5008000: system.cpu T0 : @__libc_malloc+4.5  :   str_uop   r9, [sp, #12]  : MemWrite :  D=0x0000000000000000 A=0xbefffcfc
5008500: system.cpu T0 : @__libc_malloc+4.6  :   str_uop   r10, [sp, #8]  : MemWrite :  D=0x0000000000000000 A=0xbefffd00
5008500: system.cpu T0 : @__libc_malloc+4.7  :   str_uop   lr, [sp, #4]   : MemWrite :  D=0x0000000000010470 A=0xbefffd04
5008500: system.cpu T0 : @__libc_malloc+4.8  :   subi_uop   sp, sp, #32   : IntAlu :  D=0x00000000befffce8
5009000: system.cpu T0 : @__libc_malloc+8    :   ldr   r4, [r3, #0]       : MemRead :  D=0x0000000000000000 A=0x8049c
5009000: system.cpu T0 : @__libc_malloc+12    :   mov   r8, r0             : IntAlu :  D=0x000000000000000c
5009000: system.cpu T0 : @__libc_malloc+16    :   cmps   r4, #0            : IntAlu :  D=0x0000000000000001
5009500: system.cpu T0 : @__libc_malloc+20    :   beq                      : IntAlu : 
5066500: system.cpu T0 : @__libc_malloc+52    :   ldr   r3, [pc, #744]     : MemRead :  D=0x000000000000001c A=0x10770
5066500: system.cpu T0 : @__libc_malloc+56    :   bl                       : IntAlu :  D=0x0000000000010488
5071500: system.cpu T0 : @__aeabi_read_tp    :   mvn   r0, #61440         : IntAlu :  D=0x00000000ffff0fff
5071500: system.cpu T0 : @__aeabi_read_tp+4    :   sub   pc, r0, #31        : IntAlu :  D=0x00000000ffff0fe0
5077500: system.cpu T0 : @_end+4294372964    :   mrc   r0, tpidruro       : IntAlu :  D=0x00000000000834a0
5077500: system.cpu T0 : @_end+4294372968    :   mov   pc, lr             : IntAlu :  D=0x0000000000010488
5078000: system.cpu T0 : @__libc_malloc+60    :   ldr   r7, [r3, r0]       : MemRead :  D=0x0000000000081030 A=0x834bc
5078000: system.cpu T0 : @__libc_malloc+64    :   cmps   r7, #0            : IntAlu :  D=0x0000000000000001
5078500: system.cpu T0 : @__libc_malloc+68    :   beq                      : IntAlu : Predicated False
5078500: system.cpu T0 : @__libc_malloc+72    :   mov   r1, #1             : IntAlu :  D=0x0000000000000001
5078500: system.cpu T0 : @__libc_malloc+76    :   mov   r2, r7             : IntAlu :  D=0x0000000000081030
5079000: system.cpu T0 : @__libc_malloc+80    :   ldr   r3, [r2, #0]       : MemRead :  D=0x0000000000000000 A=0x81030
5079500: system.cpu T0 : @__libc_malloc+84    :   cmps   r3, r4            : IntAlu :  D=0x0000000000000001
5079500: system.cpu T0 : @__libc_malloc+88    :   bne                      : IntAlu : Predicated False
5079500: system.cpu T0 : @__libc_malloc+92    :   mov   r0, r4             : IntAlu :  D=0x0000000000000000
5080000: system.cpu T0 : @__libc_malloc+96    :   mvn   r3, #61440         : IntAlu :  D=0x00000000ffff0fff
5080500: system.cpu T0 : @__libc_malloc+100    :   mov   lr, pc             : IntAlu :  D=0x00000000000104b8
5080500: system.cpu T0 : @__libc_malloc+104    :   sub   pc, r3, #63        : IntAlu :  D=0x00000000ffff0fc0
5131000: system.cpu T0 : @_end+4294372932    :   ldrex   r3, [r2, #0]     : MemRead :  D=0x0000000000000000 A=0x81030
5131000: system.cpu T0 : @_end+4294372936    :   subs   r3, r3, r0        : IntAlu :  D=0x0000000000000001
5131000: system.cpu T0 : @_end+4294372940    :   strexeq   r3, r1, [r2, #0] : MemWrite :  D=0x0000000000000000 A=0x81030
5131500: system.cpu T0 : @_end+4294372944    :   teqseq   r3, #1          : IntAlu :  D=0x0000000000000000
5132000: system.cpu T0 : @_end+4294372948    :   beq                      : IntAlu : Predicated False
5132000: system.cpu T0 : @_end+4294372952    :   rsbs   r0, r3, #0        : IntAlu :  D=0x0000000000000001
5132000: system.cpu T0 : @_end+4294372956    :   dmb   #0                 : IntAlu : 
5132500: system.cpu T0 : @_end+4294372960    :   mov   pc, lr             : IntAlu :  D=0x00000000000104b8
5146500: system.cpu T0 : @__libc_malloc+108    :   bcc                      : IntAlu : Predicated False
5146500: system.cpu T0 : @__libc_malloc+112    :   mov   r3, r4             : IntAlu :  D=0x0000000000000000
5147000: system.cpu T0 : @__libc_malloc+116    :   cmps   r3, #0            : IntAlu :  D=0x0000000000000001
5147000: system.cpu T0 : @__libc_malloc+120    :   beq                      : IntAlu : 
5153000: system.cpu T0 : @__libc_malloc+148    :   mov   r0, r7             : IntAlu :  D=0x0000000000081030
5153000: system.cpu T0 : @__libc_malloc+152    :   mov   r1, r8             : IntAlu :  D=0x000000000000000c
5153000: system.cpu T0 : @__libc_malloc+156    :   bl                       : IntAlu :  D=0x00000000000104ec
5262500: system.cpu T0 : @_int_malloc    : ldmstm                    
5262500: system.cpu T0 : @_int_malloc.0  :   str_uop   r4, [sp, #36]  : MemWrite :  D=0x0000000000000000 A=0xbefffcc4
5262500: system.cpu T0 : @_int_malloc.1  :   str_uop   r5, [sp, #32]  : MemWrite :  D=0x00000000befffee4 A=0xbefffcc8
5262500: system.cpu T0 : @_int_malloc.2  :   str_uop   r6, [sp, #28]  : MemWrite :  D=0x00000000befffeec A=0xbefffccc
5263000: system.cpu T0 : @_int_malloc.3  :   str_uop   r7, [sp, #24]  : MemWrite :  D=0x0000000000081030 A=0xbefffcd0
5263000: system.cpu T0 : @_int_malloc.4  :   str_uop   r8, [sp, #20]  : MemWrite :  D=0x000000000000000c A=0xbefffcd4
5263000: system.cpu T0 : @_int_malloc.5  :   str_uop   r9, [sp, #16]  : MemWrite :  D=0x0000000000000000 A=0xbefffcd8
5263500: system.cpu T0 : @_int_malloc.6  :   str_uop   r10, [sp, #12] : MemWrite :  D=0x0000000000000000 A=0xbefffcdc
5263500: system.cpu T0 : @_int_malloc.7  :   str_uop   fp, [sp, #8]   : MemWrite :  D=0x00000000befffd5c A=0xbefffce0
5263500: system.cpu T0 : @_int_malloc.8  :   str_uop   lr, [sp, #4]   : MemWrite :  D=0x00000000000104ec A=0xbefffce4
5264000: system.cpu T0 : @_int_malloc.9  :   subi_uop   sp, sp, #36   : IntAlu :  D=0x00000000befffcc4
5267000: system.cpu T0 : @_int_malloc+4    :   cmns   r1, #33           : IntAlu :  D=0x0000000000000000
5267000: system.cpu T0 : @_int_malloc+8    :   sub   sp, sp, #36        : IntAlu :  D=0x00000000befffca0
5267000: system.cpu T0 : @_int_malloc+12    :   str   r1, [sp, #16]      : MemWrite :  D=0x000000000000000c A=0xbefffcb0
5267500: system.cpu T0 : @_int_malloc+16    :   mov   r4, r0             : IntAlu :  D=0x0000000000081030
5323500: system.cpu T0 : @_int_malloc+20    :   bhi                      : IntAlu : Predicated False
5323500: system.cpu T0 : @_int_malloc+24    :   ldr   r0, [sp, #16]      : MemRead :  D=0x000000000000000c A=0xbefffcb0
5323500: system.cpu T0 : @_int_malloc+28    :   ldr   r1, [pc, #3844]    : MemRead :  D=0x0000000000081024 A=0xee14
5324000: system.cpu T0 : @_int_malloc+32    :   add   r5, r0, #11        : IntAlu :  D=0x0000000000000017
5328000: system.cpu T0 : @_int_malloc+36    :   cmps   r5, #15           : IntAlu :  D=0x0000000000000001
5328000: system.cpu T0 : @_int_malloc+40    :   ldr   r3, [r1, #1176]    : MemRead :  D=0x0000000000000000 A=0x814bc
5328000: system.cpu T0 : @_int_malloc+44    :   movls   r5, #16          : IntAlu : Predicated False
5328500: system.cpu T0 : @_int_malloc+48    :   bichi   r5, r5, #7       : IntAlu :  D=0x0000000000000010
5329000: system.cpu T0 : @_int_malloc+52    :   cmps   r5, r3            : IntAlu :  D=0x0000000000000001
5329000: system.cpu T0 : @_int_malloc+56    :   movhi   r2, r5, LSR #3   : IntAlu :  D=0x0000000000000002
5329000: system.cpu T0 : @_int_malloc+60    :   strhi   r2, [sp, #20]    : MemWrite :  D=0x0000000000000002 A=0xbefffcb4
5329500: system.cpu T0 : @_int_malloc+64    :   bhi                      : IntAlu : 
5459500: system.cpu T0 : @_int_malloc+160    :   cmps   r5, #512          : IntAlu :  D=0x0000000000000000
5464000: system.cpu T0 : @_int_malloc+164    :   bcs                      : IntAlu : Predicated False
5464000: system.cpu T0 : @_int_malloc+168    :   ldr   r1, [sp, #20]      : MemRead :  D=0x0000000000000002 A=0xbefffcb4
5464000: system.cpu T0 : @_int_malloc+172    :   add   r0, r4, #56        : IntAlu :  D=0x0000000000081068
5464500: system.cpu T0 : @_int_malloc+176    :   sub   r3, r1, #2         : IntAlu :  D=0x0000000000000000
5465000: system.cpu T0 : @_int_malloc+180    :   add   r3, r0, r3, LSL #3 : IntAlu :  D=0x0000000000081068
5465000: system.cpu T0 : @_int_malloc+184    :   ldr   r6, [r3, #12]      : MemRead :  D=0x0000000000000000 A=0x81074
5465000: system.cpu T0 : @_int_malloc+188    :   str   r0, [sp, #12]      : MemWrite :  D=0x0000000000081068 A=0xbefffcac
5465500: system.cpu T0 : @_int_malloc+192    :   cmps   r6, r3            : IntAlu :  D=0x0000000000000000
5466000: system.cpu T0 : @_int_malloc+196    :   str   r1, [sp, #24]      : MemWrite :  D=0x0000000000000002 A=0xbefffcb8
5466000: system.cpu T0 : @_int_malloc+200    :   beq                      : IntAlu : Predicated False
5466000: system.cpu T0 : @_int_malloc+204    :   cmps   r6, #0            : IntAlu :  D=0x0000000000000001
5466500: system.cpu T0 : @_int_malloc+208    :   beq                      : IntAlu : 
5590500: system.cpu T0 : @_int_malloc+1968    :   mov   r0, r4             : IntAlu :  D=0x0000000000081030
5595000: system.cpu T0 : @_int_malloc+1972    :   bl                       : IntAlu :  D=0x000000000000e6a4
5666500: system.cpu T0 : @malloc_consolidate    : ldmstm                    
5666500: system.cpu T0 : @malloc_consolidate.0  :   str_uop   r4, [sp, #36]  : MemWrite :  D=0x0000000000081030 A=0xbefffc7c
5666500: system.cpu T0 : @malloc_consolidate.1  :   str_uop   r5, [sp, #32]  : MemWrite :  D=0x0000000000000010 A=0xbefffc80
5666500: system.cpu T0 : @malloc_consolidate.2  :   str_uop   r6, [sp, #28]  : MemWrite :  D=0x0000000000000000 A=0xbefffc84
5667000: system.cpu T0 : @malloc_consolidate.3  :   str_uop   r7, [sp, #24]  : MemWrite :  D=0x0000000000081030 A=0xbefffc88
5667000: system.cpu T0 : @malloc_consolidate.4  :   str_uop   r8, [sp, #20]  : MemWrite :  D=0x000000000000000c A=0xbefffc8c
5667000: system.cpu T0 : @malloc_consolidate.5  :   str_uop   r9, [sp, #16]  : MemWrite :  D=0x0000000000000000 A=0xbefffc90
5667500: system.cpu T0 : @malloc_consolidate.6  :   str_uop   r10, [sp, #12] : MemWrite :  D=0x0000000000000000 A=0xbefffc94
5667500: system.cpu T0 : @malloc_consolidate.7  :   str_uop   fp, [sp, #8]   : MemWrite :  D=0x00000000befffd5c A=0xbefffc98
5667500: system.cpu T0 : @malloc_consolidate.8  :   str_uop   lr, [sp, #4]   : MemWrite :  D=0x000000000000e6a4 A=0xbefffc9c
5668000: system.cpu T0 : @malloc_consolidate.9  :   subi_uop   sp, sp, #36   : IntAlu :  D=0x00000000befffc7c
5668000: system.cpu T0 : @malloc_consolidate+4    :   ldr   r3, [pc, #700]     : MemRead :  D=0x0000000000081024 A=0xbe80
5724500: system.cpu T0 : @malloc_consolidate+8    :   sub   sp, sp, #20        : IntAlu :  D=0x00000000befffc68
5724500: system.cpu T0 : @malloc_consolidate+12    :   ldr   r3, [r3, #1176]    : MemRead :  D=0x0000000000000000 A=0x814bc
5724500: system.cpu T0 : @malloc_consolidate+16    :   mov   r10, r0            : IntAlu :  D=0x0000000000081030
5725000: system.cpu T0 : @malloc_consolidate+20    :   cmps   r3, #0            : IntAlu :  D=0x0000000000000001
5729000: system.cpu T0 : @malloc_consolidate+24    :   beq                      : IntAlu : 
5792500: system.cpu T0 : @malloc_consolidate+384    :   add   r2, r0, #56        : IntAlu :  D=0x0000000000081068
5792500: system.cpu T0 : @malloc_consolidate+388    :   add   r1, r0, #48        : IntAlu :  D=0x0000000000081060
5853500: system.cpu T0 : @malloc_consolidate+392    :   add   r2, r2, #1008      : IntAlu :  D=0x0000000000081458
5853500: system.cpu T0 : @malloc_consolidate+396    :   mov   r3, r1             : IntAlu :  D=0x0000000000081060
5853500: system.cpu T0 : @malloc_consolidate+400    :   str   r3, [r3, #12]      : MemWrite :  D=0x0000000000081060 A=0x8106c
5854000: system.cpu T0 : @malloc_consolidate+404    :   str   r3, [r3, #8]       : MemWrite :  D=0x0000000000081060 A=0x81068
5858000: system.cpu T0 : @malloc_consolidate+408    :   add   r3, r3, #8         : IntAlu :  D=0x0000000000081068
5858000: system.cpu T0 : @malloc_consolidate+412    :   cmps   r3, r2            : IntAlu :  D=0x0000000000000000
5858000: system.cpu T0 : @malloc_consolidate+416    :   bne                      : IntAlu : 
5864500: system.cpu T0 : @malloc_consolidate+400    :   str   r3, [r3, #12]      : MemWrite :  D=0x0000000000081068 A=0x81074
5864500: system.cpu T0 : @malloc_consolidate+404    :   str   r3, [r3, #8]       : MemWrite :  D=0x0000000000081068 A=0x81070
5865000: system.cpu T0 : @malloc_consolidate+408    :   add   r3, r3, #8         : IntAlu :  D=0x0000000000081070
5865000: system.cpu T0 : @malloc_consolidate+412    :   cmps   r3, r2            : IntAlu :  D=0x0000000000000000
5865000: system.cpu T0 : @malloc_consolidate+416    :   bne                      : IntAlu : 
5871500: system.cpu T0 : @malloc_consolidate+400    :   str   r3, [r3, #12]      : MemWrite :  D=0x0000000000081070 A=0x8107c
5871500: system.cpu T0 : @malloc_consolidate+404    :   str   r3, [r3, #8]       : MemWrite :  D=0x0000000000081070 A=0x81078
5872000: system.cpu T0 : @malloc_consolidate+408    :   add   r3, r3, #8         : IntAlu :  D=0x0000000000081078
5872000: system.cpu T0 : @malloc_consolidate+412    :   cmps   r3, r2            : IntAlu :  D=0x0000000000000000
5872000: system.cpu T0 : @malloc_consolidate+416    :   bne                      : IntAlu : 
5878500: system.cpu T0 : @malloc_consolidate+400    :   str   r3, [r3, #12]      : MemWrite :  D=0x0000000000081078 A=0x81084
5878500: system.cpu T0 : @malloc_consolidate+404    :   str   r3, [r3, #8]       : MemWrite :  D=0x0000000000081078 A=0x81080
5879000: system.cpu T0 : @malloc_consolidate+408    :   add   r3, r3, #8         : IntAlu :  D=0x0000000000081080
5879000: system.cpu T0 : @malloc_consolidate+412    :   cmps   r3, r2            : IntAlu :  D=0x0000000000000000
5879000: system.cpu T0 : @malloc_consolidate+416    :   bne                      : IntAlu : 
5885500: system.cpu T0 : @malloc_consolidate+400    :   str   r3, [r3, #12]      : MemWrite :  D=0x0000000000081080 A=0x8108c
5885500: system.cpu T0 : @malloc_consolidate+404    :   str   r3, [r3, #8]       : MemWrite :  D=0x0000000000081080 A=0x81088
5886000: system.cpu T0 : @malloc_consolidate+408    :   add   r3, r3, #8         : IntAlu :  D=0x0000000000081088
5886000: system.cpu T0 : @malloc_consolidate+412    :   cmps   r3, r2            : IntAlu :  D=0x0000000000000000
5886000: system.cpu T0 : @malloc_consolidate+416    :   bne                      : IntAlu : 
5892500: system.cpu T0 : @malloc_consolidate+400    :   str   r3, [r3, #12]      : MemWrite :  D=0x0000000000081088 A=0x81094
5892500: system.cpu T0 : @malloc_consolidate+404    :   str   r3, [r3, #8]       : MemWrite :  D=0x0000000000081088 A=0x81090
5893000: system.cpu T0 : @malloc_consolidate+408    :   add   r3, r3, #8         : IntAlu :  D=0x0000000000081090
5893000: system.cpu T0 : @malloc_consolidate+412    :   cmps   r3, r2            : IntAlu :  D=0x0000000000000000
5893000: system.cpu T0 : @malloc_consolidate+416    :   bne                      : IntAlu : 
5899500: system.cpu T0 : @malloc_consolidate+400    :   str   r3, [r3, #12]      : MemWrite :  D=0x0000000000081090 A=0x8109c
5899500: system.cpu T0 : @malloc_consolidate+404    :   str   r3, [r3, #8]       : MemWrite :  D=0x0000000000081090 A=0x81098
5900000: system.cpu T0 : @malloc_consolidate+408    :   add   r3, r3, #8         : IntAlu :  D=0x0000000000081098
5900000: system.cpu T0 : @malloc_consolidate+412    :   cmps   r3, r2            : IntAlu :  D=0x0000000000000000
5900000: system.cpu T0 : @malloc_consolidate+416    :   bne                      : IntAlu : 
5906500: system.cpu T0 : @malloc_consolidate+400    :   str   r3, [r3, #12]      : MemWrite :  D=0x0000000000081098 A=0x810a4
5906500: system.cpu T0 : @malloc_consolidate+404    :   str   r3, [r3, #8]       : MemWrite :  D=0x0000000000081098 A=0x810a0
5907000: system.cpu T0 : @malloc_consolidate+408    :   add   r3, r3, #8         : IntAlu :  D=0x00000000000810a0
5907000: system.cpu T0 : @malloc_consolidate+412    :   cmps   r3, r2            : IntAlu :  D=0x0000000000000000
5907000: system.cpu T0 : @malloc_consolidate+416    :   bne                      : IntAlu : 
5917000: system.cpu T0 : @malloc_consolidate+400    :   str   r3, [r3, #12]      : MemWrite :  D=0x00000000000810a0 A=0x810ac
5917000: system.cpu T0 : @malloc_consolidate+404    :   str   r3, [r3, #8]       : MemWrite :  D=0x00000000000810a0 A=0x810a8
5917500: system.cpu T0 : @malloc_consolidate+408    :   add   r3, r3, #8         : IntAlu :  D=0x00000000000810a8
5917500: system.cpu T0 : @malloc_consolidate+412    :   cmps   r3, r2            : IntAlu :  D=0x0000000000000000
5917500: system.cpu T0 : @malloc_consolidate+416    :   bne                      : IntAlu : 
5924000: system.cpu T0 : @malloc_consolidate+400    :   str   r3, [r3, #12]      : MemWrite :  D=0x00000000000810a8 A=0x810b4
5924000: system.cpu T0 : @malloc_consolidate+404    :   str   r3, [r3, #8]       : MemWrite :  D=0x00000000000810a8 A=0x810b0
5924500: system.cpu T0 : @malloc_consolidate+408    :   add   r3, r3, #8         : IntAlu :  D=0x00000000000810b0
5924500: system.cpu T0 : @malloc_consolidate+412    :   cmps   r3, r2            : IntAlu :  D=0x0000000000000000
5924500: system.cpu T0 : @malloc_consolidate+416    :   bne                      : IntAlu : 
5931000: system.cpu T0 : @malloc_consolidate+400    :   str   r3, [r3, #12]      : MemWrite :  D=0x00000000000810b0 A=0x810bc
5931000: system.cpu T0 : @malloc_consolidate+404    :   str   r3, [r3, #8]       : MemWrite :  D=0x00000000000810b0 A=0x810b8
5931500: system.cpu T0 : @malloc_consolidate+408    :   add   r3, r3, #8         : IntAlu :  D=0x00000000000810b8
5931500: system.cpu T0 : @malloc_consolidate+412    :   cmps   r3, r2            : IntAlu :  D=0x0000000000000000
5931500: system.cpu T0 : @malloc_consolidate+416    :   bne                      : IntAlu : 
5938000: system.cpu T0 : @malloc_consolidate+400    :   str   r3, [r3, #12]      : MemWrite :  D=0x00000000000810b8 A=0x810c4
5938000: system.cpu T0 : @malloc_consolidate+404    :   str   r3, [r3, #8]       : MemWrite :  D=0x00000000000810b8 A=0x810c0
5938500: system.cpu T0 : @malloc_consolidate+408    :   add   r3, r3, #8         : IntAlu :  D=0x00000000000810c0
5938500: system.cpu T0 : @malloc_consolidate+412    :   cmps   r3, r2            : IntAlu :  D=0x0000000000000000
5938500: system.cpu T0 : @malloc_consolidate+416    :   bne                      : IntAlu : 
5949500: system.cpu T0 : @malloc_consolidate+400    :   str   r3, [r3, #12]      : MemWrite :  D=0x00000000000810c0 A=0x810cc
5949500: system.cpu T0 : @malloc_consolidate+404    :   str   r3, [r3, #8]       : MemWrite :  D=0x00000000000810c0 A=0x810c8
5950000: system.cpu T0 : @malloc_consolidate+408    :   add   r3, r3, #8         : IntAlu :  D=0x00000000000810c8
5950000: system.cpu T0 : @malloc_consolidate+412    :   cmps   r3, r2            : IntAlu :  D=0x0000000000000000
5950000: system.cpu T0 : @malloc_consolidate+416    :   bne                      : IntAlu : 
5950500: system.cpu T0 : @malloc_consolidate+400    :   str   r3, [r3, #12]      : MemWrite :  D=0x00000000000810c8 A=0x810d4
5950500: system.cpu T0 : @malloc_consolidate+404    :   str   r3, [r3, #8]       : MemWrite :  D=0x00000000000810c8 A=0x810d0
5951000: system.cpu T0 : @malloc_consolidate+408    :   add   r3, r3, #8         : IntAlu :  D=0x00000000000810d0
5951000: system.cpu T0 : @malloc_consolidate+412    :   cmps   r3, r2            : IntAlu :  D=0x0000000000000000
5951000: system.cpu T0 : @malloc_consolidate+416    :   bne                      : IntAlu : 
5951500: system.cpu T0 : @malloc_consolidate+400    :   str   r3, [r3, #12]      : MemWrite :  D=0x00000000000810d0 A=0x810dc
5951500: system.cpu T0 : @malloc_consolidate+404    :   str   r3, [r3, #8]       : MemWrite :  D=0x00000000000810d0 A=0x810d8
5952000: system.cpu T0 : @malloc_consolidate+408    :   add   r3, r3, #8         : IntAlu :  D=0x00000000000810d8
5952000: system.cpu T0 : @malloc_consolidate+412    :   cmps   r3, r2            : IntAlu :  D=0x0000000000000000
5952000: system.cpu T0 : @malloc_consolidate+416    :   bne                      : IntAlu : 
5952500: system.cpu T0 : @malloc_consolidate+400    :   str   r3, [r3, #12]      : MemWrite :  D=0x00000000000810d8 A=0x810e4
5952500: system.cpu T0 : @malloc_consolidate+404    :   str   r3, [r3, #8]       : MemWrite :  D=0x00000000000810d8 A=0x810e0
5953000: system.cpu T0 : @malloc_consolidate+408    :   add   r3, r3, #8         : IntAlu :  D=0x00000000000810e0
5953000: system.cpu T0 : @malloc_consolidate+412    :   cmps   r3, r2            : IntAlu :  D=0x0000000000000000
5953000: system.cpu T0 : @malloc_consolidate+416    :   bne                      : IntAlu : 
5953500: system.cpu T0 : @malloc_consolidate+400    :   str   r3, [r3, #12]      : MemWrite :  D=0x00000000000810e0 A=0x810ec
5953500: system.cpu T0 : @malloc_consolidate+404    :   str   r3, [r3, #8]       : MemWrite :  D=0x00000000000810e0 A=0x810e8
5954000: system.cpu T0 : @malloc_consolidate+408    :   add   r3, r3, #8         : IntAlu :  D=0x00000000000810e8
5954000: system.cpu T0 : @malloc_consolidate+412    :   cmps   r3, r2            : IntAlu :  D=0x0000000000000000
5954000: system.cpu T0 : @malloc_consolidate+416    :   bne                      : IntAlu : 
5954500: system.cpu T0 : @malloc_consolidate+400    :   str   r3, [r3, #12]      : MemWrite :  D=0x00000000000810e8 A=0x810f4
5954500: system.cpu T0 : @malloc_consolidate+404    :   str   r3, [r3, #8]       : MemWrite :  D=0x00000000000810e8 A=0x810f0
5955000: system.cpu T0 : @malloc_consolidate+408    :   add   r3, r3, #8         : IntAlu :  D=0x00000000000810f0
5955000: system.cpu T0 : @malloc_consolidate+412    :   cmps   r3, r2            : IntAlu :  D=0x0000000000000000
5955000: system.cpu T0 : @malloc_consolidate+416    :   bne                      : IntAlu : 
5955500: system.cpu T0 : @malloc_consolidate+400    :   str   r3, [r3, #12]      : MemWrite :  D=0x00000000000810f0 A=0x810fc
5955500: system.cpu T0 : @malloc_consolidate+404    :   str   r3, [r3, #8]       : MemWrite :  D=0x00000000000810f0 A=0x810f8
5956000: system.cpu T0 : @malloc_consolidate+408    :   add   r3, r3, #8         : IntAlu :  D=0x00000000000810f8
5956000: system.cpu T0 : @malloc_consolidate+412    :   cmps   r3, r2            : IntAlu :  D=0x0000000000000000
5956000: system.cpu T0 : @malloc_consolidate+416    :   bne                      : IntAlu : 
5956500: system.cpu T0 : @malloc_consolidate+400    :   str   r3, [r3, #12]      : MemWrite :  D=0x00000000000810f8 A=0x81104
5956500: system.cpu T0 : @malloc_consolidate+404    :   str   r3, [r3, #8]       : MemWrite :  D=0x00000000000810f8 A=0x81100
5957000: system.cpu T0 : @malloc_consolidate+408    :   add   r3, r3, #8         : IntAlu :  D=0x0000000000081100
5957000: system.cpu T0 : @malloc_consolidate+412    :   cmps   r3, r2            : IntAlu :  D=0x0000000000000000
5957000: system.cpu T0 : @malloc_consolidate+416    :   bne                      : IntAlu : 
5957500: system.cpu T0 : @malloc_consolidate+400    :   str   r3, [r3, #12]      : MemWrite :  D=0x0000000000081100 A=0x8110c
5957500: system.cpu T0 : @malloc_consolidate+404    :   str   r3, [r3, #8]       : MemWrite :  D=0x0000000000081100 A=0x81108
5958000: system.cpu T0 : @malloc_consolidate+408    :   add   r3, r3, #8         : IntAlu :  D=0x0000000000081108
5958000: system.cpu T0 : @malloc_consolidate+412    :   cmps   r3, r2            : IntAlu :  D=0x0000000000000000
5958000: system.cpu T0 : @malloc_consolidate+416    :   bne                      : IntAlu : 
5958500: system.cpu T0 : @malloc_consolidate+400    :   str   r3, [r3, #12]      : MemWrite :  D=0x0000000000081108 A=0x81114
5958500: system.cpu T0 : @malloc_consolidate+404    :   str   r3, [r3, #8]       : MemWrite :  D=0x0000000000081108 A=0x81110
5959000: system.cpu T0 : @malloc_consolidate+408    :   add   r3, r3, #8         : IntAlu :  D=0x0000000000081110
5959000: system.cpu T0 : @malloc_consolidate+412    :   cmps   r3, r2            : IntAlu :  D=0x0000000000000000
5959000: system.cpu T0 : @malloc_consolidate+416    :   bne                      : IntAlu : 
5959500: system.cpu T0 : @malloc_consolidate+400    :   str   r3, [r3, #12]      : MemWrite :  D=0x0000000000081110 A=0x8111c
5959500: system.cpu T0 : @malloc_consolidate+404    :   str   r3, [r3, #8]       : MemWrite :  D=0x0000000000081110 A=0x81118
5960000: system.cpu T0 : @malloc_consolidate+408    :   add   r3, r3, #8         : IntAlu :  D=0x0000000000081118
5960000: system.cpu T0 : @malloc_consolidate+412    :   cmps   r3, r2            : IntAlu :  D=0x0000000000000000
5960000: system.cpu T0 : @malloc_consolidate+416    :   bne                      : IntAlu : 
5960500: system.cpu T0 : @malloc_consolidate+400    :   str   r3, [r3, #12]      : MemWrite :  D=0x0000000000081118 A=0x81124
5960500: system.cpu T0 : @malloc_consolidate+404    :   str   r3, [r3, #8]       : MemWrite :  D=0x0000000000081118 A=0x81120
5961000: system.cpu T0 : @malloc_consolidate+408    :   add   r3, r3, #8         : IntAlu :  D=0x0000000000081120
5961000: system.cpu T0 : @malloc_consolidate+412    :   cmps   r3, r2            : IntAlu :  D=0x0000000000000000
5961000: system.cpu T0 : @malloc_consolidate+416    :   bne                      : IntAlu : 
5961500: system.cpu T0 : @malloc_consolidate+400    :   str   r3, [r3, #12]      : MemWrite :  D=0x0000000000081120 A=0x8112c
5961500: system.cpu T0 : @malloc_consolidate+404    :   str   r3, [r3, #8]       : MemWrite :  D=0x0000000000081120 A=0x81128
5962000: system.cpu T0 : @malloc_consolidate+408    :   add   r3, r3, #8         : IntAlu :  D=0x0000000000081128
5962000: system.cpu T0 : @malloc_consolidate+412    :   cmps   r3, r2            : IntAlu :  D=0x0000000000000000
5962000: system.cpu T0 : @malloc_consolidate+416    :   bne                      : IntAlu : 
5962500: system.cpu T0 : @malloc_consolidate+400    :   str   r3, [r3, #12]      : MemWrite :  D=0x0000000000081128 A=0x81134
5962500: system.cpu T0 : @malloc_consolidate+404    :   str   r3, [r3, #8]       : MemWrite :  D=0x0000000000081128 A=0x81130
5963000: system.cpu T0 : @malloc_consolidate+408    :   add   r3, r3, #8         : IntAlu :  D=0x0000000000081130
5963000: system.cpu T0 : @malloc_consolidate+412    :   cmps   r3, r2            : IntAlu :  D=0x0000000000000000
5963000: system.cpu T0 : @malloc_consolidate+416    :   bne                      : IntAlu : 
5963500: system.cpu T0 : @malloc_consolidate+400    :   str   r3, [r3, #12]      : MemWrite :  D=0x0000000000081130 A=0x8113c
5963500: system.cpu T0 : @malloc_consolidate+404    :   str   r3, [r3, #8]       : MemWrite :  D=0x0000000000081130 A=0x81138
5964000: system.cpu T0 : @malloc_consolidate+408    :   add   r3, r3, #8         : IntAlu :  D=0x0000000000081138
5964000: system.cpu T0 : @malloc_consolidate+412    :   cmps   r3, r2            : IntAlu :  D=0x0000000000000000
5964000: system.cpu T0 : @malloc_consolidate+416    :   bne                      : IntAlu : 
5964500: system.cpu T0 : @malloc_consolidate+400    :   str   r3, [r3, #12]      : MemWrite :  D=0x0000000000081138 A=0x81144
5964500: system.cpu T0 : @malloc_consolidate+404    :   str   r3, [r3, #8]       : MemWrite :  D=0x0000000000081138 A=0x81140
5965000: system.cpu T0 : @malloc_consolidate+408    :   add   r3, r3, #8         : IntAlu :  D=0x0000000000081140
5965000: system.cpu T0 : @malloc_consolidate+412    :   cmps   r3, r2            : IntAlu :  D=0x0000000000000000
5965000: system.cpu T0 : @malloc_consolidate+416    :   bne                      : IntAlu : 
5965500: system.cpu T0 : @malloc_consolidate+400    :   str   r3, [r3, #12]      : MemWrite :  D=0x0000000000081140 A=0x8114c
5965500: system.cpu T0 : @malloc_consolidate+404    :   str   r3, [r3, #8]       : MemWrite :  D=0x0000000000081140 A=0x81148
5966000: system.cpu T0 : @malloc_consolidate+408    :   add   r3, r3, #8         : IntAlu :  D=0x0000000000081148
5966000: system.cpu T0 : @malloc_consolidate+412    :   cmps   r3, r2            : IntAlu :  D=0x0000000000000000
6011000: system.cpu T0 : @malloc_consolidate+416    :   bne                      : IntAlu : 
6011500: system.cpu T0 : @malloc_consolidate+400    :   str   r3, [r3, #12]      : MemWrite :  D=0x0000000000081148 A=0x81154
6011500: system.cpu T0 : @malloc_consolidate+404    :   str   r3, [r3, #8]       : MemWrite :  D=0x0000000000081148 A=0x81150
6012000: system.cpu T0 : @malloc_consolidate+408    :   add   r3, r3, #8         : IntAlu :  D=0x0000000000081150
6012000: system.cpu T0 : @malloc_consolidate+412    :   cmps   r3, r2            : IntAlu :  D=0x0000000000000000
6012000: system.cpu T0 : @malloc_consolidate+416    :   bne                      : IntAlu : 
6012500: system.cpu T0 : @malloc_consolidate+400    :   str   r3, [r3, #12]      : MemWrite :  D=0x0000000000081150 A=0x8115c
6012500: system.cpu T0 : @malloc_consolidate+404    :   str   r3, [r3, #8]       : MemWrite :  D=0x0000000000081150 A=0x81158
6013000: system.cpu T0 : @malloc_consolidate+408    :   add   r3, r3, #8         : IntAlu :  D=0x0000000000081158
6013000: system.cpu T0 : @malloc_consolidate+412    :   cmps   r3, r2            : IntAlu :  D=0x0000000000000000
6013000: system.cpu T0 : @malloc_consolidate+416    :   bne                      : IntAlu : 
6013500: system.cpu T0 : @malloc_consolidate+400    :   str   r3, [r3, #12]      : MemWrite :  D=0x0000000000081158 A=0x81164
6013500: system.cpu T0 : @malloc_consolidate+404    :   str   r3, [r3, #8]       : MemWrite :  D=0x0000000000081158 A=0x81160
6014000: system.cpu T0 : @malloc_consolidate+408    :   add   r3, r3, #8         : IntAlu :  D=0x0000000000081160
6014000: system.cpu T0 : @malloc_consolidate+412    :   cmps   r3, r2            : IntAlu :  D=0x0000000000000000
6014000: system.cpu T0 : @malloc_consolidate+416    :   bne                      : IntAlu : 
6014500: system.cpu T0 : @malloc_consolidate+400    :   str   r3, [r3, #12]      : MemWrite :  D=0x0000000000081160 A=0x8116c
6014500: system.cpu T0 : @malloc_consolidate+404    :   str   r3, [r3, #8]       : MemWrite :  D=0x0000000000081160 A=0x81168
6015000: system.cpu T0 : @malloc_consolidate+408    :   add   r3, r3, #8         : IntAlu :  D=0x0000000000081168
6015000: system.cpu T0 : @malloc_consolidate+412    :   cmps   r3, r2            : IntAlu :  D=0x0000000000000000
6015000: system.cpu T0 : @malloc_consolidate+416    :   bne                      : IntAlu : 
6015500: system.cpu T0 : @malloc_consolidate+400    :   str   r3, [r3, #12]      : MemWrite :  D=0x0000000000081168 A=0x81174
6015500: system.cpu T0 : @malloc_consolidate+404    :   str   r3, [r3, #8]       : MemWrite :  D=0x0000000000081168 A=0x81170
6016000: system.cpu T0 : @malloc_consolidate+408    :   add   r3, r3, #8         : IntAlu :  D=0x0000000000081170
6016000: system.cpu T0 : @malloc_consolidate+412    :   cmps   r3, r2            : IntAlu :  D=0x0000000000000000
6016000: system.cpu T0 : @malloc_consolidate+416    :   bne                      : IntAlu : 
6016500: system.cpu T0 : @malloc_consolidate+400    :   str   r3, [r3, #12]      : MemWrite :  D=0x0000000000081170 A=0x8117c
6016500: system.cpu T0 : @malloc_consolidate+404    :   str   r3, [r3, #8]       : MemWrite :  D=0x0000000000081170 A=0x81178
6017000: system.cpu T0 : @malloc_consolidate+408    :   add   r3, r3, #8         : IntAlu :  D=0x0000000000081178
6017000: system.cpu T0 : @malloc_consolidate+412    :   cmps   r3, r2            : IntAlu :  D=0x0000000000000000
6017000: system.cpu T0 : @malloc_consolidate+416    :   bne                      : IntAlu : 
6017500: system.cpu T0 : @malloc_consolidate+400    :   str   r3, [r3, #12]      : MemWrite :  D=0x0000000000081178 A=0x81184
6017500: system.cpu T0 : @malloc_consolidate+404    :   str   r3, [r3, #8]       : MemWrite :  D=0x0000000000081178 A=0x81180
6018000: system.cpu T0 : @malloc_consolidate+408    :   add   r3, r3, #8         : IntAlu :  D=0x0000000000081180
6018000: system.cpu T0 : @malloc_consolidate+412    :   cmps   r3, r2            : IntAlu :  D=0x0000000000000000
6018000: system.cpu T0 : @malloc_consolidate+416    :   bne                      : IntAlu : 
6018500: system.cpu T0 : @malloc_consolidate+400    :   str   r3, [r3, #12]      : MemWrite :  D=0x0000000000081180 A=0x8118c
6018500: system.cpu T0 : @malloc_consolidate+404    :   str   r3, [r3, #8]       : MemWrite :  D=0x0000000000081180 A=0x81188
6019000: system.cpu T0 : @malloc_consolidate+408    :   add   r3, r3, #8         : IntAlu :  D=0x0000000000081188
6019000: system.cpu T0 : @malloc_consolidate+412    :   cmps   r3, r2            : IntAlu :  D=0x0000000000000000
6019000: system.cpu T0 : @malloc_consolidate+416    :   bne                      : IntAlu : 
6019500: system.cpu T0 : @malloc_consolidate+400    :   str   r3, [r3, #12]      : MemWrite :  D=0x0000000000081188 A=0x81194
6072000: system.cpu T0 : @malloc_consolidate+404    :   str   r3, [r3, #8]       : MemWrite :  D=0x0000000000081188 A=0x81190
6072500: system.cpu T0 : @malloc_consolidate+408    :   add   r3, r3, #8         : IntAlu :  D=0x0000000000081190
6072500: system.cpu T0 : @malloc_consolidate+412    :   cmps   r3, r2            : IntAlu :  D=0x0000000000000000
6072500: system.cpu T0 : @malloc_consolidate+416    :   bne                      : IntAlu : 
6073000: system.cpu T0 : @malloc_consolidate+400    :   str   r3, [r3, #12]      : MemWrite :  D=0x0000000000081190 A=0x8119c
6073000: system.cpu T0 : @malloc_consolidate+404    :   str   r3, [r3, #8]       : MemWrite :  D=0x0000000000081190 A=0x81198
6073500: system.cpu T0 : @malloc_consolidate+408    :   add   r3, r3, #8         : IntAlu :  D=0x0000000000081198
6073500: system.cpu T0 : @malloc_consolidate+412    :   cmps   r3, r2            : IntAlu :  D=0x0000000000000000
6073500: system.cpu T0 : @malloc_consolidate+416    :   bne                      : IntAlu : 
6074000: system.cpu T0 : @malloc_consolidate+400    :   str   r3, [r3, #12]      : MemWrite :  D=0x0000000000081198 A=0x811a4
6074000: system.cpu T0 : @malloc_consolidate+404    :   str   r3, [r3, #8]       : MemWrite :  D=0x0000000000081198 A=0x811a0
6074500: system.cpu T0 : @malloc_consolidate+408    :   add   r3, r3, #8         : IntAlu :  D=0x00000000000811a0
6074500: system.cpu T0 : @malloc_consolidate+412    :   cmps   r3, r2            : IntAlu :  D=0x0000000000000000
6074500: system.cpu T0 : @malloc_consolidate+416    :   bne                      : IntAlu : 
6075000: system.cpu T0 : @malloc_consolidate+400    :   str   r3, [r3, #12]      : MemWrite :  D=0x00000000000811a0 A=0x811ac
6075000: system.cpu T0 : @malloc_consolidate+404    :   str   r3, [r3, #8]       : MemWrite :  D=0x00000000000811a0 A=0x811a8
6075500: system.cpu T0 : @malloc_consolidate+408    :   add   r3, r3, #8         : IntAlu :  D=0x00000000000811a8
6075500: system.cpu T0 : @malloc_consolidate+412    :   cmps   r3, r2            : IntAlu :  D=0x0000000000000000
6075500: system.cpu T0 : @malloc_consolidate+416    :   bne                      : IntAlu : 
6076000: system.cpu T0 : @malloc_consolidate+400    :   str   r3, [r3, #12]      : MemWrite :  D=0x00000000000811a8 A=0x811b4
6076000: system.cpu T0 : @malloc_consolidate+404    :   str   r3, [r3, #8]       : MemWrite :  D=0x00000000000811a8 A=0x811b0
6076500: system.cpu T0 : @malloc_consolidate+408    :   add   r3, r3, #8         : IntAlu :  D=0x00000000000811b0
6076500: system.cpu T0 : @malloc_consolidate+412    :   cmps   r3, r2            : IntAlu :  D=0x0000000000000000
6076500: system.cpu T0 : @malloc_consolidate+416    :   bne                      : IntAlu : 
6077000: system.cpu T0 : @malloc_consolidate+400    :   str   r3, [r3, #12]      : MemWrite :  D=0x00000000000811b0 A=0x811bc
6077000: system.cpu T0 : @malloc_consolidate+404    :   str   r3, [r3, #8]       : MemWrite :  D=0x00000000000811b0 A=0x811b8
6077500: system.cpu T0 : @malloc_consolidate+408    :   add   r3, r3, #8         : IntAlu :  D=0x00000000000811b8
6077500: system.cpu T0 : @malloc_consolidate+412    :   cmps   r3, r2            : IntAlu :  D=0x0000000000000000
6077500: system.cpu T0 : @malloc_consolidate+416    :   bne                      : IntAlu : 
6078000: system.cpu T0 : @malloc_consolidate+400    :   str   r3, [r3, #12]      : MemWrite :  D=0x00000000000811b8 A=0x811c4
6078000: system.cpu T0 : @malloc_consolidate+404    :   str   r3, [r3, #8]       : MemWrite :  D=0x00000000000811b8 A=0x811c0
6078500: system.cpu T0 : @malloc_consolidate+408    :   add   r3, r3, #8         : IntAlu :  D=0x00000000000811c0
6078500: system.cpu T0 : @malloc_consolidate+412    :   cmps   r3, r2            : IntAlu :  D=0x0000000000000000
6078500: system.cpu T0 : @malloc_consolidate+416    :   bne                      : IntAlu : 
6079000: system.cpu T0 : @malloc_consolidate+400    :   str   r3, [r3, #12]      : MemWrite :  D=0x00000000000811c0 A=0x811cc
6079000: system.cpu T0 : @malloc_consolidate+404    :   str   r3, [r3, #8]       : MemWrite :  D=0x00000000000811c0 A=0x811c8
6079500: system.cpu T0 : @malloc_consolidate+408    :   add   r3, r3, #8         : IntAlu :  D=0x00000000000811c8
6079500: system.cpu T0 : @malloc_consolidate+412    :   cmps   r3, r2            : IntAlu :  D=0x0000000000000000
6079500: system.cpu T0 : @malloc_consolidate+416    :   bne                      : IntAlu : 
6080000: system.cpu T0 : @malloc_consolidate+400    :   str   r3, [r3, #12]      : MemWrite :  D=0x00000000000811c8 A=0x811d4
6080000: system.cpu T0 : @malloc_consolidate+404    :   str   r3, [r3, #8]       : MemWrite :  D=0x00000000000811c8 A=0x811d0
6080500: system.cpu T0 : @malloc_consolidate+408    :   add   r3, r3, #8         : IntAlu :  D=0x00000000000811d0
6141500: system.cpu T0 : @malloc_consolidate+412    :   cmps   r3, r2            : IntAlu :  D=0x0000000000000000
6141500: system.cpu T0 : @malloc_consolidate+416    :   bne                      : IntAlu : 
6142000: system.cpu T0 : @malloc_consolidate+400    :   str   r3, [r3, #12]      : MemWrite :  D=0x00000000000811d0 A=0x811dc
6142000: system.cpu T0 : @malloc_consolidate+404    :   str   r3, [r3, #8]       : MemWrite :  D=0x00000000000811d0 A=0x811d8
6142500: system.cpu T0 : @malloc_consolidate+408    :   add   r3, r3, #8         : IntAlu :  D=0x00000000000811d8
6142500: system.cpu T0 : @malloc_consolidate+412    :   cmps   r3, r2            : IntAlu :  D=0x0000000000000000
6142500: system.cpu T0 : @malloc_consolidate+416    :   bne                      : IntAlu : 
6143000: system.cpu T0 : @malloc_consolidate+400    :   str   r3, [r3, #12]      : MemWrite :  D=0x00000000000811d8 A=0x811e4
6143000: system.cpu T0 : @malloc_consolidate+404    :   str   r3, [r3, #8]       : MemWrite :  D=0x00000000000811d8 A=0x811e0
6143500: system.cpu T0 : @malloc_consolidate+408    :   add   r3, r3, #8         : IntAlu :  D=0x00000000000811e0
6143500: system.cpu T0 : @malloc_consolidate+412    :   cmps   r3, r2            : IntAlu :  D=0x0000000000000000
6143500: system.cpu T0 : @malloc_consolidate+416    :   bne                      : IntAlu : 
6144000: system.cpu T0 : @malloc_consolidate+400    :   str   r3, [r3, #12]      : MemWrite :  D=0x00000000000811e0 A=0x811ec
6144000: system.cpu T0 : @malloc_consolidate+404    :   str   r3, [r3, #8]       : MemWrite :  D=0x00000000000811e0 A=0x811e8
6144500: system.cpu T0 : @malloc_consolidate+408    :   add   r3, r3, #8         : IntAlu :  D=0x00000000000811e8
6144500: system.cpu T0 : @malloc_consolidate+412    :   cmps   r3, r2            : IntAlu :  D=0x0000000000000000
6144500: system.cpu T0 : @malloc_consolidate+416    :   bne                      : IntAlu : 
6145000: system.cpu T0 : @malloc_consolidate+400    :   str   r3, [r3, #12]      : MemWrite :  D=0x00000000000811e8 A=0x811f4
6145000: system.cpu T0 : @malloc_consolidate+404    :   str   r3, [r3, #8]       : MemWrite :  D=0x00000000000811e8 A=0x811f0
6145500: system.cpu T0 : @malloc_consolidate+408    :   add   r3, r3, #8         : IntAlu :  D=0x00000000000811f0
6145500: system.cpu T0 : @malloc_consolidate+412    :   cmps   r3, r2            : IntAlu :  D=0x0000000000000000
6145500: system.cpu T0 : @malloc_consolidate+416    :   bne                      : IntAlu : 
6146000: system.cpu T0 : @malloc_consolidate+400    :   str   r3, [r3, #12]      : MemWrite :  D=0x00000000000811f0 A=0x811fc
6146000: system.cpu T0 : @malloc_consolidate+404    :   str   r3, [r3, #8]       : MemWrite :  D=0x00000000000811f0 A=0x811f8
6146500: system.cpu T0 : @malloc_consolidate+408    :   add   r3, r3, #8         : IntAlu :  D=0x00000000000811f8
6146500: system.cpu T0 : @malloc_consolidate+412    :   cmps   r3, r2            : IntAlu :  D=0x0000000000000000
6146500: system.cpu T0 : @malloc_consolidate+416    :   bne                      : IntAlu : 
6147000: system.cpu T0 : @malloc_consolidate+400    :   str   r3, [r3, #12]      : MemWrite :  D=0x00000000000811f8 A=0x81204
6147000: system.cpu T0 : @malloc_consolidate+404    :   str   r3, [r3, #8]       : MemWrite :  D=0x00000000000811f8 A=0x81200
6147500: system.cpu T0 : @malloc_consolidate+408    :   add   r3, r3, #8         : IntAlu :  D=0x0000000000081200
6147500: system.cpu T0 : @malloc_consolidate+412    :   cmps   r3, r2            : IntAlu :  D=0x0000000000000000
6147500: system.cpu T0 : @malloc_consolidate+416    :   bne                      : IntAlu : 
6148000: system.cpu T0 : @malloc_consolidate+400    :   str   r3, [r3, #12]      : MemWrite :  D=0x0000000000081200 A=0x8120c
6148000: system.cpu T0 : @malloc_consolidate+404    :   str   r3, [r3, #8]       : MemWrite :  D=0x0000000000081200 A=0x81208
6148500: system.cpu T0 : @malloc_consolidate+408    :   add   r3, r3, #8         : IntAlu :  D=0x0000000000081208
6148500: system.cpu T0 : @malloc_consolidate+412    :   cmps   r3, r2            : IntAlu :  D=0x0000000000000000
6148500: system.cpu T0 : @malloc_consolidate+416    :   bne                      : IntAlu : 
6149000: system.cpu T0 : @malloc_consolidate+400    :   str   r3, [r3, #12]      : MemWrite :  D=0x0000000000081208 A=0x81214
6149000: system.cpu T0 : @malloc_consolidate+404    :   str   r3, [r3, #8]       : MemWrite :  D=0x0000000000081208 A=0x81210
6202000: system.cpu T0 : @malloc_consolidate+408    :   add   r3, r3, #8         : IntAlu :  D=0x0000000000081210
6202000: system.cpu T0 : @malloc_consolidate+412    :   cmps   r3, r2            : IntAlu :  D=0x0000000000000000
6202000: system.cpu T0 : @malloc_consolidate+416    :   bne                      : IntAlu : 
6202500: system.cpu T0 : @malloc_consolidate+400    :   str   r3, [r3, #12]      : MemWrite :  D=0x0000000000081210 A=0x8121c
6202500: system.cpu T0 : @malloc_consolidate+404    :   str   r3, [r3, #8]       : MemWrite :  D=0x0000000000081210 A=0x81218
6203000: system.cpu T0 : @malloc_consolidate+408    :   add   r3, r3, #8         : IntAlu :  D=0x0000000000081218
6203000: system.cpu T0 : @malloc_consolidate+412    :   cmps   r3, r2            : IntAlu :  D=0x0000000000000000
6203000: system.cpu T0 : @malloc_consolidate+416    :   bne                      : IntAlu : 
6203500: system.cpu T0 : @malloc_consolidate+400    :   str   r3, [r3, #12]      : MemWrite :  D=0x0000000000081218 A=0x81224
6203500: system.cpu T0 : @malloc_consolidate+404    :   str   r3, [r3, #8]       : MemWrite :  D=0x0000000000081218 A=0x81220
6204000: system.cpu T0 : @malloc_consolidate+408    :   add   r3, r3, #8         : IntAlu :  D=0x0000000000081220
6204000: system.cpu T0 : @malloc_consolidate+412    :   cmps   r3, r2            : IntAlu :  D=0x0000000000000000
6204000: system.cpu T0 : @malloc_consolidate+416    :   bne                      : IntAlu : 
6204500: system.cpu T0 : @malloc_consolidate+400    :   str   r3, [r3, #12]      : MemWrite :  D=0x0000000000081220 A=0x8122c
6204500: system.cpu T0 : @malloc_consolidate+404    :   str   r3, [r3, #8]       : MemWrite :  D=0x0000000000081220 A=0x81228
6205000: system.cpu T0 : @malloc_consolidate+408    :   add   r3, r3, #8         : IntAlu :  D=0x0000000000081228
6205000: system.cpu T0 : @malloc_consolidate+412    :   cmps   r3, r2            : IntAlu :  D=0x0000000000000000
6205000: system.cpu T0 : @malloc_consolidate+416    :   bne                      : IntAlu : 
6205500: system.cpu T0 : @malloc_consolidate+400    :   str   r3, [r3, #12]      : MemWrite :  D=0x0000000000081228 A=0x81234
6205500: system.cpu T0 : @malloc_consolidate+404    :   str   r3, [r3, #8]       : MemWrite :  D=0x0000000000081228 A=0x81230
6206000: system.cpu T0 : @malloc_consolidate+408    :   add   r3, r3, #8         : IntAlu :  D=0x0000000000081230
6206000: system.cpu T0 : @malloc_consolidate+412    :   cmps   r3, r2            : IntAlu :  D=0x0000000000000000
6206000: system.cpu T0 : @malloc_consolidate+416    :   bne                      : IntAlu : 
6206500: system.cpu T0 : @malloc_consolidate+400    :   str   r3, [r3, #12]      : MemWrite :  D=0x0000000000081230 A=0x8123c
6206500: system.cpu T0 : @malloc_consolidate+404    :   str   r3, [r3, #8]       : MemWrite :  D=0x0000000000081230 A=0x81238
6207000: system.cpu T0 : @malloc_consolidate+408    :   add   r3, r3, #8         : IntAlu :  D=0x0000000000081238
6207000: system.cpu T0 : @malloc_consolidate+412    :   cmps   r3, r2            : IntAlu :  D=0x0000000000000000
6207000: system.cpu T0 : @malloc_consolidate+416    :   bne                      : IntAlu : 
6207500: system.cpu T0 : @malloc_consolidate+400    :   str   r3, [r3, #12]      : MemWrite :  D=0x0000000000081238 A=0x81244
6207500: system.cpu T0 : @malloc_consolidate+404    :   str   r3, [r3, #8]       : MemWrite :  D=0x0000000000081238 A=0x81240
6208000: system.cpu T0 : @malloc_consolidate+408    :   add   r3, r3, #8         : IntAlu :  D=0x0000000000081240
6208000: system.cpu T0 : @malloc_consolidate+412    :   cmps   r3, r2            : IntAlu :  D=0x0000000000000000
6208000: system.cpu T0 : @malloc_consolidate+416    :   bne                      : IntAlu : 
6208500: system.cpu T0 : @malloc_consolidate+400    :   str   r3, [r3, #12]      : MemWrite :  D=0x0000000000081240 A=0x8124c
6208500: system.cpu T0 : @malloc_consolidate+404    :   str   r3, [r3, #8]       : MemWrite :  D=0x0000000000081240 A=0x81248
6209000: system.cpu T0 : @malloc_consolidate+408    :   add   r3, r3, #8         : IntAlu :  D=0x0000000000081248
6209000: system.cpu T0 : @malloc_consolidate+412    :   cmps   r3, r2            : IntAlu :  D=0x0000000000000000
6209000: system.cpu T0 : @malloc_consolidate+416    :   bne                      : IntAlu : 
6209500: system.cpu T0 : @malloc_consolidate+400    :   str   r3, [r3, #12]      : MemWrite :  D=0x0000000000081248 A=0x81254
6263000: system.cpu T0 : @malloc_consolidate+404    :   str   r3, [r3, #8]       : MemWrite :  D=0x0000000000081248 A=0x81250
6263500: system.cpu T0 : @malloc_consolidate+408    :   add   r3, r3, #8         : IntAlu :  D=0x0000000000081250
6263500: system.cpu T0 : @malloc_consolidate+412    :   cmps   r3, r2            : IntAlu :  D=0x0000000000000000
6263500: system.cpu T0 : @malloc_consolidate+416    :   bne                      : IntAlu : 
6264000: system.cpu T0 : @malloc_consolidate+400    :   str   r3, [r3, #12]      : MemWrite :  D=0x0000000000081250 A=0x8125c
6264000: system.cpu T0 : @malloc_consolidate+404    :   str   r3, [r3, #8]       : MemWrite :  D=0x0000000000081250 A=0x81258
6264500: system.cpu T0 : @malloc_consolidate+408    :   add   r3, r3, #8         : IntAlu :  D=0x0000000000081258
6264500: system.cpu T0 : @malloc_consolidate+412    :   cmps   r3, r2            : IntAlu :  D=0x0000000000000000
6264500: system.cpu T0 : @malloc_consolidate+416    :   bne                      : IntAlu : 
6265000: system.cpu T0 : @malloc_consolidate+400    :   str   r3, [r3, #12]      : MemWrite :  D=0x0000000000081258 A=0x81264
6265000: system.cpu T0 : @malloc_consolidate+404    :   str   r3, [r3, #8]       : MemWrite :  D=0x0000000000081258 A=0x81260
6265500: system.cpu T0 : @malloc_consolidate+408    :   add   r3, r3, #8         : IntAlu :  D=0x0000000000081260
6265500: system.cpu T0 : @malloc_consolidate+412    :   cmps   r3, r2            : IntAlu :  D=0x0000000000000000
6265500: system.cpu T0 : @malloc_consolidate+416    :   bne                      : IntAlu : 
6266000: system.cpu T0 : @malloc_consolidate+400    :   str   r3, [r3, #12]      : MemWrite :  D=0x0000000000081260 A=0x8126c
6266000: system.cpu T0 : @malloc_consolidate+404    :   str   r3, [r3, #8]       : MemWrite :  D=0x0000000000081260 A=0x81268
6266500: system.cpu T0 : @malloc_consolidate+408    :   add   r3, r3, #8         : IntAlu :  D=0x0000000000081268
6266500: system.cpu T0 : @malloc_consolidate+412    :   cmps   r3, r2            : IntAlu :  D=0x0000000000000000
6266500: system.cpu T0 : @malloc_consolidate+416    :   bne                      : IntAlu : 
6267000: system.cpu T0 : @malloc_consolidate+400    :   str   r3, [r3, #12]      : MemWrite :  D=0x0000000000081268 A=0x81274
6267000: system.cpu T0 : @malloc_consolidate+404    :   str   r3, [r3, #8]       : MemWrite :  D=0x0000000000081268 A=0x81270
6267500: system.cpu T0 : @malloc_consolidate+408    :   add   r3, r3, #8         : IntAlu :  D=0x0000000000081270
6267500: system.cpu T0 : @malloc_consolidate+412    :   cmps   r3, r2            : IntAlu :  D=0x0000000000000000
6267500: system.cpu T0 : @malloc_consolidate+416    :   bne                      : IntAlu : 
6268000: system.cpu T0 : @malloc_consolidate+400    :   str   r3, [r3, #12]      : MemWrite :  D=0x0000000000081270 A=0x8127c
6268000: system.cpu T0 : @malloc_consolidate+404    :   str   r3, [r3, #8]       : MemWrite :  D=0x0000000000081270 A=0x81278
6268500: system.cpu T0 : @malloc_consolidate+408    :   add   r3, r3, #8         : IntAlu :  D=0x0000000000081278
6268500: system.cpu T0 : @malloc_consolidate+412    :   cmps   r3, r2            : IntAlu :  D=0x0000000000000000
6268500: system.cpu T0 : @malloc_consolidate+416    :   bne                      : IntAlu : 
6269000: system.cpu T0 : @malloc_consolidate+400    :   str   r3, [r3, #12]      : MemWrite :  D=0x0000000000081278 A=0x81284
6269000: system.cpu T0 : @malloc_consolidate+404    :   str   r3, [r3, #8]       : MemWrite :  D=0x0000000000081278 A=0x81280
6269500: system.cpu T0 : @malloc_consolidate+408    :   add   r3, r3, #8         : IntAlu :  D=0x0000000000081280
6269500: system.cpu T0 : @malloc_consolidate+412    :   cmps   r3, r2            : IntAlu :  D=0x0000000000000000
6269500: system.cpu T0 : @malloc_consolidate+416    :   bne                      : IntAlu : 
6270000: system.cpu T0 : @malloc_consolidate+400    :   str   r3, [r3, #12]      : MemWrite :  D=0x0000000000081280 A=0x8128c
6270000: system.cpu T0 : @malloc_consolidate+404    :   str   r3, [r3, #8]       : MemWrite :  D=0x0000000000081280 A=0x81288
6270500: system.cpu T0 : @malloc_consolidate+408    :   add   r3, r3, #8         : IntAlu :  D=0x0000000000081288
6270500: system.cpu T0 : @malloc_consolidate+412    :   cmps   r3, r2            : IntAlu :  D=0x0000000000000000
6270500: system.cpu T0 : @malloc_consolidate+416    :   bne                      : IntAlu : 
6271000: system.cpu T0 : @malloc_consolidate+400    :   str   r3, [r3, #12]      : MemWrite :  D=0x0000000000081288 A=0x81294
6271000: system.cpu T0 : @malloc_consolidate+404    :   str   r3, [r3, #8]       : MemWrite :  D=0x0000000000081288 A=0x81290
6271500: system.cpu T0 : @malloc_consolidate+408    :   add   r3, r3, #8         : IntAlu :  D=0x0000000000081290
6324500: system.cpu T0 : @malloc_consolidate+412    :   cmps   r3, r2            : IntAlu :  D=0x0000000000000000
6324500: system.cpu T0 : @malloc_consolidate+416    :   bne                      : IntAlu : 
6325000: system.cpu T0 : @malloc_consolidate+400    :   str   r3, [r3, #12]      : MemWrite :  D=0x0000000000081290 A=0x8129c
6325000: system.cpu T0 : @malloc_consolidate+404    :   str   r3, [r3, #8]       : MemWrite :  D=0x0000000000081290 A=0x81298
6325500: system.cpu T0 : @malloc_consolidate+408    :   add   r3, r3, #8         : IntAlu :  D=0x0000000000081298
6325500: system.cpu T0 : @malloc_consolidate+412    :   cmps   r3, r2            : IntAlu :  D=0x0000000000000000
6325500: system.cpu T0 : @malloc_consolidate+416    :   bne                      : IntAlu : 
6326000: system.cpu T0 : @malloc_consolidate+400    :   str   r3, [r3, #12]      : MemWrite :  D=0x0000000000081298 A=0x812a4
6326000: system.cpu T0 : @malloc_consolidate+404    :   str   r3, [r3, #8]       : MemWrite :  D=0x0000000000081298 A=0x812a0
6326500: system.cpu T0 : @malloc_consolidate+408    :   add   r3, r3, #8         : IntAlu :  D=0x00000000000812a0
6326500: system.cpu T0 : @malloc_consolidate+412    :   cmps   r3, r2            : IntAlu :  D=0x0000000000000000
6326500: system.cpu T0 : @malloc_consolidate+416    :   bne                      : IntAlu : 
6327000: system.cpu T0 : @malloc_consolidate+400    :   str   r3, [r3, #12]      : MemWrite :  D=0x00000000000812a0 A=0x812ac
6327000: system.cpu T0 : @malloc_consolidate+404    :   str   r3, [r3, #8]       : MemWrite :  D=0x00000000000812a0 A=0x812a8
6327500: system.cpu T0 : @malloc_consolidate+408    :   add   r3, r3, #8         : IntAlu :  D=0x00000000000812a8
6327500: system.cpu T0 : @malloc_consolidate+412    :   cmps   r3, r2            : IntAlu :  D=0x0000000000000000
6327500: system.cpu T0 : @malloc_consolidate+416    :   bne                      : IntAlu : 
6328000: system.cpu T0 : @malloc_consolidate+400    :   str   r3, [r3, #12]      : MemWrite :  D=0x00000000000812a8 A=0x812b4
6328000: system.cpu T0 : @malloc_consolidate+404    :   str   r3, [r3, #8]       : MemWrite :  D=0x00000000000812a8 A=0x812b0
6328500: system.cpu T0 : @malloc_consolidate+408    :   add   r3, r3, #8         : IntAlu :  D=0x00000000000812b0
6328500: system.cpu T0 : @malloc_consolidate+412    :   cmps   r3, r2            : IntAlu :  D=0x0000000000000000
6328500: system.cpu T0 : @malloc_consolidate+416    :   bne                      : IntAlu : 
6329000: system.cpu T0 : @malloc_consolidate+400    :   str   r3, [r3, #12]      : MemWrite :  D=0x00000000000812b0 A=0x812bc
6329000: system.cpu T0 : @malloc_consolidate+404    :   str   r3, [r3, #8]       : MemWrite :  D=0x00000000000812b0 A=0x812b8
6329500: system.cpu T0 : @malloc_consolidate+408    :   add   r3, r3, #8         : IntAlu :  D=0x00000000000812b8
6329500: system.cpu T0 : @malloc_consolidate+412    :   cmps   r3, r2            : IntAlu :  D=0x0000000000000000
6329500: system.cpu T0 : @malloc_consolidate+416    :   bne                      : IntAlu : 
6330000: system.cpu T0 : @malloc_consolidate+400    :   str   r3, [r3, #12]      : MemWrite :  D=0x00000000000812b8 A=0x812c4
6330000: system.cpu T0 : @malloc_consolidate+404    :   str   r3, [r3, #8]       : MemWrite :  D=0x00000000000812b8 A=0x812c0
6330500: system.cpu T0 : @malloc_consolidate+408    :   add   r3, r3, #8         : IntAlu :  D=0x00000000000812c0
6330500: system.cpu T0 : @malloc_consolidate+412    :   cmps   r3, r2            : IntAlu :  D=0x0000000000000000
6330500: system.cpu T0 : @malloc_consolidate+416    :   bne                      : IntAlu : 
6331000: system.cpu T0 : @malloc_consolidate+400    :   str   r3, [r3, #12]      : MemWrite :  D=0x00000000000812c0 A=0x812cc
6331000: system.cpu T0 : @malloc_consolidate+404    :   str   r3, [r3, #8]       : MemWrite :  D=0x00000000000812c0 A=0x812c8
6331500: system.cpu T0 : @malloc_consolidate+408    :   add   r3, r3, #8         : IntAlu :  D=0x00000000000812c8
6331500: system.cpu T0 : @malloc_consolidate+412    :   cmps   r3, r2            : IntAlu :  D=0x0000000000000000
6331500: system.cpu T0 : @malloc_consolidate+416    :   bne                      : IntAlu : 
6332000: system.cpu T0 : @malloc_consolidate+400    :   str   r3, [r3, #12]      : MemWrite :  D=0x00000000000812c8 A=0x812d4
6332000: system.cpu T0 : @malloc_consolidate+404    :   str   r3, [r3, #8]       : MemWrite :  D=0x00000000000812c8 A=0x812d0
6385000: system.cpu T0 : @malloc_consolidate+408    :   add   r3, r3, #8         : IntAlu :  D=0x00000000000812d0
6385000: system.cpu T0 : @malloc_consolidate+412    :   cmps   r3, r2            : IntAlu :  D=0x0000000000000000
6385000: system.cpu T0 : @malloc_consolidate+416    :   bne                      : IntAlu : 
6385500: system.cpu T0 : @malloc_consolidate+400    :   str   r3, [r3, #12]      : MemWrite :  D=0x00000000000812d0 A=0x812dc
6385500: system.cpu T0 : @malloc_consolidate+404    :   str   r3, [r3, #8]       : MemWrite :  D=0x00000000000812d0 A=0x812d8
6386000: system.cpu T0 : @malloc_consolidate+408    :   add   r3, r3, #8         : IntAlu :  D=0x00000000000812d8
6386000: system.cpu T0 : @malloc_consolidate+412    :   cmps   r3, r2            : IntAlu :  D=0x0000000000000000
6386000: system.cpu T0 : @malloc_consolidate+416    :   bne                      : IntAlu : 
6386500: system.cpu T0 : @malloc_consolidate+400    :   str   r3, [r3, #12]      : MemWrite :  D=0x00000000000812d8 A=0x812e4
6386500: system.cpu T0 : @malloc_consolidate+404    :   str   r3, [r3, #8]       : MemWrite :  D=0x00000000000812d8 A=0x812e0
6387000: system.cpu T0 : @malloc_consolidate+408    :   add   r3, r3, #8         : IntAlu :  D=0x00000000000812e0
6387000: system.cpu T0 : @malloc_consolidate+412    :   cmps   r3, r2            : IntAlu :  D=0x0000000000000000
6387000: system.cpu T0 : @malloc_consolidate+416    :   bne                      : IntAlu : 
6387500: system.cpu T0 : @malloc_consolidate+400    :   str   r3, [r3, #12]      : MemWrite :  D=0x00000000000812e0 A=0x812ec
6387500: system.cpu T0 : @malloc_consolidate+404    :   str   r3, [r3, #8]       : MemWrite :  D=0x00000000000812e0 A=0x812e8
6388000: system.cpu T0 : @malloc_consolidate+408    :   add   r3, r3, #8         : IntAlu :  D=0x00000000000812e8
6388000: system.cpu T0 : @malloc_consolidate+412    :   cmps   r3, r2            : IntAlu :  D=0x0000000000000000
6388000: system.cpu T0 : @malloc_consolidate+416    :   bne                      : IntAlu : 
6388500: system.cpu T0 : @malloc_consolidate+400    :   str   r3, [r3, #12]      : MemWrite :  D=0x00000000000812e8 A=0x812f4
6388500: system.cpu T0 : @malloc_consolidate+404    :   str   r3, [r3, #8]       : MemWrite :  D=0x00000000000812e8 A=0x812f0
6389000: system.cpu T0 : @malloc_consolidate+408    :   add   r3, r3, #8         : IntAlu :  D=0x00000000000812f0
6389000: system.cpu T0 : @malloc_consolidate+412    :   cmps   r3, r2            : IntAlu :  D=0x0000000000000000
6389000: system.cpu T0 : @malloc_consolidate+416    :   bne                      : IntAlu : 
6389500: system.cpu T0 : @malloc_consolidate+400    :   str   r3, [r3, #12]      : MemWrite :  D=0x00000000000812f0 A=0x812fc
6389500: system.cpu T0 : @malloc_consolidate+404    :   str   r3, [r3, #8]       : MemWrite :  D=0x00000000000812f0 A=0x812f8
6390000: system.cpu T0 : @malloc_consolidate+408    :   add   r3, r3, #8         : IntAlu :  D=0x00000000000812f8
6390000: system.cpu T0 : @malloc_consolidate+412    :   cmps   r3, r2            : IntAlu :  D=0x0000000000000000
6390000: system.cpu T0 : @malloc_consolidate+416    :   bne                      : IntAlu : 
6390500: system.cpu T0 : @malloc_consolidate+400    :   str   r3, [r3, #12]      : MemWrite :  D=0x00000000000812f8 A=0x81304
6390500: system.cpu T0 : @malloc_consolidate+404    :   str   r3, [r3, #8]       : MemWrite :  D=0x00000000000812f8 A=0x81300
6391000: system.cpu T0 : @malloc_consolidate+408    :   add   r3, r3, #8         : IntAlu :  D=0x0000000000081300
6391000: system.cpu T0 : @malloc_consolidate+412    :   cmps   r3, r2            : IntAlu :  D=0x0000000000000000
6391000: system.cpu T0 : @malloc_consolidate+416    :   bne                      : IntAlu : 
6391500: system.cpu T0 : @malloc_consolidate+400    :   str   r3, [r3, #12]      : MemWrite :  D=0x0000000000081300 A=0x8130c
6391500: system.cpu T0 : @malloc_consolidate+404    :   str   r3, [r3, #8]       : MemWrite :  D=0x0000000000081300 A=0x81308
6392000: system.cpu T0 : @malloc_consolidate+408    :   add   r3, r3, #8         : IntAlu :  D=0x0000000000081308
6392000: system.cpu T0 : @malloc_consolidate+412    :   cmps   r3, r2            : IntAlu :  D=0x0000000000000000
6392000: system.cpu T0 : @malloc_consolidate+416    :   bne                      : IntAlu : 
6392500: system.cpu T0 : @malloc_consolidate+400    :   str   r3, [r3, #12]      : MemWrite :  D=0x0000000000081308 A=0x81314
6446000: system.cpu T0 : @malloc_consolidate+404    :   str   r3, [r3, #8]       : MemWrite :  D=0x0000000000081308 A=0x81310
6446500: system.cpu T0 : @malloc_consolidate+408    :   add   r3, r3, #8         : IntAlu :  D=0x0000000000081310
6446500: system.cpu T0 : @malloc_consolidate+412    :   cmps   r3, r2            : IntAlu :  D=0x0000000000000000
6446500: system.cpu T0 : @malloc_consolidate+416    :   bne                      : IntAlu : 
6447000: system.cpu T0 : @malloc_consolidate+400    :   str   r3, [r3, #12]      : MemWrite :  D=0x0000000000081310 A=0x8131c
6447000: system.cpu T0 : @malloc_consolidate+404    :   str   r3, [r3, #8]       : MemWrite :  D=0x0000000000081310 A=0x81318
6447500: system.cpu T0 : @malloc_consolidate+408    :   add   r3, r3, #8         : IntAlu :  D=0x0000000000081318
6447500: system.cpu T0 : @malloc_consolidate+412    :   cmps   r3, r2            : IntAlu :  D=0x0000000000000000
6447500: system.cpu T0 : @malloc_consolidate+416    :   bne                      : IntAlu : 
6448000: system.cpu T0 : @malloc_consolidate+400    :   str   r3, [r3, #12]      : MemWrite :  D=0x0000000000081318 A=0x81324
6448000: system.cpu T0 : @malloc_consolidate+404    :   str   r3, [r3, #8]       : MemWrite :  D=0x0000000000081318 A=0x81320
6448500: system.cpu T0 : @malloc_consolidate+408    :   add   r3, r3, #8         : IntAlu :  D=0x0000000000081320
6448500: system.cpu T0 : @malloc_consolidate+412    :   cmps   r3, r2            : IntAlu :  D=0x0000000000000000
6448500: system.cpu T0 : @malloc_consolidate+416    :   bne                      : IntAlu : 
6449000: system.cpu T0 : @malloc_consolidate+400    :   str   r3, [r3, #12]      : MemWrite :  D=0x0000000000081320 A=0x8132c
6449000: system.cpu T0 : @malloc_consolidate+404    :   str   r3, [r3, #8]       : MemWrite :  D=0x0000000000081320 A=0x81328
6449500: system.cpu T0 : @malloc_consolidate+408    :   add   r3, r3, #8         : IntAlu :  D=0x0000000000081328
6449500: system.cpu T0 : @malloc_consolidate+412    :   cmps   r3, r2            : IntAlu :  D=0x0000000000000000
6449500: system.cpu T0 : @malloc_consolidate+416    :   bne                      : IntAlu : 
6450000: system.cpu T0 : @malloc_consolidate+400    :   str   r3, [r3, #12]      : MemWrite :  D=0x0000000000081328 A=0x81334
6450000: system.cpu T0 : @malloc_consolidate+404    :   str   r3, [r3, #8]       : MemWrite :  D=0x0000000000081328 A=0x81330
6450500: system.cpu T0 : @malloc_consolidate+408    :   add   r3, r3, #8         : IntAlu :  D=0x0000000000081330
6450500: system.cpu T0 : @malloc_consolidate+412    :   cmps   r3, r2            : IntAlu :  D=0x0000000000000000
6450500: system.cpu T0 : @malloc_consolidate+416    :   bne                      : IntAlu : 
6451000: system.cpu T0 : @malloc_consolidate+400    :   str   r3, [r3, #12]      : MemWrite :  D=0x0000000000081330 A=0x8133c
6451000: system.cpu T0 : @malloc_consolidate+404    :   str   r3, [r3, #8]       : MemWrite :  D=0x0000000000081330 A=0x81338
6451500: system.cpu T0 : @malloc_consolidate+408    :   add   r3, r3, #8         : IntAlu :  D=0x0000000000081338
6451500: system.cpu T0 : @malloc_consolidate+412    :   cmps   r3, r2            : IntAlu :  D=0x0000000000000000
6451500: system.cpu T0 : @malloc_consolidate+416    :   bne                      : IntAlu : 
6452000: system.cpu T0 : @malloc_consolidate+400    :   str   r3, [r3, #12]      : MemWrite :  D=0x0000000000081338 A=0x81344
6452000: system.cpu T0 : @malloc_consolidate+404    :   str   r3, [r3, #8]       : MemWrite :  D=0x0000000000081338 A=0x81340
6452500: system.cpu T0 : @malloc_consolidate+408    :   add   r3, r3, #8         : IntAlu :  D=0x0000000000081340
6452500: system.cpu T0 : @malloc_consolidate+412    :   cmps   r3, r2            : IntAlu :  D=0x0000000000000000
6452500: system.cpu T0 : @malloc_consolidate+416    :   bne                      : IntAlu : 
6453000: system.cpu T0 : @malloc_consolidate+400    :   str   r3, [r3, #12]      : MemWrite :  D=0x0000000000081340 A=0x8134c
6453000: system.cpu T0 : @malloc_consolidate+404    :   str   r3, [r3, #8]       : MemWrite :  D=0x0000000000081340 A=0x81348
6453500: system.cpu T0 : @malloc_consolidate+408    :   add   r3, r3, #8         : IntAlu :  D=0x0000000000081348
6453500: system.cpu T0 : @malloc_consolidate+412    :   cmps   r3, r2            : IntAlu :  D=0x0000000000000000
6453500: system.cpu T0 : @malloc_consolidate+416    :   bne                      : IntAlu : 
6454000: system.cpu T0 : @malloc_consolidate+400    :   str   r3, [r3, #12]      : MemWrite :  D=0x0000000000081348 A=0x81354
6454000: system.cpu T0 : @malloc_consolidate+404    :   str   r3, [r3, #8]       : MemWrite :  D=0x0000000000081348 A=0x81350
6454500: system.cpu T0 : @malloc_consolidate+408    :   add   r3, r3, #8         : IntAlu :  D=0x0000000000081350
6507500: system.cpu T0 : @malloc_consolidate+412    :   cmps   r3, r2            : IntAlu :  D=0x0000000000000000
6507500: system.cpu T0 : @malloc_consolidate+416    :   bne                      : IntAlu : 
6508000: system.cpu T0 : @malloc_consolidate+400    :   str   r3, [r3, #12]      : MemWrite :  D=0x0000000000081350 A=0x8135c
6508000: system.cpu T0 : @malloc_consolidate+404    :   str   r3, [r3, #8]       : MemWrite :  D=0x0000000000081350 A=0x81358
6508500: system.cpu T0 : @malloc_consolidate+408    :   add   r3, r3, #8         : IntAlu :  D=0x0000000000081358
6508500: system.cpu T0 : @malloc_consolidate+412    :   cmps   r3, r2            : IntAlu :  D=0x0000000000000000
6508500: system.cpu T0 : @malloc_consolidate+416    :   bne                      : IntAlu : 
6509000: system.cpu T0 : @malloc_consolidate+400    :   str   r3, [r3, #12]      : MemWrite :  D=0x0000000000081358 A=0x81364
6509000: system.cpu T0 : @malloc_consolidate+404    :   str   r3, [r3, #8]       : MemWrite :  D=0x0000000000081358 A=0x81360
6509500: system.cpu T0 : @malloc_consolidate+408    :   add   r3, r3, #8         : IntAlu :  D=0x0000000000081360
6509500: system.cpu T0 : @malloc_consolidate+412    :   cmps   r3, r2            : IntAlu :  D=0x0000000000000000
6509500: system.cpu T0 : @malloc_consolidate+416    :   bne                      : IntAlu : 
6510000: system.cpu T0 : @malloc_consolidate+400    :   str   r3, [r3, #12]      : MemWrite :  D=0x0000000000081360 A=0x8136c
6510000: system.cpu T0 : @malloc_consolidate+404    :   str   r3, [r3, #8]       : MemWrite :  D=0x0000000000081360 A=0x81368
6510500: system.cpu T0 : @malloc_consolidate+408    :   add   r3, r3, #8         : IntAlu :  D=0x0000000000081368
6510500: system.cpu T0 : @malloc_consolidate+412    :   cmps   r3, r2            : IntAlu :  D=0x0000000000000000
6510500: system.cpu T0 : @malloc_consolidate+416    :   bne                      : IntAlu : 
6511000: system.cpu T0 : @malloc_consolidate+400    :   str   r3, [r3, #12]      : MemWrite :  D=0x0000000000081368 A=0x81374
6511000: system.cpu T0 : @malloc_consolidate+404    :   str   r3, [r3, #8]       : MemWrite :  D=0x0000000000081368 A=0x81370
6511500: system.cpu T0 : @malloc_consolidate+408    :   add   r3, r3, #8         : IntAlu :  D=0x0000000000081370
6511500: system.cpu T0 : @malloc_consolidate+412    :   cmps   r3, r2            : IntAlu :  D=0x0000000000000000
6511500: system.cpu T0 : @malloc_consolidate+416    :   bne                      : IntAlu : 
6512000: system.cpu T0 : @malloc_consolidate+400    :   str   r3, [r3, #12]      : MemWrite :  D=0x0000000000081370 A=0x8137c
6512000: system.cpu T0 : @malloc_consolidate+404    :   str   r3, [r3, #8]       : MemWrite :  D=0x0000000000081370 A=0x81378
6512500: system.cpu T0 : @malloc_consolidate+408    :   add   r3, r3, #8         : IntAlu :  D=0x0000000000081378
6512500: system.cpu T0 : @malloc_consolidate+412    :   cmps   r3, r2            : IntAlu :  D=0x0000000000000000
6512500: system.cpu T0 : @malloc_consolidate+416    :   bne                      : IntAlu : 
6513000: system.cpu T0 : @malloc_consolidate+400    :   str   r3, [r3, #12]      : MemWrite :  D=0x0000000000081378 A=0x81384
6513000: system.cpu T0 : @malloc_consolidate+404    :   str   r3, [r3, #8]       : MemWrite :  D=0x0000000000081378 A=0x81380
6513500: system.cpu T0 : @malloc_consolidate+408    :   add   r3, r3, #8         : IntAlu :  D=0x0000000000081380
6513500: system.cpu T0 : @malloc_consolidate+412    :   cmps   r3, r2            : IntAlu :  D=0x0000000000000000
6513500: system.cpu T0 : @malloc_consolidate+416    :   bne                      : IntAlu : 
6514000: system.cpu T0 : @malloc_consolidate+400    :   str   r3, [r3, #12]      : MemWrite :  D=0x0000000000081380 A=0x8138c
6514000: system.cpu T0 : @malloc_consolidate+404    :   str   r3, [r3, #8]       : MemWrite :  D=0x0000000000081380 A=0x81388
6514500: system.cpu T0 : @malloc_consolidate+408    :   add   r3, r3, #8         : IntAlu :  D=0x0000000000081388
6514500: system.cpu T0 : @malloc_consolidate+412    :   cmps   r3, r2            : IntAlu :  D=0x0000000000000000
6514500: system.cpu T0 : @malloc_consolidate+416    :   bne                      : IntAlu : 
6515000: system.cpu T0 : @malloc_consolidate+400    :   str   r3, [r3, #12]      : MemWrite :  D=0x0000000000081388 A=0x81394
6515000: system.cpu T0 : @malloc_consolidate+404    :   str   r3, [r3, #8]       : MemWrite :  D=0x0000000000081388 A=0x81390
6568000: system.cpu T0 : @malloc_consolidate+408    :   add   r3, r3, #8         : IntAlu :  D=0x0000000000081390
6568000: system.cpu T0 : @malloc_consolidate+412    :   cmps   r3, r2            : IntAlu :  D=0x0000000000000000
6568000: system.cpu T0 : @malloc_consolidate+416    :   bne                      : IntAlu : 
6568500: system.cpu T0 : @malloc_consolidate+400    :   str   r3, [r3, #12]      : MemWrite :  D=0x0000000000081390 A=0x8139c
6568500: system.cpu T0 : @malloc_consolidate+404    :   str   r3, [r3, #8]       : MemWrite :  D=0x0000000000081390 A=0x81398
6569000: system.cpu T0 : @malloc_consolidate+408    :   add   r3, r3, #8         : IntAlu :  D=0x0000000000081398
6569000: system.cpu T0 : @malloc_consolidate+412    :   cmps   r3, r2            : IntAlu :  D=0x0000000000000000
6569000: system.cpu T0 : @malloc_consolidate+416    :   bne                      : IntAlu : 
6569500: system.cpu T0 : @malloc_consolidate+400    :   str   r3, [r3, #12]      : MemWrite :  D=0x0000000000081398 A=0x813a4
6569500: system.cpu T0 : @malloc_consolidate+404    :   str   r3, [r3, #8]       : MemWrite :  D=0x0000000000081398 A=0x813a0
6570000: system.cpu T0 : @malloc_consolidate+408    :   add   r3, r3, #8         : IntAlu :  D=0x00000000000813a0
6570000: system.cpu T0 : @malloc_consolidate+412    :   cmps   r3, r2            : IntAlu :  D=0x0000000000000000
6570000: system.cpu T0 : @malloc_consolidate+416    :   bne                      : IntAlu : 
6570500: system.cpu T0 : @malloc_consolidate+400    :   str   r3, [r3, #12]      : MemWrite :  D=0x00000000000813a0 A=0x813ac
6570500: system.cpu T0 : @malloc_consolidate+404    :   str   r3, [r3, #8]       : MemWrite :  D=0x00000000000813a0 A=0x813a8
6571000: system.cpu T0 : @malloc_consolidate+408    :   add   r3, r3, #8         : IntAlu :  D=0x00000000000813a8
6571000: system.cpu T0 : @malloc_consolidate+412    :   cmps   r3, r2            : IntAlu :  D=0x0000000000000000
6571000: system.cpu T0 : @malloc_consolidate+416    :   bne                      : IntAlu : 
6571500: system.cpu T0 : @malloc_consolidate+400    :   str   r3, [r3, #12]      : MemWrite :  D=0x00000000000813a8 A=0x813b4
6571500: system.cpu T0 : @malloc_consolidate+404    :   str   r3, [r3, #8]       : MemWrite :  D=0x00000000000813a8 A=0x813b0
6572000: system.cpu T0 : @malloc_consolidate+408    :   add   r3, r3, #8         : IntAlu :  D=0x00000000000813b0
6572000: system.cpu T0 : @malloc_consolidate+412    :   cmps   r3, r2            : IntAlu :  D=0x0000000000000000
6572000: system.cpu T0 : @malloc_consolidate+416    :   bne                      : IntAlu : 
6572500: system.cpu T0 : @malloc_consolidate+400    :   str   r3, [r3, #12]      : MemWrite :  D=0x00000000000813b0 A=0x813bc
6572500: system.cpu T0 : @malloc_consolidate+404    :   str   r3, [r3, #8]       : MemWrite :  D=0x00000000000813b0 A=0x813b8
6573000: system.cpu T0 : @malloc_consolidate+408    :   add   r3, r3, #8         : IntAlu :  D=0x00000000000813b8
6573000: system.cpu T0 : @malloc_consolidate+412    :   cmps   r3, r2            : IntAlu :  D=0x0000000000000000
6573000: system.cpu T0 : @malloc_consolidate+416    :   bne                      : IntAlu : 
6573500: system.cpu T0 : @malloc_consolidate+400    :   str   r3, [r3, #12]      : MemWrite :  D=0x00000000000813b8 A=0x813c4
6573500: system.cpu T0 : @malloc_consolidate+404    :   str   r3, [r3, #8]       : MemWrite :  D=0x00000000000813b8 A=0x813c0
6574000: system.cpu T0 : @malloc_consolidate+408    :   add   r3, r3, #8         : IntAlu :  D=0x00000000000813c0
6574000: system.cpu T0 : @malloc_consolidate+412    :   cmps   r3, r2            : IntAlu :  D=0x0000000000000000
6574000: system.cpu T0 : @malloc_consolidate+416    :   bne                      : IntAlu : 
6574500: system.cpu T0 : @malloc_consolidate+400    :   str   r3, [r3, #12]      : MemWrite :  D=0x00000000000813c0 A=0x813cc
6574500: system.cpu T0 : @malloc_consolidate+404    :   str   r3, [r3, #8]       : MemWrite :  D=0x00000000000813c0 A=0x813c8
6575000: system.cpu T0 : @malloc_consolidate+408    :   add   r3, r3, #8         : IntAlu :  D=0x00000000000813c8
6575000: system.cpu T0 : @malloc_consolidate+412    :   cmps   r3, r2            : IntAlu :  D=0x0000000000000000
6575000: system.cpu T0 : @malloc_consolidate+416    :   bne                      : IntAlu : 
6575500: system.cpu T0 : @malloc_consolidate+400    :   str   r3, [r3, #12]      : MemWrite :  D=0x00000000000813c8 A=0x813d4
6629000: system.cpu T0 : @malloc_consolidate+404    :   str   r3, [r3, #8]       : MemWrite :  D=0x00000000000813c8 A=0x813d0
6629500: system.cpu T0 : @malloc_consolidate+408    :   add   r3, r3, #8         : IntAlu :  D=0x00000000000813d0
6629500: system.cpu T0 : @malloc_consolidate+412    :   cmps   r3, r2            : IntAlu :  D=0x0000000000000000
6629500: system.cpu T0 : @malloc_consolidate+416    :   bne                      : IntAlu : 
6630000: system.cpu T0 : @malloc_consolidate+400    :   str   r3, [r3, #12]      : MemWrite :  D=0x00000000000813d0 A=0x813dc
6630000: system.cpu T0 : @malloc_consolidate+404    :   str   r3, [r3, #8]       : MemWrite :  D=0x00000000000813d0 A=0x813d8
6630500: system.cpu T0 : @malloc_consolidate+408    :   add   r3, r3, #8         : IntAlu :  D=0x00000000000813d8
6630500: system.cpu T0 : @malloc_consolidate+412    :   cmps   r3, r2            : IntAlu :  D=0x0000000000000000
6630500: system.cpu T0 : @malloc_consolidate+416    :   bne                      : IntAlu : 
6631000: system.cpu T0 : @malloc_consolidate+400    :   str   r3, [r3, #12]      : MemWrite :  D=0x00000000000813d8 A=0x813e4
6631000: system.cpu T0 : @malloc_consolidate+404    :   str   r3, [r3, #8]       : MemWrite :  D=0x00000000000813d8 A=0x813e0
6631500: system.cpu T0 : @malloc_consolidate+408    :   add   r3, r3, #8         : IntAlu :  D=0x00000000000813e0
6631500: system.cpu T0 : @malloc_consolidate+412    :   cmps   r3, r2            : IntAlu :  D=0x0000000000000000
6631500: system.cpu T0 : @malloc_consolidate+416    :   bne                      : IntAlu : 
6632000: system.cpu T0 : @malloc_consolidate+400    :   str   r3, [r3, #12]      : MemWrite :  D=0x00000000000813e0 A=0x813ec
6632000: system.cpu T0 : @malloc_consolidate+404    :   str   r3, [r3, #8]       : MemWrite :  D=0x00000000000813e0 A=0x813e8
6632500: system.cpu T0 : @malloc_consolidate+408    :   add   r3, r3, #8         : IntAlu :  D=0x00000000000813e8
6632500: system.cpu T0 : @malloc_consolidate+412    :   cmps   r3, r2            : IntAlu :  D=0x0000000000000000
6632500: system.cpu T0 : @malloc_consolidate+416    :   bne                      : IntAlu : 
6633000: system.cpu T0 : @malloc_consolidate+400    :   str   r3, [r3, #12]      : MemWrite :  D=0x00000000000813e8 A=0x813f4
6633000: system.cpu T0 : @malloc_consolidate+404    :   str   r3, [r3, #8]       : MemWrite :  D=0x00000000000813e8 A=0x813f0
6633500: system.cpu T0 : @malloc_consolidate+408    :   add   r3, r3, #8         : IntAlu :  D=0x00000000000813f0
6633500: system.cpu T0 : @malloc_consolidate+412    :   cmps   r3, r2            : IntAlu :  D=0x0000000000000000
6633500: system.cpu T0 : @malloc_consolidate+416    :   bne                      : IntAlu : 
6634000: system.cpu T0 : @malloc_consolidate+400    :   str   r3, [r3, #12]      : MemWrite :  D=0x00000000000813f0 A=0x813fc
6634000: system.cpu T0 : @malloc_consolidate+404    :   str   r3, [r3, #8]       : MemWrite :  D=0x00000000000813f0 A=0x813f8
6634500: system.cpu T0 : @malloc_consolidate+408    :   add   r3, r3, #8         : IntAlu :  D=0x00000000000813f8
6634500: system.cpu T0 : @malloc_consolidate+412    :   cmps   r3, r2            : IntAlu :  D=0x0000000000000000
6634500: system.cpu T0 : @malloc_consolidate+416    :   bne                      : IntAlu : 
6635000: system.cpu T0 : @malloc_consolidate+400    :   str   r3, [r3, #12]      : MemWrite :  D=0x00000000000813f8 A=0x81404
6635000: system.cpu T0 : @malloc_consolidate+404    :   str   r3, [r3, #8]       : MemWrite :  D=0x00000000000813f8 A=0x81400
6635500: system.cpu T0 : @malloc_consolidate+408    :   add   r3, r3, #8         : IntAlu :  D=0x0000000000081400
6635500: system.cpu T0 : @malloc_consolidate+412    :   cmps   r3, r2            : IntAlu :  D=0x0000000000000000
6635500: system.cpu T0 : @malloc_consolidate+416    :   bne                      : IntAlu : 
6636000: system.cpu T0 : @malloc_consolidate+400    :   str   r3, [r3, #12]      : MemWrite :  D=0x0000000000081400 A=0x8140c
6636000: system.cpu T0 : @malloc_consolidate+404    :   str   r3, [r3, #8]       : MemWrite :  D=0x0000000000081400 A=0x81408
6636500: system.cpu T0 : @malloc_consolidate+408    :   add   r3, r3, #8         : IntAlu :  D=0x0000000000081408
6636500: system.cpu T0 : @malloc_consolidate+412    :   cmps   r3, r2            : IntAlu :  D=0x0000000000000000
6636500: system.cpu T0 : @malloc_consolidate+416    :   bne                      : IntAlu : 
6637000: system.cpu T0 : @malloc_consolidate+400    :   str   r3, [r3, #12]      : MemWrite :  D=0x0000000000081408 A=0x81414
6637000: system.cpu T0 : @malloc_consolidate+404    :   str   r3, [r3, #8]       : MemWrite :  D=0x0000000000081408 A=0x81410
6637500: system.cpu T0 : @malloc_consolidate+408    :   add   r3, r3, #8         : IntAlu :  D=0x0000000000081410
6690500: system.cpu T0 : @malloc_consolidate+412    :   cmps   r3, r2            : IntAlu :  D=0x0000000000000000
6690500: system.cpu T0 : @malloc_consolidate+416    :   bne                      : IntAlu : 
6691000: system.cpu T0 : @malloc_consolidate+400    :   str   r3, [r3, #12]      : MemWrite :  D=0x0000000000081410 A=0x8141c
6691000: system.cpu T0 : @malloc_consolidate+404    :   str   r3, [r3, #8]       : MemWrite :  D=0x0000000000081410 A=0x81418
6691500: system.cpu T0 : @malloc_consolidate+408    :   add   r3, r3, #8         : IntAlu :  D=0x0000000000081418
6691500: system.cpu T0 : @malloc_consolidate+412    :   cmps   r3, r2            : IntAlu :  D=0x0000000000000000
6691500: system.cpu T0 : @malloc_consolidate+416    :   bne                      : IntAlu : 
6692000: system.cpu T0 : @malloc_consolidate+400    :   str   r3, [r3, #12]      : MemWrite :  D=0x0000000000081418 A=0x81424
6692000: system.cpu T0 : @malloc_consolidate+404    :   str   r3, [r3, #8]       : MemWrite :  D=0x0000000000081418 A=0x81420
6692500: system.cpu T0 : @malloc_consolidate+408    :   add   r3, r3, #8         : IntAlu :  D=0x0000000000081420
6692500: system.cpu T0 : @malloc_consolidate+412    :   cmps   r3, r2            : IntAlu :  D=0x0000000000000000
6692500: system.cpu T0 : @malloc_consolidate+416    :   bne                      : IntAlu : 
6693000: system.cpu T0 : @malloc_consolidate+400    :   str   r3, [r3, #12]      : MemWrite :  D=0x0000000000081420 A=0x8142c
6693000: system.cpu T0 : @malloc_consolidate+404    :   str   r3, [r3, #8]       : MemWrite :  D=0x0000000000081420 A=0x81428
6693500: system.cpu T0 : @malloc_consolidate+408    :   add   r3, r3, #8         : IntAlu :  D=0x0000000000081428
6693500: system.cpu T0 : @malloc_consolidate+412    :   cmps   r3, r2            : IntAlu :  D=0x0000000000000000
6693500: system.cpu T0 : @malloc_consolidate+416    :   bne                      : IntAlu : 
6694000: system.cpu T0 : @malloc_consolidate+400    :   str   r3, [r3, #12]      : MemWrite :  D=0x0000000000081428 A=0x81434
6694000: system.cpu T0 : @malloc_consolidate+404    :   str   r3, [r3, #8]       : MemWrite :  D=0x0000000000081428 A=0x81430
6694500: system.cpu T0 : @malloc_consolidate+408    :   add   r3, r3, #8         : IntAlu :  D=0x0000000000081430
6694500: system.cpu T0 : @malloc_consolidate+412    :   cmps   r3, r2            : IntAlu :  D=0x0000000000000000
6694500: system.cpu T0 : @malloc_consolidate+416    :   bne                      : IntAlu : 
6695000: system.cpu T0 : @malloc_consolidate+400    :   str   r3, [r3, #12]      : MemWrite :  D=0x0000000000081430 A=0x8143c
6695000: system.cpu T0 : @malloc_consolidate+404    :   str   r3, [r3, #8]       : MemWrite :  D=0x0000000000081430 A=0x81438
6695500: system.cpu T0 : @malloc_consolidate+408    :   add   r3, r3, #8         : IntAlu :  D=0x0000000000081438
6695500: system.cpu T0 : @malloc_consolidate+412    :   cmps   r3, r2            : IntAlu :  D=0x0000000000000000
6695500: system.cpu T0 : @malloc_consolidate+416    :   bne                      : IntAlu : 
6696000: system.cpu T0 : @malloc_consolidate+400    :   str   r3, [r3, #12]      : MemWrite :  D=0x0000000000081438 A=0x81444
6696000: system.cpu T0 : @malloc_consolidate+404    :   str   r3, [r3, #8]       : MemWrite :  D=0x0000000000081438 A=0x81440
6696500: system.cpu T0 : @malloc_consolidate+408    :   add   r3, r3, #8         : IntAlu :  D=0x0000000000081440
6696500: system.cpu T0 : @malloc_consolidate+412    :   cmps   r3, r2            : IntAlu :  D=0x0000000000000000
6696500: system.cpu T0 : @malloc_consolidate+416    :   bne                      : IntAlu : 
6697000: system.cpu T0 : @malloc_consolidate+400    :   str   r3, [r3, #12]      : MemWrite :  D=0x0000000000081440 A=0x8144c
6697000: system.cpu T0 : @malloc_consolidate+404    :   str   r3, [r3, #8]       : MemWrite :  D=0x0000000000081440 A=0x81448
6697500: system.cpu T0 : @malloc_consolidate+408    :   add   r3, r3, #8         : IntAlu :  D=0x0000000000081448
6697500: system.cpu T0 : @malloc_consolidate+412    :   cmps   r3, r2            : IntAlu :  D=0x0000000000000000
6697500: system.cpu T0 : @malloc_consolidate+416    :   bne                      : IntAlu : 
6698000: system.cpu T0 : @malloc_consolidate+400    :   str   r3, [r3, #12]      : MemWrite :  D=0x0000000000081448 A=0x81454
6698000: system.cpu T0 : @malloc_consolidate+404    :   str   r3, [r3, #8]       : MemWrite :  D=0x0000000000081448 A=0x81450
6751000: system.cpu T0 : @malloc_consolidate+408    :   add   r3, r3, #8         : IntAlu :  D=0x0000000000081450
6751000: system.cpu T0 : @malloc_consolidate+412    :   cmps   r3, r2            : IntAlu :  D=0x0000000000000000
6751000: system.cpu T0 : @malloc_consolidate+416    :   bne                      : IntAlu : 
6751500: system.cpu T0 : @malloc_consolidate+400    :   str   r3, [r3, #12]      : MemWrite :  D=0x0000000000081450 A=0x8145c
6751500: system.cpu T0 : @malloc_consolidate+404    :   str   r3, [r3, #8]       : MemWrite :  D=0x0000000000081450 A=0x81458
6752000: system.cpu T0 : @malloc_consolidate+408    :   add   r3, r3, #8         : IntAlu :  D=0x0000000000081458
6752000: system.cpu T0 : @malloc_consolidate+412    :   cmps   r3, r2            : IntAlu :  D=0x0000000000000001
6752000: system.cpu T0 : @malloc_consolidate+416    :   bne                      : IntAlu : Predicated False
6817000: system.cpu T0 : @malloc_consolidate+420    :   ldr   r2, [pc, #284]     : MemRead :  D=0x0000000000081024 A=0xbe80
6817500: system.cpu T0 : @malloc_consolidate+424    :   str   r1, [r10, #48]     : MemWrite :  D=0x0000000000081060 A=0x81060
6817500: system.cpu T0 : @malloc_consolidate+428    :   add   r3, r2, #12        : IntAlu :  D=0x0000000000081030
6817500: system.cpu T0 : @malloc_consolidate+432    :   cmps   r10, r3           : IntAlu :  D=0x0000000000000001
6818000: system.cpu T0 : @malloc_consolidate+436    :   ldrne   r3, [r10, #4]    : MemRead : Predicated False
6818500: system.cpu T0 : @malloc_consolidate+440    :   ldreq   r3, [r2, #16]    : MemRead :  D=0x0000000000000000 A=0x81034
6818500: system.cpu T0 : @malloc_consolidate+444    :   orrne   r3, r3, #2       : IntAlu : Predicated False
6818500: system.cpu T0 : @malloc_consolidate+448    :   strne   r3, [r10, #4]    : MemWrite : Predicated False
6819000: system.cpu T0 : @malloc_consolidate+452    :   moveq   r0, #72          : IntAlu :  D=0x0000000000000048
6819500: system.cpu T0 : @malloc_consolidate+456    :   orr   r3, r3, #1         : IntAlu :  D=0x0000000000000001
6819500: system.cpu T0 : @malloc_consolidate+460    :   streq   r0, [r2, #1176]  : MemWrite :  D=0x0000000000000048 A=0x814bc
6819500: system.cpu T0 : @malloc_consolidate+464    :   str   r3, [r10, #4]      : MemWrite :  D=0x0000000000000001 A=0x81034
6820000: system.cpu T0 : @malloc_consolidate+468    :   add   sp, sp, #20        : IntAlu :  D=0x00000000befffc7c
6820500: system.cpu T0 : @malloc_consolidate+472    : ldmstm                    
6820500: system.cpu T0 : @malloc_consolidate+472.0  :   ldr2_uop   r4,r5, [sp, #0] : MemRead :  D=0x0000000000000010 A=0xbefffc7c
6820500: system.cpu T0 : @malloc_consolidate+472.1  :   ldr2_uop   r6,r7, [sp, #8] : MemRead :  D=0x0000000000081030 A=0xbefffc84
6820500: system.cpu T0 : @malloc_consolidate+472.2  :   ldr2_uop   r8,r9, [sp, #16] : MemRead :  D=0x0000000000000000 A=0xbefffc8c
6821000: system.cpu T0 : @malloc_consolidate+472.3  :   ldr2_uop   r10,fp, [sp, #24] : MemRead :  D=0x00000000befffd5c A=0xbefffc94
6821000: system.cpu T0 : @malloc_consolidate+472.4  :   ldr_uop   lr, [sp, #32]  : MemRead :  D=0x000000000000e6a4 A=0xbefffc9c
6821000: system.cpu T0 : @malloc_consolidate+472.5  :   addi_uop   sp, sp, #36   : IntAlu :  D=0x00000000befffca0
6821500: system.cpu T0 : @malloc_consolidate+476    :   bx                       : IntAlu : 
6822000: system.cpu T0 : @_int_malloc+1976    :   b                        : IntAlu : 
6880500: system.cpu T0 : @_int_malloc+408    :   ldr   fp, [pc, #3472]    : MemRead :  D=0x00000000000001ff A=0xee1c
6880500: system.cpu T0 : @_int_malloc+412    :   add   r7, r4, #48        : IntAlu :  D=0x0000000000081060
6880500: system.cpu T0 : @_int_malloc+416    :   mov   r9, r5             : IntAlu :  D=0x0000000000000010
6885000: system.cpu T0 : @_int_malloc+420    :   add   r2, r9, #16        : IntAlu :  D=0x0000000000000020
6885000: system.cpu T0 : @_int_malloc+424    :   mov   r8, #0             : IntAlu :  D=0x0000000000000000
6885000: system.cpu T0 : @_int_malloc+428    :   str   r2, [sp, #28]      : MemWrite :  D=0x0000000000000020 A=0xbefffcbc
6885500: system.cpu T0 : @_int_malloc+432    :   b                        : IntAlu : 
6944500: system.cpu T0 : @_int_malloc+520    :   ldr   r6, [r7, #12]      : MemRead :  D=0x0000000000081060 A=0x8106c
6944500: system.cpu T0 : @_int_malloc+524    :   cmps   r7, r6            : IntAlu :  D=0x0000000000000001
6944500: system.cpu T0 : @_int_malloc+528    :   beq                      : IntAlu : 
7006500: system.cpu T0 : @_int_malloc+1072    :   cmps   r9, fp            : IntAlu :  D=0x0000000000000000
7011000: system.cpu T0 : @_int_malloc+1076    :   bhi                      : IntAlu : Predicated False
7011000: system.cpu T0 : @_int_malloc+1080    :   ldr   r2, [sp, #24]      : MemRead :  D=0x0000000000000002 A=0xbefffcb8
7011000: system.cpu T0 : @_int_malloc+1084    :   mov   r5, #1             : IntAlu :  D=0x0000000000000001
7011500: system.cpu T0 : @_int_malloc+1088    :   add   r0, r2, #1         : IntAlu :  D=0x0000000000000003
7012000: system.cpu T0 : @_int_malloc+1092    :   and   r3, r0, #31        : IntAlu :  D=0x0000000000000003
7012000: system.cpu T0 : @_int_malloc+1096    :   mov   r0, r0, LSR #5     : IntAlu :  D=0x0000000000000000
7012000: system.cpu T0 : @_int_malloc+1100    :   mov   r3, r5, LSL r3     : IntAlu :  D=0x0000000000000008
7012500: system.cpu T0 : @_int_malloc+1104    :   add   r12, r0, #268      : IntAlu :  D=0x000000000000010c
7068500: system.cpu T0 : @_int_malloc+1108    :   ldr   r5, [sp, #12]      : MemRead :  D=0x0000000000081068 A=0xbefffcac
7068500: system.cpu T0 : @_int_malloc+1112    :   sub   r2, r2, #1         : IntAlu :  D=0x0000000000000001
7068500: system.cpu T0 : @_int_malloc+1116    :   ldr   r1, [r4, r12 LSL #2] : MemRead :  D=0x0000000000000000 A=0x81460
7069000: system.cpu T0 : @_int_malloc+1120    :   add   r2, r5, r2, LSL #3 : IntAlu :  D=0x0000000000081070
7073000: system.cpu T0 : @_int_malloc+1124    :   mov   r8, r5             : IntAlu :  D=0x0000000000081068
7073000: system.cpu T0 : @_int_malloc+1128    :   cmps   r3, r1            : IntAlu :  D=0x0000000000000001
7073000: system.cpu T0 : @_int_malloc+1132    :   movls   r5, #0           : IntAlu : Predicated False
7073500: system.cpu T0 : @_int_malloc+1136    :   movhi   r5, #1           : IntAlu :  D=0x0000000000000001
7074000: system.cpu T0 : @_int_malloc+1140    :   cmps   r3, #0            : IntAlu :  D=0x0000000000000001
7074000: system.cpu T0 : @_int_malloc+1144    :   orreq   r5, r5, #1       : IntAlu : Predicated False
7074000: system.cpu T0 : @_int_malloc+1148    :   cmps   r5, #0            : IntAlu :  D=0x0000000000000001
7074500: system.cpu T0 : @_int_malloc+1152    :   beq                      : IntAlu : Predicated False
7075000: system.cpu T0 : @_int_malloc+1156    :   add   r12, r4, r12, LSL #2 : IntAlu :  D=0x0000000000081460
7075000: system.cpu T0 : @_int_malloc+1160    :   add   r0, r0, #1         : IntAlu :  D=0x0000000000000001
7075000: system.cpu T0 : @_int_malloc+1164    :   cmps   r0, #3            : IntAlu :  D=0x0000000000000000
7075500: system.cpu T0 : @_int_malloc+1168    :   bhi                      : IntAlu : Predicated False
7131500: system.cpu T0 : @_int_malloc+1172    :   ldr   r1, [r12, #4]!    
7131500: system.cpu T0 : @_int_malloc+1172.0  :   ldr   r1, [r12, #4]!     : MemRead :  D=0x0000000000000000 A=0x81464
7131500: system.cpu T0 : @_int_malloc+1172.1  :   addi_uop   r12, r12, #4  : IntAlu :  D=0x0000000000081464
7131500: system.cpu T0 : @_int_malloc+1176    :   cmps   r1, #0            : IntAlu :  D=0x0000000000000001
7132000: system.cpu T0 : @_int_malloc+1180    :   beq                      : IntAlu : 
7139500: system.cpu T0 : @_int_malloc+1160    :   add   r0, r0, #1         : IntAlu :  D=0x0000000000000002
7139500: system.cpu T0 : @_int_malloc+1164    :   cmps   r0, #3            : IntAlu :  D=0x0000000000000000
7139500: system.cpu T0 : @_int_malloc+1168    :   bhi                      : IntAlu : Predicated False
7140000: system.cpu T0 : @_int_malloc+1172    :   ldr   r1, [r12, #4]!    
7140000: system.cpu T0 : @_int_malloc+1172.0  :   ldr   r1, [r12, #4]!     : MemRead :  D=0x0000000000000000 A=0x81468
7140000: system.cpu T0 : @_int_malloc+1172.1  :   addi_uop   r12, r12, #4  : IntAlu :  D=0x0000000000081468
7140000: system.cpu T0 : @_int_malloc+1176    :   cmps   r1, #0            : IntAlu :  D=0x0000000000000001
7140500: system.cpu T0 : @_int_malloc+1180    :   beq                      : IntAlu : 
7148000: system.cpu T0 : @_int_malloc+1160    :   add   r0, r0, #1         : IntAlu :  D=0x0000000000000003
7148000: system.cpu T0 : @_int_malloc+1164    :   cmps   r0, #3            : IntAlu :  D=0x0000000000000001
7148000: system.cpu T0 : @_int_malloc+1168    :   bhi                      : IntAlu : Predicated False
7148500: system.cpu T0 : @_int_malloc+1172    :   ldr   r1, [r12, #4]!    
7148500: system.cpu T0 : @_int_malloc+1172.0  :   ldr   r1, [r12, #4]!     : MemRead :  D=0x0000000000000000 A=0x8146c
7148500: system.cpu T0 : @_int_malloc+1172.1  :   addi_uop   r12, r12, #4  : IntAlu :  D=0x000000000008146c
7148500: system.cpu T0 : @_int_malloc+1176    :   cmps   r1, #0            : IntAlu :  D=0x0000000000000001
7149000: system.cpu T0 : @_int_malloc+1180    :   beq                      : IntAlu : 
7156500: system.cpu T0 : @_int_malloc+1160    :   add   r0, r0, #1         : IntAlu :  D=0x0000000000000004
7156500: system.cpu T0 : @_int_malloc+1164    :   cmps   r0, #3            : IntAlu :  D=0x0000000000000001
7156500: system.cpu T0 : @_int_malloc+1168    :   bhi                      : IntAlu : 
7212500: system.cpu T0 : @_int_malloc+1312    :   ldr   r6, [r4, #48]      : MemRead :  D=0x0000000000081060 A=0x81060
7217000: system.cpu T0 : @_int_malloc+1316    :   add   r10, r9, #16       : IntAlu :  D=0x0000000000000020
7217000: system.cpu T0 : @_int_malloc+1320    :   ldr   r8, [r6, #4]       : MemRead :  D=0x0000000000000000 A=0x81064
7217000: system.cpu T0 : @_int_malloc+1324    :   bic   r8, r8, #7         : IntAlu :  D=0x0000000000000000
7217500: system.cpu T0 : @_int_malloc+1328    :   cmps   r8, r10           : IntAlu :  D=0x0000000000000000
7218000: system.cpu T0 : @_int_malloc+1332    :   bcs                      : IntAlu : Predicated False
7218000: system.cpu T0 : @_int_malloc+1336    :   ldr   r3, [r4, #4]       : MemRead :  D=0x0000000000000001 A=0x81034
7218000: system.cpu T0 : @_int_malloc+1340    :   tsts   r3, #1            : IntAlu :  D=0x0000000000000000
7218500: system.cpu T0 : @_int_malloc+1344    :   bne                      : IntAlu : 
7280500: system.cpu T0 : @_int_malloc+2080    :   ldr   r3, [pc, #1792]    : MemRead :  D=0x0000000000081024 A=0xee14
7285000: system.cpu T0 : @_int_malloc+2084    :   mov   r5, r9             : IntAlu :  D=0x0000000000000010
7285000: system.cpu T0 : @_int_malloc+2088    :   ldr   r2, [r3, #1136]    : MemRead :  D=0x0000000000020000 A=0x81494
7285000: system.cpu T0 : @_int_malloc+2092    :   ldr   r3, [r3, #1156]    : MemRead :  D=0x0000000000001000 A=0x814a8
7285500: system.cpu T0 : @_int_malloc+2096    :   cmps   r5, r2            : IntAlu :  D=0x0000000000000000
7286000: system.cpu T0 : @_int_malloc+2100    :   sub   r3, r3, #1         : IntAlu :  D=0x0000000000000fff
7286000: system.cpu T0 : @_int_malloc+2104    :   str   r3, [sp, #20]      : MemWrite :  D=0x0000000000000fff A=0xbefffcb4
7286000: system.cpu T0 : @_int_malloc+2108    :   mov   r9, r6             : IntAlu :  D=0x0000000000081060
7286500: system.cpu T0 : @_int_malloc+2112    :   ldr   r3, [pc, #1760]    : MemRead :  D=0x0000000000081024 A=0xee14
7287000: system.cpu T0 : @_int_malloc+2116    :   bcc                      : IntAlu : 
7349500: system.cpu T0 : @_int_malloc+2664    :   mov   r2, #0             : IntAlu :  D=0x0000000000000000
7349500: system.cpu T0 : @_int_malloc+2668    :   str   r2, [sp, #12]      : MemWrite :  D=0x0000000000000000 A=0xbefffcac
7349500: system.cpu T0 : @_int_malloc+2672    :   b                        : IntAlu : 
7354500: system.cpu T0 : @_int_malloc+2184    :   ldr   r0, [pc, #1692]    : MemRead :  D=0x0000000000081030 A=0xee18
7354500: system.cpu T0 : @_int_malloc+2188    :   ldr   r3, [pc, #1684]    : MemRead :  D=0x0000000000081024 A=0xee14
7354500: system.cpu T0 : @_int_malloc+2192    :   cmps   r4, r0            : IntAlu :  D=0x0000000000000001
7418500: system.cpu T0 : @_int_malloc+2196    :   beq                      : IntAlu : 
7479500: system.cpu T0 : @_int_malloc+3120    :   ldr   r1, [r3, #1132]    : MemRead :  D=0x0000000000020000 A=0x81490
7484000: system.cpu T0 : @_int_malloc+3124    :   ldr   r2, [r3, #16]      : MemRead :  D=0x0000000000000001 A=0x81034
7484000: system.cpu T0 : @_int_malloc+3128    :   ldr   r0, [sp, #20]      : MemRead :  D=0x0000000000000fff A=0xbefffcb4
7484000: system.cpu T0 : @_int_malloc+3132    :   ands   r3, r2, #2        : IntAlu :  D=0x0000000000000001
7484500: system.cpu T0 : @_int_malloc+3136    :   add   r2, r1, #16        : IntAlu :  D=0x0000000000020010
7485000: system.cpu T0 : @_int_malloc+3140    :   add   r2, r2, r5         : IntAlu :  D=0x0000000000020020
7485000: system.cpu T0 : @_int_malloc+3144    :   rsbeq   r2, r8, r2       : IntAlu :  D=0x0000000000020020
7485000: system.cpu T0 : @_int_malloc+3148    :   mvn   r1, r0             : IntAlu :  D=0x00000000fffff000
7485500: system.cpu T0 : @_int_malloc+3152    :   add   r2, r2, r0         : IntAlu :  D=0x000000000002101f
7541500: system.cpu T0 : @_int_malloc+3156    :   and   r7, r2, r1         : IntAlu :  D=0x0000000000021000
7541500: system.cpu T0 : @_int_malloc+3160    :   cmps   r7, #0            : IntAlu :  D=0x0000000000000001
7541500: system.cpu T0 : @_int_malloc+3164    :   str   r1, [sp, #24]      : MemWrite :  D=0x00000000fffff000 A=0xbefffcb8
7542000: system.cpu T0 : @_int_malloc+3168    :   ble                      : IntAlu : Predicated False
7546000: system.cpu T0 : @_int_malloc+3172    :   mov   r0, r7             : IntAlu :  D=0x0000000000021000
7546000: system.cpu T0 : @_int_malloc+3176    :   ldr   r3, [pc, #716]     : MemRead :  D=0x0000000000080490 A=0xee28
7546000: system.cpu T0 : @_int_malloc+3180    :   ldr   r12, [r3, #4]      : MemRead :  D=0x0000000000011410 A=0x80494
7546500: system.cpu T0 : @_int_malloc+3184    :   mov   lr, pc             : IntAlu :  D=0x000000000000eb64
7547000: system.cpu T0 : @_int_malloc+3188    :   bx                       : IntAlu : 
7555500: system.cpu T0 : @__default_morecore    : ldmstm                    
7555500: system.cpu T0 : @__default_morecore.0  :   str_uop   r4, [sp, #8]   : MemWrite :  D=0x0000000000081030 A=0xbefffc98
7555500: system.cpu T0 : @__default_morecore.1  :   str_uop   lr, [sp, #4]   : MemWrite :  D=0x000000000000eb64 A=0xbefffc9c
7555500: system.cpu T0 : @__default_morecore.2  :   subi_uop   sp, sp, #8    : IntAlu :  D=0x00000000befffc98
7556000: system.cpu T0 : @__default_morecore+4    :   bl                       : IntAlu :  D=0x0000000000011418
7579500: system.cpu T0 : @sbrk    : ldmstm                    
7579500: system.cpu T0 : @sbrk.0  :   str_uop   r4, [sp, #16]  : MemWrite :  D=0x0000000000081030 A=0xbefffc88
7579500: system.cpu T0 : @sbrk.1  :   str_uop   r5, [sp, #12]  : MemWrite :  D=0x0000000000000010 A=0xbefffc8c
7579500: system.cpu T0 : @sbrk.2  :   str_uop   r6, [sp, #8]   : MemWrite :  D=0x0000000000081060 A=0xbefffc90
7580000: system.cpu T0 : @sbrk.3  :   str_uop   lr, [sp, #4]   : MemWrite :  D=0x0000000000011418 A=0xbefffc94
7580000: system.cpu T0 : @sbrk.4  :   subi_uop   sp, sp, #16   : IntAlu :  D=0x00000000befffc88
7580000: system.cpu T0 : @sbrk+4    :   ldr   r5, [pc, #100]     : MemRead :  D=0x0000000000081c40 A=0x12778
7584000: system.cpu T0 : @sbrk+8    :   mov   r6, r0             : IntAlu :  D=0x0000000000021000
7584000: system.cpu T0 : @sbrk+12    :   ldr   r4, [r5, #0]       : MemRead :  D=0x0000000000083ce0 A=0x81c40
7584000: system.cpu T0 : @sbrk+16    :   cmps   r4, #0            : IntAlu :  D=0x0000000000000001
7584500: system.cpu T0 : @sbrk+20    :   beq                      : IntAlu : Predicated False
7585000: system.cpu T0 : @sbrk+24    :   ldr   r3, [pc, #84]      : MemRead :  D=0x00000000000804f4 A=0x1277c
7585000: system.cpu T0 : @sbrk+28    :   ldr   r3, [r3, #0]       : MemRead :  D=0x0000000000000000 A=0x804f4
7585000: system.cpu T0 : @sbrk+32    :   cmps   r3, #0            : IntAlu :  D=0x0000000000000001
7585500: system.cpu T0 : @sbrk+36    :   bne                      : IntAlu : Predicated False
7586000: system.cpu T0 : @sbrk+40    :   cmps   r6, #0            : IntAlu :  D=0x0000000000000001
7586000: system.cpu T0 : @sbrk+44    :   bne                      : IntAlu : 
7647500: system.cpu T0 : @sbrk+88    :   add   r0, r4, r6         : IntAlu :  D=0x00000000000a4ce0
7647500: system.cpu T0 : @sbrk+92    :   bl                       : IntAlu :  D=0x0000000000012768
7648000: system.cpu T0 : @brk    : ldmstm                    
7648000: system.cpu T0 : @brk.0  :   str_uop   r7, [sp, #8]   : MemWrite :  D=0x0000000000021000 A=0xbefffc80
7648000: system.cpu T0 : @brk.1  :   str_uop   lr, [sp, #4]   : MemWrite :  D=0x0000000000012768 A=0xbefffc84
7648000: system.cpu T0 : @brk.2  :   subi_uop   sp, sp, #8    : IntAlu :  D=0x00000000befffc80
7648500: system.cpu T0 : @brk+4    :   mov   r2, r0             : IntAlu :  D=0x00000000000a4ce0
7649000: system.cpu T0 : @brk+8    :   mov   r7, #45            : IntAlu :  D=0x000000000000002d
7649000: system.cpu T0 : @brk+12    :   svc   #0                 : IntAlu : 
7666500: system.cpu T0 : @brk+16    :   cmns   r0, #4096         : IntAlu :  D=0x0000000000000000
7666500: system.cpu T0 : @brk+20    :   mov   r3, r0             : IntAlu :  D=0x00000000000a4ce0
7667000: system.cpu T0 : @brk+24    :   bhi                      : IntAlu : Predicated False
7667000: system.cpu T0 : @brk+28    :   cmps   r2, r0            : IntAlu :  D=0x0000000000000001
7667000: system.cpu T0 : @brk+32    :   ldr   r2, [pc, #84]      : MemRead :  D=0x0000000000081c40 A=0x31ee4
7667500: system.cpu T0 : @brk+36    :   str   r0, [r2, #0]       : MemWrite :  D=0x00000000000a4ce0 A=0x81c40
7668000: system.cpu T0 : @brk+40    :   movls   r0, #0           : IntAlu :  D=0x0000000000000000
7668000: system.cpu T0 : @brk+44    :   bhi                      : IntAlu : Predicated False
7668000: system.cpu T0 : @brk+48    : ldmstm                    
7668000: system.cpu T0 : @brk+48.0  :   ldr2_uop   r7,lr, [sp, #0] : MemRead :  D=0x0000000000012768 A=0xbefffc80
7668500: system.cpu T0 : @brk+48.1  :   addi_uop   sp, sp, #8    : IntAlu :  D=0x00000000befffc88
7668500: system.cpu T0 : @brk+52    :   bx                       : IntAlu : 
7669000: system.cpu T0 : @sbrk+96    :   cmps   r0, #0            : IntAlu :  D=0x0000000000000001
7669000: system.cpu T0 : @sbrk+100    :   bge                      : IntAlu : 
7675000: system.cpu T0 : @sbrk+48    :   mov   r0, r4             : IntAlu :  D=0x0000000000083ce0
7675000: system.cpu T0 : @sbrk+52    : ldmstm                    
7675000: system.cpu T0 : @sbrk+52.0  :   ldr2_uop   r4,r5, [sp, #0] : MemRead :  D=0x0000000000000010 A=0xbefffc88
7675000: system.cpu T0 : @sbrk+52.1  :   ldr2_uop   r6,lr, [sp, #8] : MemRead :  D=0x0000000000011418 A=0xbefffc90
7675500: system.cpu T0 : @sbrk+52.2  :   addi_uop   sp, sp, #16   : IntAlu :  D=0x00000000befffc98
7676000: system.cpu T0 : @sbrk+56    :   bx                       : IntAlu : 
7676500: system.cpu T0 : @__default_morecore+8    :   cmns   r0, #1            : IntAlu :  D=0x0000000000000000
7676500: system.cpu T0 : @__default_morecore+12    :   moveq   r0, #0           : IntAlu : Predicated False
7677000: system.cpu T0 : @__default_morecore+16    : ldmstm                    
7677000: system.cpu T0 : @__default_morecore+16.0  :   ldr2_uop   r4,lr, [sp, #0] : MemRead :  D=0x000000000000eb64 A=0xbefffc98
7677000: system.cpu T0 : @__default_morecore+16.1  :   addi_uop   sp, sp, #8    : IntAlu :  D=0x00000000befffca0
7677000: system.cpu T0 : @__default_morecore+20    :   bx                       : IntAlu : 
7684500: system.cpu T0 : @_int_malloc+3192    :   subs   r9, r0, #0        : IntAlu :  D=0x0000000000000001
7684500: system.cpu T0 : @_int_malloc+3196    :   beq                      : IntAlu : Predicated False
7684500: system.cpu T0 : @_int_malloc+3200    :   ldr   r3, [pc, #712]     : MemRead :  D=0x00000000000814f0 A=0xee3c
7685000: system.cpu T0 : @_int_malloc+3204    :   ldr   r3, [r3, #0]       : MemRead :  D=0x0000000000000000 A=0x814f0
7685000: system.cpu T0 : @_int_malloc+3208    :   cmps   r3, #0            : IntAlu :  D=0x0000000000000001
7685000: system.cpu T0 : @_int_malloc+3212    :   movne   lr, pc           : IntAlu : Predicated False
7685500: system.cpu T0 : @_int_malloc+3216    :   bxne                     : IntAlu : Predicated False
7686000: system.cpu T0 : @_int_malloc+3220    :   mov   r1, #1             : IntAlu :  D=0x0000000000000001
7686000: system.cpu T0 : @_int_malloc+3224    :   mov   fp, #0             : IntAlu :  D=0x0000000000000000
7686000: system.cpu T0 : @_int_malloc+3228    :   ldr   r0, [pc, #644]     : MemRead :  D=0x0000000000081024 A=0xee14
7686500: system.cpu T0 : @_int_malloc+3232    :   ldr   r2, [pc, #640]     : MemRead :  D=0x0000000000081024 A=0xee14
7687000: system.cpu T0 : @_int_malloc+3236    :   ldr   r3, [r0, #1172]    : MemRead :  D=0x0000000000000000 A=0x814b8
7687000: system.cpu T0 : @_int_malloc+3240    :   ldr   r12, [r2, #1104]   : MemRead :  D=0x0000000000000000 A=0x81474
7687000: system.cpu T0 : @_int_malloc+3244    :   cmps   r3, #0            : IntAlu :  D=0x0000000000000001
7687500: system.cpu T0 : @_int_malloc+3248    :   moveq   r3, r0           : IntAlu :  D=0x0000000000081024
7688000: system.cpu T0 : @_int_malloc+3252    :   add   r2, r6, r8         : IntAlu :  D=0x0000000000081060
7688000: system.cpu T0 : @_int_malloc+3256    :   streq   r9, [r3, #1172]  : MemWrite :  D=0x0000000000083ce0 A=0x814b8
7688000: system.cpu T0 : @_int_malloc+3260    :   cmps   r2, r9            : IntAlu :  D=0x0000000000000000
7688500: system.cpu T0 : @_int_malloc+3264    :   movne   r3, #0           : IntAlu :  D=0x0000000000000000
7689000: system.cpu T0 : @_int_malloc+3268    :   andeq   r3, r1, #1       : IntAlu : Predicated False
7689000: system.cpu T0 : @_int_malloc+3272    :   cmps   r3, #0            : IntAlu :  D=0x0000000000000001
7689000: system.cpu T0 : @_int_malloc+3276    :   ldr   r3, [pc, #596]     : MemRead :  D=0x0000000000081024 A=0xee14
7689500: system.cpu T0 : @_int_malloc+3280    :   add   r12, r7, r12       : IntAlu :  D=0x0000000000021000
7774500: system.cpu T0 : @_int_malloc+3284    :   str   r12, [r3, #1104]   : MemWrite :  D=0x0000000000021000 A=0x81474
7774500: system.cpu T0 : @_int_malloc+3288    :   beq                      : IntAlu : 
7835500: system.cpu T0 : @_int_malloc+3452    :   ldr   r3, [pc, #420]     : MemRead :  D=0x0000000000081024 A=0xee14
7835500: system.cpu T0 : @_int_malloc+3456    :   ldr   r0, [r3, #16]      : MemRead :  D=0x0000000000000001 A=0x81034
7840000: system.cpu T0 : @_int_malloc+3460    :   subs   r3, r8, #0        : IntAlu :  D=0x0000000000000001
7840000: system.cpu T0 : @_int_malloc+3464    :   movne   r3, #1           : IntAlu : Predicated False
7840000: system.cpu T0 : @_int_malloc+3468    :   mov   r0, r0, LSR #1     : IntAlu :  D=0x0000000000000000
7840500: system.cpu T0 : @_int_malloc+3472    :   eor   r0, r0, #1         : IntAlu :  D=0x0000000000000001
8130500: system.cpu T0 : @_int_malloc+3476    :   and   r0, r0, #1         : IntAlu :  D=0x0000000000000001
8130500: system.cpu T0 : @_int_malloc+3480    :   tsts   r3, r0            : IntAlu :  D=0x0000000000000001
8130500: system.cpu T0 : @_int_malloc+3484    :   str   r3, [sp, #28]      : MemWrite :  D=0x0000000000000000 A=0xbefffcbc
8131000: system.cpu T0 : @_int_malloc+3488    :   beq                      : IntAlu : 
8192500: system.cpu T0 : @_int_malloc+3772    :   cmps   r0, #0            : IntAlu :  D=0x0000000000000001
8192500: system.cpu T0 : @_int_malloc+3776    :   beq                      : IntAlu : Predicated False
8197000: system.cpu T0 : @_int_malloc+3780    :   ldr   r0, [sp, #28]      : MemRead :  D=0x0000000000000000 A=0xbefffcbc
8197000: system.cpu T0 : @_int_malloc+3784    :   cmps   r0, #0            : IntAlu :  D=0x0000000000000001
8197000: system.cpu T0 : @_int_malloc+3788    :   beq                      : IntAlu : 
8254000: system.cpu T0 : @_int_malloc+3516    :   ands   r3, r9, #7        : IntAlu :  D=0x0000000000000001
8254000: system.cpu T0 : @_int_malloc+3520    :   rsbne   r2, r3, #8       : IntAlu : Predicated False
8254500: system.cpu T0 : @_int_malloc+3524    :   movne   r3, r2           : IntAlu : Predicated False
8254500: system.cpu T0 : @_int_malloc+3528    :   add   r3, r3, r8         : IntAlu :  D=0x0000000000000000
8254500: system.cpu T0 : @_int_malloc+3532    :   add   r7, r3, r7         : IntAlu :  D=0x0000000000021000
8255000: system.cpu T0 : @_int_malloc+3536    :   ldr   r0, [sp, #20]      : MemRead :  D=0x0000000000000fff A=0xbefffcb4
8259000: system.cpu T0 : @_int_malloc+3540    :   addne   r2, r9, r2       : IntAlu : Predicated False
8259000: system.cpu T0 : @_int_malloc+3544    :   streq   r9, [sp, #12]    : MemWrite :  D=0x0000000000083ce0 A=0xbefffcac
8259000: system.cpu T0 : @_int_malloc+3548    :   ldr   r1, [sp, #24]      : MemRead :  D=0x00000000fffff000 A=0xbefffcb8
8259500: system.cpu T0 : @_int_malloc+3552    :   add   r9, r9, r7         : IntAlu :  D=0x00000000000a4ce0
8263000: system.cpu T0 : @_int_malloc+3556    :   strne   r2, [sp, #12]    : MemWrite : Predicated False
8263000: system.cpu T0 : @_int_malloc+3560    :   add   r2, r9, r0         : IntAlu :  D=0x00000000000a5cdf
8263000: system.cpu T0 : @_int_malloc+3564    :   rsb   r3, r9, r3         : IntAlu :  D=0x00000000fff5b320
8263500: system.cpu T0 : @_int_malloc+3568    :   and   r2, r2, r1         : IntAlu :  D=0x00000000000a5000
8264000: system.cpu T0 : @_int_malloc+3572    :   add   r7, r3, r2         : IntAlu :  D=0x0000000000000320
8264000: system.cpu T0 : @_int_malloc+3576    :   ldr   r9, [pc, #316]     : MemRead :  D=0x0000000000080490 A=0xee28
8264000: system.cpu T0 : @_int_malloc+3580    :   mov   r0, r7             : IntAlu :  D=0x0000000000000320
8264500: system.cpu T0 : @_int_malloc+3584    :   ldr   r12, [r9, #4]      : MemRead :  D=0x0000000000011410 A=0x80494
8265000: system.cpu T0 : @_int_malloc+3588    :   mov   lr, pc             : IntAlu :  D=0x000000000000ecf8
8265000: system.cpu T0 : @_int_malloc+3592    :   bx                       : IntAlu : 
8273500: system.cpu T0 : @__default_morecore    : ldmstm                    
8273500: system.cpu T0 : @__default_morecore.0  :   str_uop   r4, [sp, #8]   : MemWrite :  D=0x0000000000081030 A=0xbefffc98
8273500: system.cpu T0 : @__default_morecore.1  :   str_uop   lr, [sp, #4]   : MemWrite :  D=0x000000000000ecf8 A=0xbefffc9c
8273500: system.cpu T0 : @__default_morecore.2  :   subi_uop   sp, sp, #8    : IntAlu :  D=0x00000000befffc98
8274000: system.cpu T0 : @__default_morecore+4    :   bl                       : IntAlu :  D=0x0000000000011418
8274500: system.cpu T0 : @sbrk    : ldmstm                    
8274500: system.cpu T0 : @sbrk.0  :   str_uop   r4, [sp, #16]  : MemWrite :  D=0x0000000000081030 A=0xbefffc88
8274500: system.cpu T0 : @sbrk.1  :   str_uop   r5, [sp, #12]  : MemWrite :  D=0x0000000000000010 A=0xbefffc8c
8274500: system.cpu T0 : @sbrk.2  :   str_uop   r6, [sp, #8]   : MemWrite :  D=0x0000000000081060 A=0xbefffc90
8275000: system.cpu T0 : @sbrk.3  :   str_uop   lr, [sp, #4]   : MemWrite :  D=0x0000000000011418 A=0xbefffc94
8275000: system.cpu T0 : @sbrk.4  :   subi_uop   sp, sp, #16   : IntAlu :  D=0x00000000befffc88
8275000: system.cpu T0 : @sbrk+4    :   ldr   r5, [pc, #100]     : MemRead :  D=0x0000000000081c40 A=0x12778
8275500: system.cpu T0 : @sbrk+8    :   mov   r6, r0             : IntAlu :  D=0x0000000000000320
8275500: system.cpu T0 : @sbrk+12    :   ldr   r4, [r5, #0]       : MemRead :  D=0x00000000000a4ce0 A=0x81c40
8275500: system.cpu T0 : @sbrk+16    :   cmps   r4, #0            : IntAlu :  D=0x0000000000000001
8276000: system.cpu T0 : @sbrk+20    :   beq                      : IntAlu : Predicated False
8276500: system.cpu T0 : @sbrk+24    :   ldr   r3, [pc, #84]      : MemRead :  D=0x00000000000804f4 A=0x1277c
8276500: system.cpu T0 : @sbrk+28    :   ldr   r3, [r3, #0]       : MemRead :  D=0x0000000000000000 A=0x804f4
8276500: system.cpu T0 : @sbrk+32    :   cmps   r3, #0            : IntAlu :  D=0x0000000000000001
8277000: system.cpu T0 : @sbrk+36    :   bne                      : IntAlu : Predicated False
8277500: system.cpu T0 : @sbrk+40    :   cmps   r6, #0            : IntAlu :  D=0x0000000000000001
8277500: system.cpu T0 : @sbrk+44    :   bne                      : IntAlu : 
8304000: system.cpu T0 : @sbrk+88    :   add   r0, r4, r6         : IntAlu :  D=0x00000000000a5000
8304000: system.cpu T0 : @sbrk+92    :   bl                       : IntAlu :  D=0x0000000000012768
8304500: system.cpu T0 : @brk    : ldmstm                    
8304500: system.cpu T0 : @brk.0  :   str_uop   r7, [sp, #8]   : MemWrite :  D=0x0000000000000320 A=0xbefffc80
8304500: system.cpu T0 : @brk.1  :   str_uop   lr, [sp, #4]   : MemWrite :  D=0x0000000000012768 A=0xbefffc84
8304500: system.cpu T0 : @brk.2  :   subi_uop   sp, sp, #8    : IntAlu :  D=0x00000000befffc80
8305000: system.cpu T0 : @brk+4    :   mov   r2, r0             : IntAlu :  D=0x00000000000a5000
8305500: system.cpu T0 : @brk+8    :   mov   r7, #45            : IntAlu :  D=0x000000000000002d
8305500: system.cpu T0 : @brk+12    :   svc   #0                 : IntAlu : 
8323000: system.cpu T0 : @brk+16    :   cmns   r0, #4096         : IntAlu :  D=0x0000000000000000
8323000: system.cpu T0 : @brk+20    :   mov   r3, r0             : IntAlu :  D=0x00000000000a5000
8323500: system.cpu T0 : @brk+24    :   bhi                      : IntAlu : Predicated False
8323500: system.cpu T0 : @brk+28    :   cmps   r2, r0            : IntAlu :  D=0x0000000000000001
8323500: system.cpu T0 : @brk+32    :   ldr   r2, [pc, #84]      : MemRead :  D=0x0000000000081c40 A=0x31ee4
8324000: system.cpu T0 : @brk+36    :   str   r0, [r2, #0]       : MemWrite :  D=0x00000000000a5000 A=0x81c40
8324500: system.cpu T0 : @brk+40    :   movls   r0, #0           : IntAlu :  D=0x0000000000000000
8324500: system.cpu T0 : @brk+44    :   bhi                      : IntAlu : Predicated False
8324500: system.cpu T0 : @brk+48    : ldmstm                    
8324500: system.cpu T0 : @brk+48.0  :   ldr2_uop   r7,lr, [sp, #0] : MemRead :  D=0x0000000000012768 A=0xbefffc80
8325000: system.cpu T0 : @brk+48.1  :   addi_uop   sp, sp, #8    : IntAlu :  D=0x00000000befffc88
8325000: system.cpu T0 : @brk+52    :   bx                       : IntAlu : 
8325500: system.cpu T0 : @sbrk+96    :   cmps   r0, #0            : IntAlu :  D=0x0000000000000001
8325500: system.cpu T0 : @sbrk+100    :   bge                      : IntAlu : 
8331500: system.cpu T0 : @sbrk+48    :   mov   r0, r4             : IntAlu :  D=0x00000000000a4ce0
8331500: system.cpu T0 : @sbrk+52    : ldmstm                    
8331500: system.cpu T0 : @sbrk+52.0  :   ldr2_uop   r4,r5, [sp, #0] : MemRead :  D=0x0000000000000010 A=0xbefffc88
8331500: system.cpu T0 : @sbrk+52.1  :   ldr2_uop   r6,lr, [sp, #8] : MemRead :  D=0x0000000000011418 A=0xbefffc90
8332000: system.cpu T0 : @sbrk+52.2  :   addi_uop   sp, sp, #16   : IntAlu :  D=0x00000000befffc98
8332500: system.cpu T0 : @sbrk+56    :   bx                       : IntAlu : 
8333000: system.cpu T0 : @__default_morecore+8    :   cmns   r0, #1            : IntAlu :  D=0x0000000000000000
8333000: system.cpu T0 : @__default_morecore+12    :   moveq   r0, #0           : IntAlu : Predicated False
8333500: system.cpu T0 : @__default_morecore+16    : ldmstm                    
8333500: system.cpu T0 : @__default_morecore+16.0  :   ldr2_uop   r4,lr, [sp, #0] : MemRead :  D=0x000000000000ecf8 A=0xbefffc98
8333500: system.cpu T0 : @__default_morecore+16.1  :   addi_uop   sp, sp, #8    : IntAlu :  D=0x00000000befffca0
8333500: system.cpu T0 : @__default_morecore+20    :   bx                       : IntAlu : 
8341000: system.cpu T0 : @_int_malloc+3596    :   subs   fp, r0, #0        : IntAlu :  D=0x0000000000000001
8341000: system.cpu T0 : @_int_malloc+3600    :   beq                      : IntAlu : Predicated False
8341500: system.cpu T0 : @_int_malloc+3604    :   ldr   r3, [pc, #308]     : MemRead :  D=0x00000000000814f0 A=0xee3c
8341500: system.cpu T0 : @_int_malloc+3608    :   ldr   r3, [r3, #0]       : MemRead :  D=0x0000000000000000 A=0x814f0
8341500: system.cpu T0 : @_int_malloc+3612    :   cmps   r3, #0            : IntAlu :  D=0x0000000000000001
8342000: system.cpu T0 : @_int_malloc+3616    :   movne   lr, pc           : IntAlu : Predicated False
8342500: system.cpu T0 : @_int_malloc+3620    :   bxne                     : IntAlu : Predicated False
8342500: system.cpu T0 : @_int_malloc+3624    :   mov   r3, r7             : IntAlu :  D=0x0000000000000320
8342500: system.cpu T0 : @_int_malloc+3628    :   ldr   r0, [sp, #12]      : MemRead :  D=0x0000000000083ce0 A=0xbefffcac
8343000: system.cpu T0 : @_int_malloc+3632    :   add   r2, fp, r7         : IntAlu :  D=0x00000000000a5000
8343500: system.cpu T0 : @_int_malloc+3636    :   rsb   r2, r0, r2         : IntAlu :  D=0x0000000000021320
8343500: system.cpu T0 : @_int_malloc+3640    :   ldr   r1, [pc, #232]     : MemRead :  D=0x0000000000081024 A=0xee14
8343500: system.cpu T0 : @_int_malloc+3644    :   orr   r2, r2, #1         : IntAlu :  D=0x0000000000021321
8344000: system.cpu T0 : @_int_malloc+3648    :   str   r2, [r0, #4]       : MemWrite :  D=0x0000000000021321 A=0x83ce4
8344500: system.cpu T0 : @_int_malloc+3652    :   ldr   r2, [r1, #1104]    : MemRead :  D=0x0000000000021000 A=0x81474
8344500: system.cpu T0 : @_int_malloc+3656    :   ldr   r0, [sp, #28]      : MemRead :  D=0x0000000000000000 A=0xbefffcbc
8344500: system.cpu T0 : @_int_malloc+3660    :   add   r3, r3, r2         : IntAlu :  D=0x0000000000021320
8345000: system.cpu T0 : @_int_malloc+3664    :   ldr   r2, [sp, #12]      : MemRead :  D=0x0000000000083ce0 A=0xbefffcac
8412500: system.cpu T0 : @_int_malloc+3668    :   cmps   r0, #0            : IntAlu :  D=0x0000000000000001
8412500: system.cpu T0 : @_int_malloc+3672    :   str   r3, [r1, #1104]    : MemWrite :  D=0x0000000000021320 A=0x81474
8412500: system.cpu T0 : @_int_malloc+3676    :   str   r2, [r1, #60]      : MemWrite :  D=0x0000000000083ce0 A=0x81060
8413000: system.cpu T0 : @_int_malloc+3680    :   beq                      : IntAlu : 
8418500: system.cpu T0 : @_int_malloc+3112    :   ldr   r6, [r4, #48]      : MemRead :  D=0x0000000000083ce0 A=0x81060
8418500: system.cpu T0 : @_int_malloc+3116    :   b                        : IntAlu : 
8477500: system.cpu T0 : @_int_malloc+2332    :   ldr   r3, [r4, #1092]    : MemRead :  D=0x0000000000021320 A=0x81474
8477500: system.cpu T0 : @_int_malloc+2336    :   ldr   r2, [r4, #1096]    : MemRead :  D=0x0000000000000000 A=0x81478
8482000: system.cpu T0 : @_int_malloc+2340    :   cmps   r3, r2            : IntAlu :  D=0x0000000000000001
8482000: system.cpu T0 : @_int_malloc+2344    :   strhi   r3, [r4, #1096]  : MemWrite :  D=0x0000000000021320 A=0x81478
8482000: system.cpu T0 : @_int_malloc+2348    :   ldr   r3, [r6, #4]       : MemRead :  D=0x0000000000021321 A=0x83ce4
8482500: system.cpu T0 : @_int_malloc+2352    :   bic   r3, r3, #7         : IntAlu :  D=0x0000000000021320
8483000: system.cpu T0 : @_int_malloc+2356    :   cmps   r10, r3           : IntAlu :  D=0x0000000000000000
8483000: system.cpu T0 : @_int_malloc+2360    :   bhi                      : IntAlu : Predicated False
8483000: system.cpu T0 : @_int_malloc+2364    :   ldr   r0, [pc, #1512]    : MemRead :  D=0x0000000000081030 A=0xee18
8483500: system.cpu T0 : @_int_malloc+2368    :   rsb   r3, r5, r3         : IntAlu :  D=0x0000000000021310
8484000: system.cpu T0 : @_int_malloc+2372    :   cmps   r4, r0            : IntAlu :  D=0x0000000000000001
8484000: system.cpu T0 : @_int_malloc+2376    :   orr   r1, r5, #1         : IntAlu :  D=0x0000000000000011
8484000: system.cpu T0 : @_int_malloc+2380    :   movne   r2, #4           : IntAlu : Predicated False
8484500: system.cpu T0 : @_int_malloc+2384    :   moveq   r2, #0           : IntAlu :  D=0x0000000000000000
8540500: system.cpu T0 : @_int_malloc+2388    :   add   r5, r6, r5         : IntAlu :  D=0x0000000000083cf0
8540500: system.cpu T0 : @_int_malloc+2392    :   orr   r2, r1, r2         : IntAlu :  D=0x0000000000000011
8540500: system.cpu T0 : @_int_malloc+2396    :   orr   r3, r3, #1         : IntAlu :  D=0x0000000000021311
8541000: system.cpu T0 : @_int_malloc+2400    :   str   r2, [r6, #4]       : MemWrite :  D=0x0000000000000011 A=0x83ce4
8545000: system.cpu T0 : @_int_malloc+2404    :   str   r5, [r4, #48]      : MemWrite :  D=0x0000000000083cf0 A=0x81060
8545000: system.cpu T0 : @_int_malloc+2408    :   str   r3, [r5, #4]       : MemWrite :  D=0x0000000000021311 A=0x83cf4
8545000: system.cpu T0 : @_int_malloc+2412    :   add   r6, r6, #8         : IntAlu :  D=0x0000000000083ce8
8545500: system.cpu T0 : @_int_malloc+2416    :   cmps   r6, #0            : IntAlu :  D=0x0000000000000001
8546000: system.cpu T0 : @_int_malloc+2420    :   beq                      : IntAlu : Predicated False
8546000: system.cpu T0 : @_int_malloc+2424    :   ldr   r1, [pc, #1448]    : MemRead :  D=0x0000000000081024 A=0xee14
8546000: system.cpu T0 : @_int_malloc+2428    :   ldr   r3, [r1, #1180]    : MemRead :  D=0x0000000000000000 A=0x814c0
8546500: system.cpu T0 : @_int_malloc+2432    :   cmps   r3, #0            : IntAlu :  D=0x0000000000000001
8547000: system.cpu T0 : @_int_malloc+2436    :   beq                      : IntAlu : 
8604000: system.cpu T0 : @_int_malloc+144    :   mov   r0, r6             : IntAlu :  D=0x0000000000083ce8
8604500: system.cpu T0 : @_int_malloc+148    :   add   sp, sp, #36        : IntAlu :  D=0x00000000befffcc4
8604500: system.cpu T0 : @_int_malloc+152    : ldmstm                    
8604500: system.cpu T0 : @_int_malloc+152.0  :   ldr2_uop   r4,r5, [sp, #0] : MemRead :  D=0x00000000befffee4 A=0xbefffcc4
8604500: system.cpu T0 : @_int_malloc+152.1  :   ldr2_uop   r6,r7, [sp, #8] : MemRead :  D=0x0000000000081030 A=0xbefffccc
8605000: system.cpu T0 : @_int_malloc+152.2  :   ldr2_uop   r8,r9, [sp, #16] : MemRead :  D=0x0000000000000000 A=0xbefffcd4
8605000: system.cpu T0 : @_int_malloc+152.3  :   ldr2_uop   r10,fp, [sp, #24] : MemRead :  D=0x00000000befffd5c A=0xbefffcdc
8605000: system.cpu T0 : @_int_malloc+152.4  :   ldr_uop   lr, [sp, #32]  : MemRead :  D=0x00000000000104ec A=0xbefffce4
8605500: system.cpu T0 : @_int_malloc+152.5  :   addi_uop   sp, sp, #36   : IntAlu :  D=0x00000000befffce8
8605500: system.cpu T0 : @_int_malloc+156    :   bx                       : IntAlu : 
8614500: system.cpu T0 : @__libc_malloc+160    :   subs   r6, r0, #0        : IntAlu :  D=0x0000000000000001
8615000: system.cpu T0 : @__libc_malloc+164    :   beq                      : IntAlu : Predicated False
8615000: system.cpu T0 : @__libc_malloc+168    :   ldr   r5, [r7, #0]       : MemRead :  D=0x0000000000000001 A=0x81030
8615000: system.cpu T0 : @__libc_malloc+172    :   mov   r1, #0             : IntAlu :  D=0x0000000000000000
8615500: system.cpu T0 : @__libc_malloc+176    :   mov   r2, r7             : IntAlu :  D=0x0000000000081030
8616000: system.cpu T0 : @__libc_malloc+180    :   mov   r4, r5             : IntAlu :  D=0x0000000000000001
8616000: system.cpu T0 : @__libc_malloc+184    :   ldr   r3, [r2, #0]       : MemRead :  D=0x0000000000000001 A=0x81030
8616000: system.cpu T0 : @__libc_malloc+188    :   cmps   r3, r4            : IntAlu :  D=0x0000000000000001
8616500: system.cpu T0 : @__libc_malloc+192    :   bne                      : IntAlu : Predicated False
8617000: system.cpu T0 : @__libc_malloc+196    :   mov   r0, r4             : IntAlu :  D=0x0000000000000001
8617000: system.cpu T0 : @__libc_malloc+200    :   mvn   r3, #61440         : IntAlu :  D=0x00000000ffff0fff
8617000: system.cpu T0 : @__libc_malloc+204    :   mov   lr, pc             : IntAlu :  D=0x0000000000010520
8617500: system.cpu T0 : @__libc_malloc+208    :   sub   pc, r3, #63        : IntAlu :  D=0x00000000ffff0fc0
8623000: system.cpu T0 : @_end+4294372932    :   ldrex   r3, [r2, #0]     : MemRead :  D=0x0000000000000001 A=0x81030
8623000: system.cpu T0 : @_end+4294372936    :   subs   r3, r3, r0        : IntAlu :  D=0x0000000000000001
8623000: system.cpu T0 : @_end+4294372940    :   strexeq   r3, r1, [r2, #0] : MemWrite :  D=0x0000000000000000 A=0x81030
8623500: system.cpu T0 : @_end+4294372944    :   teqseq   r3, #1          : IntAlu :  D=0x0000000000000000
8624000: system.cpu T0 : @_end+4294372948    :   beq                      : IntAlu : Predicated False
8624000: system.cpu T0 : @_end+4294372952    :   rsbs   r0, r3, #0        : IntAlu :  D=0x0000000000000001
8624000: system.cpu T0 : @_end+4294372956    :   dmb   #0                 : IntAlu : 
8624500: system.cpu T0 : @_end+4294372960    :   mov   pc, lr             : IntAlu :  D=0x0000000000010520
8681000: system.cpu T0 : @__libc_malloc+212    :   bcc                      : IntAlu : Predicated False
8681000: system.cpu T0 : @__libc_malloc+216    :   mov   r3, r4             : IntAlu :  D=0x0000000000000001
8681000: system.cpu T0 : @__libc_malloc+220    :   cmps   r5, r3            : IntAlu :  D=0x0000000000000001
8681500: system.cpu T0 : @__libc_malloc+224    :   bne                      : IntAlu : Predicated False
8682000: system.cpu T0 : @__libc_malloc+228    :   cmps   r5, #1            : IntAlu :  D=0x0000000000000001
8682000: system.cpu T0 : @__libc_malloc+232    :   ble                      : IntAlu : 
8708000: system.cpu T0 : @__libc_malloc+40    :   mov   r0, r6             : IntAlu :  D=0x0000000000083ce8
8708000: system.cpu T0 : @__libc_malloc+44    : ldmstm                    
8708000: system.cpu T0 : @__libc_malloc+44.0  :   ldr2_uop   r4,r5, [sp, #0] : MemRead :  D=0x00000000befffee4 A=0xbefffce8
8708000: system.cpu T0 : @__libc_malloc+44.1  :   ldr2_uop   r6,r7, [sp, #8] : MemRead :  D=0x0000000000000000 A=0xbefffcf0
8708500: system.cpu T0 : @__libc_malloc+44.2  :   ldr2_uop   r8,r9, [sp, #16] : MemRead :  D=0x0000000000000000 A=0xbefffcf8
8708500: system.cpu T0 : @__libc_malloc+44.3  :   ldr2_uop   r10,lr, [sp, #24] : MemRead :  D=0x0000000000010470 A=0xbefffd00
8708500: system.cpu T0 : @__libc_malloc+44.4  :   addi_uop   sp, sp, #32   : IntAlu :  D=0x00000000befffd08
8709000: system.cpu T0 : @__libc_malloc+48    :   bx                       : IntAlu : 
8716500: system.cpu T0 : @__libc_malloc+36    :   mov   r6, r0             : IntAlu :  D=0x0000000000083ce8
8716500: system.cpu T0 : @__libc_malloc+40    :   mov   r0, r6             : IntAlu :  D=0x0000000000083ce8
8716500: system.cpu T0 : @__libc_malloc+44    : ldmstm                    
8716500: system.cpu T0 : @__libc_malloc+44.0  :   ldr2_uop   r4,r5, [sp, #0] : MemRead :  D=0x00000000befffee4 A=0xbefffd08
8717000: system.cpu T0 : @__libc_malloc+44.1  :   ldr2_uop   r6,r7, [sp, #8] : MemRead :  D=0x0000000000000000 A=0xbefffd10
8717000: system.cpu T0 : @__libc_malloc+44.2  :   ldr2_uop   r8,r9, [sp, #16] : MemRead :  D=0x0000000000000000 A=0xbefffd18
8717000: system.cpu T0 : @__libc_malloc+44.3  :   ldr2_uop   r10,lr, [sp, #24] : MemRead :  D=0x0000000000034f24 A=0xbefffd20
8717500: system.cpu T0 : @__libc_malloc+44.4  :   addi_uop   sp, sp, #32   : IntAlu :  D=0x00000000befffd28
8717500: system.cpu T0 : @__libc_malloc+48    :   bx                       : IntAlu : 
8725500: system.cpu T0 : @_dl_init_paths+60    :   cmps   r0, #0            : IntAlu :  D=0x0000000000000001
8725500: system.cpu T0 : @_dl_init_paths+64    :   mov   r6, r0             : IntAlu :  D=0x0000000000083ce8
8725500: system.cpu T0 : @_dl_init_paths+68    :   str   r0, [r4, #12]      : MemWrite :  D=0x0000000000083ce8 A=0x7ffec
8726000: system.cpu T0 : @_dl_init_paths+72    :   beq                      : IntAlu : Predicated False
8726000: system.cpu T0 : @_dl_init_paths+76    :   ldr   r2, [r4, #0]       : MemRead :  D=0x0000000000000001 A=0x7ffe0
8726000: system.cpu T0 : @_dl_init_paths+80    :   ldr   r3, [pc, #544]     : MemRead :  D=0x00000000cccccccd A=0x35160
8726500: system.cpu T0 : @_dl_init_paths+84    :   mov   r2, r2, LSL #2     : IntAlu :  D=0x0000000000000004
8727000: system.cpu T0 : @_dl_init_paths+88    :   add   r2, r2, #39        : IntAlu :  D=0x000000000000002b
8727000: system.cpu T0 : @_dl_init_paths+92    :   umull                    : IntMult :  D=0x000000006666666f
8727000: system.cpu T0 : @_dl_init_paths+96    :   mov   r10, r10, LSR #4   : IntAlu :  D=0x0000000000000002
8727500: system.cpu T0 : @_dl_init_paths+100    :   add   r10, r10, r10, LSL #2 : IntAlu :  D=0x000000000000000a
8728000: system.cpu T0 : @_dl_init_paths+104    :   mov   r0, r10, LSL #6    : IntAlu :  D=0x0000000000000280
8728000: system.cpu T0 : @_dl_init_paths+108    :   bl                       : IntAlu :  D=0x0000000000034f58
8728500: system.cpu T0 : @__libc_malloc    :   ldr   r3, [pc, #792]     : MemRead :  D=0x000000000008049c A=0x1076c
8729000: system.cpu T0 : @__libc_malloc+4    : ldmstm                    
8729000: system.cpu T0 : @__libc_malloc+4.0  :   str_uop   r4, [sp, #32]  : MemWrite :  D=0x000000000007ffe0 A=0xbefffd08
8729000: system.cpu T0 : @__libc_malloc+4.1  :   str_uop   r5, [sp, #28]  : MemWrite :  D=0x00000000befffee4 A=0xbefffd0c
8729000: system.cpu T0 : @__libc_malloc+4.2  :   str_uop   r6, [sp, #24]  : MemWrite :  D=0x0000000000083ce8 A=0xbefffd10
8729500: system.cpu T0 : @__libc_malloc+4.3  :   str_uop   r7, [sp, #20]  : MemWrite :  D=0x0000000000000000 A=0xbefffd14
8729500: system.cpu T0 : @__libc_malloc+4.4  :   str_uop   r8, [sp, #16]  : MemWrite :  D=0x0000000000000000 A=0xbefffd18
8729500: system.cpu T0 : @__libc_malloc+4.5  :   str_uop   r9, [sp, #12]  : MemWrite :  D=0x0000000000000000 A=0xbefffd1c
8730000: system.cpu T0 : @__libc_malloc+4.6  :   str_uop   r10, [sp, #8]  : MemWrite :  D=0x000000000000000a A=0xbefffd20
8730000: system.cpu T0 : @__libc_malloc+4.7  :   str_uop   lr, [sp, #4]   : MemWrite :  D=0x0000000000034f58 A=0xbefffd24
8730000: system.cpu T0 : @__libc_malloc+4.8  :   subi_uop   sp, sp, #32   : IntAlu :  D=0x00000000befffd08
8730500: system.cpu T0 : @__libc_malloc+8    :   ldr   r4, [r3, #0]       : MemRead :  D=0x0000000000000000 A=0x8049c
8730500: system.cpu T0 : @__libc_malloc+12    :   mov   r8, r0             : IntAlu :  D=0x0000000000000280
8730500: system.cpu T0 : @__libc_malloc+16    :   cmps   r4, #0            : IntAlu :  D=0x0000000000000001
8731000: system.cpu T0 : @__libc_malloc+20    :   beq                      : IntAlu : 
8738500: system.cpu T0 : @__libc_malloc+52    :   ldr   r3, [pc, #744]     : MemRead :  D=0x000000000000001c A=0x10770
8738500: system.cpu T0 : @__libc_malloc+56    :   bl                       : IntAlu :  D=0x0000000000010488
8739000: system.cpu T0 : @__aeabi_read_tp    :   mvn   r0, #61440         : IntAlu :  D=0x00000000ffff0fff
8739000: system.cpu T0 : @__aeabi_read_tp+4    :   sub   pc, r0, #31        : IntAlu :  D=0x00000000ffff0fe0
8745000: system.cpu T0 : @_end+4294372964    :   mrc   r0, tpidruro       : IntAlu :  D=0x00000000000834a0
8745000: system.cpu T0 : @_end+4294372968    :   mov   pc, lr             : IntAlu :  D=0x0000000000010488
8745500: system.cpu T0 : @__libc_malloc+60    :   ldr   r7, [r3, r0]       : MemRead :  D=0x0000000000081030 A=0x834bc
8745500: system.cpu T0 : @__libc_malloc+64    :   cmps   r7, #0            : IntAlu :  D=0x0000000000000001
8746000: system.cpu T0 : @__libc_malloc+68    :   beq                      : IntAlu : Predicated False
8746000: system.cpu T0 : @__libc_malloc+72    :   mov   r1, #1             : IntAlu :  D=0x0000000000000001
8746000: system.cpu T0 : @__libc_malloc+76    :   mov   r2, r7             : IntAlu :  D=0x0000000000081030
8746500: system.cpu T0 : @__libc_malloc+80    :   ldr   r3, [r2, #0]       : MemRead :  D=0x0000000000000000 A=0x81030
8747000: system.cpu T0 : @__libc_malloc+84    :   cmps   r3, r4            : IntAlu :  D=0x0000000000000001
8747000: system.cpu T0 : @__libc_malloc+88    :   bne                      : IntAlu : Predicated False
8747000: system.cpu T0 : @__libc_malloc+92    :   mov   r0, r4             : IntAlu :  D=0x0000000000000000
8747500: system.cpu T0 : @__libc_malloc+96    :   mvn   r3, #61440         : IntAlu :  D=0x00000000ffff0fff
8748000: system.cpu T0 : @__libc_malloc+100    :   mov   lr, pc             : IntAlu :  D=0x00000000000104b8
8748000: system.cpu T0 : @__libc_malloc+104    :   sub   pc, r3, #63        : IntAlu :  D=0x00000000ffff0fc0
8754000: system.cpu T0 : @_end+4294372932    :   ldrex   r3, [r2, #0]     : MemRead :  D=0x0000000000000000 A=0x81030
8754000: system.cpu T0 : @_end+4294372936    :   subs   r3, r3, r0        : IntAlu :  D=0x0000000000000001
8754000: system.cpu T0 : @_end+4294372940    :   strexeq   r3, r1, [r2, #0] : MemWrite :  D=0x0000000000000000 A=0x81030
8754500: system.cpu T0 : @_end+4294372944    :   teqseq   r3, #1          : IntAlu :  D=0x0000000000000000
8755000: system.cpu T0 : @_end+4294372948    :   beq                      : IntAlu : Predicated False
8755000: system.cpu T0 : @_end+4294372952    :   rsbs   r0, r3, #0        : IntAlu :  D=0x0000000000000001
8755000: system.cpu T0 : @_end+4294372956    :   dmb   #0                 : IntAlu : 
8755500: system.cpu T0 : @_end+4294372960    :   mov   pc, lr             : IntAlu :  D=0x00000000000104b8
8769500: system.cpu T0 : @__libc_malloc+108    :   bcc                      : IntAlu : Predicated False
8769500: system.cpu T0 : @__libc_malloc+112    :   mov   r3, r4             : IntAlu :  D=0x0000000000000000
8770000: system.cpu T0 : @__libc_malloc+116    :   cmps   r3, #0            : IntAlu :  D=0x0000000000000001
8770000: system.cpu T0 : @__libc_malloc+120    :   beq                      : IntAlu : 
8776000: system.cpu T0 : @__libc_malloc+148    :   mov   r0, r7             : IntAlu :  D=0x0000000000081030
8776000: system.cpu T0 : @__libc_malloc+152    :   mov   r1, r8             : IntAlu :  D=0x0000000000000280
8776000: system.cpu T0 : @__libc_malloc+156    :   bl                       : IntAlu :  D=0x00000000000104ec
8776500: system.cpu T0 : @_int_malloc    : ldmstm                    
8776500: system.cpu T0 : @_int_malloc.0  :   str_uop   r4, [sp, #36]  : MemWrite :  D=0x0000000000000000 A=0xbefffce4
8776500: system.cpu T0 : @_int_malloc.1  :   str_uop   r5, [sp, #32]  : MemWrite :  D=0x00000000befffee4 A=0xbefffce8
8776500: system.cpu T0 : @_int_malloc.2  :   str_uop   r6, [sp, #28]  : MemWrite :  D=0x0000000000083ce8 A=0xbefffcec
8777000: system.cpu T0 : @_int_malloc.3  :   str_uop   r7, [sp, #24]  : MemWrite :  D=0x0000000000081030 A=0xbefffcf0
8777000: system.cpu T0 : @_int_malloc.4  :   str_uop   r8, [sp, #20]  : MemWrite :  D=0x0000000000000280 A=0xbefffcf4
8777000: system.cpu T0 : @_int_malloc.5  :   str_uop   r9, [sp, #16]  : MemWrite :  D=0x0000000000000000 A=0xbefffcf8
8777500: system.cpu T0 : @_int_malloc.6  :   str_uop   r10, [sp, #12] : MemWrite :  D=0x000000000000000a A=0xbefffcfc
8777500: system.cpu T0 : @_int_malloc.7  :   str_uop   fp, [sp, #8]   : MemWrite :  D=0x00000000befffd5c A=0xbefffd00
8777500: system.cpu T0 : @_int_malloc.8  :   str_uop   lr, [sp, #4]   : MemWrite :  D=0x00000000000104ec A=0xbefffd04
8778000: system.cpu T0 : @_int_malloc.9  :   subi_uop   sp, sp, #36   : IntAlu :  D=0x00000000befffce4
8778500: system.cpu T0 : @_int_malloc+4    :   cmns   r1, #33           : IntAlu :  D=0x0000000000000000
8778500: system.cpu T0 : @_int_malloc+8    :   sub   sp, sp, #36        : IntAlu :  D=0x00000000befffcc0
8778500: system.cpu T0 : @_int_malloc+12    :   str   r1, [sp, #16]      : MemWrite :  D=0x0000000000000280 A=0xbefffcd0
8779000: system.cpu T0 : @_int_malloc+16    :   mov   r4, r0             : IntAlu :  D=0x0000000000081030
8779500: system.cpu T0 : @_int_malloc+20    :   bhi                      : IntAlu : Predicated False
8787000: system.cpu T0 : @_int_malloc+24    :   ldr   r0, [sp, #16]      : MemRead :  D=0x0000000000000280 A=0xbefffcd0
8787000: system.cpu T0 : @_int_malloc+28    :   ldr   r1, [pc, #3844]    : MemRead :  D=0x0000000000081024 A=0xee14
8787000: system.cpu T0 : @_int_malloc+32    :   add   r5, r0, #11        : IntAlu :  D=0x000000000000028b
8787500: system.cpu T0 : @_int_malloc+36    :   cmps   r5, #15           : IntAlu :  D=0x0000000000000001
8787500: system.cpu T0 : @_int_malloc+40    :   ldr   r3, [r1, #1176]    : MemRead :  D=0x0000000000000048 A=0x814bc
8787500: system.cpu T0 : @_int_malloc+44    :   movls   r5, #16          : IntAlu : Predicated False
8788000: system.cpu T0 : @_int_malloc+48    :   bichi   r5, r5, #7       : IntAlu :  D=0x0000000000000288
8788500: system.cpu T0 : @_int_malloc+52    :   cmps   r5, r3            : IntAlu :  D=0x0000000000000001
8788500: system.cpu T0 : @_int_malloc+56    :   movhi   r2, r5, LSR #3   : IntAlu :  D=0x0000000000000051
8788500: system.cpu T0 : @_int_malloc+60    :   strhi   r2, [sp, #20]    : MemWrite :  D=0x0000000000000051 A=0xbefffcd4
8789000: system.cpu T0 : @_int_malloc+64    :   bhi                      : IntAlu : 
8797500: system.cpu T0 : @_int_malloc+160    :   cmps   r5, #512          : IntAlu :  D=0x0000000000000001
8798000: system.cpu T0 : @_int_malloc+164    :   bcs                      : IntAlu : 
8803500: system.cpu T0 : @_int_malloc+284    :   mov   r3, r5, LSR #6     : IntAlu :  D=0x000000000000000a
8803500: system.cpu T0 : @_int_malloc+288    :   cmps   r3, #38           : IntAlu :  D=0x0000000000000000
8804000: system.cpu T0 : @_int_malloc+292    :   addls   r3, r3, #56      : IntAlu :  D=0x0000000000000042
8804000: system.cpu T0 : @_int_malloc+296    :   strls   r3, [sp, #24]    : MemWrite :  D=0x0000000000000042 A=0xbefffcd8
8804000: system.cpu T0 : @_int_malloc+300    :   bls                      : IntAlu : 
8866500: system.cpu T0 : @_int_malloc+388    :   ldr   r3, [r4, #4]       : MemRead :  D=0x0000000000000001 A=0x81034
8866500: system.cpu T0 : @_int_malloc+392    :   tsts   r3, #1            : IntAlu :  D=0x0000000000000000
8866500: system.cpu T0 : @_int_malloc+396    :   addne   r0, r4, #56      : IntAlu :  D=0x0000000000081068
8867000: system.cpu T0 : @_int_malloc+400    :   strne   r0, [sp, #12]    : MemWrite :  D=0x0000000000081068 A=0xbefffccc
8867500: system.cpu T0 : @_int_malloc+404    :   beq                      : IntAlu : Predicated False
8867500: system.cpu T0 : @_int_malloc+408    :   ldr   fp, [pc, #3472]    : MemRead :  D=0x00000000000001ff A=0xee1c
8867500: system.cpu T0 : @_int_malloc+412    :   add   r7, r4, #48        : IntAlu :  D=0x0000000000081060
8868000: system.cpu T0 : @_int_malloc+416    :   mov   r9, r5             : IntAlu :  D=0x0000000000000288
8868500: system.cpu T0 : @_int_malloc+420    :   add   r2, r9, #16        : IntAlu :  D=0x0000000000000298
8868500: system.cpu T0 : @_int_malloc+424    :   mov   r8, #0             : IntAlu :  D=0x0000000000000000
8868500: system.cpu T0 : @_int_malloc+428    :   str   r2, [sp, #28]      : MemWrite :  D=0x0000000000000298 A=0xbefffcdc
8869000: system.cpu T0 : @_int_malloc+432    :   b                        : IntAlu : 
8869500: system.cpu T0 : @_int_malloc+520    :   ldr   r6, [r7, #12]      : MemRead :  D=0x0000000000081060 A=0x8106c
8869500: system.cpu T0 : @_int_malloc+524    :   cmps   r7, r6            : IntAlu :  D=0x0000000000000001
8869500: system.cpu T0 : @_int_malloc+528    :   beq                      : IntAlu : 
8877500: system.cpu T0 : @_int_malloc+1072    :   cmps   r9, fp            : IntAlu :  D=0x0000000000000001
8878000: system.cpu T0 : @_int_malloc+1076    :   bhi                      : IntAlu : 
8935500: system.cpu T0 : @_int_malloc+1432    :   ldr   r5, [sp, #24]      : MemRead :  D=0x0000000000000042 A=0xbefffcd8
8935500: system.cpu T0 : @_int_malloc+1436    :   ldr   r0, [sp, #12]      : MemRead :  D=0x0000000000081068 A=0xbefffccc
8935500: system.cpu T0 : @_int_malloc+1440    :   sub   r3, r5, #2         : IntAlu :  D=0x0000000000000040
8940000: system.cpu T0 : @_int_malloc+1444    :   add   r3, r0, r3, LSL #3 : IntAlu :  D=0x0000000000081268
8940000: system.cpu T0 : @_int_malloc+1448    :   ldr   r2, [r3, #8]       : MemRead :  D=0x0000000000081268 A=0x81270
8940000: system.cpu T0 : @_int_malloc+1452    :   cmps   r2, r3            : IntAlu :  D=0x0000000000000001
8940500: system.cpu T0 : @_int_malloc+1456    :   beq                      : IntAlu : 
8948500: system.cpu T0 : @_int_malloc+1080    :   ldr   r2, [sp, #24]      : MemRead :  D=0x0000000000000042 A=0xbefffcd8
8948500: system.cpu T0 : @_int_malloc+1084    :   mov   r5, #1             : IntAlu :  D=0x0000000000000001
8948500: system.cpu T0 : @_int_malloc+1088    :   add   r0, r2, #1         : IntAlu :  D=0x0000000000000043
8949000: system.cpu T0 : @_int_malloc+1092    :   and   r3, r0, #31        : IntAlu :  D=0x0000000000000003
8949000: system.cpu T0 : @_int_malloc+1096    :   mov   r0, r0, LSR #5     : IntAlu :  D=0x0000000000000002
8949000: system.cpu T0 : @_int_malloc+1100    :   mov   r3, r5, LSL r3     : IntAlu :  D=0x0000000000000008
8949500: system.cpu T0 : @_int_malloc+1104    :   add   r12, r0, #268      : IntAlu :  D=0x000000000000010e
8950000: system.cpu T0 : @_int_malloc+1108    :   ldr   r5, [sp, #12]      : MemRead :  D=0x0000000000081068 A=0xbefffccc
8950000: system.cpu T0 : @_int_malloc+1112    :   sub   r2, r2, #1         : IntAlu :  D=0x0000000000000041
8950000: system.cpu T0 : @_int_malloc+1116    :   ldr   r1, [r4, r12 LSL #2] : MemRead :  D=0x0000000000000000 A=0x81468
8950500: system.cpu T0 : @_int_malloc+1120    :   add   r2, r5, r2, LSL #3 : IntAlu :  D=0x0000000000081270
8951000: system.cpu T0 : @_int_malloc+1124    :   mov   r8, r5             : IntAlu :  D=0x0000000000081068
8951000: system.cpu T0 : @_int_malloc+1128    :   cmps   r3, r1            : IntAlu :  D=0x0000000000000001
8951000: system.cpu T0 : @_int_malloc+1132    :   movls   r5, #0           : IntAlu : Predicated False
8951500: system.cpu T0 : @_int_malloc+1136    :   movhi   r5, #1           : IntAlu :  D=0x0000000000000001
8952000: system.cpu T0 : @_int_malloc+1140    :   cmps   r3, #0            : IntAlu :  D=0x0000000000000001
8952000: system.cpu T0 : @_int_malloc+1144    :   orreq   r5, r5, #1       : IntAlu : Predicated False
8952000: system.cpu T0 : @_int_malloc+1148    :   cmps   r5, #0            : IntAlu :  D=0x0000000000000001
8952500: system.cpu T0 : @_int_malloc+1152    :   beq                      : IntAlu : Predicated False
8953000: system.cpu T0 : @_int_malloc+1156    :   add   r12, r4, r12, LSL #2 : IntAlu :  D=0x0000000000081468
8953000: system.cpu T0 : @_int_malloc+1160    :   add   r0, r0, #1         : IntAlu :  D=0x0000000000000003
8953000: system.cpu T0 : @_int_malloc+1164    :   cmps   r0, #3            : IntAlu :  D=0x0000000000000001
8953500: system.cpu T0 : @_int_malloc+1168    :   bhi                      : IntAlu : Predicated False
8954000: system.cpu T0 : @_int_malloc+1172    :   ldr   r1, [r12, #4]!    
8954000: system.cpu T0 : @_int_malloc+1172.0  :   ldr   r1, [r12, #4]!     : MemRead :  D=0x0000000000000000 A=0x8146c
8954000: system.cpu T0 : @_int_malloc+1172.1  :   addi_uop   r12, r12, #4  : IntAlu :  D=0x000000000008146c
8954000: system.cpu T0 : @_int_malloc+1176    :   cmps   r1, #0            : IntAlu :  D=0x0000000000000001
8954500: system.cpu T0 : @_int_malloc+1180    :   beq                      : IntAlu : 
8962000: system.cpu T0 : @_int_malloc+1160    :   add   r0, r0, #1         : IntAlu :  D=0x0000000000000004
8962000: system.cpu T0 : @_int_malloc+1164    :   cmps   r0, #3            : IntAlu :  D=0x0000000000000001
8962000: system.cpu T0 : @_int_malloc+1168    :   bhi                      : IntAlu : 
8968500: system.cpu T0 : @_int_malloc+1312    :   ldr   r6, [r4, #48]      : MemRead :  D=0x0000000000083cf0 A=0x81060
8969000: system.cpu T0 : @_int_malloc+1316    :   add   r10, r9, #16       : IntAlu :  D=0x0000000000000298
8969000: system.cpu T0 : @_int_malloc+1320    :   ldr   r8, [r6, #4]       : MemRead :  D=0x0000000000021311 A=0x83cf4
8969000: system.cpu T0 : @_int_malloc+1324    :   bic   r8, r8, #7         : IntAlu :  D=0x0000000000021310
8969500: system.cpu T0 : @_int_malloc+1328    :   cmps   r8, r10           : IntAlu :  D=0x0000000000000001
8970000: system.cpu T0 : @_int_malloc+1332    :   bcs                      : IntAlu : 
8979000: system.cpu T0 : @_int_malloc+2008    :   ldr   r1, [pc, #1864]    : MemRead :  D=0x0000000000081024 A=0xee14
8979000: system.cpu T0 : @_int_malloc+2012    :   rsb   r2, r9, r8         : IntAlu :  D=0x0000000000021088
8979000: system.cpu T0 : @_int_malloc+2016    :   ldr   r3, [r1, #1180]    : MemRead :  D=0x0000000000000000 A=0x814c0
8979500: system.cpu T0 : @_int_malloc+2020    :   ldr   r1, [pc, #1856]    : MemRead :  D=0x0000000000081030 A=0xee18
8979500: system.cpu T0 : @_int_malloc+2024    :   orr   r0, r9, #1         : IntAlu :  D=0x0000000000000289
8979500: system.cpu T0 : @_int_malloc+2028    :   cmps   r4, r1            : IntAlu :  D=0x0000000000000001
8980000: system.cpu T0 : @_int_malloc+2032    :   movne   r1, #4           : IntAlu : Predicated False
8980500: system.cpu T0 : @_int_malloc+2036    :   moveq   r1, #0           : IntAlu :  D=0x0000000000000000
8980500: system.cpu T0 : @_int_malloc+2040    :   add   r5, r6, r9         : IntAlu :  D=0x0000000000083f78
8980500: system.cpu T0 : @_int_malloc+2044    :   orr   r1, r0, r1         : IntAlu :  D=0x0000000000000289
8981000: system.cpu T0 : @_int_malloc+2048    :   orr   r2, r2, #1         : IntAlu :  D=0x0000000000021089
8981500: system.cpu T0 : @_int_malloc+2052    :   cmps   r3, #0            : IntAlu :  D=0x0000000000000001
8981500: system.cpu T0 : @_int_malloc+2056    :   str   r1, [r6, #4]       : MemWrite :  D=0x0000000000000289 A=0x83cf4
8981500: system.cpu T0 : @_int_malloc+2060    :   str   r5, [r4, #48]      : MemWrite :  D=0x0000000000083f78 A=0x81060
8982000: system.cpu T0 : @_int_malloc+2064    :   str   r2, [r5, #4]       : MemWrite :  D=0x0000000000021089 A=0x83f7c
8982500: system.cpu T0 : @_int_malloc+2068    :   add   r6, r6, #8         : IntAlu :  D=0x0000000000083cf8
8982500: system.cpu T0 : @_int_malloc+2072    :   beq                      : IntAlu : 
8989000: system.cpu T0 : @_int_malloc+144    :   mov   r0, r6             : IntAlu :  D=0x0000000000083cf8
8989500: system.cpu T0 : @_int_malloc+148    :   add   sp, sp, #36        : IntAlu :  D=0x00000000befffce4
8989500: system.cpu T0 : @_int_malloc+152    : ldmstm                    
8989500: system.cpu T0 : @_int_malloc+152.0  :   ldr2_uop   r4,r5, [sp, #0] : MemRead :  D=0x00000000befffee4 A=0xbefffce4
8989500: system.cpu T0 : @_int_malloc+152.1  :   ldr2_uop   r6,r7, [sp, #8] : MemRead :  D=0x0000000000081030 A=0xbefffcec
8990000: system.cpu T0 : @_int_malloc+152.2  :   ldr2_uop   r8,r9, [sp, #16] : MemRead :  D=0x0000000000000000 A=0xbefffcf4
8990000: system.cpu T0 : @_int_malloc+152.3  :   ldr2_uop   r10,fp, [sp, #24] : MemRead :  D=0x00000000befffd5c A=0xbefffcfc
8990000: system.cpu T0 : @_int_malloc+152.4  :   ldr_uop   lr, [sp, #32]  : MemRead :  D=0x00000000000104ec A=0xbefffd04
8990500: system.cpu T0 : @_int_malloc+152.5  :   addi_uop   sp, sp, #36   : IntAlu :  D=0x00000000befffd08
8990500: system.cpu T0 : @_int_malloc+156    :   bx                       : IntAlu : 
8991000: system.cpu T0 : @__libc_malloc+160    :   subs   r6, r0, #0        : IntAlu :  D=0x0000000000000001
8991500: system.cpu T0 : @__libc_malloc+164    :   beq                      : IntAlu : Predicated False
8991500: system.cpu T0 : @__libc_malloc+168    :   ldr   r5, [r7, #0]       : MemRead :  D=0x0000000000000001 A=0x81030
8991500: system.cpu T0 : @__libc_malloc+172    :   mov   r1, #0             : IntAlu :  D=0x0000000000000000
8992000: system.cpu T0 : @__libc_malloc+176    :   mov   r2, r7             : IntAlu :  D=0x0000000000081030
8992500: system.cpu T0 : @__libc_malloc+180    :   mov   r4, r5             : IntAlu :  D=0x0000000000000001
8992500: system.cpu T0 : @__libc_malloc+184    :   ldr   r3, [r2, #0]       : MemRead :  D=0x0000000000000001 A=0x81030
8992500: system.cpu T0 : @__libc_malloc+188    :   cmps   r3, r4            : IntAlu :  D=0x0000000000000001
8993000: system.cpu T0 : @__libc_malloc+192    :   bne                      : IntAlu : Predicated False
8993500: system.cpu T0 : @__libc_malloc+196    :   mov   r0, r4             : IntAlu :  D=0x0000000000000001
8993500: system.cpu T0 : @__libc_malloc+200    :   mvn   r3, #61440         : IntAlu :  D=0x00000000ffff0fff
8993500: system.cpu T0 : @__libc_malloc+204    :   mov   lr, pc             : IntAlu :  D=0x0000000000010520
8994000: system.cpu T0 : @__libc_malloc+208    :   sub   pc, r3, #63        : IntAlu :  D=0x00000000ffff0fc0
8999500: system.cpu T0 : @_end+4294372932    :   ldrex   r3, [r2, #0]     : MemRead :  D=0x0000000000000001 A=0x81030
8999500: system.cpu T0 : @_end+4294372936    :   subs   r3, r3, r0        : IntAlu :  D=0x0000000000000001
8999500: system.cpu T0 : @_end+4294372940    :   strexeq   r3, r1, [r2, #0] : MemWrite :  D=0x0000000000000000 A=0x81030
9000000: system.cpu T0 : @_end+4294372944    :   teqseq   r3, #1          : IntAlu :  D=0x0000000000000000
9000500: system.cpu T0 : @_end+4294372948    :   beq                      : IntAlu : Predicated False
9000500: system.cpu T0 : @_end+4294372952    :   rsbs   r0, r3, #0        : IntAlu :  D=0x0000000000000001
9000500: system.cpu T0 : @_end+4294372956    :   dmb   #0                 : IntAlu : 
9001000: system.cpu T0 : @_end+4294372960    :   mov   pc, lr             : IntAlu :  D=0x0000000000010520
9055500: system.cpu T0 : @__libc_malloc+212    :   bcc                      : IntAlu : Predicated False
9055500: system.cpu T0 : @__libc_malloc+216    :   mov   r3, r4             : IntAlu :  D=0x0000000000000001
9055500: system.cpu T0 : @__libc_malloc+220    :   cmps   r5, r3            : IntAlu :  D=0x0000000000000001
9056000: system.cpu T0 : @__libc_malloc+224    :   bne                      : IntAlu : Predicated False
9056500: system.cpu T0 : @__libc_malloc+228    :   cmps   r5, #1            : IntAlu :  D=0x0000000000000001
9056500: system.cpu T0 : @__libc_malloc+232    :   ble                      : IntAlu : 
9062000: system.cpu T0 : @__libc_malloc+40    :   mov   r0, r6             : IntAlu :  D=0x0000000000083cf8
9062000: system.cpu T0 : @__libc_malloc+44    : ldmstm                    
9062000: system.cpu T0 : @__libc_malloc+44.0  :   ldr2_uop   r4,r5, [sp, #0] : MemRead :  D=0x00000000befffee4 A=0xbefffd08
9062000: system.cpu T0 : @__libc_malloc+44.1  :   ldr2_uop   r6,r7, [sp, #8] : MemRead :  D=0x0000000000000000 A=0xbefffd10
9062500: system.cpu T0 : @__libc_malloc+44.2  :   ldr2_uop   r8,r9, [sp, #16] : MemRead :  D=0x0000000000000000 A=0xbefffd18
9062500: system.cpu T0 : @__libc_malloc+44.3  :   ldr2_uop   r10,lr, [sp, #24] : MemRead :  D=0x0000000000034f58 A=0xbefffd20
9062500: system.cpu T0 : @__libc_malloc+44.4  :   addi_uop   sp, sp, #32   : IntAlu :  D=0x00000000befffd28
9063000: system.cpu T0 : @__libc_malloc+48    :   bx                       : IntAlu : 
9071000: system.cpu T0 : @_dl_init_paths+112    :   ldr   r3, [r4, #12]      : MemRead :  D=0x0000000000083ce8 A=0x7ffec
9071000: system.cpu T0 : @_dl_init_paths+116    :   str   r0, [r6, #0]       : MemWrite :  D=0x0000000000083cf8 A=0x83ce8
9071500: system.cpu T0 : @_dl_init_paths+120    :   ldr   r12, [r3, #0]      : MemRead :  D=0x0000000000083cf8 A=0x83ce8
9071500: system.cpu T0 : @_dl_init_paths+124    :   cmps   r12, #0           : IntAlu :  D=0x0000000000000001
9071500: system.cpu T0 : @_dl_init_paths+128    :   beq                      : IntAlu : Predicated False
9072000: system.cpu T0 : @_dl_init_paths+132    :   mov   r3, #0             : IntAlu :  D=0x0000000000000000
9072500: system.cpu T0 : @_dl_init_paths+136    :   mov   r5, r3             : IntAlu :  D=0x0000000000000000
9072500: system.cpu T0 : @_dl_init_paths+140    :   ldr   r7, [pc, #488]     : MemRead :  D=0x0000000000065a78 A=0x35164
9072500: system.cpu T0 : @_dl_init_paths+144    :   str   r3, [r4, #16]      : MemWrite :  D=0x0000000000000000 A=0x7fff0
9073000: system.cpu T0 : @_dl_init_paths+148    :   ldr   r3, [pc, #484]     : MemRead :  D=0x0000000000082078 A=0x35168
9073500: system.cpu T0 : @_dl_init_paths+152    :   mov   r10, r10, LSL #2   : IntAlu :  D=0x0000000000000028
9073500: system.cpu T0 : @_dl_init_paths+156    :   ldr   r0, [r4, #0]       : MemRead :  D=0x0000000000000001 A=0x7ffe0
9073500: system.cpu T0 : @_dl_init_paths+160    :   ldr   r8, [pc, #476]     : MemRead :  D=0x00000000000660a0 A=0x3516c
9074000: system.cpu T0 : @_dl_init_paths+164    :   str   r12, [r3, #0]      : MemWrite :  D=0x0000000000083cf8 A=0x82078
9074500: system.cpu T0 : @_dl_init_paths+168    :   str   r10, [fp, #-40]    : MemWrite :  D=0x0000000000000028 A=0xbefffd34
9074500: system.cpu T0 : @_dl_init_paths+172    :   mov   r3, r7             : IntAlu :  D=0x0000000000065a78
9074500: system.cpu T0 : @_dl_init_paths+176    :   mov   r1, r5             : IntAlu :  D=0x0000000000000000
9075000: system.cpu T0 : @_dl_init_paths+180    :   add   r2, r7, r5, LSL #2 : IntAlu :  D=0x0000000000065a78
9075500: system.cpu T0 : @_dl_init_paths+184    :   ldr   r2, [r2, #16]      : MemRead :  D=0x0000000000000005 A=0x65a88
9075500: system.cpu T0 : @_dl_init_paths+188    :   str   r3, [r12, #12]     : MemWrite :  D=0x0000000000065a78 A=0x83d04
9075500: system.cpu T0 : @_dl_init_paths+192    :   str   r2, [r12, #16]     : MemWrite :  D=0x0000000000000005 A=0x83d08
9076000: system.cpu T0 : @_dl_init_paths+196    :   str   r12, [r6, #0]      : MemWrite :  D=0x0000000000083cf8 A=0x83ce8
9076500: system.cpu T0 : @_dl_init_paths+200    :   str   r8, [r12, #4]      : MemWrite :  D=0x00000000000660a0 A=0x83cfc
9076500: system.cpu T0 : @_dl_init_paths+204    :   str   r1, [r12, #8]      : MemWrite :  D=0x0000000000000000 A=0x83d00
9076500: system.cpu T0 : @_dl_init_paths+208    :   ldrb   r10, [r3, #0]     : MemRead :  D=0x000000000000002f A=0x65a78
9077000: system.cpu T0 : @_dl_init_paths+212    :   add   r2, r2, #1         : IntAlu :  D=0x0000000000000006
9077500: system.cpu T0 : @_dl_init_paths+216    :   cmps   r10, #47          : IntAlu :  D=0x0000000000000001
9077500: system.cpu T0 : @_dl_init_paths+220    :   add   r3, r3, r2         : IntAlu :  D=0x0000000000065a7e
9077500: system.cpu T0 : @_dl_init_paths+224    :   bne                      : IntAlu : Predicated False
9078000: system.cpu T0 : @_dl_init_paths+228    :   cmps   r0, #0            : IntAlu :  D=0x0000000000000001
9078500: system.cpu T0 : @_dl_init_paths+232    :   movne   r10, r12         : IntAlu :  D=0x0000000000083cf8
9078500: system.cpu T0 : @_dl_init_paths+236    :   movne   r2, r1           : IntAlu :  D=0x0000000000000000
9078500: system.cpu T0 : @_dl_init_paths+240    :   beq                      : IntAlu : Predicated False
9079000: system.cpu T0 : @_dl_init_paths+244    :   add   r2, r2, #1         : IntAlu :  D=0x0000000000000001
9079500: system.cpu T0 : @_dl_init_paths+248    :   cmps   r2, r0            : IntAlu :  D=0x0000000000000001
9079500: system.cpu T0 : @_dl_init_paths+252    :   str   r1, [r10, #20]     : MemWrite :  D=0x0000000000000000 A=0x83d0c
9079500: system.cpu T0 : @_dl_init_paths+256    :   add   r10, r10, #4       : IntAlu :  D=0x0000000000083cfc
9080000: system.cpu T0 : @_dl_init_paths+260    :   bcc                      : IntAlu : Predicated False
9080500: system.cpu T0 : @_dl_init_paths+264    :   cmps   r5, #1            : IntAlu :  D=0x0000000000000000
9080500: system.cpu T0 : @_dl_init_paths+268    :   add   r6, r6, #4         : IntAlu :  D=0x0000000000083cec
9080500: system.cpu T0 : @_dl_init_paths+272    :   beq                      : IntAlu : Predicated False
9081000: system.cpu T0 : @_dl_init_paths+276    :   ldr   r5, [fp, #-40]     : MemRead :  D=0x0000000000000028 A=0xbefffd34
9151500: system.cpu T0 : @_dl_init_paths+280    :   add   r2, r12, r5        : IntAlu :  D=0x0000000000083d20
9151500: system.cpu T0 : @_dl_init_paths+284    :   str   r2, [r12, #0]      : MemWrite :  D=0x0000000000083d20 A=0x83cf8
9151500: system.cpu T0 : @_dl_init_paths+288    :   mov   r5, #1             : IntAlu :  D=0x0000000000000001
9152000: system.cpu T0 : @_dl_init_paths+292    :   mov   r12, r2            : IntAlu :  D=0x0000000000083d20
9156000: system.cpu T0 : @_dl_init_paths+296    :   b                        : IntAlu : 
9159000: system.cpu T0 : @_dl_init_paths+180    :   add   r2, r7, r5, LSL #2 : IntAlu :  D=0x0000000000065a7c
9159500: system.cpu T0 : @_dl_init_paths+184    :   ldr   r2, [r2, #16]      : MemRead :  D=0x0000000000000009 A=0x65a8c
9159500: system.cpu T0 : @_dl_init_paths+188    :   str   r3, [r12, #12]     : MemWrite :  D=0x0000000000065a7e A=0x83d2c
9159500: system.cpu T0 : @_dl_init_paths+192    :   str   r2, [r12, #16]     : MemWrite :  D=0x0000000000000009 A=0x83d30
9160000: system.cpu T0 : @_dl_init_paths+196    :   str   r12, [r6, #0]      : MemWrite :  D=0x0000000000083d20 A=0x83cec
9160500: system.cpu T0 : @_dl_init_paths+200    :   str   r8, [r12, #4]      : MemWrite :  D=0x00000000000660a0 A=0x83d24
9160500: system.cpu T0 : @_dl_init_paths+204    :   str   r1, [r12, #8]      : MemWrite :  D=0x0000000000000000 A=0x83d28
9160500: system.cpu T0 : @_dl_init_paths+208    :   ldrb   r10, [r3, #0]     : MemRead :  D=0x000000000000002f A=0x65a7e
9161000: system.cpu T0 : @_dl_init_paths+212    :   add   r2, r2, #1         : IntAlu :  D=0x000000000000000a
9161500: system.cpu T0 : @_dl_init_paths+216    :   cmps   r10, #47          : IntAlu :  D=0x0000000000000001
9161500: system.cpu T0 : @_dl_init_paths+220    :   add   r3, r3, r2         : IntAlu :  D=0x0000000000065a88
9161500: system.cpu T0 : @_dl_init_paths+224    :   bne                      : IntAlu : Predicated False
9162000: system.cpu T0 : @_dl_init_paths+228    :   cmps   r0, #0            : IntAlu :  D=0x0000000000000001
9162500: system.cpu T0 : @_dl_init_paths+232    :   movne   r10, r12         : IntAlu :  D=0x0000000000083d20
9162500: system.cpu T0 : @_dl_init_paths+236    :   movne   r2, r1           : IntAlu :  D=0x0000000000000000
9162500: system.cpu T0 : @_dl_init_paths+240    :   beq                      : IntAlu : Predicated False
9163000: system.cpu T0 : @_dl_init_paths+244    :   add   r2, r2, #1         : IntAlu :  D=0x0000000000000001
9163500: system.cpu T0 : @_dl_init_paths+248    :   cmps   r2, r0            : IntAlu :  D=0x0000000000000001
9163500: system.cpu T0 : @_dl_init_paths+252    :   str   r1, [r10, #20]     : MemWrite :  D=0x0000000000000000 A=0x83d34
9163500: system.cpu T0 : @_dl_init_paths+256    :   add   r10, r10, #4       : IntAlu :  D=0x0000000000083d24
9164000: system.cpu T0 : @_dl_init_paths+260    :   bcc                      : IntAlu : Predicated False
9164500: system.cpu T0 : @_dl_init_paths+264    :   cmps   r5, #1            : IntAlu :  D=0x0000000000000001
9164500: system.cpu T0 : @_dl_init_paths+268    :   add   r6, r6, #4         : IntAlu :  D=0x0000000000083cf0
9164500: system.cpu T0 : @_dl_init_paths+272    :   beq                      : IntAlu : 
9170500: system.cpu T0 : @_dl_init_paths+300    :   ldr   r2, [pc, #340]     : MemRead :  D=0x0000000000081c44 A=0x35170
9170500: system.cpu T0 : @_dl_init_paths+304    :   mov   r3, #0             : IntAlu :  D=0x0000000000000000
9170500: system.cpu T0 : @_dl_init_paths+308    :   mov   r1, #9             : IntAlu :  D=0x0000000000000009
9171000: system.cpu T0 : @_dl_init_paths+312    :   cmps   r9, #0            : IntAlu :  D=0x0000000000000001
9171000: system.cpu T0 : @_dl_init_paths+316    :   str   r3, [r12, #0]      : MemWrite :  D=0x0000000000000000 A=0x83d20
9171000: system.cpu T0 : @_dl_init_paths+320    :   str   r1, [r2, #0]       : MemWrite :  D=0x0000000000000009 A=0x81c44
9171500: system.cpu T0 : @_dl_init_paths+324    :   str   r3, [r6, #0]       : MemWrite :  D=0x0000000000000000 A=0x83cf0
9172000: system.cpu T0 : @_dl_init_paths+328    :   beq                      : IntAlu : 
9229000: system.cpu T0 : @_dl_init_paths+344    :   mvn   r3, #0             : IntAlu :  D=0x00000000ffffffff
9229000: system.cpu T0 : @_dl_init_paths+348    :   str   r3, [r4, #24]      : MemWrite :  D=0x00000000ffffffff A=0x7fff8
9229000: system.cpu T0 : @_dl_init_paths+352    :   ldr   r1, [pc, #280]     : MemRead :  D=0x0000000000082078 A=0x35168
9229500: system.cpu T0 : @_dl_init_paths+356    :   ldr   r3, [pc, #288]     : MemRead :  D=0x0000000000082064 A=0x35174
9233000: system.cpu T0 : @_dl_init_paths+360    :   ldr   r2, [r1, #0]       : MemRead :  D=0x0000000000083cf8 A=0x82078
9233000: system.cpu T0 : @_dl_init_paths+364    :   str   r2, [r3, #0]       : MemWrite :  D=0x0000000000083cf8 A=0x82064
9233000: system.cpu T0 : @_dl_init_paths+368    :   sub   sp, fp, #32        : IntAlu :  D=0x00000000befffd3c
9233500: system.cpu T0 : @_dl_init_paths+372    : ldmstm                    
9233500: system.cpu T0 : @_dl_init_paths+372.0  :   ldr2_uop   r4,r5, [sp, #0] : MemRead :  D=0x00000000befffee4 A=0xbefffd3c
9233500: system.cpu T0 : @_dl_init_paths+372.1  :   ldr2_uop   r6,r7, [sp, #8] : MemRead :  D=0x0000000000000000 A=0xbefffd44
9233500: system.cpu T0 : @_dl_init_paths+372.2  :   ldr2_uop   r8,r9, [sp, #16] : MemRead :  D=0x0000000000000000 A=0xbefffd4c
9234000: system.cpu T0 : @_dl_init_paths+372.3  :   ldr2_uop   r10,fp, [sp, #24] : MemRead :  D=0x0000000000000000 A=0xbefffd54
9234000: system.cpu T0 : @_dl_init_paths+372.4  :   ldr_uop   lr, [sp, #32]  : MemRead :  D=0x0000000000013f60 A=0xbefffd5c
9234000: system.cpu T0 : @_dl_init_paths+372.5  :   addi_uop   sp, sp, #36   : IntAlu :  D=0x00000000befffd60
9234500: system.cpu T0 : @_dl_init_paths+376    :   bx                       : IntAlu : 
9243000: system.cpu T0 : @_dl_non_dynamic_init+84    :   ldr   r0, [pc, #652]     : MemRead :  D=0x0000000000063634 A=0x141f4
9243000: system.cpu T0 : @_dl_non_dynamic_init+88    :   bl                       : IntAlu :  D=0x0000000000013f68
9243500: system.cpu T0 : @getenv    : ldmstm                    
9243500: system.cpu T0 : @getenv.0  :   str_uop   r4, [sp, #32]  : MemWrite :  D=0x0000000000066c64 A=0xbefffd40
9243500: system.cpu T0 : @getenv.1  :   str_uop   r5, [sp, #28]  : MemWrite :  D=0x00000000befffee4 A=0xbefffd44
9243500: system.cpu T0 : @getenv.2  :   str_uop   r6, [sp, #24]  : MemWrite :  D=0x00000000befffeec A=0xbefffd48
9244000: system.cpu T0 : @getenv.3  :   str_uop   r7, [sp, #20]  : MemWrite :  D=0x0000000000000000 A=0xbefffd4c
9244000: system.cpu T0 : @getenv.4  :   str_uop   r8, [sp, #16]  : MemWrite :  D=0x0000000000000000 A=0xbefffd50
9244000: system.cpu T0 : @getenv.5  :   str_uop   r9, [sp, #12]  : MemWrite :  D=0x0000000000000000 A=0xbefffd54
9244500: system.cpu T0 : @getenv.6  :   str_uop   r10, [sp, #8]  : MemWrite :  D=0x0000000000000000 A=0xbefffd58
9244500: system.cpu T0 : @getenv.7  :   str_uop   lr, [sp, #4]   : MemWrite :  D=0x0000000000013f68 A=0xbefffd5c
9244500: system.cpu T0 : @getenv.8  :   subi_uop   sp, sp, #32   : IntAlu :  D=0x00000000befffd40
9245000: system.cpu T0 : @getenv+4    :   mov   r8, r0             : IntAlu :  D=0x0000000000063634
9245000: system.cpu T0 : @getenv+8    :   bl                       : IntAlu :  D=0x00000000000198fc
9245500: system.cpu T0 : @strlen    :   bic   r1, r0, #3         : IntAlu :  D=0x0000000000063634
9245500: system.cpu T0 : @strlen+4    :   ldr   r2, [r1] #4       
9245500: system.cpu T0 : @strlen+4.0  :   ldr   r2, [r1] #4        : MemRead :  D=0x00000000425f444c A=0x63634
9245500: system.cpu T0 : @strlen+4.1  :   addi_uop   r1, r1, #4    : IntAlu :  D=0x0000000000063638
9246000: system.cpu T0 : @strlen+8    :   ands   r3, r0, #3        : IntAlu :  D=0x0000000000000001
9246000: system.cpu T0 : @strlen+12    :   rsb   r0, r3, #0         : IntAlu :  D=0x0000000000000000
9246500: system.cpu T0 : @strlen+16    :   beq                      : IntAlu : 
9252000: system.cpu T0 : @Laligned    :   tsts   r2, #255          : IntAlu :  D=0x0000000000000000
9252000: system.cpu T0 : @Laligned+4    :   tstsne   r2, #65280      : IntAlu :  D=0x0000000000000000
9252500: system.cpu T0 : @Laligned+8    :   tstsne   r2, #16711680   : IntAlu :  D=0x0000000000000000
9252500: system.cpu T0 : @Laligned+12    :   tstsne   r2, #4278190080 : IntAlu :  D=0x0000000000000000
9252500: system.cpu T0 : @Laligned+16    :   addne   r0, r0, #4       : IntAlu :  D=0x0000000000000004
9253000: system.cpu T0 : @Laligned+20    :   ldrne   r2, [r1] #4     
9253000: system.cpu T0 : @Laligned+20.0  :   ldrne   r2, [r1] #4      : MemRead :  D=0x000000005f444e49 A=0x63638
9253000: system.cpu T0 : @Laligned+20.1  :   addi_uopne   r1, r1, #4  : IntAlu :  D=0x000000000006363c
9253500: system.cpu T0 : @Laligned+24    :   bne                      : IntAlu : 
9260000: system.cpu T0 : @Laligned    :   tsts   r2, #255          : IntAlu :  D=0x0000000000000000
9260000: system.cpu T0 : @Laligned+4    :   tstsne   r2, #65280      : IntAlu :  D=0x0000000000000000
9260500: system.cpu T0 : @Laligned+8    :   tstsne   r2, #16711680   : IntAlu :  D=0x0000000000000000
9260500: system.cpu T0 : @Laligned+12    :   tstsne   r2, #4278190080 : IntAlu :  D=0x0000000000000000
9260500: system.cpu T0 : @Laligned+16    :   addne   r0, r0, #4       : IntAlu :  D=0x0000000000000008
9261000: system.cpu T0 : @Laligned+20    :   ldrne   r2, [r1] #4     
9261000: system.cpu T0 : @Laligned+20.0  :   ldrne   r2, [r1] #4      : MemRead :  D=0x0000000000574f4e A=0x6363c
9261000: system.cpu T0 : @Laligned+20.1  :   addi_uopne   r1, r1, #4  : IntAlu :  D=0x0000000000063640
9261500: system.cpu T0 : @Laligned+24    :   bne                      : IntAlu : 
9268000: system.cpu T0 : @Laligned    :   tsts   r2, #255          : IntAlu :  D=0x0000000000000000
9268000: system.cpu T0 : @Laligned+4    :   tstsne   r2, #65280      : IntAlu :  D=0x0000000000000000
9268500: system.cpu T0 : @Laligned+8    :   tstsne   r2, #16711680   : IntAlu :  D=0x0000000000000000
9268500: system.cpu T0 : @Laligned+12    :   tstsne   r2, #4278190080 : IntAlu :  D=0x0000000000000001
9268500: system.cpu T0 : @Laligned+16    :   addne   r0, r0, #4       : IntAlu : Predicated False
9269000: system.cpu T0 : @Laligned+20    :   ldrne   r2, [r1] #4     
9269000: system.cpu T0 : @Laligned+20.0  :   ldrne   r2, [r1] #4      : MemRead : Predicated False
9269000: system.cpu T0 : @Laligned+20.1  :   addi_uopne   r1, r1, #4  : IntAlu : Predicated False
9269500: system.cpu T0 : @Laligned+24    :   bne                      : IntAlu : Predicated False
9269500: system.cpu T0 : @Llastword    :   tsts   r2, #255          : IntAlu :  D=0x0000000000000000
9269500: system.cpu T0 : @Llastword+4    :   addne   r0, r0, #1       : IntAlu :  D=0x0000000000000009
9270000: system.cpu T0 : @Llastword+8    :   tstsne   r2, #65280      : IntAlu :  D=0x0000000000000000
9270500: system.cpu T0 : @Llastword+12    :   addne   r0, r0, #1       : IntAlu :  D=0x000000000000000a
9270500: system.cpu T0 : @Llastword+16    :   tstsne   r2, #16711680   : IntAlu :  D=0x0000000000000000
9270500: system.cpu T0 : @Llastword+20    :   addne   r0, r0, #1       : IntAlu :  D=0x000000000000000b
9271000: system.cpu T0 : @Llastword+24    :   bx                       : IntAlu : 
9271500: system.cpu T0 : @getenv+12    :   ldr   r3, [pc, #264]     : MemRead :  D=0x00000000000814f4 A=0x19a0c
9272000: system.cpu T0 : @getenv+16    :   mov   r6, r0             : IntAlu :  D=0x000000000000000b
9272000: system.cpu T0 : @getenv+20    :   ldr   r5, [r3, #0]       : MemRead :  D=0x00000000befffeec A=0x814f4
9272000: system.cpu T0 : @getenv+24    :   cmps   r5, #0            : IntAlu :  D=0x0000000000000001
9272500: system.cpu T0 : @getenv+28    :   bne                      : IntAlu : 
9281500: system.cpu T0 : @getenv+44    :   ldrb   r1, [r8, #0]      : MemRead :  D=0x000000000000004c A=0x63634
9282000: system.cpu T0 : @getenv+48    :   cmps   r1, #0            : IntAlu :  D=0x0000000000000001
9282000: system.cpu T0 : @getenv+52    :   beq                      : IntAlu : Predicated False
9282000: system.cpu T0 : @getenv+56    :   ldrb   r10, [r8, #1]     : MemRead :  D=0x0000000000000044 A=0x63635
9282500: system.cpu T0 : @getenv+60    :   cmps   r10, #0           : IntAlu :  D=0x0000000000000001
9283000: system.cpu T0 : @getenv+64    :   beq                      : IntAlu : Predicated False
9283000: system.cpu T0 : @getenv+68    :   ldr   r4, [r5, #0]       : MemRead :  D=0x0000000000000000 A=0xbefffeec
9283000: system.cpu T0 : @getenv+72    :   orr   r10, r1, r10, LSL #8 : IntAlu :  D=0x000000000000444c
9283500: system.cpu T0 : @getenv+76    :   cmps   r4, #0            : IntAlu :  D=0x0000000000000001
9284000: system.cpu T0 : @getenv+80    :   add   r8, r8, #2         : IntAlu :  D=0x0000000000063636
9284000: system.cpu T0 : @getenv+84    :   sub   r7, r0, #2         : IntAlu :  D=0x0000000000000009
9284000: system.cpu T0 : @getenv+88    :   beq                      : IntAlu : 
9291000: system.cpu T0 : @getenv+32    :   mov   r0, #0             : IntAlu :  D=0x0000000000000000
9291000: system.cpu T0 : @getenv+36    : ldmstm                    
9291000: system.cpu T0 : @getenv+36.0  :   ldr2_uop   r4,r5, [sp, #0] : MemRead :  D=0x00000000befffee4 A=0xbefffd40
9291000: system.cpu T0 : @getenv+36.1  :   ldr2_uop   r6,r7, [sp, #8] : MemRead :  D=0x0000000000000000 A=0xbefffd48
9291500: system.cpu T0 : @getenv+36.2  :   ldr2_uop   r8,r9, [sp, #16] : MemRead :  D=0x0000000000000000 A=0xbefffd50
9291500: system.cpu T0 : @getenv+36.3  :   ldr2_uop   r10,lr, [sp, #24] : MemRead :  D=0x0000000000013f68 A=0xbefffd58
9291500: system.cpu T0 : @getenv+36.4  :   addi_uop   sp, sp, #32   : IntAlu :  D=0x00000000befffd60
9292000: system.cpu T0 : @getenv+40    :   bx                       : IntAlu : 
9292500: system.cpu T0 : @_dl_non_dynamic_init+92    :   cmps   r0, #0            : IntAlu :  D=0x0000000000000001
9292500: system.cpu T0 : @_dl_non_dynamic_init+96    :   moveq   r0, r4           : IntAlu :  D=0x0000000000066c64
9293000: system.cpu T0 : @_dl_non_dynamic_init+100    :   ldrb   r2, [r0, #0]      : MemRead :  D=0x0000000000000000 A=0x66c64
9293000: system.cpu T0 : @_dl_non_dynamic_init+104    :   ldr   r3, [pc, #636]     : MemRead :  D=0x0000000000082048 A=0x141f8
9293000: system.cpu T0 : @_dl_non_dynamic_init+108    :   rsbs   r2, r2, #1        : IntAlu :  D=0x0000000000000001
9293500: system.cpu T0 : @_dl_non_dynamic_init+112    :   movcc   r2, #0           : IntAlu : Predicated False
9294000: system.cpu T0 : @_dl_non_dynamic_init+116    :   str   r2, [r3, #0]       : MemWrite :  D=0x0000000000000001 A=0x82048
9294000: system.cpu T0 : @_dl_non_dynamic_init+120    :   ldr   r0, [pc, #624]     : MemRead :  D=0x0000000000063640 A=0x141fc
9294000: system.cpu T0 : @_dl_non_dynamic_init+124    :   bl                       : IntAlu :  D=0x0000000000013f8c
9294500: system.cpu T0 : @getenv    : ldmstm                    
9294500: system.cpu T0 : @getenv.0  :   str_uop   r4, [sp, #32]  : MemWrite :  D=0x0000000000066c64 A=0xbefffd40
9294500: system.cpu T0 : @getenv.1  :   str_uop   r5, [sp, #28]  : MemWrite :  D=0x00000000befffee4 A=0xbefffd44
9294500: system.cpu T0 : @getenv.2  :   str_uop   r6, [sp, #24]  : MemWrite :  D=0x00000000befffeec A=0xbefffd48
9295000: system.cpu T0 : @getenv.3  :   str_uop   r7, [sp, #20]  : MemWrite :  D=0x0000000000000000 A=0xbefffd4c
9295000: system.cpu T0 : @getenv.4  :   str_uop   r8, [sp, #16]  : MemWrite :  D=0x0000000000000000 A=0xbefffd50
9295000: system.cpu T0 : @getenv.5  :   str_uop   r9, [sp, #12]  : MemWrite :  D=0x0000000000000000 A=0xbefffd54
9295500: system.cpu T0 : @getenv.6  :   str_uop   r10, [sp, #8]  : MemWrite :  D=0x0000000000000000 A=0xbefffd58
9295500: system.cpu T0 : @getenv.7  :   str_uop   lr, [sp, #4]   : MemWrite :  D=0x0000000000013f8c A=0xbefffd5c
9295500: system.cpu T0 : @getenv.8  :   subi_uop   sp, sp, #32   : IntAlu :  D=0x00000000befffd40
9296000: system.cpu T0 : @getenv+4    :   mov   r8, r0             : IntAlu :  D=0x0000000000063640
9296000: system.cpu T0 : @getenv+8    :   bl                       : IntAlu :  D=0x00000000000198fc
9296500: system.cpu T0 : @strlen    :   bic   r1, r0, #3         : IntAlu :  D=0x0000000000063640
9296500: system.cpu T0 : @strlen+4    :   ldr   r2, [r1] #4       
9296500: system.cpu T0 : @strlen+4.0  :   ldr   r2, [r1] #4        : MemRead :  D=0x00000000425f444c A=0x63640
9296500: system.cpu T0 : @strlen+4.1  :   addi_uop   r1, r1, #4    : IntAlu :  D=0x0000000000063644
9297000: system.cpu T0 : @strlen+8    :   ands   r3, r0, #3        : IntAlu :  D=0x0000000000000001
9297000: system.cpu T0 : @strlen+12    :   rsb   r0, r3, #0         : IntAlu :  D=0x0000000000000000
9297500: system.cpu T0 : @strlen+16    :   beq                      : IntAlu : 
9303000: system.cpu T0 : @Laligned    :   tsts   r2, #255          : IntAlu :  D=0x0000000000000000
9303000: system.cpu T0 : @Laligned+4    :   tstsne   r2, #65280      : IntAlu :  D=0x0000000000000000
9303500: system.cpu T0 : @Laligned+8    :   tstsne   r2, #16711680   : IntAlu :  D=0x0000000000000000
9303500: system.cpu T0 : @Laligned+12    :   tstsne   r2, #4278190080 : IntAlu :  D=0x0000000000000000
9303500: system.cpu T0 : @Laligned+16    :   addne   r0, r0, #4       : IntAlu :  D=0x0000000000000004
9304000: system.cpu T0 : @Laligned+20    :   ldrne   r2, [r1] #4     
9304000: system.cpu T0 : @Laligned+20.0  :   ldrne   r2, [r1] #4      : MemRead :  D=0x000000005f444e49 A=0x63644
9304000: system.cpu T0 : @Laligned+20.1  :   addi_uopne   r1, r1, #4  : IntAlu :  D=0x0000000000063648
9304500: system.cpu T0 : @Laligned+24    :   bne                      : IntAlu : 
9377000: system.cpu T0 : @Laligned    :   tsts   r2, #255          : IntAlu :  D=0x0000000000000000
9377000: system.cpu T0 : @Laligned+4    :   tstsne   r2, #65280      : IntAlu :  D=0x0000000000000000
9377500: system.cpu T0 : @Laligned+8    :   tstsne   r2, #16711680   : IntAlu :  D=0x0000000000000000
9377500: system.cpu T0 : @Laligned+12    :   tstsne   r2, #4278190080 : IntAlu :  D=0x0000000000000000
9377500: system.cpu T0 : @Laligned+16    :   addne   r0, r0, #4       : IntAlu :  D=0x0000000000000008
9378000: system.cpu T0 : @Laligned+20    :   ldrne   r2, [r1] #4     
9378000: system.cpu T0 : @Laligned+20.0  :   ldrne   r2, [r1] #4      : MemRead :  D=0x0000000000544f4e A=0x63648
9378000: system.cpu T0 : @Laligned+20.1  :   addi_uopne   r1, r1, #4  : IntAlu :  D=0x000000000006364c
9379000: system.cpu T0 : @Laligned+24    :   bne                      : IntAlu : 
9385000: system.cpu T0 : @Laligned    :   tsts   r2, #255          : IntAlu :  D=0x0000000000000000
9385000: system.cpu T0 : @Laligned+4    :   tstsne   r2, #65280      : IntAlu :  D=0x0000000000000000
9385500: system.cpu T0 : @Laligned+8    :   tstsne   r2, #16711680   : IntAlu :  D=0x0000000000000000
9385500: system.cpu T0 : @Laligned+12    :   tstsne   r2, #4278190080 : IntAlu :  D=0x0000000000000001
9385500: system.cpu T0 : @Laligned+16    :   addne   r0, r0, #4       : IntAlu : Predicated False
9386000: system.cpu T0 : @Laligned+20    :   ldrne   r2, [r1] #4     
9386000: system.cpu T0 : @Laligned+20.0  :   ldrne   r2, [r1] #4      : MemRead : Predicated False
9386000: system.cpu T0 : @Laligned+20.1  :   addi_uopne   r1, r1, #4  : IntAlu : Predicated False
9386500: system.cpu T0 : @Laligned+24    :   bne                      : IntAlu : Predicated False
9386500: system.cpu T0 : @Llastword    :   tsts   r2, #255          : IntAlu :  D=0x0000000000000000
9386500: system.cpu T0 : @Llastword+4    :   addne   r0, r0, #1       : IntAlu :  D=0x0000000000000009
9387000: system.cpu T0 : @Llastword+8    :   tstsne   r2, #65280      : IntAlu :  D=0x0000000000000000
9387500: system.cpu T0 : @Llastword+12    :   addne   r0, r0, #1       : IntAlu :  D=0x000000000000000a
9387500: system.cpu T0 : @Llastword+16    :   tstsne   r2, #16711680   : IntAlu :  D=0x0000000000000000
9387500: system.cpu T0 : @Llastword+20    :   addne   r0, r0, #1       : IntAlu :  D=0x000000000000000b
9388000: system.cpu T0 : @Llastword+24    :   bx                       : IntAlu : 
9388500: system.cpu T0 : @getenv+12    :   ldr   r3, [pc, #264]     : MemRead :  D=0x00000000000814f4 A=0x19a0c
9389000: system.cpu T0 : @getenv+16    :   mov   r6, r0             : IntAlu :  D=0x000000000000000b
9389000: system.cpu T0 : @getenv+20    :   ldr   r5, [r3, #0]       : MemRead :  D=0x00000000befffeec A=0x814f4
9389000: system.cpu T0 : @getenv+24    :   cmps   r5, #0            : IntAlu :  D=0x0000000000000001
9389500: system.cpu T0 : @getenv+28    :   bne                      : IntAlu : 
9398500: system.cpu T0 : @getenv+44    :   ldrb   r1, [r8, #0]      : MemRead :  D=0x000000000000004c A=0x63640
9399000: system.cpu T0 : @getenv+48    :   cmps   r1, #0            : IntAlu :  D=0x0000000000000001
9399000: system.cpu T0 : @getenv+52    :   beq                      : IntAlu : Predicated False
9399000: system.cpu T0 : @getenv+56    :   ldrb   r10, [r8, #1]     : MemRead :  D=0x0000000000000044 A=0x63641
9399500: system.cpu T0 : @getenv+60    :   cmps   r10, #0           : IntAlu :  D=0x0000000000000001
9400000: system.cpu T0 : @getenv+64    :   beq                      : IntAlu : Predicated False
9400000: system.cpu T0 : @getenv+68    :   ldr   r4, [r5, #0]       : MemRead :  D=0x0000000000000000 A=0xbefffeec
9400000: system.cpu T0 : @getenv+72    :   orr   r10, r1, r10, LSL #8 : IntAlu :  D=0x000000000000444c
9400500: system.cpu T0 : @getenv+76    :   cmps   r4, #0            : IntAlu :  D=0x0000000000000001
9401000: system.cpu T0 : @getenv+80    :   add   r8, r8, #2         : IntAlu :  D=0x0000000000063642
9401000: system.cpu T0 : @getenv+84    :   sub   r7, r0, #2         : IntAlu :  D=0x0000000000000009
9401000: system.cpu T0 : @getenv+88    :   beq                      : IntAlu : 
9408000: system.cpu T0 : @getenv+32    :   mov   r0, #0             : IntAlu :  D=0x0000000000000000
9408000: system.cpu T0 : @getenv+36    : ldmstm                    
9408000: system.cpu T0 : @getenv+36.0  :   ldr2_uop   r4,r5, [sp, #0] : MemRead :  D=0x00000000befffee4 A=0xbefffd40
9408000: system.cpu T0 : @getenv+36.1  :   ldr2_uop   r6,r7, [sp, #8] : MemRead :  D=0x0000000000000000 A=0xbefffd48
9408500: system.cpu T0 : @getenv+36.2  :   ldr2_uop   r8,r9, [sp, #16] : MemRead :  D=0x0000000000000000 A=0xbefffd50
9408500: system.cpu T0 : @getenv+36.3  :   ldr2_uop   r10,lr, [sp, #24] : MemRead :  D=0x0000000000013f8c A=0xbefffd58
9408500: system.cpu T0 : @getenv+36.4  :   addi_uop   sp, sp, #32   : IntAlu :  D=0x00000000befffd60
9409000: system.cpu T0 : @getenv+40    :   bx                       : IntAlu : 
9409500: system.cpu T0 : @_dl_non_dynamic_init+128    :   cmps   r0, #0            : IntAlu :  D=0x0000000000000001
9410000: system.cpu T0 : @_dl_non_dynamic_init+132    :   moveq   r0, r4           : IntAlu :  D=0x0000000000066c64
9410000: system.cpu T0 : @_dl_non_dynamic_init+136    :   ldrb   r2, [r0, #0]      : MemRead :  D=0x0000000000000000 A=0x66c64
9410000: system.cpu T0 : @_dl_non_dynamic_init+140    :   ldr   r3, [pc, #608]     : MemRead :  D=0x0000000000082040 A=0x14200
9410500: system.cpu T0 : @_dl_non_dynamic_init+144    :   subs   r2, r2, #0        : IntAlu :  D=0x0000000000000001
9411000: system.cpu T0 : @_dl_non_dynamic_init+148    :   movne   r2, #1           : IntAlu : Predicated False
9411000: system.cpu T0 : @_dl_non_dynamic_init+152    :   str   r2, [r3, #0]       : MemWrite :  D=0x0000000000000000 A=0x82040
9411000: system.cpu T0 : @_dl_non_dynamic_init+156    :   ldr   r0, [pc, #596]     : MemRead :  D=0x000000000006364c A=0x14204
9411500: system.cpu T0 : @_dl_non_dynamic_init+160    :   bl                       : IntAlu :  D=0x0000000000013fb0
9412000: system.cpu T0 : @getenv    : ldmstm                    
9412000: system.cpu T0 : @getenv.0  :   str_uop   r4, [sp, #32]  : MemWrite :  D=0x0000000000066c64 A=0xbefffd40
9412000: system.cpu T0 : @getenv.1  :   str_uop   r5, [sp, #28]  : MemWrite :  D=0x00000000befffee4 A=0xbefffd44
9412000: system.cpu T0 : @getenv.2  :   str_uop   r6, [sp, #24]  : MemWrite :  D=0x00000000befffeec A=0xbefffd48
9412500: system.cpu T0 : @getenv.3  :   str_uop   r7, [sp, #20]  : MemWrite :  D=0x0000000000000000 A=0xbefffd4c
9412500: system.cpu T0 : @getenv.4  :   str_uop   r8, [sp, #16]  : MemWrite :  D=0x0000000000000000 A=0xbefffd50
9412500: system.cpu T0 : @getenv.5  :   str_uop   r9, [sp, #12]  : MemWrite :  D=0x0000000000000000 A=0xbefffd54
9413000: system.cpu T0 : @getenv.6  :   str_uop   r10, [sp, #8]  : MemWrite :  D=0x0000000000000000 A=0xbefffd58
9413000: system.cpu T0 : @getenv.7  :   str_uop   lr, [sp, #4]   : MemWrite :  D=0x0000000000013fb0 A=0xbefffd5c
9413000: system.cpu T0 : @getenv.8  :   subi_uop   sp, sp, #32   : IntAlu :  D=0x00000000befffd40
9413500: system.cpu T0 : @getenv+4    :   mov   r8, r0             : IntAlu :  D=0x000000000006364c
9413500: system.cpu T0 : @getenv+8    :   bl                       : IntAlu :  D=0x00000000000198fc
9414000: system.cpu T0 : @strlen    :   bic   r1, r0, #3         : IntAlu :  D=0x000000000006364c
9414000: system.cpu T0 : @strlen+4    :   ldr   r2, [r1] #4       
9414000: system.cpu T0 : @strlen+4.0  :   ldr   r2, [r1] #4        : MemRead :  D=0x00000000445f444c A=0x6364c
9414000: system.cpu T0 : @strlen+4.1  :   addi_uop   r1, r1, #4    : IntAlu :  D=0x0000000000063650
9414500: system.cpu T0 : @strlen+8    :   ands   r3, r0, #3        : IntAlu :  D=0x0000000000000001
9414500: system.cpu T0 : @strlen+12    :   rsb   r0, r3, #0         : IntAlu :  D=0x0000000000000000
9415000: system.cpu T0 : @strlen+16    :   beq                      : IntAlu : 
9420500: system.cpu T0 : @Laligned    :   tsts   r2, #255          : IntAlu :  D=0x0000000000000000
9420500: system.cpu T0 : @Laligned+4    :   tstsne   r2, #65280      : IntAlu :  D=0x0000000000000000
9421000: system.cpu T0 : @Laligned+8    :   tstsne   r2, #16711680   : IntAlu :  D=0x0000000000000000
9421000: system.cpu T0 : @Laligned+12    :   tstsne   r2, #4278190080 : IntAlu :  D=0x0000000000000000
9421000: system.cpu T0 : @Laligned+16    :   addne   r0, r0, #4       : IntAlu :  D=0x0000000000000004
9421500: system.cpu T0 : @Laligned+20    :   ldrne   r2, [r1] #4     
9421500: system.cpu T0 : @Laligned+20.0  :   ldrne   r2, [r1] #4      : MemRead :  D=0x000000004d414e59 A=0x63650
9421500: system.cpu T0 : @Laligned+20.1  :   addi_uopne   r1, r1, #4  : IntAlu :  D=0x0000000000063654
9422000: system.cpu T0 : @Laligned+24    :   bne                      : IntAlu : 
9422500: system.cpu T0 : @Laligned    :   tsts   r2, #255          : IntAlu :  D=0x0000000000000000
9422500: system.cpu T0 : @Laligned+4    :   tstsne   r2, #65280      : IntAlu :  D=0x0000000000000000
9423000: system.cpu T0 : @Laligned+8    :   tstsne   r2, #16711680   : IntAlu :  D=0x0000000000000000
9423000: system.cpu T0 : @Laligned+12    :   tstsne   r2, #4278190080 : IntAlu :  D=0x0000000000000000
9423000: system.cpu T0 : @Laligned+16    :   addne   r0, r0, #4       : IntAlu :  D=0x0000000000000008
9423500: system.cpu T0 : @Laligned+20    :   ldrne   r2, [r1] #4     
9423500: system.cpu T0 : @Laligned+20.0  :   ldrne   r2, [r1] #4      : MemRead :  D=0x00000000575f4349 A=0x63654
9423500: system.cpu T0 : @Laligned+20.1  :   addi_uopne   r1, r1, #4  : IntAlu :  D=0x0000000000063658
9424000: system.cpu T0 : @Laligned+24    :   bne                      : IntAlu : 
9432500: system.cpu T0 : @Laligned    :   tsts   r2, #255          : IntAlu :  D=0x0000000000000000
9432500: system.cpu T0 : @Laligned+4    :   tstsne   r2, #65280      : IntAlu :  D=0x0000000000000000
9433000: system.cpu T0 : @Laligned+8    :   tstsne   r2, #16711680   : IntAlu :  D=0x0000000000000000
9433000: system.cpu T0 : @Laligned+12    :   tstsne   r2, #4278190080 : IntAlu :  D=0x0000000000000000
9433000: system.cpu T0 : @Laligned+16    :   addne   r0, r0, #4       : IntAlu :  D=0x000000000000000c
9433500: system.cpu T0 : @Laligned+20    :   ldrne   r2, [r1] #4     
9433500: system.cpu T0 : @Laligned+20.0  :   ldrne   r2, [r1] #4      : MemRead :  D=0x00000000004b4145 A=0x63658
9433500: system.cpu T0 : @Laligned+20.1  :   addi_uopne   r1, r1, #4  : IntAlu :  D=0x000000000006365c
9434000: system.cpu T0 : @Laligned+24    :   bne                      : IntAlu : 
9440500: system.cpu T0 : @Laligned    :   tsts   r2, #255          : IntAlu :  D=0x0000000000000000
9440500: system.cpu T0 : @Laligned+4    :   tstsne   r2, #65280      : IntAlu :  D=0x0000000000000000
9441000: system.cpu T0 : @Laligned+8    :   tstsne   r2, #16711680   : IntAlu :  D=0x0000000000000000
9441000: system.cpu T0 : @Laligned+12    :   tstsne   r2, #4278190080 : IntAlu :  D=0x0000000000000001
9441000: system.cpu T0 : @Laligned+16    :   addne   r0, r0, #4       : IntAlu : Predicated False
9441500: system.cpu T0 : @Laligned+20    :   ldrne   r2, [r1] #4     
9441500: system.cpu T0 : @Laligned+20.0  :   ldrne   r2, [r1] #4      : MemRead : Predicated False
9441500: system.cpu T0 : @Laligned+20.1  :   addi_uopne   r1, r1, #4  : IntAlu : Predicated False
9442000: system.cpu T0 : @Laligned+24    :   bne                      : IntAlu : Predicated False
9442000: system.cpu T0 : @Llastword    :   tsts   r2, #255          : IntAlu :  D=0x0000000000000000
9442000: system.cpu T0 : @Llastword+4    :   addne   r0, r0, #1       : IntAlu :  D=0x000000000000000d
9442500: system.cpu T0 : @Llastword+8    :   tstsne   r2, #65280      : IntAlu :  D=0x0000000000000000
9443000: system.cpu T0 : @Llastword+12    :   addne   r0, r0, #1       : IntAlu :  D=0x000000000000000e
9443000: system.cpu T0 : @Llastword+16    :   tstsne   r2, #16711680   : IntAlu :  D=0x0000000000000000
9443000: system.cpu T0 : @Llastword+20    :   addne   r0, r0, #1       : IntAlu :  D=0x000000000000000f
9443500: system.cpu T0 : @Llastword+24    :   bx                       : IntAlu : 
9444000: system.cpu T0 : @getenv+12    :   ldr   r3, [pc, #264]     : MemRead :  D=0x00000000000814f4 A=0x19a0c
9444500: system.cpu T0 : @getenv+16    :   mov   r6, r0             : IntAlu :  D=0x000000000000000f
9444500: system.cpu T0 : @getenv+20    :   ldr   r5, [r3, #0]       : MemRead :  D=0x00000000befffeec A=0x814f4
9444500: system.cpu T0 : @getenv+24    :   cmps   r5, #0            : IntAlu :  D=0x0000000000000001
9445000: system.cpu T0 : @getenv+28    :   bne                      : IntAlu : 
9454000: system.cpu T0 : @getenv+44    :   ldrb   r1, [r8, #0]      : MemRead :  D=0x000000000000004c A=0x6364c
9454500: system.cpu T0 : @getenv+48    :   cmps   r1, #0            : IntAlu :  D=0x0000000000000001
9454500: system.cpu T0 : @getenv+52    :   beq                      : IntAlu : Predicated False
9454500: system.cpu T0 : @getenv+56    :   ldrb   r10, [r8, #1]     : MemRead :  D=0x0000000000000044 A=0x6364d
9455000: system.cpu T0 : @getenv+60    :   cmps   r10, #0           : IntAlu :  D=0x0000000000000001
9455500: system.cpu T0 : @getenv+64    :   beq                      : IntAlu : Predicated False
9455500: system.cpu T0 : @getenv+68    :   ldr   r4, [r5, #0]       : MemRead :  D=0x0000000000000000 A=0xbefffeec
9455500: system.cpu T0 : @getenv+72    :   orr   r10, r1, r10, LSL #8 : IntAlu :  D=0x000000000000444c
9456000: system.cpu T0 : @getenv+76    :   cmps   r4, #0            : IntAlu :  D=0x0000000000000001
9456500: system.cpu T0 : @getenv+80    :   add   r8, r8, #2         : IntAlu :  D=0x000000000006364e
9456500: system.cpu T0 : @getenv+84    :   sub   r7, r0, #2         : IntAlu :  D=0x000000000000000d
9456500: system.cpu T0 : @getenv+88    :   beq                      : IntAlu : 
9463500: system.cpu T0 : @getenv+32    :   mov   r0, #0             : IntAlu :  D=0x0000000000000000
9463500: system.cpu T0 : @getenv+36    : ldmstm                    
9463500: system.cpu T0 : @getenv+36.0  :   ldr2_uop   r4,r5, [sp, #0] : MemRead :  D=0x00000000befffee4 A=0xbefffd40
9463500: system.cpu T0 : @getenv+36.1  :   ldr2_uop   r6,r7, [sp, #8] : MemRead :  D=0x0000000000000000 A=0xbefffd48
9464000: system.cpu T0 : @getenv+36.2  :   ldr2_uop   r8,r9, [sp, #16] : MemRead :  D=0x0000000000000000 A=0xbefffd50
9464000: system.cpu T0 : @getenv+36.3  :   ldr2_uop   r10,lr, [sp, #24] : MemRead :  D=0x0000000000013fb0 A=0xbefffd58
9464000: system.cpu T0 : @getenv+36.4  :   addi_uop   sp, sp, #32   : IntAlu :  D=0x00000000befffd60
9464500: system.cpu T0 : @getenv+40    :   bx                       : IntAlu : 
9465000: system.cpu T0 : @_dl_non_dynamic_init+164    :   cmps   r0, #0            : IntAlu :  D=0x0000000000000001
9465000: system.cpu T0 : @_dl_non_dynamic_init+168    :   moveq   r0, r4           : IntAlu :  D=0x0000000000066c64
9465000: system.cpu T0 : @_dl_non_dynamic_init+172    :   ldrb   r2, [r0, #0]      : MemRead :  D=0x0000000000000000 A=0x66c64
9465500: system.cpu T0 : @_dl_non_dynamic_init+176    :   ldr   r3, [pc, #580]     : MemRead :  D=0x000000000008205c A=0x14208
9466000: system.cpu T0 : @_dl_non_dynamic_init+180    :   rsbs   r2, r2, #1        : IntAlu :  D=0x0000000000000001
9466000: system.cpu T0 : @_dl_non_dynamic_init+184    :   movcc   r2, #0           : IntAlu : Predicated False
9466000: system.cpu T0 : @_dl_non_dynamic_init+188    :   str   r2, [r3, #0]       : MemWrite :  D=0x0000000000000001 A=0x8205c
9466500: system.cpu T0 : @_dl_non_dynamic_init+192    :   ldr   r0, [pc, #568]     : MemRead :  D=0x000000000006365c A=0x1420c
9467000: system.cpu T0 : @_dl_non_dynamic_init+196    :   bl                       : IntAlu :  D=0x0000000000013fd4
9467500: system.cpu T0 : @getenv    : ldmstm                    
9467500: system.cpu T0 : @getenv.0  :   str_uop   r4, [sp, #32]  : MemWrite :  D=0x0000000000066c64 A=0xbefffd40
9467500: system.cpu T0 : @getenv.1  :   str_uop   r5, [sp, #28]  : MemWrite :  D=0x00000000befffee4 A=0xbefffd44
9467500: system.cpu T0 : @getenv.2  :   str_uop   r6, [sp, #24]  : MemWrite :  D=0x00000000befffeec A=0xbefffd48
9468000: system.cpu T0 : @getenv.3  :   str_uop   r7, [sp, #20]  : MemWrite :  D=0x0000000000000000 A=0xbefffd4c
9468000: system.cpu T0 : @getenv.4  :   str_uop   r8, [sp, #16]  : MemWrite :  D=0x0000000000000000 A=0xbefffd50
9468000: system.cpu T0 : @getenv.5  :   str_uop   r9, [sp, #12]  : MemWrite :  D=0x0000000000000000 A=0xbefffd54
9468500: system.cpu T0 : @getenv.6  :   str_uop   r10, [sp, #8]  : MemWrite :  D=0x0000000000000000 A=0xbefffd58
9468500: system.cpu T0 : @getenv.7  :   str_uop   lr, [sp, #4]   : MemWrite :  D=0x0000000000013fd4 A=0xbefffd5c
9468500: system.cpu T0 : @getenv.8  :   subi_uop   sp, sp, #32   : IntAlu :  D=0x00000000befffd40
9469000: system.cpu T0 : @getenv+4    :   mov   r8, r0             : IntAlu :  D=0x000000000006365c
9469000: system.cpu T0 : @getenv+8    :   bl                       : IntAlu :  D=0x00000000000198fc
9469500: system.cpu T0 : @strlen    :   bic   r1, r0, #3         : IntAlu :  D=0x000000000006365c
9469500: system.cpu T0 : @strlen+4    :   ldr   r2, [r1] #4       
9469500: system.cpu T0 : @strlen+4.0  :   ldr   r2, [r1] #4        : MemRead :  D=0x00000000505f444c A=0x6365c
9469500: system.cpu T0 : @strlen+4.1  :   addi_uop   r1, r1, #4    : IntAlu :  D=0x0000000000063660
9470000: system.cpu T0 : @strlen+8    :   ands   r3, r0, #3        : IntAlu :  D=0x0000000000000001
9470000: system.cpu T0 : @strlen+12    :   rsb   r0, r3, #0         : IntAlu :  D=0x0000000000000000
9470500: system.cpu T0 : @strlen+16    :   beq                      : IntAlu : 
9471000: system.cpu T0 : @Laligned    :   tsts   r2, #255          : IntAlu :  D=0x0000000000000000
9471000: system.cpu T0 : @Laligned+4    :   tstsne   r2, #65280      : IntAlu :  D=0x0000000000000000
9471500: system.cpu T0 : @Laligned+8    :   tstsne   r2, #16711680   : IntAlu :  D=0x0000000000000000
9471500: system.cpu T0 : @Laligned+12    :   tstsne   r2, #4278190080 : IntAlu :  D=0x0000000000000000
9471500: system.cpu T0 : @Laligned+16    :   addne   r0, r0, #4       : IntAlu :  D=0x0000000000000004
9472000: system.cpu T0 : @Laligned+20    :   ldrne   r2, [r1] #4     
9472000: system.cpu T0 : @Laligned+20.0  :   ldrne   r2, [r1] #4      : MemRead :  D=0x0000000049464f52 A=0x63660
9472000: system.cpu T0 : @Laligned+20.1  :   addi_uopne   r1, r1, #4  : IntAlu :  D=0x0000000000063664
9472500: system.cpu T0 : @Laligned+24    :   bne                      : IntAlu : 
9473000: system.cpu T0 : @Laligned    :   tsts   r2, #255          : IntAlu :  D=0x0000000000000000
9473000: system.cpu T0 : @Laligned+4    :   tstsne   r2, #65280      : IntAlu :  D=0x0000000000000000
9473500: system.cpu T0 : @Laligned+8    :   tstsne   r2, #16711680   : IntAlu :  D=0x0000000000000000
9473500: system.cpu T0 : @Laligned+12    :   tstsne   r2, #4278190080 : IntAlu :  D=0x0000000000000000
9473500: system.cpu T0 : @Laligned+16    :   addne   r0, r0, #4       : IntAlu :  D=0x0000000000000008
9474000: system.cpu T0 : @Laligned+20    :   ldrne   r2, [r1] #4     
9474000: system.cpu T0 : @Laligned+20.0  :   ldrne   r2, [r1] #4      : MemRead :  D=0x000000004f5f454c A=0x63664
9474000: system.cpu T0 : @Laligned+20.1  :   addi_uopne   r1, r1, #4  : IntAlu :  D=0x0000000000063668
9474500: system.cpu T0 : @Laligned+24    :   bne                      : IntAlu : 
9475000: system.cpu T0 : @Laligned    :   tsts   r2, #255          : IntAlu :  D=0x0000000000000000
9475000: system.cpu T0 : @Laligned+4    :   tstsne   r2, #65280      : IntAlu :  D=0x0000000000000000
9475500: system.cpu T0 : @Laligned+8    :   tstsne   r2, #16711680   : IntAlu :  D=0x0000000000000000
9475500: system.cpu T0 : @Laligned+12    :   tstsne   r2, #4278190080 : IntAlu :  D=0x0000000000000000
9475500: system.cpu T0 : @Laligned+16    :   addne   r0, r0, #4       : IntAlu :  D=0x000000000000000c
9476000: system.cpu T0 : @Laligned+20    :   ldrne   r2, [r1] #4     
9476000: system.cpu T0 : @Laligned+20.0  :   ldrne   r2, [r1] #4      : MemRead :  D=0x0000000055505455 A=0x63668
9476000: system.cpu T0 : @Laligned+20.1  :   addi_uopne   r1, r1, #4  : IntAlu :  D=0x000000000006366c
9476500: system.cpu T0 : @Laligned+24    :   bne                      : IntAlu : 
9488000: system.cpu T0 : @Laligned    :   tsts   r2, #255          : IntAlu :  D=0x0000000000000000
9488000: system.cpu T0 : @Laligned+4    :   tstsne   r2, #65280      : IntAlu :  D=0x0000000000000000
9488500: system.cpu T0 : @Laligned+8    :   tstsne   r2, #16711680   : IntAlu :  D=0x0000000000000000
9488500: system.cpu T0 : @Laligned+12    :   tstsne   r2, #4278190080 : IntAlu :  D=0x0000000000000000
9488500: system.cpu T0 : @Laligned+16    :   addne   r0, r0, #4       : IntAlu :  D=0x0000000000000010
9489000: system.cpu T0 : @Laligned+20    :   ldrne   r2, [r1] #4     
9489000: system.cpu T0 : @Laligned+20.0  :   ldrne   r2, [r1] #4      : MemRead :  D=0x0000000000000054 A=0x6366c
9489000: system.cpu T0 : @Laligned+20.1  :   addi_uopne   r1, r1, #4  : IntAlu :  D=0x0000000000063670
9489500: system.cpu T0 : @Laligned+24    :   bne                      : IntAlu : 
9496500: system.cpu T0 : @Laligned    :   tsts   r2, #255          : IntAlu :  D=0x0000000000000000
9496500: system.cpu T0 : @Laligned+4    :   tstsne   r2, #65280      : IntAlu :  D=0x0000000000000001
9497000: system.cpu T0 : @Laligned+8    :   tstsne   r2, #16711680   : IntAlu : Predicated False
9497000: system.cpu T0 : @Laligned+12    :   tstsne   r2, #4278190080 : IntAlu : Predicated False
9497000: system.cpu T0 : @Laligned+16    :   addne   r0, r0, #4       : IntAlu : Predicated False
9497500: system.cpu T0 : @Laligned+20    :   ldrne   r2, [r1] #4     
9497500: system.cpu T0 : @Laligned+20.0  :   ldrne   r2, [r1] #4      : MemRead : Predicated False
9497500: system.cpu T0 : @Laligned+20.1  :   addi_uopne   r1, r1, #4  : IntAlu : Predicated False
9498000: system.cpu T0 : @Laligned+24    :   bne                      : IntAlu : Predicated False
9498000: system.cpu T0 : @Llastword    :   tsts   r2, #255          : IntAlu :  D=0x0000000000000000
9498000: system.cpu T0 : @Llastword+4    :   addne   r0, r0, #1       : IntAlu :  D=0x0000000000000011
9498500: system.cpu T0 : @Llastword+8    :   tstsne   r2, #65280      : IntAlu :  D=0x0000000000000001
9499000: system.cpu T0 : @Llastword+12    :   addne   r0, r0, #1       : IntAlu : Predicated False
9499000: system.cpu T0 : @Llastword+16    :   tstsne   r2, #16711680   : IntAlu : Predicated False
9499000: system.cpu T0 : @Llastword+20    :   addne   r0, r0, #1       : IntAlu : Predicated False
9499500: system.cpu T0 : @Llastword+24    :   bx                       : IntAlu : 
9500000: system.cpu T0 : @getenv+12    :   ldr   r3, [pc, #264]     : MemRead :  D=0x00000000000814f4 A=0x19a0c
9500500: system.cpu T0 : @getenv+16    :   mov   r6, r0             : IntAlu :  D=0x0000000000000011
9500500: system.cpu T0 : @getenv+20    :   ldr   r5, [r3, #0]       : MemRead :  D=0x00000000befffeec A=0x814f4
9500500: system.cpu T0 : @getenv+24    :   cmps   r5, #0            : IntAlu :  D=0x0000000000000001
9501000: system.cpu T0 : @getenv+28    :   bne                      : IntAlu : 
9510000: system.cpu T0 : @getenv+44    :   ldrb   r1, [r8, #0]      : MemRead :  D=0x000000000000004c A=0x6365c
9510500: system.cpu T0 : @getenv+48    :   cmps   r1, #0            : IntAlu :  D=0x0000000000000001
9510500: system.cpu T0 : @getenv+52    :   beq                      : IntAlu : Predicated False
9510500: system.cpu T0 : @getenv+56    :   ldrb   r10, [r8, #1]     : MemRead :  D=0x0000000000000044 A=0x6365d
9511000: system.cpu T0 : @getenv+60    :   cmps   r10, #0           : IntAlu :  D=0x0000000000000001
9511500: system.cpu T0 : @getenv+64    :   beq                      : IntAlu : Predicated False
9511500: system.cpu T0 : @getenv+68    :   ldr   r4, [r5, #0]       : MemRead :  D=0x0000000000000000 A=0xbefffeec
9511500: system.cpu T0 : @getenv+72    :   orr   r10, r1, r10, LSL #8 : IntAlu :  D=0x000000000000444c
9512000: system.cpu T0 : @getenv+76    :   cmps   r4, #0            : IntAlu :  D=0x0000000000000001
9512500: system.cpu T0 : @getenv+80    :   add   r8, r8, #2         : IntAlu :  D=0x000000000006365e
9512500: system.cpu T0 : @getenv+84    :   sub   r7, r0, #2         : IntAlu :  D=0x000000000000000f
9512500: system.cpu T0 : @getenv+88    :   beq                      : IntAlu : 
9513000: system.cpu T0 : @getenv+32    :   mov   r0, #0             : IntAlu :  D=0x0000000000000000
9513000: system.cpu T0 : @getenv+36    : ldmstm                    
9513000: system.cpu T0 : @getenv+36.0  :   ldr2_uop   r4,r5, [sp, #0] : MemRead :  D=0x00000000befffee4 A=0xbefffd40
9513000: system.cpu T0 : @getenv+36.1  :   ldr2_uop   r6,r7, [sp, #8] : MemRead :  D=0x0000000000000000 A=0xbefffd48
9513500: system.cpu T0 : @getenv+36.2  :   ldr2_uop   r8,r9, [sp, #16] : MemRead :  D=0x0000000000000000 A=0xbefffd50
9513500: system.cpu T0 : @getenv+36.3  :   ldr2_uop   r10,lr, [sp, #24] : MemRead :  D=0x0000000000013fd4 A=0xbefffd58
9513500: system.cpu T0 : @getenv+36.4  :   addi_uop   sp, sp, #32   : IntAlu :  D=0x00000000befffd60
9514000: system.cpu T0 : @getenv+40    :   bx                       : IntAlu : 
9514500: system.cpu T0 : @_dl_non_dynamic_init+200    :   ldr   r2, [pc, #564]     : MemRead :  D=0x0000000000082018 A=0x14210
9514500: system.cpu T0 : @_dl_non_dynamic_init+204    :   cmps   r0, #0            : IntAlu :  D=0x0000000000000001
9514500: system.cpu T0 : @_dl_non_dynamic_init+208    :   str   r0, [r2, #0]       : MemWrite :  D=0x0000000000000000 A=0x82018
9515000: system.cpu T0 : @_dl_non_dynamic_init+212    :   beq                      : IntAlu : 
9521000: system.cpu T0 : @_dl_non_dynamic_init+228    :   ldr   r3, [pc, #540]     : MemRead :  D=0x000000000007ffdc A=0x14214
9521000: system.cpu T0 : @_dl_non_dynamic_init+232    :   ldr   r1, [pc, #540]     : MemRead :  D=0x0000000000063498 A=0x14218
9521000: system.cpu T0 : @_dl_non_dynamic_init+236    :   ldr   r3, [r3, #0]       : MemRead :  D=0x0000000000000000 A=0x7ffdc
9521500: system.cpu T0 : @_dl_non_dynamic_init+240    :   add   r0, r1, #9         : IntAlu :  D=0x00000000000634a1
9540000: system.cpu T0 : @_dl_non_dynamic_init+244    :   cmps   r3, #0            : IntAlu :  D=0x0000000000000001
9540000: system.cpu T0 : @_dl_non_dynamic_init+248    :   movne   r1, r0           : IntAlu : Predicated False
9540000: system.cpu T0 : @_dl_non_dynamic_init+252    :   str   r1, [r2, #0]       : MemWrite :  D=0x0000000000063498 A=0x82018
9540500: system.cpu T0 : @_dl_non_dynamic_init+256    :   cmps   r3, #0            : IntAlu :  D=0x0000000000000001
9544000: system.cpu T0 : @_dl_non_dynamic_init+260    :   beq                      : IntAlu : 
9607500: system.cpu T0 : @_dl_non_dynamic_init+332    :   ldr   r8, [pc, #456]     : MemRead :  D=0x0000000000082044 A=0x14228
9607500: system.cpu T0 : @_dl_non_dynamic_init+336    :   ldr   r3, [r8, #0]       : MemRead :  D=0x0000000000000000 A=0x82044
9608000: system.cpu T0 : @_dl_non_dynamic_init+340    :   cmps   r3, #0            : IntAlu :  D=0x0000000000000001
9608000: system.cpu T0 : @_dl_non_dynamic_init+344    :   beq                      : IntAlu : 
9617500: system.cpu T0 : @_dl_non_dynamic_init+360    :   ldr   r0, [pc, #432]     : MemRead :  D=0x0000000000063690 A=0x1422c
9617500: system.cpu T0 : @_dl_non_dynamic_init+364    :   bl                       : IntAlu :  D=0x000000000001407c
9618000: system.cpu T0 : @getenv    : ldmstm                    
9618000: system.cpu T0 : @getenv.0  :   str_uop   r4, [sp, #32]  : MemWrite :  D=0x0000000000066c64 A=0xbefffd40
9618000: system.cpu T0 : @getenv.1  :   str_uop   r5, [sp, #28]  : MemWrite :  D=0x00000000befffee4 A=0xbefffd44
9618000: system.cpu T0 : @getenv.2  :   str_uop   r6, [sp, #24]  : MemWrite :  D=0x00000000befffeec A=0xbefffd48
9618500: system.cpu T0 : @getenv.3  :   str_uop   r7, [sp, #20]  : MemWrite :  D=0x0000000000000000 A=0xbefffd4c
9618500: system.cpu T0 : @getenv.4  :   str_uop   r8, [sp, #16]  : MemWrite :  D=0x0000000000082044 A=0xbefffd50
9618500: system.cpu T0 : @getenv.5  :   str_uop   r9, [sp, #12]  : MemWrite :  D=0x0000000000000000 A=0xbefffd54
9619000: system.cpu T0 : @getenv.6  :   str_uop   r10, [sp, #8]  : MemWrite :  D=0x0000000000000000 A=0xbefffd58
9619000: system.cpu T0 : @getenv.7  :   str_uop   lr, [sp, #4]   : MemWrite :  D=0x000000000001407c A=0xbefffd5c
9619000: system.cpu T0 : @getenv.8  :   subi_uop   sp, sp, #32   : IntAlu :  D=0x00000000befffd40
9619500: system.cpu T0 : @getenv+4    :   mov   r8, r0             : IntAlu :  D=0x0000000000063690
9619500: system.cpu T0 : @getenv+8    :   bl                       : IntAlu :  D=0x00000000000198fc
9620000: system.cpu T0 : @strlen    :   bic   r1, r0, #3         : IntAlu :  D=0x0000000000063690
9620000: system.cpu T0 : @strlen+4    :   ldr   r2, [r1] #4       
9620000: system.cpu T0 : @strlen+4.0  :   ldr   r2, [r1] #4        : MemRead :  D=0x00000000415f444c A=0x63690
9620000: system.cpu T0 : @strlen+4.1  :   addi_uop   r1, r1, #4    : IntAlu :  D=0x0000000000063694
9620500: system.cpu T0 : @strlen+8    :   ands   r3, r0, #3        : IntAlu :  D=0x0000000000000001
9620500: system.cpu T0 : @strlen+12    :   rsb   r0, r3, #0         : IntAlu :  D=0x0000000000000000
9621000: system.cpu T0 : @strlen+16    :   beq                      : IntAlu : 
9627000: system.cpu T0 : @Laligned    :   tsts   r2, #255          : IntAlu :  D=0x0000000000000000
9627000: system.cpu T0 : @Laligned+4    :   tstsne   r2, #65280      : IntAlu :  D=0x0000000000000000
9627500: system.cpu T0 : @Laligned+8    :   tstsne   r2, #16711680   : IntAlu :  D=0x0000000000000000
9627500: system.cpu T0 : @Laligned+12    :   tstsne   r2, #4278190080 : IntAlu :  D=0x0000000000000000
9627500: system.cpu T0 : @Laligned+16    :   addne   r0, r0, #4       : IntAlu :  D=0x0000000000000004
9628000: system.cpu T0 : @Laligned+20    :   ldrne   r2, [r1] #4     
9628000: system.cpu T0 : @Laligned+20.0  :   ldrne   r2, [r1] #4      : MemRead :  D=0x000000004d555353 A=0x63694
9628000: system.cpu T0 : @Laligned+20.1  :   addi_uopne   r1, r1, #4  : IntAlu :  D=0x0000000000063698
9628500: system.cpu T0 : @Laligned+24    :   bne                      : IntAlu : 
9687000: system.cpu T0 : @Laligned    :   tsts   r2, #255          : IntAlu :  D=0x0000000000000000
9687000: system.cpu T0 : @Laligned+4    :   tstsne   r2, #65280      : IntAlu :  D=0x0000000000000000
9687500: system.cpu T0 : @Laligned+8    :   tstsne   r2, #16711680   : IntAlu :  D=0x0000000000000000
9687500: system.cpu T0 : @Laligned+12    :   tstsne   r2, #4278190080 : IntAlu :  D=0x0000000000000000
9687500: system.cpu T0 : @Laligned+16    :   addne   r0, r0, #4       : IntAlu :  D=0x0000000000000008
9688000: system.cpu T0 : @Laligned+20    :   ldrne   r2, [r1] #4     
9688000: system.cpu T0 : @Laligned+20.0  :   ldrne   r2, [r1] #4      : MemRead :  D=0x00000000454b5f45 A=0x63698
9688000: system.cpu T0 : @Laligned+20.1  :   addi_uopne   r1, r1, #4  : IntAlu :  D=0x000000000006369c
9688500: system.cpu T0 : @Laligned+24    :   bne                      : IntAlu : 
9695500: system.cpu T0 : @Laligned    :   tsts   r2, #255          : IntAlu :  D=0x0000000000000000
9695500: system.cpu T0 : @Laligned+4    :   tstsne   r2, #65280      : IntAlu :  D=0x0000000000000000
9696000: system.cpu T0 : @Laligned+8    :   tstsne   r2, #16711680   : IntAlu :  D=0x0000000000000000
9696000: system.cpu T0 : @Laligned+12    :   tstsne   r2, #4278190080 : IntAlu :  D=0x0000000000000000
9696000: system.cpu T0 : @Laligned+16    :   addne   r0, r0, #4       : IntAlu :  D=0x000000000000000c
9696500: system.cpu T0 : @Laligned+20    :   ldrne   r2, [r1] #4     
9696500: system.cpu T0 : @Laligned+20.0  :   ldrne   r2, [r1] #4      : MemRead :  D=0x000000004c454e52 A=0x6369c
9696500: system.cpu T0 : @Laligned+20.1  :   addi_uopne   r1, r1, #4  : IntAlu :  D=0x00000000000636a0
9697000: system.cpu T0 : @Laligned+24    :   bne                      : IntAlu : 
9703500: system.cpu T0 : @Laligned    :   tsts   r2, #255          : IntAlu :  D=0x0000000000000000
9703500: system.cpu T0 : @Laligned+4    :   tstsne   r2, #65280      : IntAlu :  D=0x0000000000000000
9704000: system.cpu T0 : @Laligned+8    :   tstsne   r2, #16711680   : IntAlu :  D=0x0000000000000000
9704000: system.cpu T0 : @Laligned+12    :   tstsne   r2, #4278190080 : IntAlu :  D=0x0000000000000000
9704000: system.cpu T0 : @Laligned+16    :   addne   r0, r0, #4       : IntAlu :  D=0x0000000000000010
9704500: system.cpu T0 : @Laligned+20    :   ldrne   r2, [r1] #4     
9704500: system.cpu T0 : @Laligned+20.0  :   ldrne   r2, [r1] #4      : MemRead :  D=0x0000000000000000 A=0x636a0
9704500: system.cpu T0 : @Laligned+20.1  :   addi_uopne   r1, r1, #4  : IntAlu :  D=0x00000000000636a4
9705000: system.cpu T0 : @Laligned+24    :   bne                      : IntAlu : 
9711500: system.cpu T0 : @Laligned    :   tsts   r2, #255          : IntAlu :  D=0x0000000000000001
9711500: system.cpu T0 : @Laligned+4    :   tstsne   r2, #65280      : IntAlu : Predicated False
9712000: system.cpu T0 : @Laligned+8    :   tstsne   r2, #16711680   : IntAlu : Predicated False
9712000: system.cpu T0 : @Laligned+12    :   tstsne   r2, #4278190080 : IntAlu : Predicated False
9712000: system.cpu T0 : @Laligned+16    :   addne   r0, r0, #4       : IntAlu : Predicated False
9712500: system.cpu T0 : @Laligned+20    :   ldrne   r2, [r1] #4     
9712500: system.cpu T0 : @Laligned+20.0  :   ldrne   r2, [r1] #4      : MemRead : Predicated False
9712500: system.cpu T0 : @Laligned+20.1  :   addi_uopne   r1, r1, #4  : IntAlu : Predicated False
9713000: system.cpu T0 : @Laligned+24    :   bne                      : IntAlu : Predicated False
9713000: system.cpu T0 : @Llastword    :   tsts   r2, #255          : IntAlu :  D=0x0000000000000001
9713000: system.cpu T0 : @Llastword+4    :   addne   r0, r0, #1       : IntAlu : Predicated False
9713500: system.cpu T0 : @Llastword+8    :   tstsne   r2, #65280      : IntAlu : Predicated False
9714000: system.cpu T0 : @Llastword+12    :   addne   r0, r0, #1       : IntAlu : Predicated False
9714000: system.cpu T0 : @Llastword+16    :   tstsne   r2, #16711680   : IntAlu : Predicated False
9714000: system.cpu T0 : @Llastword+20    :   addne   r0, r0, #1       : IntAlu : Predicated False
9714500: system.cpu T0 : @Llastword+24    :   bx                       : IntAlu : 
9715000: system.cpu T0 : @getenv+12    :   ldr   r3, [pc, #264]     : MemRead :  D=0x00000000000814f4 A=0x19a0c
9715500: system.cpu T0 : @getenv+16    :   mov   r6, r0             : IntAlu :  D=0x0000000000000010
9715500: system.cpu T0 : @getenv+20    :   ldr   r5, [r3, #0]       : MemRead :  D=0x00000000befffeec A=0x814f4
9715500: system.cpu T0 : @getenv+24    :   cmps   r5, #0            : IntAlu :  D=0x0000000000000001
9716000: system.cpu T0 : @getenv+28    :   bne                      : IntAlu : 
9716500: system.cpu T0 : @getenv+44    :   ldrb   r1, [r8, #0]      : MemRead :  D=0x000000000000004c A=0x63690
9717000: system.cpu T0 : @getenv+48    :   cmps   r1, #0            : IntAlu :  D=0x0000000000000001
9717000: system.cpu T0 : @getenv+52    :   beq                      : IntAlu : Predicated False
9717000: system.cpu T0 : @getenv+56    :   ldrb   r10, [r8, #1]     : MemRead :  D=0x0000000000000044 A=0x63691
9717500: system.cpu T0 : @getenv+60    :   cmps   r10, #0           : IntAlu :  D=0x0000000000000001
9718000: system.cpu T0 : @getenv+64    :   beq                      : IntAlu : Predicated False
9718000: system.cpu T0 : @getenv+68    :   ldr   r4, [r5, #0]       : MemRead :  D=0x0000000000000000 A=0xbefffeec
9718000: system.cpu T0 : @getenv+72    :   orr   r10, r1, r10, LSL #8 : IntAlu :  D=0x000000000000444c
9718500: system.cpu T0 : @getenv+76    :   cmps   r4, #0            : IntAlu :  D=0x0000000000000001
9719000: system.cpu T0 : @getenv+80    :   add   r8, r8, #2         : IntAlu :  D=0x0000000000063692
9719000: system.cpu T0 : @getenv+84    :   sub   r7, r0, #2         : IntAlu :  D=0x000000000000000e
9719000: system.cpu T0 : @getenv+88    :   beq                      : IntAlu : 
9719500: system.cpu T0 : @getenv+32    :   mov   r0, #0             : IntAlu :  D=0x0000000000000000
9719500: system.cpu T0 : @getenv+36    : ldmstm                    
9719500: system.cpu T0 : @getenv+36.0  :   ldr2_uop   r4,r5, [sp, #0] : MemRead :  D=0x00000000befffee4 A=0xbefffd40
9719500: system.cpu T0 : @getenv+36.1  :   ldr2_uop   r6,r7, [sp, #8] : MemRead :  D=0x0000000000000000 A=0xbefffd48
9720000: system.cpu T0 : @getenv+36.2  :   ldr2_uop   r8,r9, [sp, #16] : MemRead :  D=0x0000000000000000 A=0xbefffd50
9720000: system.cpu T0 : @getenv+36.3  :   ldr2_uop   r10,lr, [sp, #24] : MemRead :  D=0x000000000001407c A=0xbefffd58
9720000: system.cpu T0 : @getenv+36.4  :   addi_uop   sp, sp, #32   : IntAlu :  D=0x00000000befffd60
9720500: system.cpu T0 : @getenv+40    :   bx                       : IntAlu : 
9721000: system.cpu T0 : @_dl_non_dynamic_init+368    :   subs   r7, r0, #0        : IntAlu :  D=0x0000000000000001
9721500: system.cpu T0 : @_dl_non_dynamic_init+372    :   beq                      : IntAlu : 
9802500: system.cpu T0 : @_dl_non_dynamic_init+504    :   ldr   r0, [r8, #0]       : MemRead :  D=0x0000000000000000 A=0x82044
9802500: system.cpu T0 : @_dl_non_dynamic_init+508    :   cmps   r0, #0            : IntAlu :  D=0x0000000000000001
9802500: system.cpu T0 : @_dl_non_dynamic_init+512    :   beq                      : IntAlu : 
9810500: system.cpu T0 : @_dl_non_dynamic_init+528    :   ldr   r3, [pc, #272]     : MemRead :  D=0x000000000008204c A=0x14234
9811000: system.cpu T0 : @_dl_non_dynamic_init+532    :   ldr   r0, [r3, #0]       : MemRead :  D=0x0000000000008034 A=0x8204c
9811000: system.cpu T0 : @_dl_non_dynamic_init+536    :   cmps   r0, #0            : IntAlu :  D=0x0000000000000001
9811000: system.cpu T0 : @_dl_non_dynamic_init+540    :   beq                      : IntAlu : Predicated False
9811500: system.cpu T0 : @_dl_non_dynamic_init+544    :   ldr   r3, [pc, #260]     : MemRead :  D=0x000000000008206c A=0x14238
9812000: system.cpu T0 : @_dl_non_dynamic_init+548    :   ldr   r12, [r3, #0]      : MemRead :  D=0x0000000000000008 A=0x8206c
9812000: system.cpu T0 : @_dl_non_dynamic_init+552    :   cmps   r12, #0           : IntAlu :  D=0x0000000000000001
9812000: system.cpu T0 : @_dl_non_dynamic_init+556    :   beq                      : IntAlu : Predicated False
9812500: system.cpu T0 : @_dl_non_dynamic_init+560    :   ldr   r3, [r0, #0]       : MemRead :  D=0x0000000070000001 A=0x8034
9868500: system.cpu T0 : @_dl_non_dynamic_init+564    :   ldr   r4, [pc, #244]     : MemRead :  D=0x000000006474e551 A=0x1423c
9868500: system.cpu T0 : @_dl_non_dynamic_init+568    :   cmps   r3, r4            : IntAlu :  D=0x0000000000000001
9868500: system.cpu T0 : @_dl_non_dynamic_init+572    :   addne   r2, r0, #32      : IntAlu :  D=0x0000000000008054
9869000: system.cpu T0 : @_dl_non_dynamic_init+576    :   movne   r3, #0           : IntAlu :  D=0x0000000000000000
9873000: system.cpu T0 : @_dl_non_dynamic_init+580    :   bne                      : IntAlu : 
9878500: system.cpu T0 : @_dl_non_dynamic_init+600    :   add   r3, r3, #1         : IntAlu :  D=0x0000000000000001
9878500: system.cpu T0 : @_dl_non_dynamic_init+604    :   cmps   r3, r12           : IntAlu :  D=0x0000000000000000
9878500: system.cpu T0 : @_dl_non_dynamic_init+608    :   mov   r0, r2             : IntAlu :  D=0x0000000000008054
9879000: system.cpu T0 : @_dl_non_dynamic_init+612    :   bcc                      : IntAlu : 
9885000: system.cpu T0 : @_dl_non_dynamic_init+588    :   ldr   r1, [r2] #32      
9885000: system.cpu T0 : @_dl_non_dynamic_init+588.0  :   ldr   r1, [r2] #32       : MemRead :  D=0x0000000000000001 A=0x8054
9885000: system.cpu T0 : @_dl_non_dynamic_init+588.1  :   addi_uop   r2, r2, #32   : IntAlu :  D=0x0000000000008074
9885000: system.cpu T0 : @_dl_non_dynamic_init+592    :   cmps   r1, r4            : IntAlu :  D=0x0000000000000000
9885500: system.cpu T0 : @_dl_non_dynamic_init+596    :   beq                      : IntAlu : Predicated False
9885500: system.cpu T0 : @_dl_non_dynamic_init+600    :   add   r3, r3, #1         : IntAlu :  D=0x0000000000000002
9885500: system.cpu T0 : @_dl_non_dynamic_init+604    :   cmps   r3, r12           : IntAlu :  D=0x0000000000000000
9886000: system.cpu T0 : @_dl_non_dynamic_init+608    :   mov   r0, r2             : IntAlu :  D=0x0000000000008074
9886500: system.cpu T0 : @_dl_non_dynamic_init+612    :   bcc                      : IntAlu : 
9892000: system.cpu T0 : @_dl_non_dynamic_init+588    :   ldr   r1, [r2] #32      
9892000: system.cpu T0 : @_dl_non_dynamic_init+588.0  :   ldr   r1, [r2] #32       : MemRead :  D=0x0000000000000001 A=0x8074
9892000: system.cpu T0 : @_dl_non_dynamic_init+588.1  :   addi_uop   r2, r2, #32   : IntAlu :  D=0x0000000000008094
9892000: system.cpu T0 : @_dl_non_dynamic_init+592    :   cmps   r1, r4            : IntAlu :  D=0x0000000000000000
9892500: system.cpu T0 : @_dl_non_dynamic_init+596    :   beq                      : IntAlu : Predicated False
9892500: system.cpu T0 : @_dl_non_dynamic_init+600    :   add   r3, r3, #1         : IntAlu :  D=0x0000000000000003
9892500: system.cpu T0 : @_dl_non_dynamic_init+604    :   cmps   r3, r12           : IntAlu :  D=0x0000000000000000
9893000: system.cpu T0 : @_dl_non_dynamic_init+608    :   mov   r0, r2             : IntAlu :  D=0x0000000000008094
9893500: system.cpu T0 : @_dl_non_dynamic_init+612    :   bcc                      : IntAlu : 
9899000: system.cpu T0 : @_dl_non_dynamic_init+588    :   ldr   r1, [r2] #32      
9899000: system.cpu T0 : @_dl_non_dynamic_init+588.0  :   ldr   r1, [r2] #32       : MemRead :  D=0x0000000000000004 A=0x8094
9899000: system.cpu T0 : @_dl_non_dynamic_init+588.1  :   addi_uop   r2, r2, #32   : IntAlu :  D=0x00000000000080b4
9899000: system.cpu T0 : @_dl_non_dynamic_init+592    :   cmps   r1, r4            : IntAlu :  D=0x0000000000000000
9899500: system.cpu T0 : @_dl_non_dynamic_init+596    :   beq                      : IntAlu : Predicated False
9899500: system.cpu T0 : @_dl_non_dynamic_init+600    :   add   r3, r3, #1         : IntAlu :  D=0x0000000000000004
9899500: system.cpu T0 : @_dl_non_dynamic_init+604    :   cmps   r3, r12           : IntAlu :  D=0x0000000000000000
9900000: system.cpu T0 : @_dl_non_dynamic_init+608    :   mov   r0, r2             : IntAlu :  D=0x00000000000080b4
9900500: system.cpu T0 : @_dl_non_dynamic_init+612    :   bcc                      : IntAlu : 
9906000: system.cpu T0 : @_dl_non_dynamic_init+588    :   ldr   r1, [r2] #32      
9906000: system.cpu T0 : @_dl_non_dynamic_init+588.0  :   ldr   r1, [r2] #32       : MemRead :  D=0x0000000000000007 A=0x80b4
9906000: system.cpu T0 : @_dl_non_dynamic_init+588.1  :   addi_uop   r2, r2, #32   : IntAlu :  D=0x00000000000080d4
9906000: system.cpu T0 : @_dl_non_dynamic_init+592    :   cmps   r1, r4            : IntAlu :  D=0x0000000000000000
9906500: system.cpu T0 : @_dl_non_dynamic_init+596    :   beq                      : IntAlu : Predicated False
9906500: system.cpu T0 : @_dl_non_dynamic_init+600    :   add   r3, r3, #1         : IntAlu :  D=0x0000000000000005
9906500: system.cpu T0 : @_dl_non_dynamic_init+604    :   cmps   r3, r12           : IntAlu :  D=0x0000000000000000
9907000: system.cpu T0 : @_dl_non_dynamic_init+608    :   mov   r0, r2             : IntAlu :  D=0x00000000000080d4
9907500: system.cpu T0 : @_dl_non_dynamic_init+612    :   bcc                      : IntAlu : 
9913000: system.cpu T0 : @_dl_non_dynamic_init+588    :   ldr   r1, [r2] #32      
9913000: system.cpu T0 : @_dl_non_dynamic_init+588.0  :   ldr   r1, [r2] #32       : MemRead :  D=0x000000006474e551 A=0x80d4
9913000: system.cpu T0 : @_dl_non_dynamic_init+588.1  :   addi_uop   r2, r2, #32   : IntAlu :  D=0x00000000000080f4
9913000: system.cpu T0 : @_dl_non_dynamic_init+592    :   cmps   r1, r4            : IntAlu :  D=0x0000000000000001
9913500: system.cpu T0 : @_dl_non_dynamic_init+596    :   beq                      : IntAlu : 
9933000: system.cpu T0 : @_dl_non_dynamic_init+696    :   ldr   r2, [r0, #24]      : MemRead :  D=0x0000000000000007 A=0x80ec
9933000: system.cpu T0 : @_dl_non_dynamic_init+700    :   ldr   r3, [pc, #116]     : MemRead :  D=0x00000000000804c0 A=0x14244
9933000: system.cpu T0 : @_dl_non_dynamic_init+704    :   str   r2, [r3, #0]       : MemWrite :  D=0x0000000000000007 A=0x804c0
9937000: system.cpu T0 : @_dl_non_dynamic_init+708    :   b                        : IntAlu : 
9940000: system.cpu T0 : @_dl_non_dynamic_init+616    :   add   sp, sp, #12        : IntAlu :  D=0x00000000befffd6c
9940000: system.cpu T0 : @_dl_non_dynamic_init+620    : ldmstm                    
9940000: system.cpu T0 : @_dl_non_dynamic_init+620.0  :   ldr2_uop   r4,r5, [sp, #0] : MemRead :  D=0x00000000befffee4 A=0xbefffd6c
9940000: system.cpu T0 : @_dl_non_dynamic_init+620.1  :   ldr2_uop   r6,r7, [sp, #8] : MemRead :  D=0x0000000000000000 A=0xbefffd74
9940500: system.cpu T0 : @_dl_non_dynamic_init+620.2  :   ldr2_uop   r8,r10, [sp, #16] : MemRead :  D=0x0000000000000000 A=0xbefffd7c
9940500: system.cpu T0 : @_dl_non_dynamic_init+620.3  :   ldr_uop   lr, [sp, #24]  : MemRead :  D=0x0000000000014808 A=0xbefffd84
9940500: system.cpu T0 : @_dl_non_dynamic_init+620.4  :   addi_uop   sp, sp, #28   : IntAlu :  D=0x00000000befffd88
9941000: system.cpu T0 : @_dl_non_dynamic_init+624    :   bx                       : IntAlu : 
9949500: system.cpu T0 : @__libc_init_first+96    :   mov   r0, r4             : IntAlu :  D=0x0000000000000001
9949500: system.cpu T0 : @__libc_init_first+100    :   mov   r1, r5             : IntAlu :  D=0x00000000befffee4
9950000: system.cpu T0 : @__libc_init_first+104    :   mov   r2, r6             : IntAlu :  D=0x00000000befffeec
9950000: system.cpu T0 : @__libc_init_first+108    :   bl                       : IntAlu :  D=0x0000000000014818
9950500: system.cpu T0 : @__init_misc    : ldmstm                    
9950500: system.cpu T0 : @__init_misc.0  :   str_uop   r4, [sp, #16]  : MemWrite :  D=0x0000000000000001 A=0xbefffd78
9950500: system.cpu T0 : @__init_misc.1  :   str_uop   r5, [sp, #12]  : MemWrite :  D=0x00000000befffee4 A=0xbefffd7c
9950500: system.cpu T0 : @__init_misc.2  :   str_uop   r6, [sp, #8]   : MemWrite :  D=0x00000000befffeec A=0xbefffd80
9951000: system.cpu T0 : @__init_misc.3  :   str_uop   lr, [sp, #4]   : MemWrite :  D=0x0000000000014818 A=0xbefffd84
9951000: system.cpu T0 : @__init_misc.4  :   subi_uop   sp, sp, #16   : IntAlu :  D=0x00000000befffd78
9951000: system.cpu T0 : @__init_misc+4    :   subs   r5, r1, #0        : IntAlu :  D=0x0000000000000001
9951500: system.cpu T0 : @__init_misc+8    :   beq                      : IntAlu : Predicated False
9951500: system.cpu T0 : @__init_misc+12    :   ldr   r4, [r5, #0]       : MemRead :  D=0x00000000beffffa2 A=0xbefffee4
9952000: system.cpu T0 : @__init_misc+16    :   cmps   r4, #0            : IntAlu :  D=0x0000000000000001
9952000: system.cpu T0 : @__init_misc+20    :   beq                      : IntAlu : Predicated False
9952000: system.cpu T0 : @__init_misc+24    :   mov   r0, r4             : IntAlu :  D=0x00000000beffffa2
9952500: system.cpu T0 : @__init_misc+28    :   mov   r1, #47            : IntAlu :  D=0x000000000000002f
9953000: system.cpu T0 : @__init_misc+32    :   bl                       : IntAlu :  D=0x00000000000131f4
10008500: system.cpu T0 : @rindex    : ldmstm                    
10008500: system.cpu T0 : @rindex.0  :   str_uop   r4, [sp, #16]  : MemWrite :  D=0x00000000beffffa2 A=0xbefffd68
10008500: system.cpu T0 : @rindex.1  :   str_uop   r5, [sp, #12]  : MemWrite :  D=0x00000000befffee4 A=0xbefffd6c
10008500: system.cpu T0 : @rindex.2  :   str_uop   r6, [sp, #8]   : MemWrite :  D=0x00000000befffeec A=0xbefffd70
10009000: system.cpu T0 : @rindex.3  :   str_uop   lr, [sp, #4]   : MemWrite :  D=0x00000000000131f4 A=0xbefffd74
10009000: system.cpu T0 : @rindex.4  :   subi_uop   sp, sp, #16   : IntAlu :  D=0x00000000befffd68
10009000: system.cpu T0 : @rindex+4    :   ands   r5, r1, #255      : IntAlu :  D=0x0000000000000000
10009500: system.cpu T0 : @rindex+8    :   mov   r3, r0             : IntAlu :  D=0x00000000beffffa2
10009500: system.cpu T0 : @rindex+12    :   movne   r4, #0           : IntAlu :  D=0x0000000000000000
10065500: system.cpu T0 : @rindex+16    :   bne                      : IntAlu : 
10071000: system.cpu T0 : @rindex+32    :   mov   r0, r3             : IntAlu :  D=0x00000000beffffa2
10071000: system.cpu T0 : @rindex+36    :   mov   r1, r5             : IntAlu :  D=0x000000000000002f
10071000: system.cpu T0 : @rindex+40    :   bl                       : IntAlu :  D=0x000000000002abdc
10129500: system.cpu T0 : @index    :   tsts   r0, #3            : IntAlu :  D=0x0000000000000000
10129500: system.cpu T0 : @index+4    : ldmstm                    
10129500: system.cpu T0 : @index+4.0  :   str_uop   r4, [sp, #8]   : MemWrite :  D=0x0000000000000000 A=0xbefffd60
10129500: system.cpu T0 : @index+4.1  :   str_uop   r5, [sp, #4]   : MemWrite :  D=0x000000000000002f A=0xbefffd64
10130000: system.cpu T0 : @index+4.2  :   subi_uop   sp, sp, #8    : IntAlu :  D=0x00000000befffd60
10134000: system.cpu T0 : @index+8    :   and   r1, r1, #255       : IntAlu :  D=0x000000000000002f
10134000: system.cpu T0 : @index+12    :   bne                      : IntAlu : 
10192000: system.cpu T0 : @index+40    :   ldrb   r3, [r0, #0]      : MemRead :  D=0x000000000000002f A=0xbeffffa2
10192000: system.cpu T0 : @index+44    :   cmps   r3, r1            : IntAlu :  D=0x0000000000000001
10192000: system.cpu T0 : @index+48    :   bne                      : IntAlu : Predicated False
10192500: system.cpu T0 : @index+52    : ldmstm                    
10192500: system.cpu T0 : @index+52.0  :   ldr2_uop   r4,r5, [sp, #0] : MemRead :  D=0x000000000000002f A=0xbefffd60
10192500: system.cpu T0 : @index+52.1  :   addi_uop   sp, sp, #8    : IntAlu :  D=0x00000000befffd68
10196000: system.cpu T0 : @index+56    :   bx                       : IntAlu : 
10196500: system.cpu T0 : @rindex+44    :   cmps   r0, #0            : IntAlu :  D=0x0000000000000001
10197000: system.cpu T0 : @rindex+48    :   bne                      : IntAlu : 
10202500: system.cpu T0 : @rindex+24    :   mov   r4, r0             : IntAlu :  D=0x00000000beffffa2
10202500: system.cpu T0 : @rindex+28    :   add   r3, r0, #1         : IntAlu :  D=0x00000000beffffa3
10203000: system.cpu T0 : @rindex+32    :   mov   r0, r3             : IntAlu :  D=0x00000000beffffa3
10203000: system.cpu T0 : @rindex+36    :   mov   r1, r5             : IntAlu :  D=0x000000000000002f
10203000: system.cpu T0 : @rindex+40    :   bl                       : IntAlu :  D=0x000000000002abdc
10203500: system.cpu T0 : @index    :   tsts   r0, #3            : IntAlu :  D=0x0000000000000000
10203500: system.cpu T0 : @index+4    : ldmstm                    
10203500: system.cpu T0 : @index+4.0  :   str_uop   r4, [sp, #8]   : MemWrite :  D=0x00000000beffffa2 A=0xbefffd60
10203500: system.cpu T0 : @index+4.1  :   str_uop   r5, [sp, #4]   : MemWrite :  D=0x000000000000002f A=0xbefffd64
10204000: system.cpu T0 : @index+4.2  :   subi_uop   sp, sp, #8    : IntAlu :  D=0x00000000befffd60
10204500: system.cpu T0 : @index+8    :   and   r1, r1, #255       : IntAlu :  D=0x000000000000002f
10204500: system.cpu T0 : @index+12    :   bne                      : IntAlu : 
10210000: system.cpu T0 : @index+40    :   ldrb   r3, [r0, #0]      : MemRead :  D=0x0000000000000068 A=0xbeffffa3
10210000: system.cpu T0 : @index+44    :   cmps   r3, r1            : IntAlu :  D=0x0000000000000001
10210000: system.cpu T0 : @index+48    :   bne                      : IntAlu : 
10274000: system.cpu T0 : @index+20    :   cmps   r3, #0            : IntAlu :  D=0x0000000000000001
10275000: system.cpu T0 : @index+24    :   beq                      : IntAlu : Predicated False
10275000: system.cpu T0 : @index+28    :   add   r0, r0, #1         : IntAlu :  D=0x00000000beffffa4
10275000: system.cpu T0 : @index+32    :   tsts   r0, #3            : IntAlu :  D=0x0000000000000001
10275500: system.cpu T0 : @index+36    :   beq                      : IntAlu : 
10282000: system.cpu T0 : @index+60    :   orr   r5, r1, r1, LSL #8 : IntAlu :  D=0x0000000000002f2f
10282000: system.cpu T0 : @index+64    :   orr   r5, r5, r5, LSL #16 : IntAlu :  D=0x000000002f2f2f2f
10282000: system.cpu T0 : @index+68    :   ldr   r12, [r0, #0]      : MemRead :  D=0x000000002f656d6f A=0xbeffffa4
10282500: system.cpu T0 : @index+72    :   ldr   r2, [pc, #172]     : MemRead :  D=0x000000007efefeff A=0x2a754
10282500: system.cpu T0 : @index+76    :   eor   r4, r5, r12        : IntAlu :  D=0x00000000004a4240
10282500: system.cpu T0 : @index+80    :   mov   r3, r2             : IntAlu :  D=0x000000007efefeff
10283000: system.cpu T0 : @index+84    :   add   r3, r12, r3        : IntAlu :  D=0x00000000ae646c6e
10283500: system.cpu T0 : @index+88    :   add   r2, r4, r2         : IntAlu :  D=0x000000007f49413f
10283500: system.cpu T0 : @index+92    :   mvn   r12, r12           : IntAlu :  D=0x00000000d09a9290
10283500: system.cpu T0 : @index+96    :   mvn   r4, r4             : IntAlu :  D=0x00000000ffb5bdbf
10284000: system.cpu T0 : @index+100    :   eor   r12, r12, r3       : IntAlu :  D=0x000000007efefefe
10284500: system.cpu T0 : @index+104    :   eor   r2, r4, r2         : IntAlu :  D=0x0000000080fcfc80
10284500: system.cpu T0 : @index+108    :   ldr   r3, [pc, #140]     : MemRead :  D=0x0000000081010100 A=0x2a758
10284500: system.cpu T0 : @index+112    :   orr   r2, r2, r12        : IntAlu :  D=0x00000000fefefefe
10285000: system.cpu T0 : @index+116    :   and   r3, r2, r3         : IntAlu :  D=0x0000000080000000
10285500: system.cpu T0 : @index+120    :   cmps   r3, #0            : IntAlu :  D=0x0000000000000001
10285500: system.cpu T0 : @index+124    :   beq                      : IntAlu : Predicated False
10285500: system.cpu T0 : @index+128    :   ldrb   r3, [r0, #0]      : MemRead :  D=0x000000000000006f A=0xbeffffa4
10286000: system.cpu T0 : @index+132    :   add   r2, r0, #1         : IntAlu :  D=0x00000000beffffa5
10286500: system.cpu T0 : @index+136    :   cmps   r3, r1            : IntAlu :  D=0x0000000000000001
10286500: system.cpu T0 : @index+140    :   beq                      : IntAlu : Predicated False
10286500: system.cpu T0 : @index+144    :   cmps   r3, #0            : IntAlu :  D=0x0000000000000001
10287000: system.cpu T0 : @index+148    :   beq                      : IntAlu : Predicated False
10287500: system.cpu T0 : @index+152    :   ldrb   r3, [r0, #1]      : MemRead :  D=0x000000000000006d A=0xbeffffa5
10287500: system.cpu T0 : @index+156    :   add   r12, r0, #2        : IntAlu :  D=0x00000000beffffa6
10287500: system.cpu T0 : @index+160    :   cmps   r3, r1            : IntAlu :  D=0x0000000000000001
10288000: system.cpu T0 : @index+164    :   beq                      : IntAlu : Predicated False
10348500: system.cpu T0 : @index+168    :   cmps   r3, #0            : IntAlu :  D=0x0000000000000001
10348500: system.cpu T0 : @index+172    :   beq                      : IntAlu : Predicated False
10348500: system.cpu T0 : @index+176    :   ldrb   r3, [r0, #2]      : MemRead :  D=0x0000000000000065 A=0xbeffffa6
10349000: system.cpu T0 : @index+180    :   add   r2, r0, #3         : IntAlu :  D=0x00000000beffffa7
10353000: system.cpu T0 : @index+184    :   cmps   r3, r1            : IntAlu :  D=0x0000000000000001
10353000: system.cpu T0 : @index+188    :   beq                      : IntAlu : Predicated False
10353000: system.cpu T0 : @index+192    :   cmps   r3, #0            : IntAlu :  D=0x0000000000000001
10353500: system.cpu T0 : @index+196    :   beq                      : IntAlu : Predicated False
10354000: system.cpu T0 : @index+200    :   ldrb   r3, [r0, #3]      : MemRead :  D=0x000000000000002f A=0xbeffffa7
10354000: system.cpu T0 : @index+204    :   cmps   r3, r1            : IntAlu :  D=0x0000000000000001
10354000: system.cpu T0 : @index+208    :   beq                      : IntAlu : 
10413000: system.cpu T0 : @index+236    :   mov   r0, r2             : IntAlu :  D=0x00000000beffffa7
10413000: system.cpu T0 : @index+240    :   b                        : IntAlu : 
10417500: system.cpu T0 : @index+52    : ldmstm                    
10417500: system.cpu T0 : @index+52.0  :   ldr2_uop   r4,r5, [sp, #0] : MemRead :  D=0x000000000000002f A=0xbefffd60
10417500: system.cpu T0 : @index+52.1  :   addi_uop   sp, sp, #8    : IntAlu :  D=0x00000000befffd68
10418000: system.cpu T0 : @index+56    :   bx                       : IntAlu : 
10418500: system.cpu T0 : @rindex+44    :   cmps   r0, #0            : IntAlu :  D=0x0000000000000001
10419000: system.cpu T0 : @rindex+48    :   bne                      : IntAlu : 
10424500: system.cpu T0 : @rindex+24    :   mov   r4, r0             : IntAlu :  D=0x00000000beffffa7
10424500: system.cpu T0 : @rindex+28    :   add   r3, r0, #1         : IntAlu :  D=0x00000000beffffa8
10425000: system.cpu T0 : @rindex+32    :   mov   r0, r3             : IntAlu :  D=0x00000000beffffa8
10425000: system.cpu T0 : @rindex+36    :   mov   r1, r5             : IntAlu :  D=0x000000000000002f
10425000: system.cpu T0 : @rindex+40    :   bl                       : IntAlu :  D=0x000000000002abdc
10425500: system.cpu T0 : @index    :   tsts   r0, #3            : IntAlu :  D=0x0000000000000001
10425500: system.cpu T0 : @index+4    : ldmstm                    
10425500: system.cpu T0 : @index+4.0  :   str_uop   r4, [sp, #8]   : MemWrite :  D=0x00000000beffffa7 A=0xbefffd60
10425500: system.cpu T0 : @index+4.1  :   str_uop   r5, [sp, #4]   : MemWrite :  D=0x000000000000002f A=0xbefffd64
10426000: system.cpu T0 : @index+4.2  :   subi_uop   sp, sp, #8    : IntAlu :  D=0x00000000befffd60
10426500: system.cpu T0 : @index+8    :   and   r1, r1, #255       : IntAlu :  D=0x000000000000002f
10426500: system.cpu T0 : @index+12    :   bne                      : IntAlu : Predicated False
10426500: system.cpu T0 : @index+16    :   b                        : IntAlu : 
10427000: system.cpu T0 : @index+60    :   orr   r5, r1, r1, LSL #8 : IntAlu :  D=0x0000000000002f2f
10427000: system.cpu T0 : @index+64    :   orr   r5, r5, r5, LSL #16 : IntAlu :  D=0x000000002f2f2f2f
10427000: system.cpu T0 : @index+68    :   ldr   r12, [r0, #0]      : MemRead :  D=0x00000000756f687a A=0xbeffffa8
10427500: system.cpu T0 : @index+72    :   ldr   r2, [pc, #172]     : MemRead :  D=0x000000007efefeff A=0x2a754
10427500: system.cpu T0 : @index+76    :   eor   r4, r5, r12        : IntAlu :  D=0x000000005a404755
10427500: system.cpu T0 : @index+80    :   mov   r3, r2             : IntAlu :  D=0x000000007efefeff
10428000: system.cpu T0 : @index+84    :   add   r3, r12, r3        : IntAlu :  D=0x00000000f46e6779
10428500: system.cpu T0 : @index+88    :   add   r2, r4, r2         : IntAlu :  D=0x00000000d93f4654
10428500: system.cpu T0 : @index+92    :   mvn   r12, r12           : IntAlu :  D=0x000000008a909785
10428500: system.cpu T0 : @index+96    :   mvn   r4, r4             : IntAlu :  D=0x00000000a5bfb8aa
10429000: system.cpu T0 : @index+100    :   eor   r12, r12, r3       : IntAlu :  D=0x000000007efef0fc
10429500: system.cpu T0 : @index+104    :   eor   r2, r4, r2         : IntAlu :  D=0x000000007c80fefe
10429500: system.cpu T0 : @index+108    :   ldr   r3, [pc, #140]     : MemRead :  D=0x0000000081010100 A=0x2a758
10429500: system.cpu T0 : @index+112    :   orr   r2, r2, r12        : IntAlu :  D=0x000000007efefefe
10430000: system.cpu T0 : @index+116    :   and   r3, r2, r3         : IntAlu :  D=0x0000000000000000
10430500: system.cpu T0 : @index+120    :   cmps   r3, #0            : IntAlu :  D=0x0000000000000001
10430500: system.cpu T0 : @index+124    :   beq                      : IntAlu : 
10438000: system.cpu T0 : @index+228    :   add   r0, r0, #4         : IntAlu :  D=0x00000000beffffac
10438500: system.cpu T0 : @index+232    :   b                        : IntAlu : 
10441500: system.cpu T0 : @index+68    :   ldr   r12, [r0, #0]      : MemRead :  D=0x0000000078756873 A=0xbeffffac
10442000: system.cpu T0 : @index+72    :   ldr   r2, [pc, #172]     : MemRead :  D=0x000000007efefeff A=0x2a754
10442000: system.cpu T0 : @index+76    :   eor   r4, r5, r12        : IntAlu :  D=0x00000000575a475c
10442000: system.cpu T0 : @index+80    :   mov   r3, r2             : IntAlu :  D=0x000000007efefeff
10442500: system.cpu T0 : @index+84    :   add   r3, r12, r3        : IntAlu :  D=0x00000000f7746772
10443000: system.cpu T0 : @index+88    :   add   r2, r4, r2         : IntAlu :  D=0x00000000d659465b
10443000: system.cpu T0 : @index+92    :   mvn   r12, r12           : IntAlu :  D=0x00000000878a978c
10443000: system.cpu T0 : @index+96    :   mvn   r4, r4             : IntAlu :  D=0x00000000a8a5b8a3
10443500: system.cpu T0 : @index+100    :   eor   r12, r12, r3       : IntAlu :  D=0x0000000070fef0fe
10444000: system.cpu T0 : @index+104    :   eor   r2, r4, r2         : IntAlu :  D=0x000000007efcfef8
10444000: system.cpu T0 : @index+108    :   ldr   r3, [pc, #140]     : MemRead :  D=0x0000000081010100 A=0x2a758
10444000: system.cpu T0 : @index+112    :   orr   r2, r2, r12        : IntAlu :  D=0x000000007efefefe
10444500: system.cpu T0 : @index+116    :   and   r3, r2, r3         : IntAlu :  D=0x0000000000000000
10445000: system.cpu T0 : @index+120    :   cmps   r3, #0            : IntAlu :  D=0x0000000000000001
10445000: system.cpu T0 : @index+124    :   beq                      : IntAlu : 
10452500: system.cpu T0 : @index+228    :   add   r0, r0, #4         : IntAlu :  D=0x00000000beffffb0
10453000: system.cpu T0 : @index+232    :   b                        : IntAlu : 
10453500: system.cpu T0 : @index+68    :   ldr   r12, [r0, #0]      : MemRead :  D=0x00000000532f6e69 A=0xbeffffb0
10454000: system.cpu T0 : @index+72    :   ldr   r2, [pc, #172]     : MemRead :  D=0x000000007efefeff A=0x2a754
10454000: system.cpu T0 : @index+76    :   eor   r4, r5, r12        : IntAlu :  D=0x000000007c004146
10454000: system.cpu T0 : @index+80    :   mov   r3, r2             : IntAlu :  D=0x000000007efefeff
10454500: system.cpu T0 : @index+84    :   add   r3, r12, r3        : IntAlu :  D=0x00000000d22e6d68
10455000: system.cpu T0 : @index+88    :   add   r2, r4, r2         : IntAlu :  D=0x00000000faff4045
10455000: system.cpu T0 : @index+92    :   mvn   r12, r12           : IntAlu :  D=0x00000000acd09196
10455000: system.cpu T0 : @index+96    :   mvn   r4, r4             : IntAlu :  D=0x0000000083ffbeb9
10455500: system.cpu T0 : @index+100    :   eor   r12, r12, r3       : IntAlu :  D=0x000000007efefcfe
10456000: system.cpu T0 : @index+104    :   eor   r2, r4, r2         : IntAlu :  D=0x000000007900fefc
10456000: system.cpu T0 : @index+108    :   ldr   r3, [pc, #140]     : MemRead :  D=0x0000000081010100 A=0x2a758
10456000: system.cpu T0 : @index+112    :   orr   r2, r2, r12        : IntAlu :  D=0x000000007ffefefe
10456500: system.cpu T0 : @index+116    :   and   r3, r2, r3         : IntAlu :  D=0x0000000001000000
10457000: system.cpu T0 : @index+120    :   cmps   r3, #0            : IntAlu :  D=0x0000000000000001
10457000: system.cpu T0 : @index+124    :   beq                      : IntAlu : Predicated False
10457000: system.cpu T0 : @index+128    :   ldrb   r3, [r0, #0]      : MemRead :  D=0x0000000000000069 A=0xbeffffb0
10457500: system.cpu T0 : @index+132    :   add   r2, r0, #1         : IntAlu :  D=0x00000000beffffb1
10458000: system.cpu T0 : @index+136    :   cmps   r3, r1            : IntAlu :  D=0x0000000000000001
10458000: system.cpu T0 : @index+140    :   beq                      : IntAlu : Predicated False
10458000: system.cpu T0 : @index+144    :   cmps   r3, #0            : IntAlu :  D=0x0000000000000001
10458500: system.cpu T0 : @index+148    :   beq                      : IntAlu : Predicated False
10459000: system.cpu T0 : @index+152    :   ldrb   r3, [r0, #1]      : MemRead :  D=0x000000000000006e A=0xbeffffb1
10459000: system.cpu T0 : @index+156    :   add   r12, r0, #2        : IntAlu :  D=0x00000000beffffb2
10459000: system.cpu T0 : @index+160    :   cmps   r3, r1            : IntAlu :  D=0x0000000000000001
10459500: system.cpu T0 : @index+164    :   beq                      : IntAlu : Predicated False
10460000: system.cpu T0 : @index+168    :   cmps   r3, #0            : IntAlu :  D=0x0000000000000001
10460000: system.cpu T0 : @index+172    :   beq                      : IntAlu : Predicated False
10460000: system.cpu T0 : @index+176    :   ldrb   r3, [r0, #2]      : MemRead :  D=0x000000000000002f A=0xbeffffb2
10460500: system.cpu T0 : @index+180    :   add   r2, r0, #3         : IntAlu :  D=0x00000000beffffb3
10461000: system.cpu T0 : @index+184    :   cmps   r3, r1            : IntAlu :  D=0x0000000000000001
10461000: system.cpu T0 : @index+188    :   beq                      : IntAlu : 
10468000: system.cpu T0 : @index+244    :   mov   r0, r12            : IntAlu :  D=0x00000000beffffb2
10468500: system.cpu T0 : @index+248    :   b                        : IntAlu : 
10471500: system.cpu T0 : @index+52    : ldmstm                    
10471500: system.cpu T0 : @index+52.0  :   ldr2_uop   r4,r5, [sp, #0] : MemRead :  D=0x000000000000002f A=0xbefffd60
10471500: system.cpu T0 : @index+52.1  :   addi_uop   sp, sp, #8    : IntAlu :  D=0x00000000befffd68
10472000: system.cpu T0 : @index+56    :   bx                       : IntAlu : 
10472500: system.cpu T0 : @rindex+44    :   cmps   r0, #0            : IntAlu :  D=0x0000000000000001
10473000: system.cpu T0 : @rindex+48    :   bne                      : IntAlu : 
10478500: system.cpu T0 : @rindex+24    :   mov   r4, r0             : IntAlu :  D=0x00000000beffffb2
10478500: system.cpu T0 : @rindex+28    :   add   r3, r0, #1         : IntAlu :  D=0x00000000beffffb3
10479000: system.cpu T0 : @rindex+32    :   mov   r0, r3             : IntAlu :  D=0x00000000beffffb3
10479000: system.cpu T0 : @rindex+36    :   mov   r1, r5             : IntAlu :  D=0x000000000000002f
10479000: system.cpu T0 : @rindex+40    :   bl                       : IntAlu :  D=0x000000000002abdc
10479500: system.cpu T0 : @index    :   tsts   r0, #3            : IntAlu :  D=0x0000000000000000
10479500: system.cpu T0 : @index+4    : ldmstm                    
10479500: system.cpu T0 : @index+4.0  :   str_uop   r4, [sp, #8]   : MemWrite :  D=0x00000000beffffb2 A=0xbefffd60
10479500: system.cpu T0 : @index+4.1  :   str_uop   r5, [sp, #4]   : MemWrite :  D=0x000000000000002f A=0xbefffd64
10480000: system.cpu T0 : @index+4.2  :   subi_uop   sp, sp, #8    : IntAlu :  D=0x00000000befffd60
10480500: system.cpu T0 : @index+8    :   and   r1, r1, #255       : IntAlu :  D=0x000000000000002f
10480500: system.cpu T0 : @index+12    :   bne                      : IntAlu : 
10486000: system.cpu T0 : @index+40    :   ldrb   r3, [r0, #0]      : MemRead :  D=0x0000000000000053 A=0xbeffffb3
10486000: system.cpu T0 : @index+44    :   cmps   r3, r1            : IntAlu :  D=0x0000000000000001
10486000: system.cpu T0 : @index+48    :   bne                      : IntAlu : 
10494000: system.cpu T0 : @index+20    :   cmps   r3, #0            : IntAlu :  D=0x0000000000000001
10494500: system.cpu T0 : @index+24    :   beq                      : IntAlu : Predicated False
10494500: system.cpu T0 : @index+28    :   add   r0, r0, #1         : IntAlu :  D=0x00000000beffffb4
10494500: system.cpu T0 : @index+32    :   tsts   r0, #3            : IntAlu :  D=0x0000000000000001
10495000: system.cpu T0 : @index+36    :   beq                      : IntAlu : 
10501000: system.cpu T0 : @index+60    :   orr   r5, r1, r1, LSL #8 : IntAlu :  D=0x0000000000002f2f
10501000: system.cpu T0 : @index+64    :   orr   r5, r5, r5, LSL #16 : IntAlu :  D=0x000000002f2f2f2f
10501000: system.cpu T0 : @index+68    :   ldr   r12, [r0, #0]      : MemRead :  D=0x0000000078456d69 A=0xbeffffb4
10501500: system.cpu T0 : @index+72    :   ldr   r2, [pc, #172]     : MemRead :  D=0x000000007efefeff A=0x2a754
10501500: system.cpu T0 : @index+76    :   eor   r4, r5, r12        : IntAlu :  D=0x00000000576a4246
10501500: system.cpu T0 : @index+80    :   mov   r3, r2             : IntAlu :  D=0x000000007efefeff
10502000: system.cpu T0 : @index+84    :   add   r3, r12, r3        : IntAlu :  D=0x00000000f7446c68
10502500: system.cpu T0 : @index+88    :   add   r2, r4, r2         : IntAlu :  D=0x00000000d6694145
10502500: system.cpu T0 : @index+92    :   mvn   r12, r12           : IntAlu :  D=0x0000000087ba9296
10502500: system.cpu T0 : @index+96    :   mvn   r4, r4             : IntAlu :  D=0x00000000a895bdb9
10503000: system.cpu T0 : @index+100    :   eor   r12, r12, r3       : IntAlu :  D=0x0000000070fefefe
10503500: system.cpu T0 : @index+104    :   eor   r2, r4, r2         : IntAlu :  D=0x000000007efcfcfc
10503500: system.cpu T0 : @index+108    :   ldr   r3, [pc, #140]     : MemRead :  D=0x0000000081010100 A=0x2a758
10503500: system.cpu T0 : @index+112    :   orr   r2, r2, r12        : IntAlu :  D=0x000000007efefefe
10504000: system.cpu T0 : @index+116    :   and   r3, r2, r3         : IntAlu :  D=0x0000000000000000
10504500: system.cpu T0 : @index+120    :   cmps   r3, #0            : IntAlu :  D=0x0000000000000001
10504500: system.cpu T0 : @index+124    :   beq                      : IntAlu : 
10512000: system.cpu T0 : @index+228    :   add   r0, r0, #4         : IntAlu :  D=0x00000000beffffb8
10512500: system.cpu T0 : @index+232    :   b                        : IntAlu : 
10513000: system.cpu T0 : @index+68    :   ldr   r12, [r0, #0]      : MemRead :  D=0x000000006c706d61 A=0xbeffffb8
10513500: system.cpu T0 : @index+72    :   ldr   r2, [pc, #172]     : MemRead :  D=0x000000007efefeff A=0x2a754
10513500: system.cpu T0 : @index+76    :   eor   r4, r5, r12        : IntAlu :  D=0x00000000435f424e
10513500: system.cpu T0 : @index+80    :   mov   r3, r2             : IntAlu :  D=0x000000007efefeff
10514000: system.cpu T0 : @index+84    :   add   r3, r12, r3        : IntAlu :  D=0x00000000eb6f6c60
10514500: system.cpu T0 : @index+88    :   add   r2, r4, r2         : IntAlu :  D=0x00000000c25e414d
10514500: system.cpu T0 : @index+92    :   mvn   r12, r12           : IntAlu :  D=0x00000000938f929e
10514500: system.cpu T0 : @index+96    :   mvn   r4, r4             : IntAlu :  D=0x00000000bca0bdb1
10515000: system.cpu T0 : @index+100    :   eor   r12, r12, r3       : IntAlu :  D=0x0000000078e0fefe
10515500: system.cpu T0 : @index+104    :   eor   r2, r4, r2         : IntAlu :  D=0x000000007efefcfc
10515500: system.cpu T0 : @index+108    :   ldr   r3, [pc, #140]     : MemRead :  D=0x0000000081010100 A=0x2a758
10515500: system.cpu T0 : @index+112    :   orr   r2, r2, r12        : IntAlu :  D=0x000000007efefefe
10516000: system.cpu T0 : @index+116    :   and   r3, r2, r3         : IntAlu :  D=0x0000000000000000
10516500: system.cpu T0 : @index+120    :   cmps   r3, #0            : IntAlu :  D=0x0000000000000001
10516500: system.cpu T0 : @index+124    :   beq                      : IntAlu : 
10524500: system.cpu T0 : @index+228    :   add   r0, r0, #4         : IntAlu :  D=0x00000000beffffbc
10525000: system.cpu T0 : @index+232    :   b                        : IntAlu : 
10525500: system.cpu T0 : @index+68    :   ldr   r12, [r0, #0]      : MemRead :  D=0x0000000061482f65 A=0xbeffffbc
10526000: system.cpu T0 : @index+72    :   ldr   r2, [pc, #172]     : MemRead :  D=0x000000007efefeff A=0x2a754
10526000: system.cpu T0 : @index+76    :   eor   r4, r5, r12        : IntAlu :  D=0x000000004e67004a
10526000: system.cpu T0 : @index+80    :   mov   r3, r2             : IntAlu :  D=0x000000007efefeff
10526500: system.cpu T0 : @index+84    :   add   r3, r12, r3        : IntAlu :  D=0x00000000e0472e64
10527000: system.cpu T0 : @index+88    :   add   r2, r4, r2         : IntAlu :  D=0x00000000cd65ff49
10527000: system.cpu T0 : @index+92    :   mvn   r12, r12           : IntAlu :  D=0x000000009eb7d09a
10527000: system.cpu T0 : @index+96    :   mvn   r4, r4             : IntAlu :  D=0x00000000b198ffb5
10527500: system.cpu T0 : @index+100    :   eor   r12, r12, r3       : IntAlu :  D=0x000000007ef0fefe
10528000: system.cpu T0 : @index+104    :   eor   r2, r4, r2         : IntAlu :  D=0x000000007cfd00fc
10528000: system.cpu T0 : @index+108    :   ldr   r3, [pc, #140]     : MemRead :  D=0x0000000081010100 A=0x2a758
10528000: system.cpu T0 : @index+112    :   orr   r2, r2, r12        : IntAlu :  D=0x000000007efdfefe
10528500: system.cpu T0 : @index+116    :   and   r3, r2, r3         : IntAlu :  D=0x0000000000010000
10529000: system.cpu T0 : @index+120    :   cmps   r3, #0            : IntAlu :  D=0x0000000000000001
10529000: system.cpu T0 : @index+124    :   beq                      : IntAlu : Predicated False
10529000: system.cpu T0 : @index+128    :   ldrb   r3, [r0, #0]      : MemRead :  D=0x0000000000000065 A=0xbeffffbc
10529500: system.cpu T0 : @index+132    :   add   r2, r0, #1         : IntAlu :  D=0x00000000beffffbd
10530000: system.cpu T0 : @index+136    :   cmps   r3, r1            : IntAlu :  D=0x0000000000000001
10530000: system.cpu T0 : @index+140    :   beq                      : IntAlu : Predicated False
10530000: system.cpu T0 : @index+144    :   cmps   r3, #0            : IntAlu :  D=0x0000000000000001
10530500: system.cpu T0 : @index+148    :   beq                      : IntAlu : Predicated False
10531000: system.cpu T0 : @index+152    :   ldrb   r3, [r0, #1]      : MemRead :  D=0x000000000000002f A=0xbeffffbd
10531000: system.cpu T0 : @index+156    :   add   r12, r0, #2        : IntAlu :  D=0x00000000beffffbe
10531000: system.cpu T0 : @index+160    :   cmps   r3, r1            : IntAlu :  D=0x0000000000000001
10531500: system.cpu T0 : @index+164    :   beq                      : IntAlu : 
10539000: system.cpu T0 : @index+236    :   mov   r0, r2             : IntAlu :  D=0x00000000beffffbd
10539000: system.cpu T0 : @index+240    :   b                        : IntAlu : 
10539500: system.cpu T0 : @index+52    : ldmstm                    
10539500: system.cpu T0 : @index+52.0  :   ldr2_uop   r4,r5, [sp, #0] : MemRead :  D=0x000000000000002f A=0xbefffd60
10539500: system.cpu T0 : @index+52.1  :   addi_uop   sp, sp, #8    : IntAlu :  D=0x00000000befffd68
10540000: system.cpu T0 : @index+56    :   bx                       : IntAlu : 
10540500: system.cpu T0 : @rindex+44    :   cmps   r0, #0            : IntAlu :  D=0x0000000000000001
10541000: system.cpu T0 : @rindex+48    :   bne                      : IntAlu : 
10546500: system.cpu T0 : @rindex+24    :   mov   r4, r0             : IntAlu :  D=0x00000000beffffbd
10546500: system.cpu T0 : @rindex+28    :   add   r3, r0, #1         : IntAlu :  D=0x00000000beffffbe
10547000: system.cpu T0 : @rindex+32    :   mov   r0, r3             : IntAlu :  D=0x00000000beffffbe
10547000: system.cpu T0 : @rindex+36    :   mov   r1, r5             : IntAlu :  D=0x000000000000002f
10547000: system.cpu T0 : @rindex+40    :   bl                       : IntAlu :  D=0x000000000002abdc
10547500: system.cpu T0 : @index    :   tsts   r0, #3            : IntAlu :  D=0x0000000000000000
10547500: system.cpu T0 : @index+4    : ldmstm                    
10547500: system.cpu T0 : @index+4.0  :   str_uop   r4, [sp, #8]   : MemWrite :  D=0x00000000beffffbd A=0xbefffd60
10547500: system.cpu T0 : @index+4.1  :   str_uop   r5, [sp, #4]   : MemWrite :  D=0x000000000000002f A=0xbefffd64
10548000: system.cpu T0 : @index+4.2  :   subi_uop   sp, sp, #8    : IntAlu :  D=0x00000000befffd60
10548500: system.cpu T0 : @index+8    :   and   r1, r1, #255       : IntAlu :  D=0x000000000000002f
10548500: system.cpu T0 : @index+12    :   bne                      : IntAlu : 
10554000: system.cpu T0 : @index+40    :   ldrb   r3, [r0, #0]      : MemRead :  D=0x0000000000000048 A=0xbeffffbe
10554000: system.cpu T0 : @index+44    :   cmps   r3, r1            : IntAlu :  D=0x0000000000000001
10554000: system.cpu T0 : @index+48    :   bne                      : IntAlu : 
10562000: system.cpu T0 : @index+20    :   cmps   r3, #0            : IntAlu :  D=0x0000000000000001
10562500: system.cpu T0 : @index+24    :   beq                      : IntAlu : Predicated False
10562500: system.cpu T0 : @index+28    :   add   r0, r0, #1         : IntAlu :  D=0x00000000beffffbf
10562500: system.cpu T0 : @index+32    :   tsts   r0, #3            : IntAlu :  D=0x0000000000000000
10563000: system.cpu T0 : @index+36    :   beq                      : IntAlu : Predicated False
10563500: system.cpu T0 : @index+40    :   ldrb   r3, [r0, #0]      : MemRead :  D=0x0000000000000061 A=0xbeffffbf
10563500: system.cpu T0 : @index+44    :   cmps   r3, r1            : IntAlu :  D=0x0000000000000001
10563500: system.cpu T0 : @index+48    :   bne                      : IntAlu : 
10571500: system.cpu T0 : @index+20    :   cmps   r3, #0            : IntAlu :  D=0x0000000000000001
10572000: system.cpu T0 : @index+24    :   beq                      : IntAlu : Predicated False
10572000: system.cpu T0 : @index+28    :   add   r0, r0, #1         : IntAlu :  D=0x00000000beffffc0
10572000: system.cpu T0 : @index+32    :   tsts   r0, #3            : IntAlu :  D=0x0000000000000001
10572500: system.cpu T0 : @index+36    :   beq                      : IntAlu : 
10578500: system.cpu T0 : @index+60    :   orr   r5, r1, r1, LSL #8 : IntAlu :  D=0x0000000000002f2f
10578500: system.cpu T0 : @index+64    :   orr   r5, r5, r5, LSL #16 : IntAlu :  D=0x000000002f2f2f2f
10578500: system.cpu T0 : @index+68    :   ldr   r12, [r0, #0]      : MemRead :  D=0x000000005f6f4e6e A=0xbeffffc0
10579000: system.cpu T0 : @index+72    :   ldr   r2, [pc, #172]     : MemRead :  D=0x000000007efefeff A=0x2a754
10579000: system.cpu T0 : @index+76    :   eor   r4, r5, r12        : IntAlu :  D=0x0000000070406141
10579000: system.cpu T0 : @index+80    :   mov   r3, r2             : IntAlu :  D=0x000000007efefeff
10579500: system.cpu T0 : @index+84    :   add   r3, r12, r3        : IntAlu :  D=0x00000000de6e4d6d
10580000: system.cpu T0 : @index+88    :   add   r2, r4, r2         : IntAlu :  D=0x00000000ef3f6040
10580000: system.cpu T0 : @index+92    :   mvn   r12, r12           : IntAlu :  D=0x00000000a090b191
10580000: system.cpu T0 : @index+96    :   mvn   r4, r4             : IntAlu :  D=0x000000008fbf9ebe
10580500: system.cpu T0 : @index+100    :   eor   r12, r12, r3       : IntAlu :  D=0x000000007efefcfc
10581000: system.cpu T0 : @index+104    :   eor   r2, r4, r2         : IntAlu :  D=0x000000006080fefe
10581000: system.cpu T0 : @index+108    :   ldr   r3, [pc, #140]     : MemRead :  D=0x0000000081010100 A=0x2a758
10581000: system.cpu T0 : @index+112    :   orr   r2, r2, r12        : IntAlu :  D=0x000000007efefefe
10581500: system.cpu T0 : @index+116    :   and   r3, r2, r3         : IntAlu :  D=0x0000000000000000
10582000: system.cpu T0 : @index+120    :   cmps   r3, #0            : IntAlu :  D=0x0000000000000001
10582000: system.cpu T0 : @index+124    :   beq                      : IntAlu : 
10640500: system.cpu T0 : @index+228    :   add   r0, r0, #4         : IntAlu :  D=0x00000000beffffc4
10641000: system.cpu T0 : @index+232    :   b                        : IntAlu : 
10641500: system.cpu T0 : @index+68    :   ldr   r12, [r0, #0]      : MemRead :  D=0x000000005f6d7261 A=0xbeffffc4
10642000: system.cpu T0 : @index+72    :   ldr   r2, [pc, #172]     : MemRead :  D=0x000000007efefeff A=0x2a754
10642000: system.cpu T0 : @index+76    :   eor   r4, r5, r12        : IntAlu :  D=0x0000000070425d4e
10642000: system.cpu T0 : @index+80    :   mov   r3, r2             : IntAlu :  D=0x000000007efefeff
10642500: system.cpu T0 : @index+84    :   add   r3, r12, r3        : IntAlu :  D=0x00000000de6c7160
10643000: system.cpu T0 : @index+88    :   add   r2, r4, r2         : IntAlu :  D=0x00000000ef415c4d
10643000: system.cpu T0 : @index+92    :   mvn   r12, r12           : IntAlu :  D=0x00000000a0928d9e
10643000: system.cpu T0 : @index+96    :   mvn   r4, r4             : IntAlu :  D=0x000000008fbda2b1
10643500: system.cpu T0 : @index+100    :   eor   r12, r12, r3       : IntAlu :  D=0x000000007efefcfe
10644000: system.cpu T0 : @index+104    :   eor   r2, r4, r2         : IntAlu :  D=0x0000000060fcfefc
10644000: system.cpu T0 : @index+108    :   ldr   r3, [pc, #140]     : MemRead :  D=0x0000000081010100 A=0x2a758
10644000: system.cpu T0 : @index+112    :   orr   r2, r2, r12        : IntAlu :  D=0x000000007efefefe
10644500: system.cpu T0 : @index+116    :   and   r3, r2, r3         : IntAlu :  D=0x0000000000000000
10645000: system.cpu T0 : @index+120    :   cmps   r3, #0            : IntAlu :  D=0x0000000000000001
10645000: system.cpu T0 : @index+124    :   beq                      : IntAlu : 
10654500: system.cpu T0 : @index+228    :   add   r0, r0, #4         : IntAlu :  D=0x00000000beffffc8
10655000: system.cpu T0 : @index+232    :   b                        : IntAlu : 
10655500: system.cpu T0 : @index+68    :   ldr   r12, [r0, #0]      : MemRead :  D=0x0000000074617473 A=0xbeffffc8
10656000: system.cpu T0 : @index+72    :   ldr   r2, [pc, #172]     : MemRead :  D=0x000000007efefeff A=0x2a754
10656000: system.cpu T0 : @index+76    :   eor   r4, r5, r12        : IntAlu :  D=0x000000005b4e5b5c
10656000: system.cpu T0 : @index+80    :   mov   r3, r2             : IntAlu :  D=0x000000007efefeff
10656500: system.cpu T0 : @index+84    :   add   r3, r12, r3        : IntAlu :  D=0x00000000f3607372
10657000: system.cpu T0 : @index+88    :   add   r2, r4, r2         : IntAlu :  D=0x00000000da4d5a5b
10657000: system.cpu T0 : @index+92    :   mvn   r12, r12           : IntAlu :  D=0x000000008b9e8b8c
10657000: system.cpu T0 : @index+96    :   mvn   r4, r4             : IntAlu :  D=0x00000000a4b1a4a3
10657500: system.cpu T0 : @index+100    :   eor   r12, r12, r3       : IntAlu :  D=0x0000000078fef8fe
10658000: system.cpu T0 : @index+104    :   eor   r2, r4, r2         : IntAlu :  D=0x000000007efcfef8
10658000: system.cpu T0 : @index+108    :   ldr   r3, [pc, #140]     : MemRead :  D=0x0000000081010100 A=0x2a758
10658000: system.cpu T0 : @index+112    :   orr   r2, r2, r12        : IntAlu :  D=0x000000007efefefe
10658500: system.cpu T0 : @index+116    :   and   r3, r2, r3         : IntAlu :  D=0x0000000000000000
10659000: system.cpu T0 : @index+120    :   cmps   r3, #0            : IntAlu :  D=0x0000000000000001
10659000: system.cpu T0 : @index+124    :   beq                      : IntAlu : 
10667500: system.cpu T0 : @index+228    :   add   r0, r0, #4         : IntAlu :  D=0x00000000beffffcc
10668000: system.cpu T0 : @index+232    :   b                        : IntAlu : 
10668500: system.cpu T0 : @index+68    :   ldr   r12, [r0, #0]      : MemRead :  D=0x000000002f006369 A=0xbeffffcc
10669000: system.cpu T0 : @index+72    :   ldr   r2, [pc, #172]     : MemRead :  D=0x000000007efefeff A=0x2a754
10669000: system.cpu T0 : @index+76    :   eor   r4, r5, r12        : IntAlu :  D=0x00000000002f4c46
10669000: system.cpu T0 : @index+80    :   mov   r3, r2             : IntAlu :  D=0x000000007efefeff
10669500: system.cpu T0 : @index+84    :   add   r3, r12, r3        : IntAlu :  D=0x00000000adff6268
10670000: system.cpu T0 : @index+88    :   add   r2, r4, r2         : IntAlu :  D=0x000000007f2e4b45
10670000: system.cpu T0 : @index+92    :   mvn   r12, r12           : IntAlu :  D=0x00000000d0ff9c96
10670000: system.cpu T0 : @index+96    :   mvn   r4, r4             : IntAlu :  D=0x00000000ffd0b3b9
10670500: system.cpu T0 : @index+100    :   eor   r12, r12, r3       : IntAlu :  D=0x000000007d00fefe
10671000: system.cpu T0 : @index+104    :   eor   r2, r4, r2         : IntAlu :  D=0x0000000080fef8fc
10671000: system.cpu T0 : @index+108    :   ldr   r3, [pc, #140]     : MemRead :  D=0x0000000081010100 A=0x2a758
10671000: system.cpu T0 : @index+112    :   orr   r2, r2, r12        : IntAlu :  D=0x00000000fdfefefe
10671500: system.cpu T0 : @index+116    :   and   r3, r2, r3         : IntAlu :  D=0x0000000081000000
10672000: system.cpu T0 : @index+120    :   cmps   r3, #0            : IntAlu :  D=0x0000000000000001
10672000: system.cpu T0 : @index+124    :   beq                      : IntAlu : Predicated False
10672000: system.cpu T0 : @index+128    :   ldrb   r3, [r0, #0]      : MemRead :  D=0x0000000000000069 A=0xbeffffcc
10672500: system.cpu T0 : @index+132    :   add   r2, r0, #1         : IntAlu :  D=0x00000000beffffcd
10673000: system.cpu T0 : @index+136    :   cmps   r3, r1            : IntAlu :  D=0x0000000000000001
10673000: system.cpu T0 : @index+140    :   beq                      : IntAlu : Predicated False
10673000: system.cpu T0 : @index+144    :   cmps   r3, #0            : IntAlu :  D=0x0000000000000001
10673500: system.cpu T0 : @index+148    :   beq                      : IntAlu : Predicated False
10674000: system.cpu T0 : @index+152    :   ldrb   r3, [r0, #1]      : MemRead :  D=0x0000000000000063 A=0xbeffffcd
10674000: system.cpu T0 : @index+156    :   add   r12, r0, #2        : IntAlu :  D=0x00000000beffffce
10674000: system.cpu T0 : @index+160    :   cmps   r3, r1            : IntAlu :  D=0x0000000000000001
10674500: system.cpu T0 : @index+164    :   beq                      : IntAlu : Predicated False
10675000: system.cpu T0 : @index+168    :   cmps   r3, #0            : IntAlu :  D=0x0000000000000001
10675000: system.cpu T0 : @index+172    :   beq                      : IntAlu : Predicated False
10675000: system.cpu T0 : @index+176    :   ldrb   r3, [r0, #2]      : MemRead :  D=0x0000000000000000 A=0xbeffffce
10675500: system.cpu T0 : @index+180    :   add   r2, r0, #3         : IntAlu :  D=0x00000000beffffcf
10676000: system.cpu T0 : @index+184    :   cmps   r3, r1            : IntAlu :  D=0x0000000000000000
10676000: system.cpu T0 : @index+188    :   beq                      : IntAlu : Predicated False
10676000: system.cpu T0 : @index+192    :   cmps   r3, #0            : IntAlu :  D=0x0000000000000001
10676500: system.cpu T0 : @index+196    :   beq                      : IntAlu : 
10683000: system.cpu T0 : @index+220    :   mov   r0, #0             : IntAlu :  D=0x0000000000000000
10683000: system.cpu T0 : @index+224    :   b                        : IntAlu : 
10683500: system.cpu T0 : @index+52    : ldmstm                    
10683500: system.cpu T0 : @index+52.0  :   ldr2_uop   r4,r5, [sp, #0] : MemRead :  D=0x000000000000002f A=0xbefffd60
10683500: system.cpu T0 : @index+52.1  :   addi_uop   sp, sp, #8    : IntAlu :  D=0x00000000befffd68
10684000: system.cpu T0 : @index+56    :   bx                       : IntAlu : 
10684500: system.cpu T0 : @rindex+44    :   cmps   r0, #0            : IntAlu :  D=0x0000000000000001
10685000: system.cpu T0 : @rindex+48    :   bne                      : IntAlu : Predicated False
10685000: system.cpu T0 : @rindex+52    :   mov   r0, r4             : IntAlu :  D=0x00000000beffffbd
10685000: system.cpu T0 : @rindex+56    : ldmstm                    
10685000: system.cpu T0 : @rindex+56.0  :   ldr2_uop   r4,r5, [sp, #0] : MemRead :  D=0x00000000befffee4 A=0xbefffd68
10685500: system.cpu T0 : @rindex+56.1  :   ldr2_uop   r6,lr, [sp, #8] : MemRead :  D=0x00000000000131f4 A=0xbefffd70
10685500: system.cpu T0 : @rindex+56.2  :   addi_uop   sp, sp, #16   : IntAlu :  D=0x00000000befffd78
10685500: system.cpu T0 : @rindex+60    :   bx                       : IntAlu : 
10686000: system.cpu T0 : @__init_misc+36    :   cmps   r0, #0            : IntAlu :  D=0x0000000000000001
10686000: system.cpu T0 : @__init_misc+40    :   ldreq   r3, [pc, #28]    : MemRead : Predicated False
10686000: system.cpu T0 : @__init_misc+44    :   ldrne   r3, [pc, #24]    : MemRead :  D=0x00000000000804b8 A=0x1321c
10686500: system.cpu T0 : @__init_misc+48    :   addne   r0, r0, #1       : IntAlu :  D=0x00000000beffffbe
10686500: system.cpu T0 : @__init_misc+52    :   streq   r4, [r3, #0]     : MemWrite : Predicated False
10686500: system.cpu T0 : @__init_misc+56    :   strne   r0, [r3, #0]     : MemWrite :  D=0x00000000beffffbe A=0x804b8
10687000: system.cpu T0 : @__init_misc+60    :   ldr   r2, [r5, #0]       : MemRead :  D=0x00000000beffffa2 A=0xbefffee4
10687500: system.cpu T0 : @__init_misc+64    :   str   r2, [r3, #4]       : MemWrite :  D=0x00000000beffffa2 A=0x804bc
10687500: system.cpu T0 : @__init_misc+68    : ldmstm                    
10687500: system.cpu T0 : @__init_misc+68.0  :   ldr2_uop   r4,r5, [sp, #0] : MemRead :  D=0x00000000befffee4 A=0xbefffd78
10687500: system.cpu T0 : @__init_misc+68.1  :   ldr2_uop   r6,lr, [sp, #8] : MemRead :  D=0x0000000000014818 A=0xbefffd80
10688000: system.cpu T0 : @__init_misc+68.2  :   addi_uop   sp, sp, #16   : IntAlu :  D=0x00000000befffd88
10688000: system.cpu T0 : @__init_misc+72    :   bx                       : IntAlu : 
10688500: system.cpu T0 : @__libc_init_first+112    : ldmstm                    
10688500: system.cpu T0 : @__libc_init_first+112.0  :   ldr2_uop   r4,r5, [sp, #0] : MemRead :  D=0x00000000000089e8 A=0xbefffd88
10688500: system.cpu T0 : @__libc_init_first+112.1  :   ldr2_uop   r6,lr, [sp, #8] : MemRead :  D=0x0000000000008478 A=0xbefffd90
10688500: system.cpu T0 : @__libc_init_first+112.2  :   addi_uop   sp, sp, #16   : IntAlu :  D=0x00000000befffd98
10689000: system.cpu T0 : @__libc_init_first+116    :   bx                       : IntAlu : 
10697000: system.cpu T0 : @__libc_start_main+256    :   cmps   r6, #0            : IntAlu :  D=0x0000000000000001
10697000: system.cpu T0 : @__libc_start_main+260    :   movne   r1, #0           : IntAlu :  D=0x0000000000000000
10718500: system.cpu T0 : @__libc_start_main+264    :   movne   r0, r6           : IntAlu :  D=0x00000000000089a4
10718500: system.cpu T0 : @__libc_start_main+268    :   movne   r2, r1           : IntAlu :  D=0x0000000000000000
10718500: system.cpu T0 : @__libc_start_main+272    :   blne                     : IntAlu :  D=0x000000000000848c
10780500: system.cpu T0 : @__cxa_atexit    : ldmstm                    
10780500: system.cpu T0 : @__cxa_atexit.0  :   str_uop   r4, [sp, #16]  : MemWrite :  D=0x0000000000000000 A=0xbefffd88
10780500: system.cpu T0 : @__cxa_atexit.1  :   str_uop   r5, [sp, #12]  : MemWrite :  D=0x00000000000089e8 A=0xbefffd8c
10780500: system.cpu T0 : @__cxa_atexit.2  :   str_uop   r6, [sp, #8]   : MemWrite :  D=0x00000000000089a4 A=0xbefffd90
10781000: system.cpu T0 : @__cxa_atexit.3  :   str_uop   lr, [sp, #4]   : MemWrite :  D=0x000000000000848c A=0xbefffd94
10781000: system.cpu T0 : @__cxa_atexit.4  :   subi_uop   sp, sp, #16   : IntAlu :  D=0x00000000befffd88
10781000: system.cpu T0 : @__cxa_atexit+4    :   mov   r4, r0             : IntAlu :  D=0x00000000000089a4
10837500: system.cpu T0 : @__cxa_atexit+8    :   mov   r5, r1             : IntAlu :  D=0x0000000000000000
10837500: system.cpu T0 : @__cxa_atexit+12    :   mov   r6, r2             : IntAlu :  D=0x0000000000000000
10837500: system.cpu T0 : @__cxa_atexit+16    :   bl                       : IntAlu :  D=0x000000000000904c
10896500: system.cpu T0 : @__new_exitfn    : ldmstm                    
10896500: system.cpu T0 : @__new_exitfn.0  :   str_uop   r4, [sp, #24]  : MemWrite :  D=0x00000000000089a4 A=0xbefffd70
10896500: system.cpu T0 : @__new_exitfn.1  :   str_uop   r5, [sp, #20]  : MemWrite :  D=0x0000000000000000 A=0xbefffd74
10896500: system.cpu T0 : @__new_exitfn.2  :   str_uop   r6, [sp, #16]  : MemWrite :  D=0x0000000000000000 A=0xbefffd78
10897000: system.cpu T0 : @__new_exitfn.3  :   str_uop   r7, [sp, #12]  : MemWrite :  D=0x0000000000000000 A=0xbefffd7c
10897000: system.cpu T0 : @__new_exitfn.4  :   str_uop   r8, [sp, #8]   : MemWrite :  D=0x0000000000000000 A=0xbefffd80
10897000: system.cpu T0 : @__new_exitfn.5  :   str_uop   lr, [sp, #4]   : MemWrite :  D=0x000000000000904c A=0xbefffd84
10897500: system.cpu T0 : @__new_exitfn.6  :   subi_uop   sp, sp, #24   : IntAlu :  D=0x00000000befffd70
10897500: system.cpu T0 : @__new_exitfn+4    :   ldr   r6, [pc, #464]     : MemRead :  D=0x0000000000080dd8 A=0x9020
10897500: system.cpu T0 : @__new_exitfn+8    :   mov   r1, #1             : IntAlu :  D=0x0000000000000001
10901000: system.cpu T0 : @__new_exitfn+12    :   mov   r2, r6             : IntAlu :  D=0x0000000000080dd8
10901000: system.cpu T0 : @__new_exitfn+16    :   mov   r4, #0             : IntAlu :  D=0x0000000000000000
10901000: system.cpu T0 : @__new_exitfn+20    :   ldr   r3, [r2, #0]       : MemRead :  D=0x0000000000000000 A=0x80dd8
10901500: system.cpu T0 : @__new_exitfn+24    :   cmps   r3, r4            : IntAlu :  D=0x0000000000000001
10902000: system.cpu T0 : @__new_exitfn+28    :   bne                      : IntAlu : Predicated False
10902000: system.cpu T0 : @__new_exitfn+32    :   mov   r0, r4             : IntAlu :  D=0x0000000000000000
10902000: system.cpu T0 : @__new_exitfn+36    :   mvn   r3, #61440         : IntAlu :  D=0x00000000ffff0fff
10902500: system.cpu T0 : @__new_exitfn+40    :   mov   lr, pc             : IntAlu :  D=0x0000000000008e74
10903000: system.cpu T0 : @__new_exitfn+44    :   sub   pc, r3, #63        : IntAlu :  D=0x00000000ffff0fc0
10908500: system.cpu T0 : @_end+4294372932    :   ldrex   r3, [r2, #0]     : MemRead :  D=0x0000000000000000 A=0x80dd8
10908500: system.cpu T0 : @_end+4294372936    :   subs   r3, r3, r0        : IntAlu :  D=0x0000000000000001
10908500: system.cpu T0 : @_end+4294372940    :   strexeq   r3, r1, [r2, #0] : MemWrite :  D=0x0000000000000000 A=0x80dd8
10909000: system.cpu T0 : @_end+4294372944    :   teqseq   r3, #1          : IntAlu :  D=0x0000000000000000
10909500: system.cpu T0 : @_end+4294372948    :   beq                      : IntAlu : Predicated False
10909500: system.cpu T0 : @_end+4294372952    :   rsbs   r0, r3, #0        : IntAlu :  D=0x0000000000000001
10909500: system.cpu T0 : @_end+4294372956    :   dmb   #0                 : IntAlu : 
10910000: system.cpu T0 : @_end+4294372960    :   mov   pc, lr             : IntAlu :  D=0x0000000000008e74
11058500: system.cpu T0 : @__new_exitfn+48    :   bcc                      : IntAlu : Predicated False
11058500: system.cpu T0 : @__new_exitfn+52    :   mov   r3, r4             : IntAlu :  D=0x0000000000000000
11058500: system.cpu T0 : @__new_exitfn+56    :   cmps   r3, r4            : IntAlu :  D=0x0000000000000001
11059000: system.cpu T0 : @__new_exitfn+60    :   bne                      : IntAlu : Predicated False
11059000: system.cpu T0 : @__new_exitfn+64    :   ldr   r5, [pc, #408]     : MemRead :  D=0x0000000000080074 A=0x9024
11059000: system.cpu T0 : @__new_exitfn+68    :   ldr   r12, [r5, #0]      : MemRead :  D=0x0000000000080ddc A=0x80074
11059500: system.cpu T0 : @__new_exitfn+72    :   cmps   r12, #0           : IntAlu :  D=0x0000000000000001
11060000: system.cpu T0 : @__new_exitfn+76    :   beq                      : IntAlu : Predicated False
11060000: system.cpu T0 : @__new_exitfn+80    :   mov   r8, #0             : IntAlu :  D=0x0000000000000000
11060000: system.cpu T0 : @__new_exitfn+84    :   mov   r0, r8             : IntAlu :  D=0x0000000000000000
11060500: system.cpu T0 : @__new_exitfn+88    :   ldr   r3, [r12, #4]      : MemRead :  D=0x0000000000000000 A=0x80de0
11061000: system.cpu T0 : @__new_exitfn+92    :   cmps   r3, #0            : IntAlu :  D=0x0000000000000001
11061000: system.cpu T0 : @__new_exitfn+96    :   beq                      : IntAlu : 
11122500: system.cpu T0 : @__new_exitfn+168    :   ldr   r3, [r12, #0]      : MemRead :  D=0x0000000000000000 A=0x80ddc
11123000: system.cpu T0 : @__new_exitfn+172    :   str   r0, [r12, #4]      : MemWrite :  D=0x0000000000000000 A=0x80de0
11123000: system.cpu T0 : @__new_exitfn+176    :   cmps   r3, #0            : IntAlu :  D=0x0000000000000001
11123000: system.cpu T0 : @__new_exitfn+180    :   mov   r8, r12            : IntAlu :  D=0x0000000000080ddc
11123500: system.cpu T0 : @__new_exitfn+184    :   beq                      : IntAlu : 
11185500: system.cpu T0 : @__new_exitfn+408    :   mov   r3, #1             : IntAlu :  D=0x0000000000000001
11190000: system.cpu T0 : @__new_exitfn+412    :   b                        : IntAlu : 
11248500: system.cpu T0 : @__new_exitfn+340    :   cmps   r8, #0            : IntAlu :  D=0x0000000000000001
11248500: system.cpu T0 : @__new_exitfn+344    :   bne                      : IntAlu : 
11254500: system.cpu T0 : @__new_exitfn+388    :   mov   r3, #1             : IntAlu :  D=0x0000000000000001
11254500: system.cpu T0 : @__new_exitfn+392    :   str   r3, [r8, #4]       : MemWrite :  D=0x0000000000000001 A=0x80de0
11255000: system.cpu T0 : @__new_exitfn+396    :   add   r8, r8, #8         : IntAlu :  D=0x0000000000080de4
11255000: system.cpu T0 : @__new_exitfn+400    :   b                        : IntAlu : 
11258000: system.cpu T0 : @__new_exitfn+220    :   ldr   r2, [pc, #256]     : MemRead :  D=0x0000000000082000 A=0x9028
11258000: system.cpu T0 : @__new_exitfn+224    :   mov   r0, #1             : IntAlu :  D=0x0000000000000001
11258000: system.cpu T0 : @__new_exitfn+228    : ldmstm                    
11258000: system.cpu T0 : @__new_exitfn+228.0  :   ldr2_uop   r3,r4, [r2, #0] : MemRead :  D=0x0000000000000000 A=0x82000
11258500: system.cpu T0 : @__new_exitfn+232    :   mov   r1, #0             : IntAlu :  D=0x0000000000000000
11259000: system.cpu T0 : @__new_exitfn+236    :   adds   r3, r3, r0        : IntAlu :  D=0x0000000000000000
11259000: system.cpu T0 : @__new_exitfn+240    :   adc   r4, r4, r1         : IntAlu :  D=0x0000000000000000
11259000: system.cpu T0 : @__new_exitfn+244    : ldmstm                    
11259000: system.cpu T0 : @__new_exitfn+244.0  :   str_uop   r3, [r2, #0]   : MemWrite :  D=0x0000000000000001 A=0x82000
11259500: system.cpu T0 : @__new_exitfn+244.1  :   str_uop   r4, [r2, #4]   : MemWrite :  D=0x0000000000000000 A=0x82004
11259500: system.cpu T0 : @__new_exitfn+248    :   mov   r3, #1             : IntAlu :  D=0x0000000000000001
11315500: system.cpu T0 : @__new_exitfn+252    :   str   r3, [r8, #0]       : MemWrite :  D=0x0000000000000001 A=0x80de4
11315500: system.cpu T0 : @__new_exitfn+256    :   ldr   r5, [r6, #0]       : MemRead :  D=0x0000000000000001 A=0x80dd8
11315500: system.cpu T0 : @__new_exitfn+260    :   mov   r1, #0             : IntAlu :  D=0x0000000000000000
11316000: system.cpu T0 : @__new_exitfn+264    :   ldr   r2, [pc, #204]     : MemRead :  D=0x0000000000080dd8 A=0x9020
11320000: system.cpu T0 : @__new_exitfn+268    :   mov   r4, r5             : IntAlu :  D=0x0000000000000001
11320000: system.cpu T0 : @__new_exitfn+272    :   ldr   r3, [r2, #0]       : MemRead :  D=0x0000000000000001 A=0x80dd8
11320000: system.cpu T0 : @__new_exitfn+276    :   cmps   r3, r4            : IntAlu :  D=0x0000000000000001
11320500: system.cpu T0 : @__new_exitfn+280    :   bne                      : IntAlu : Predicated False
11321000: system.cpu T0 : @__new_exitfn+284    :   mov   r0, r4             : IntAlu :  D=0x0000000000000001
11321000: system.cpu T0 : @__new_exitfn+288    :   mvn   r3, #61440         : IntAlu :  D=0x00000000ffff0fff
11321000: system.cpu T0 : @__new_exitfn+292    :   mov   lr, pc             : IntAlu :  D=0x0000000000008f70
11321500: system.cpu T0 : @__new_exitfn+296    :   sub   pc, r3, #63        : IntAlu :  D=0x00000000ffff0fc0
11327000: system.cpu T0 : @_end+4294372932    :   ldrex   r3, [r2, #0]     : MemRead :  D=0x0000000000000001 A=0x80dd8
11327000: system.cpu T0 : @_end+4294372936    :   subs   r3, r3, r0        : IntAlu :  D=0x0000000000000001
11327000: system.cpu T0 : @_end+4294372940    :   strexeq   r3, r1, [r2, #0] : MemWrite :  D=0x0000000000000000 A=0x80dd8
11327500: system.cpu T0 : @_end+4294372944    :   teqseq   r3, #1          : IntAlu :  D=0x0000000000000000
11328000: system.cpu T0 : @_end+4294372948    :   beq                      : IntAlu : Predicated False
11328000: system.cpu T0 : @_end+4294372952    :   rsbs   r0, r3, #0        : IntAlu :  D=0x0000000000000001
11328000: system.cpu T0 : @_end+4294372956    :   dmb   #0                 : IntAlu : 
11328500: system.cpu T0 : @_end+4294372960    :   mov   pc, lr             : IntAlu :  D=0x0000000000008f70
11342500: system.cpu T0 : @__new_exitfn+300    :   bcc                      : IntAlu : Predicated False
11342500: system.cpu T0 : @__new_exitfn+304    :   mov   r3, r4             : IntAlu :  D=0x0000000000000001
11342500: system.cpu T0 : @__new_exitfn+308    :   cmps   r5, r3            : IntAlu :  D=0x0000000000000001
11343000: system.cpu T0 : @__new_exitfn+312    :   bne                      : IntAlu : Predicated False
11343500: system.cpu T0 : @__new_exitfn+316    :   cmps   r5, #1            : IntAlu :  D=0x0000000000000001
11343500: system.cpu T0 : @__new_exitfn+320    :   bgt                      : IntAlu : Predicated False
11343500: system.cpu T0 : @__new_exitfn+324    :   mov   r0, r8             : IntAlu :  D=0x0000000000080de4
11344000: system.cpu T0 : @__new_exitfn+328    : ldmstm                    
11344000: system.cpu T0 : @__new_exitfn+328.0  :   ldr2_uop   r4,r5, [sp, #0] : MemRead :  D=0x0000000000000000 A=0xbefffd70
11344000: system.cpu T0 : @__new_exitfn+328.1  :   ldr2_uop   r6,r7, [sp, #8] : MemRead :  D=0x0000000000000000 A=0xbefffd78
11344000: system.cpu T0 : @__new_exitfn+328.2  :   ldr2_uop   r8,lr, [sp, #16] : MemRead :  D=0x000000000000904c A=0xbefffd80
11344500: system.cpu T0 : @__new_exitfn+328.3  :   addi_uop   sp, sp, #24   : IntAlu :  D=0x00000000befffd88
11345000: system.cpu T0 : @__new_exitfn+332    :   bx                       : IntAlu : 
11352500: system.cpu T0 : @__cxa_atexit+20    :   cmps   r0, #0            : IntAlu :  D=0x0000000000000001
11353000: system.cpu T0 : @__cxa_atexit+24    :   mvneq   r0, #0           : IntAlu : Predicated False
11353000: system.cpu T0 : @__cxa_atexit+28    :   beq                      : IntAlu : Predicated False
11353000: system.cpu T0 : @__cxa_atexit+32    : ldmstm                    
11353000: system.cpu T0 : @__cxa_atexit+32.0  :   str_uop   r4, [r0, #4]   : MemWrite :  D=0x00000000000089a4 A=0x80de8
11353500: system.cpu T0 : @__cxa_atexit+32.1  :   str_uop   r5, [r0, #8]   : MemWrite :  D=0x0000000000000000 A=0x80dec
11353500: system.cpu T0 : @__cxa_atexit+32.2  :   str_uop   r6, [r0, #12]  : MemWrite :  D=0x0000000000000000 A=0x80df0
11353500: system.cpu T0 : @__cxa_atexit+36    :   mvn   r12, #61440        : IntAlu :  D=0x00000000ffff0fff
11354000: system.cpu T0 : @__cxa_atexit+40    :   mov   lr, pc             : IntAlu :  D=0x0000000000009068
11354000: system.cpu T0 : @__cxa_atexit+44    :   sub   pc, r12, #95       : IntAlu :  D=0x00000000ffff0fa0
11415500: system.cpu T0 : @_end+4294372900    :   dmb   #0                 : IntAlu : 
11415500: system.cpu T0 : @_end+4294372904    :   mov   pc, lr             : IntAlu :  D=0x0000000000009068
11421000: system.cpu T0 : @__cxa_atexit+48    :   mov   r3, #4             : IntAlu :  D=0x0000000000000004
11421000: system.cpu T0 : @__cxa_atexit+52    :   str   r3, [r0, #0]       : MemWrite :  D=0x0000000000000004 A=0x80de4
11421500: system.cpu T0 : @__cxa_atexit+56    :   mov   r0, #0             : IntAlu :  D=0x0000000000000000
11421500: system.cpu T0 : @__cxa_atexit+60    : ldmstm                    
11421500: system.cpu T0 : @__cxa_atexit+60.0  :   ldr2_uop   r4,r5, [sp, #0] : MemRead :  D=0x00000000000089e8 A=0xbefffd88
11421500: system.cpu T0 : @__cxa_atexit+60.1  :   ldr2_uop   r6,lr, [sp, #8] : MemRead :  D=0x000000000000848c A=0xbefffd90
11422000: system.cpu T0 : @__cxa_atexit+60.2  :   addi_uop   sp, sp, #16   : IntAlu :  D=0x00000000befffd98
11422000: system.cpu T0 : @__cxa_atexit+64    :   bx                       : IntAlu : 
11442000: system.cpu T0 : @__libc_start_main+276    :   ldr   r3, [pc, #276]     : MemRead :  D=0x000000000007ffdc A=0x85a8
11442500: system.cpu T0 : @__libc_start_main+280    :   ldr   r3, [r3, #0]       : MemRead :  D=0x0000000000000000 A=0x7ffdc
11442500: system.cpu T0 : @__libc_start_main+284    :   cmps   r3, #0            : IntAlu :  D=0x0000000000000001
11442500: system.cpu T0 : @__libc_start_main+288    :   bne                      : IntAlu : Predicated False
11443000: system.cpu T0 : @__libc_start_main+292    :   cmps   r5, #0            : IntAlu :  D=0x0000000000000001
11443500: system.cpu T0 : @__libc_start_main+296    :   beq                      : IntAlu : Predicated False
11443500: system.cpu T0 : @__libc_start_main+300    :   ldr   r3, [pc, #236]     : MemRead :  D=0x00000000000814f4 A=0x8598
11443500: system.cpu T0 : @__libc_start_main+304    :   ldr   r0, [sp, #4]       : MemRead :  D=0x0000000000000001 A=0xbefffd9c
11444000: system.cpu T0 : @__libc_start_main+308    :   ldr   r2, [r3, #0]       : MemRead :  D=0x00000000befffeec A=0x814f4
11444500: system.cpu T0 : @__libc_start_main+312    :   ldr   r1, [sp, #8]       : MemRead :  D=0x00000000befffee4 A=0xbefffda0
11444500: system.cpu T0 : @__libc_start_main+316    :   mov   lr, pc             : IntAlu :  D=0x00000000000084bc
11444500: system.cpu T0 : @__libc_start_main+320    :   bx                       : IntAlu : 
11538500: system.cpu T0 : @__libc_csu_init    : ldmstm                    
11538500: system.cpu T0 : @__libc_csu_init.0  :   str_uop   r4, [sp, #32]  : MemWrite :  D=0x0000000000000000 A=0xbefffd78
11538500: system.cpu T0 : @__libc_csu_init.1  :   str_uop   r5, [sp, #28]  : MemWrite :  D=0x00000000000089e8 A=0xbefffd7c
11538500: system.cpu T0 : @__libc_csu_init.2  :   str_uop   r6, [sp, #24]  : MemWrite :  D=0x00000000000089a4 A=0xbefffd80
11539000: system.cpu T0 : @__libc_csu_init.3  :   str_uop   r7, [sp, #20]  : MemWrite :  D=0x0000000000000000 A=0xbefffd84
11539000: system.cpu T0 : @__libc_csu_init.4  :   str_uop   r8, [sp, #16]  : MemWrite :  D=0x0000000000000000 A=0xbefffd88
11539000: system.cpu T0 : @__libc_csu_init.5  :   str_uop   r9, [sp, #12]  : MemWrite :  D=0x0000000000000000 A=0xbefffd8c
11539500: system.cpu T0 : @__libc_csu_init.6  :   str_uop   r10, [sp, #8]  : MemWrite :  D=0x0000000000000000 A=0xbefffd90
11539500: system.cpu T0 : @__libc_csu_init.7  :   str_uop   lr, [sp, #4]   : MemWrite :  D=0x00000000000084bc A=0xbefffd94
11539500: system.cpu T0 : @__libc_csu_init.8  :   subi_uop   sp, sp, #32   : IntAlu :  D=0x00000000befffd78
11540000: system.cpu T0 : @__libc_csu_init+4    :   ldr   r8, [pc, #136]     : MemRead :  D=0x000000000007ffc4 A=0x8a7c
11543000: system.cpu T0 : @__libc_csu_init+8    :   ldr   r10, [pc, #136]    : MemRead :  D=0x000000000007ffc4 A=0x8a80
11543000: system.cpu T0 : @__libc_csu_init+12    :   mov   r5, r0             : IntAlu :  D=0x0000000000000001
11543000: system.cpu T0 : @__libc_csu_init+16    :   rsb   r10, r8, r10       : IntAlu :  D=0x0000000000000000
11543500: system.cpu T0 : @__libc_csu_init+20    :   movs   r10, r10, ASR #2  : IntAlu :  D=0x0000000000000001
11599500: system.cpu T0 : @__libc_csu_init+24    :   mov   r6, r1             : IntAlu :  D=0x00000000befffee4
11599500: system.cpu T0 : @__libc_csu_init+28    :   mov   r7, r2             : IntAlu :  D=0x00000000befffeec
11599500: system.cpu T0 : @__libc_csu_init+32    :   beq                      : IntAlu : 
11631000: system.cpu T0 : @__libc_csu_init+76    :   ldr   r8, [pc, #72]      : MemRead :  D=0x000000000007ffc4 A=0x8a84
11631000: system.cpu T0 : @__libc_csu_init+80    :   ldr   r10, [pc, #72]     : MemRead :  D=0x000000000007ffc8 A=0x8a88
11631000: system.cpu T0 : @__libc_csu_init+84    :   bl                       : IntAlu :  D=0x0000000000008a40
11635000: system.cpu T0 : @_init    : ldmstm                    
11635000: system.cpu T0 : @_init.0  :   str_uop   r4, [sp, #8]   : MemWrite :  D=0x0000000000000000 A=0xbefffd70
11635000: system.cpu T0 : @_init.1  :   str_uop   lr, [sp, #4]   : MemWrite :  D=0x0000000000008a40 A=0xbefffd74
11635000: system.cpu T0 : @_init.2  :   subi_uop   sp, sp, #8    : IntAlu :  D=0x00000000befffd70
11635500: system.cpu T0 : @_init+4    :   bl                       : IntAlu :  D=0x000000000000815c
11638500: system.cpu T0 : @call_gmon_start    :   ldr   r3, [pc, #28]      : MemRead :  D=0x0000000000077e48 A=0x81cc
11638500: system.cpu T0 : @call_gmon_start+4    :   ldr   r2, [pc, #28]      : MemRead :  D=0x0000000000000064 A=0x81d0
11639000: system.cpu T0 : @call_gmon_start+8    :   add   r3, pc, r3         : IntAlu :  D=0x0000000000080000
11639000: system.cpu T0 : @call_gmon_start+12    :   ldr   r2, [r3, r2]       : MemRead :  D=0x0000000000000000 A=0x80064
11639000: system.cpu T0 : @call_gmon_start+16    : ldmstm                    
11639000: system.cpu T0 : @call_gmon_start+16.0  :   str_uop   r4, [sp, #8]   : MemWrite :  D=0x0000000000000000 A=0xbefffd68
11639500: system.cpu T0 : @call_gmon_start+16.1  :   str_uop   lr, [sp, #4]   : MemWrite :  D=0x000000000000815c A=0xbefffd6c
11639500: system.cpu T0 : @call_gmon_start+16.2  :   subi_uop   sp, sp, #8    : IntAlu :  D=0x00000000befffd68
11639500: system.cpu T0 : @call_gmon_start+20    :   cmps   r2, #0            : IntAlu :  D=0x0000000000000001
11640000: system.cpu T0 : @call_gmon_start+24    :   movne   r0, r0           : IntAlu : Predicated False
11640000: system.cpu T0 : @call_gmon_start+28    : ldmstm                    
11640000: system.cpu T0 : @call_gmon_start+28.0  :   ldr2_uop   r4,lr, [sp, #0] : MemRead :  D=0x000000000000815c A=0xbefffd68
11640000: system.cpu T0 : @call_gmon_start+28.1  :   addi_uop   sp, sp, #8    : IntAlu :  D=0x00000000befffd70
11640500: system.cpu T0 : @call_gmon_start+32    :   bx                       : IntAlu : 
11641000: system.cpu T0 : @_init+8    : ldmstm                    
11641000: system.cpu T0 : @_init+8.0  :   ldr2_uop   r4,lr, [sp, #0] : MemRead :  D=0x0000000000008a40 A=0xbefffd70
11641000: system.cpu T0 : @_init+8.1  :   addi_uop   sp, sp, #8    : IntAlu :  D=0x00000000befffd78
11641500: system.cpu T0 : @_init+12    :   bx                       : IntAlu : 
11664000: system.cpu T0 : @__libc_csu_init+88    :   rsb   r10, r8, r10       : IntAlu :  D=0x0000000000000004
11664000: system.cpu T0 : @__libc_csu_init+92    :   movs   r10, r10, ASR #2  : IntAlu :  D=0x0000000000000000
11664000: system.cpu T0 : @__libc_csu_init+96    :   beq                      : IntAlu : Predicated False
11664500: system.cpu T0 : @__libc_csu_init+100    :   mov   r4, #0             : IntAlu :  D=0x0000000000000000
11668000: system.cpu T0 : @__libc_csu_init+104    :   mov   r0, r5             : IntAlu :  D=0x0000000000000001
11668000: system.cpu T0 : @__libc_csu_init+108    :   mov   r1, r6             : IntAlu :  D=0x00000000befffee4
11668000: system.cpu T0 : @__libc_csu_init+112    :   mov   r2, r7             : IntAlu :  D=0x00000000befffeec
11668500: system.cpu T0 : @__libc_csu_init+116    :   ldr   r12, [r8, r4 LSL #2] : MemRead :  D=0x0000000000008218 A=0x7ffc4
11669000: system.cpu T0 : @__libc_csu_init+120    :   mov   lr, pc             : IntAlu :  D=0x0000000000008a68
11669000: system.cpu T0 : @__libc_csu_init+124    :   bx                       : IntAlu : 
11731500: system.cpu T0 : @frame_dummy    :   ldr   r3, [pc, #56]      : MemRead :  D=0x0000000000000000 A=0x8258
11731500: system.cpu T0 : @frame_dummy+4    : ldmstm                    
11731500: system.cpu T0 : @frame_dummy+4.0  :   str_uop   r4, [sp, #8]   : MemWrite :  D=0x0000000000000000 A=0xbefffd70
11731500: system.cpu T0 : @frame_dummy+4.1  :   str_uop   lr, [sp, #4]   : MemWrite :  D=0x0000000000008a68 A=0xbefffd74
11732000: system.cpu T0 : @frame_dummy+4.2  :   subi_uop   sp, sp, #8    : IntAlu :  D=0x00000000befffd70
11736000: system.cpu T0 : @frame_dummy+8    :   cmps   r3, #0            : IntAlu :  D=0x0000000000000001
11736000: system.cpu T0 : @frame_dummy+12    :   ldrne   r0, [pc, #48]    : MemRead : Predicated False
11736000: system.cpu T0 : @frame_dummy+16    :   ldrne   r1, [pc, #48]    : MemRead : Predicated False
11736500: system.cpu T0 : @frame_dummy+20    :   movne   r0, r0           : IntAlu : Predicated False
11737000: system.cpu T0 : @frame_dummy+24    :   ldr   r0, [pc, #44]      : MemRead :  D=0x000000000007ffd0 A=0x8264
11737000: system.cpu T0 : @frame_dummy+28    :   ldr   r3, [r0, #0]       : MemRead :  D=0x0000000000000000 A=0x7ffd0
11737000: system.cpu T0 : @frame_dummy+32    :   cmps   r3, #0            : IntAlu :  D=0x0000000000000001
11737500: system.cpu T0 : @frame_dummy+36    :   beq                      : IntAlu : 
11803500: system.cpu T0 : @frame_dummy+56    : ldmstm                    
11803500: system.cpu T0 : @frame_dummy+56.0  :   ldr2_uop   r4,lr, [sp, #0] : MemRead :  D=0x0000000000008a68 A=0xbefffd70
11803500: system.cpu T0 : @frame_dummy+56.1  :   addi_uop   sp, sp, #8    : IntAlu :  D=0x00000000befffd78
11803500: system.cpu T0 : @frame_dummy+60    :   bx                       : IntAlu : 
11811000: system.cpu T0 : @__libc_csu_init+128    :   add   r4, r4, #1         : IntAlu :  D=0x0000000000000001
11811000: system.cpu T0 : @__libc_csu_init+132    :   cmps   r4, r10           : IntAlu :  D=0x0000000000000001
11811500: system.cpu T0 : @__libc_csu_init+136    :   bcc                      : IntAlu : Predicated False
11811500: system.cpu T0 : @__libc_csu_init+140    : ldmstm                    
11811500: system.cpu T0 : @__libc_csu_init+140.0  :   ldr2_uop   r4,r5, [sp, #0] : MemRead :  D=0x00000000000089e8 A=0xbefffd78
11811500: system.cpu T0 : @__libc_csu_init+140.1  :   ldr2_uop   r6,r7, [sp, #8] : MemRead :  D=0x0000000000000000 A=0xbefffd80
11812000: system.cpu T0 : @__libc_csu_init+140.2  :   ldr2_uop   r8,r9, [sp, #16] : MemRead :  D=0x0000000000000000 A=0xbefffd88
11812000: system.cpu T0 : @__libc_csu_init+140.3  :   ldr2_uop   r10,lr, [sp, #24] : MemRead :  D=0x00000000000084bc A=0xbefffd90
11812000: system.cpu T0 : @__libc_csu_init+140.4  :   addi_uop   sp, sp, #32   : IntAlu :  D=0x00000000befffd98
11812500: system.cpu T0 : @__libc_csu_init+144    :   bx                       : IntAlu : 
11820500: system.cpu T0 : @__libc_start_main+324    :   add   r0, sp, #16        : IntAlu :  D=0x00000000befffda8
11821000: system.cpu T0 : @__libc_start_main+328    :   bl                       : IntAlu :  D=0x00000000000084c4
11824000: system.cpu T0 : @_setjmp    :   mov   r1, #0             : IntAlu :  D=0x0000000000000000
11824000: system.cpu T0 : @_setjmp+4    :   b                        : IntAlu : 
11824500: system.cpu T0 : @__sigsetjmp    :   mov   r12, r0            : IntAlu :  D=0x00000000befffda8
11824500: system.cpu T0 : @__sigsetjmp+4    : ldmstm                    
11824500: system.cpu T0 : @__sigsetjmp+4.0  :   str_uop   r4, [r12, #0]  : MemWrite :  D=0x0000000000000000 A=0xbefffda8
11824500: system.cpu T0 : @__sigsetjmp+4.1  :   str_uop   r5, [r12, #4]  : MemWrite :  D=0x00000000000089e8 A=0xbefffdac
11825000: system.cpu T0 : @__sigsetjmp+4.2  :   str_uop   r6, [r12, #8]  : MemWrite :  D=0x00000000000089a4 A=0xbefffdb0
11825000: system.cpu T0 : @__sigsetjmp+4.3  :   str_uop   r7, [r12, #12] : MemWrite :  D=0x0000000000000000 A=0xbefffdb4
11825000: system.cpu T0 : @__sigsetjmp+4.4  :   str_uop   r8, [r12, #16] : MemWrite :  D=0x0000000000000000 A=0xbefffdb8
11825500: system.cpu T0 : @__sigsetjmp+4.5  :   str_uop   r9, [r12, #20] : MemWrite :  D=0x0000000000000000 A=0xbefffdbc
11825500: system.cpu T0 : @__sigsetjmp+4.6  :   str_uop   r10, [r12, #24] : MemWrite :  D=0x0000000000000000 A=0xbefffdc0
11825500: system.cpu T0 : @__sigsetjmp+4.7  :   str_uop   fp, [r12, #28] : MemWrite :  D=0x0000000000000000 A=0xbefffdc4
11826000: system.cpu T0 : @__sigsetjmp+4.8  :   str_uop   sp, [r12, #32] : MemWrite :  D=0x00000000befffd98 A=0xbefffdc8
11826000: system.cpu T0 : @__sigsetjmp+4.9  :   str_uop   lr, [r12, #36] : MemWrite :  D=0x00000000000084c4 A=0xbefffdcc
11826000: system.cpu T0 : @__sigsetjmp+4.10 :   addi_uop   r12, r12, #40 : IntAlu :  D=0x00000000befffdd0
11826500: system.cpu T0 : @__sigsetjmp+8    :   ldr   r2, [pc, #56]      : MemRead :  D=0x0000000000081ac0 A=0x18f38
11826500: system.cpu T0 : @__sigsetjmp+12    :   ldr   r2, [r2, #0]       : MemRead :  D=0x00000000000078d7 A=0x81ac0
11827000: system.cpu T0 : @__sigsetjmp+16    :   tsts   r2, #64           : IntAlu :  D=0x0000000000000000
11827000: system.cpu T0 : @__sigsetjmp+20    :   beq                      : IntAlu : Predicated False
11827000: system.cpu T0 : @__sigsetjmp+24.0  :   strfp_uop   f16, [r12, #0] : FloatMemWrite :  D=0x0000000000000000 A=0xbefffdd0
11827500: system.cpu T0 : @__sigsetjmp+24.1  :   strfp_uop   f17, [r12, #4] : FloatMemWrite :  D=0x0000000000000000 A=0xbefffdd4
11827500: system.cpu T0 : @__sigsetjmp+24.2  :   strfp_uop   f18, [r12, #8] : FloatMemWrite :  D=0x0000000000000000 A=0xbefffdd8
11827500: system.cpu T0 : @__sigsetjmp+24.3  :   strfp_uop   f19, [r12, #12] : FloatMemWrite :  D=0x0000000000000000 A=0xbefffddc
11828000: system.cpu T0 : @__sigsetjmp+24.4  :   strfp_uop   f20, [r12, #16] : FloatMemWrite :  D=0x0000000000000000 A=0xbefffde0
11828000: system.cpu T0 : @__sigsetjmp+24.5  :   strfp_uop   f21, [r12, #20] : FloatMemWrite :  D=0x0000000000000000 A=0xbefffde4
11828000: system.cpu T0 : @__sigsetjmp+24.6  :   strfp_uop   f22, [r12, #24] : FloatMemWrite :  D=0x0000000000000000 A=0xbefffde8
11828500: system.cpu T0 : @__sigsetjmp+24.7  :   strfp_uop   f23, [r12, #28] : FloatMemWrite :  D=0x0000000000000000 A=0xbefffdec
11828500: system.cpu T0 : @__sigsetjmp+24.8  :   strfp_uop   f24, [r12, #32] : FloatMemWrite :  D=0x0000000000000000 A=0xbefffdf0
11828500: system.cpu T0 : @__sigsetjmp+24.9  :   strfp_uop   f25, [r12, #36] : FloatMemWrite :  D=0x0000000000000000 A=0xbefffdf4
11829000: system.cpu T0 : @__sigsetjmp+24.10 :   strfp_uop   f26, [r12, #40] : FloatMemWrite :  D=0x0000000000000000 A=0xbefffdf8
11829000: system.cpu T0 : @__sigsetjmp+24.11 :   strfp_uop   f27, [r12, #44] : FloatMemWrite :  D=0x0000000000000000 A=0xbefffdfc
11829000: system.cpu T0 : @__sigsetjmp+24.12 :   strfp_uop   f28, [r12, #48] : FloatMemWrite :  D=0x0000000000000000 A=0xbefffe00
11829500: system.cpu T0 : @__sigsetjmp+24.13 :   strfp_uop   f29, [r12, #52] : FloatMemWrite :  D=0x0000000000000000 A=0xbefffe04
11829500: system.cpu T0 : @__sigsetjmp+24.14 :   strfp_uop   f30, [r12, #56] : FloatMemWrite :  D=0x0000000000000000 A=0xbefffe08
11829500: system.cpu T0 : @__sigsetjmp+24.15 :   strfp_uop   f31, [r12, #60] : FloatMemWrite :  D=0x0000000000000000 A=0xbefffe0c
11830000: system.cpu T0 : @__sigsetjmp+24.16 :   addi_uop   r12, r12, #68 : IntAlu :  D=0x00000000befffe14
11830000: system.cpu T0 : @__sigsetjmp+28    :   vmrs   f2, f11           : SimdFloatMisc :  D=0x0000000000000000
11830500: system.cpu T0 : @__sigsetjmp+32    :   str   r2, [r12] #4      
11830500: system.cpu T0 : @__sigsetjmp+32.0  :   str   r2, [r12] #4       : MemWrite :  D=0x0000000000000000 A=0xbefffe14
11830500: system.cpu T0 : @__sigsetjmp+32.1  :   addi_uop   r12, r12, #4  : IntAlu :  D=0x00000000befffe18
11830500: system.cpu T0 : @Lno_vfp    :   tsts   r2, #512          : IntAlu :  D=0x0000000000000001
11831000: system.cpu T0 : @Lno_vfp+4    :   beq                      : IntAlu : 
11990000: system.cpu T0 : @Lno_iwmmxt    :   b                        : IntAlu : 
11993000: system.cpu T0 : @__sigjmp_save    :   cmps   r1, #0            : IntAlu :  D=0x0000000000000001
11993000: system.cpu T0 : @__sigjmp_save+4    : ldmstm                    
11993000: system.cpu T0 : @__sigjmp_save+4.0  :   str_uop   r4, [sp, #8]   : MemWrite :  D=0x0000000000000000 A=0xbefffd90
11993000: system.cpu T0 : @__sigjmp_save+4.1  :   str_uop   lr, [sp, #4]   : MemWrite :  D=0x00000000000084c4 A=0xbefffd94
11993500: system.cpu T0 : @__sigjmp_save+4.2  :   subi_uop   sp, sp, #8    : IntAlu :  D=0x00000000befffd90
11993500: system.cpu T0 : @__sigjmp_save+8    :   mov   r4, r0             : IntAlu :  D=0x00000000befffda8
11993500: system.cpu T0 : @__sigjmp_save+12    :   bne                      : IntAlu : Predicated False
11994000: system.cpu T0 : @__sigjmp_save+16    :   mov   r3, #0             : IntAlu :  D=0x0000000000000000
11994000: system.cpu T0 : @__sigjmp_save+20    :   str   r3, [r4, #256]     : MemWrite :  D=0x0000000000000000 A=0xbefffea8
11994000: system.cpu T0 : @__sigjmp_save+24    :   mov   r0, #0             : IntAlu :  D=0x0000000000000000
11994500: system.cpu T0 : @__sigjmp_save+28    : ldmstm                    
11994500: system.cpu T0 : @__sigjmp_save+28.0  :   ldr2_uop   r4,lr, [sp, #0] : MemRead :  D=0x00000000000084c4 A=0xbefffd90
11994500: system.cpu T0 : @__sigjmp_save+28.1  :   addi_uop   sp, sp, #8    : IntAlu :  D=0x00000000befffd98
11995000: system.cpu T0 : @__sigjmp_save+32    :   bx                       : IntAlu : 
11995500: system.cpu T0 : @__libc_start_main+332    :   cmps   r0, #0            : IntAlu :  D=0x0000000000000001
11995500: system.cpu T0 : @__libc_start_main+336    :   bne                      : IntAlu : Predicated False
11995500: system.cpu T0 : @__libc_start_main+340    :   bl                       : IntAlu :  D=0x00000000000084d0
11998500: system.cpu T0 : @__aeabi_read_tp    :   mvn   r0, #61440         : IntAlu :  D=0x00000000ffff0fff
11998500: system.cpu T0 : @__aeabi_read_tp+4    :   sub   pc, r0, #31        : IntAlu :  D=0x00000000ffff0fe0
12004500: system.cpu T0 : @_end+4294372964    :   mrc   r0, tpidruro       : IntAlu :  D=0x00000000000834a0
12004500: system.cpu T0 : @_end+4294372968    :   mov   pc, lr             : IntAlu :  D=0x00000000000084d0
12005000: system.cpu T0 : @__libc_start_main+344    :   sub   r3, r0, #1184      : IntAlu :  D=0x0000000000083000
12005000: system.cpu T0 : @__libc_start_main+348    :   ldr   r2, [r3, #96]      : MemRead :  D=0x0000000000000000 A=0x83060
12005000: system.cpu T0 : @__libc_start_main+352    :   ldr   r1, [sp, #8]       : MemRead :  D=0x00000000befffee4 A=0xbefffda0
12005500: system.cpu T0 : @__libc_start_main+356    :   str   r2, [sp, #280]     : MemWrite :  D=0x0000000000000000 A=0xbefffeb0
12006000: system.cpu T0 : @__libc_start_main+360    :   ldr   r2, [r0, #-1092]   : MemRead :  D=0x0000000000000000 A=0x8305c
12006000: system.cpu T0 : @__libc_start_main+364    :   ldr   r0, [sp, #4]       : MemRead :  D=0x0000000000000001 A=0xbefffd9c
12006000: system.cpu T0 : @__libc_start_main+368    :   str   r2, [sp, #284]     : MemWrite :  D=0x0000000000000000 A=0xbefffeb4
12006500: system.cpu T0 : @__libc_start_main+372    :   add   r2, sp, #16        : IntAlu :  D=0x00000000befffda8
12007000: system.cpu T0 : @__libc_start_main+376    :   str   r2, [r3, #96]      : MemWrite :  D=0x00000000befffda8 A=0x83060
12007000: system.cpu T0 : @__libc_start_main+380    :   ldr   r3, [pc, #156]     : MemRead :  D=0x00000000000814f4 A=0x8598
12007000: system.cpu T0 : @__libc_start_main+384    :   ldr   r2, [r3, #0]       : MemRead :  D=0x00000000befffeec A=0x814f4
12007500: system.cpu T0 : @__libc_start_main+388    :   ldr   r3, [sp, #12]      : MemRead :  D=0x0000000000008334 A=0xbefffda4
12044000: system.cpu T0 : @__libc_start_main+392    :   mov   lr, pc             : IntAlu :  D=0x0000000000008508
12044000: system.cpu T0 : @__libc_start_main+396    :   bx                       : IntAlu : 
12108500: system.cpu T0 : @main    : ldmstm                    
12108500: system.cpu T0 : @main.0  :   str_uop   fp, [sp, #8]   : MemWrite :  D=0x0000000000000000 A=0xbefffd90
12108500: system.cpu T0 : @main.1  :   str_uop   lr, [sp, #4]   : MemWrite :  D=0x0000000000008508 A=0xbefffd94
12108500: system.cpu T0 : @main.2  :   subi_uop   sp, sp, #8    : IntAlu :  D=0x00000000befffd90
12109000: system.cpu T0 : @main+4    :   add   fp, sp, #4         : IntAlu :  D=0x00000000befffd94
12109000: system.cpu T0 : @main+8    :   sub   sp, sp, #8         : IntAlu :  D=0x00000000befffd88
12109500: system.cpu T0 : @main+12    :   mov   r3, #4             : IntAlu :  D=0x0000000000000004
12109500: system.cpu T0 : @main+16    :   str   r3, [fp, #-8]      : MemWrite :  D=0x0000000000000004 A=0xbefffd8c
12109500: system.cpu T0 : @main+20    :   ldr   r3, [pc, #36]      : MemRead :  D=0x0000000000081e4c A=0x8374
12110000: system.cpu T0 : @main+24    :   mov   r2, #0             : IntAlu :  D=0x0000000000000000
12110500: system.cpu T0 : @main+28    :   str   r2, [r3, #0]       : MemWrite :  D=0x0000000000000000 A=0x81e4c
12110500: system.cpu T0 : @main+32    :   ldr   r0, [fp, #-8]      : MemRead :  D=0x0000000000000004 A=0xbefffd8c
12110500: system.cpu T0 : @main+36    :   mov   r1, #1             : IntAlu :  D=0x0000000000000001
12111000: system.cpu T0 : @main+40    :   mov   r2, #2             : IntAlu :  D=0x0000000000000002
12111500: system.cpu T0 : @main+44    :   mov   r3, #3             : IntAlu :  D=0x0000000000000003
12111500: system.cpu T0 : @main+48    :   bl                       : IntAlu :  D=0x0000000000008368
12170500: system.cpu T0 : @hanoi    : ldmstm                    
12170500: system.cpu T0 : @hanoi.0  :   str_uop   fp, [sp, #8]   : MemWrite :  D=0x00000000befffd94 A=0xbefffd80
12170500: system.cpu T0 : @hanoi.1  :   str_uop   lr, [sp, #4]   : MemWrite :  D=0x0000000000008368 A=0xbefffd84
12170500: system.cpu T0 : @hanoi.2  :   subi_uop   sp, sp, #8    : IntAlu :  D=0x00000000befffd80
12171000: system.cpu T0 : @hanoi+4    :   add   fp, sp, #4         : IntAlu :  D=0x00000000befffd84
12227500: system.cpu T0 : @hanoi+8    :   sub   sp, sp, #16        : IntAlu :  D=0x00000000befffd70
12227500: system.cpu T0 : @hanoi+12    :   str   r0, [fp, #-8]      : MemWrite :  D=0x0000000000000004 A=0xbefffd7c
12227500: system.cpu T0 : @hanoi+16    :   str   r1, [fp, #-12]     : MemWrite :  D=0x0000000000000001 A=0xbefffd78
12228000: system.cpu T0 : @hanoi+20    :   str   r2, [fp, #-16]     : MemWrite :  D=0x0000000000000002 A=0xbefffd74
12232000: system.cpu T0 : @hanoi+24    :   str   r3, [fp, #-20]     : MemWrite :  D=0x0000000000000003 A=0xbefffd70
12232000: system.cpu T0 : @hanoi+28    :   ldr   r3, [fp, #-8]      : MemRead :  D=0x0000000000000004 A=0xbefffd7c
12232000: system.cpu T0 : @hanoi+32    :   cmps   r3, #0            : IntAlu :  D=0x0000000000000001
12232500: system.cpu T0 : @hanoi+36    :   ble                      : IntAlu : Predicated False
12233000: system.cpu T0 : @hanoi+40    :   ldr   r3, [fp, #-8]      : MemRead :  D=0x0000000000000004 A=0xbefffd7c
12233000: system.cpu T0 : @hanoi+44    :   sub   r3, r3, #1         : IntAlu :  D=0x0000000000000003
12233000: system.cpu T0 : @hanoi+48    :   mov   r0, r3             : IntAlu :  D=0x0000000000000003
12233500: system.cpu T0 : @hanoi+52    :   ldr   r1, [fp, #-12]     : MemRead :  D=0x0000000000000001 A=0xbefffd78
12234000: system.cpu T0 : @hanoi+56    :   ldr   r2, [fp, #-20]     : MemRead :  D=0x0000000000000003 A=0xbefffd70
12234000: system.cpu T0 : @hanoi+60    :   ldr   r3, [fp, #-16]     : MemRead :  D=0x0000000000000002 A=0xbefffd74
12234000: system.cpu T0 : @hanoi+64    :   bl                       : IntAlu :  D=0x00000000000082fc
12237000: system.cpu T0 : @hanoi    : ldmstm                    
12237000: system.cpu T0 : @hanoi.0  :   str_uop   fp, [sp, #8]   : MemWrite :  D=0x00000000befffd84 A=0xbefffd68
12237000: system.cpu T0 : @hanoi.1  :   str_uop   lr, [sp, #4]   : MemWrite :  D=0x00000000000082fc A=0xbefffd6c
12237000: system.cpu T0 : @hanoi.2  :   subi_uop   sp, sp, #8    : IntAlu :  D=0x00000000befffd68
12237500: system.cpu T0 : @hanoi+4    :   add   fp, sp, #4         : IntAlu :  D=0x00000000befffd6c
12238000: system.cpu T0 : @hanoi+8    :   sub   sp, sp, #16        : IntAlu :  D=0x00000000befffd58
12238000: system.cpu T0 : @hanoi+12    :   str   r0, [fp, #-8]      : MemWrite :  D=0x0000000000000003 A=0xbefffd64
12238000: system.cpu T0 : @hanoi+16    :   str   r1, [fp, #-12]     : MemWrite :  D=0x0000000000000001 A=0xbefffd60
12238500: system.cpu T0 : @hanoi+20    :   str   r2, [fp, #-16]     : MemWrite :  D=0x0000000000000003 A=0xbefffd5c
12239000: system.cpu T0 : @hanoi+24    :   str   r3, [fp, #-20]     : MemWrite :  D=0x0000000000000002 A=0xbefffd58
12239000: system.cpu T0 : @hanoi+28    :   ldr   r3, [fp, #-8]      : MemRead :  D=0x0000000000000003 A=0xbefffd64
12239000: system.cpu T0 : @hanoi+32    :   cmps   r3, #0            : IntAlu :  D=0x0000000000000001
12239500: system.cpu T0 : @hanoi+36    :   ble                      : IntAlu : Predicated False
12240000: system.cpu T0 : @hanoi+40    :   ldr   r3, [fp, #-8]      : MemRead :  D=0x0000000000000003 A=0xbefffd64
12240000: system.cpu T0 : @hanoi+44    :   sub   r3, r3, #1         : IntAlu :  D=0x0000000000000002
12240000: system.cpu T0 : @hanoi+48    :   mov   r0, r3             : IntAlu :  D=0x0000000000000002
12240500: system.cpu T0 : @hanoi+52    :   ldr   r1, [fp, #-12]     : MemRead :  D=0x0000000000000001 A=0xbefffd60
12241000: system.cpu T0 : @hanoi+56    :   ldr   r2, [fp, #-20]     : MemRead :  D=0x0000000000000002 A=0xbefffd58
12241000: system.cpu T0 : @hanoi+60    :   ldr   r3, [fp, #-16]     : MemRead :  D=0x0000000000000003 A=0xbefffd5c
12241000: system.cpu T0 : @hanoi+64    :   bl                       : IntAlu :  D=0x00000000000082fc
12241500: system.cpu T0 : @hanoi    : ldmstm                    
12241500: system.cpu T0 : @hanoi.0  :   str_uop   fp, [sp, #8]   : MemWrite :  D=0x00000000befffd6c A=0xbefffd50
12241500: system.cpu T0 : @hanoi.1  :   str_uop   lr, [sp, #4]   : MemWrite :  D=0x00000000000082fc A=0xbefffd54
12241500: system.cpu T0 : @hanoi.2  :   subi_uop   sp, sp, #8    : IntAlu :  D=0x00000000befffd50
12242000: system.cpu T0 : @hanoi+4    :   add   fp, sp, #4         : IntAlu :  D=0x00000000befffd54
12242500: system.cpu T0 : @hanoi+8    :   sub   sp, sp, #16        : IntAlu :  D=0x00000000befffd40
12242500: system.cpu T0 : @hanoi+12    :   str   r0, [fp, #-8]      : MemWrite :  D=0x0000000000000002 A=0xbefffd4c
12242500: system.cpu T0 : @hanoi+16    :   str   r1, [fp, #-12]     : MemWrite :  D=0x0000000000000001 A=0xbefffd48
12243000: system.cpu T0 : @hanoi+20    :   str   r2, [fp, #-16]     : MemWrite :  D=0x0000000000000002 A=0xbefffd44
12243500: system.cpu T0 : @hanoi+24    :   str   r3, [fp, #-20]     : MemWrite :  D=0x0000000000000003 A=0xbefffd40
12243500: system.cpu T0 : @hanoi+28    :   ldr   r3, [fp, #-8]      : MemRead :  D=0x0000000000000002 A=0xbefffd4c
12243500: system.cpu T0 : @hanoi+32    :   cmps   r3, #0            : IntAlu :  D=0x0000000000000001
12244000: system.cpu T0 : @hanoi+36    :   ble                      : IntAlu : Predicated False
12244500: system.cpu T0 : @hanoi+40    :   ldr   r3, [fp, #-8]      : MemRead :  D=0x0000000000000002 A=0xbefffd4c
12244500: system.cpu T0 : @hanoi+44    :   sub   r3, r3, #1         : IntAlu :  D=0x0000000000000001
12244500: system.cpu T0 : @hanoi+48    :   mov   r0, r3             : IntAlu :  D=0x0000000000000001
12245000: system.cpu T0 : @hanoi+52    :   ldr   r1, [fp, #-12]     : MemRead :  D=0x0000000000000001 A=0xbefffd48
12245500: system.cpu T0 : @hanoi+56    :   ldr   r2, [fp, #-20]     : MemRead :  D=0x0000000000000003 A=0xbefffd40
12245500: system.cpu T0 : @hanoi+60    :   ldr   r3, [fp, #-16]     : MemRead :  D=0x0000000000000002 A=0xbefffd44
12245500: system.cpu T0 : @hanoi+64    :   bl                       : IntAlu :  D=0x00000000000082fc
12246000: system.cpu T0 : @hanoi    : ldmstm                    
12246000: system.cpu T0 : @hanoi.0  :   str_uop   fp, [sp, #8]   : MemWrite :  D=0x00000000befffd54 A=0xbefffd38
12246000: system.cpu T0 : @hanoi.1  :   str_uop   lr, [sp, #4]   : MemWrite :  D=0x00000000000082fc A=0xbefffd3c
12246000: system.cpu T0 : @hanoi.2  :   subi_uop   sp, sp, #8    : IntAlu :  D=0x00000000befffd38
12246500: system.cpu T0 : @hanoi+4    :   add   fp, sp, #4         : IntAlu :  D=0x00000000befffd3c
12247000: system.cpu T0 : @hanoi+8    :   sub   sp, sp, #16        : IntAlu :  D=0x00000000befffd28
12247000: system.cpu T0 : @hanoi+12    :   str   r0, [fp, #-8]      : MemWrite :  D=0x0000000000000001 A=0xbefffd34
12247000: system.cpu T0 : @hanoi+16    :   str   r1, [fp, #-12]     : MemWrite :  D=0x0000000000000001 A=0xbefffd30
12247500: system.cpu T0 : @hanoi+20    :   str   r2, [fp, #-16]     : MemWrite :  D=0x0000000000000003 A=0xbefffd2c
12248000: system.cpu T0 : @hanoi+24    :   str   r3, [fp, #-20]     : MemWrite :  D=0x0000000000000002 A=0xbefffd28
12248000: system.cpu T0 : @hanoi+28    :   ldr   r3, [fp, #-8]      : MemRead :  D=0x0000000000000001 A=0xbefffd34
12248000: system.cpu T0 : @hanoi+32    :   cmps   r3, #0            : IntAlu :  D=0x0000000000000001
12248500: system.cpu T0 : @hanoi+36    :   ble                      : IntAlu : Predicated False
12249000: system.cpu T0 : @hanoi+40    :   ldr   r3, [fp, #-8]      : MemRead :  D=0x0000000000000001 A=0xbefffd34
12249000: system.cpu T0 : @hanoi+44    :   sub   r3, r3, #1         : IntAlu :  D=0x0000000000000000
12249000: system.cpu T0 : @hanoi+48    :   mov   r0, r3             : IntAlu :  D=0x0000000000000000
12249500: system.cpu T0 : @hanoi+52    :   ldr   r1, [fp, #-12]     : MemRead :  D=0x0000000000000001 A=0xbefffd30
12250000: system.cpu T0 : @hanoi+56    :   ldr   r2, [fp, #-20]     : MemRead :  D=0x0000000000000002 A=0xbefffd28
12250000: system.cpu T0 : @hanoi+60    :   ldr   r3, [fp, #-16]     : MemRead :  D=0x0000000000000003 A=0xbefffd2c
12250000: system.cpu T0 : @hanoi+64    :   bl                       : IntAlu :  D=0x00000000000082fc
12250500: system.cpu T0 : @hanoi    : ldmstm                    
12250500: system.cpu T0 : @hanoi.0  :   str_uop   fp, [sp, #8]   : MemWrite :  D=0x00000000befffd3c A=0xbefffd20
12250500: system.cpu T0 : @hanoi.1  :   str_uop   lr, [sp, #4]   : MemWrite :  D=0x00000000000082fc A=0xbefffd24
12250500: system.cpu T0 : @hanoi.2  :   subi_uop   sp, sp, #8    : IntAlu :  D=0x00000000befffd20
12251000: system.cpu T0 : @hanoi+4    :   add   fp, sp, #4         : IntAlu :  D=0x00000000befffd24
12251500: system.cpu T0 : @hanoi+8    :   sub   sp, sp, #16        : IntAlu :  D=0x00000000befffd10
12251500: system.cpu T0 : @hanoi+12    :   str   r0, [fp, #-8]      : MemWrite :  D=0x0000000000000000 A=0xbefffd1c
12251500: system.cpu T0 : @hanoi+16    :   str   r1, [fp, #-12]     : MemWrite :  D=0x0000000000000001 A=0xbefffd18
12252000: system.cpu T0 : @hanoi+20    :   str   r2, [fp, #-16]     : MemWrite :  D=0x0000000000000002 A=0xbefffd14
12252500: system.cpu T0 : @hanoi+24    :   str   r3, [fp, #-20]     : MemWrite :  D=0x0000000000000003 A=0xbefffd10
12278000: system.cpu T0 : @hanoi+28    :   ldr   r3, [fp, #-8]      : MemRead :  D=0x0000000000000000 A=0xbefffd1c
12278000: system.cpu T0 : @hanoi+32    :   cmps   r3, #0            : IntAlu :  D=0x0000000000000001
12278000: system.cpu T0 : @hanoi+36    :   ble                      : IntAlu : 
12286000: system.cpu T0 : @hanoi+112    :   sub   sp, fp, #4         : IntAlu :  D=0x00000000befffd20
12286000: system.cpu T0 : @hanoi+116    : ldmstm                    
12286000: system.cpu T0 : @hanoi+116.0  :   ldr2_uop   fp,lr, [sp, #0] : MemRead :  D=0x00000000000082fc A=0xbefffd20
12286000: system.cpu T0 : @hanoi+116.1  :   addi_uop   sp, sp, #8    : IntAlu :  D=0x00000000befffd28
12286500: system.cpu T0 : @hanoi+120    :   bx                       : IntAlu : 
12287000: system.cpu T0 : @hanoi+68    :   ldr   r0, [fp, #-12]     : MemRead :  D=0x0000000000000001 A=0xbefffd30
12287500: system.cpu T0 : @hanoi+72    :   bl                       : IntAlu :  D=0x0000000000008304
12290500: system.cpu T0 : @push    :   str   fp, [sp, #-4]!    
12290500: system.cpu T0 : @push.0  :   str   fp, [sp, #-4]!     : MemWrite :  D=0x00000000befffd3c A=0xbefffd24
12290500: system.cpu T0 : @push.1  :   subi_uop   sp, sp, #4    : IntAlu :  D=0x00000000befffd24
12291000: system.cpu T0 : @push+4    :   add   fp, sp, #0         : IntAlu :  D=0x00000000befffd24
12291000: system.cpu T0 : @push+8    :   sub   sp, sp, #12        : IntAlu :  D=0x00000000befffd18
12291000: system.cpu T0 : @push+12    :   str   r0, [fp, #-8]      : MemWrite :  D=0x0000000000000001 A=0xbefffd1c
12291500: system.cpu T0 : @push+16    :   ldr   r3, [pc, #44]      : MemRead :  D=0x0000000000081e4c A=0x82b0
12292000: system.cpu T0 : @push+20    :   ldr   r2, [r3, #0]       : MemRead :  D=0x0000000000000000 A=0x81e4c
12292000: system.cpu T0 : @push+24    :   ldr   r3, [pc, #40]      : MemRead :  D=0x0000000000081e50 A=0x82b4
12292000: system.cpu T0 : @push+28    :   ldr   r1, [fp, #-8]      : MemRead :  D=0x0000000000000001 A=0xbefffd1c
12292500: system.cpu T0 : @push+32    :   str   r1, [r3, r2 LSL #2] : MemWrite :  D=0x0000000000000001 A=0x81e50
12293000: system.cpu T0 : @push+36    :   ldr   r3, [pc, #24]      : MemRead :  D=0x0000000000081e4c A=0x82b0
12293000: system.cpu T0 : @push+40    :   ldr   r3, [r3, #0]       : MemRead :  D=0x0000000000000000 A=0x81e4c
12293000: system.cpu T0 : @push+44    :   add   r2, r3, #1         : IntAlu :  D=0x0000000000000001
12293500: system.cpu T0 : @push+48    :   ldr   r3, [pc, #12]      : MemRead :  D=0x0000000000081e4c A=0x82b0
12294000: system.cpu T0 : @push+52    :   str   r2, [r3, #0]       : MemWrite :  D=0x0000000000000001 A=0x81e4c
12294000: system.cpu T0 : @push+56    :   add   sp, fp, #0         : IntAlu :  D=0x00000000befffd24
12294000: system.cpu T0 : @push+60    : ldmstm                    
12294000: system.cpu T0 : @push+60.0  :   ldr_uop   fp, [sp, #0]   : MemRead :  D=0x00000000befffd3c A=0xbefffd24
12294500: system.cpu T0 : @push+60.1  :   addi_uop   sp, sp, #4    : IntAlu :  D=0x00000000befffd28
12294500: system.cpu T0 : @push+64    :   bx                       : IntAlu : 
12295000: system.cpu T0 : @hanoi+76    :   ldr   r0, [fp, #-20]     : MemRead :  D=0x0000000000000002 A=0xbefffd28
12295000: system.cpu T0 : @hanoi+80    :   bl                       : IntAlu :  D=0x000000000000830c
12298000: system.cpu T0 : @push    :   str   fp, [sp, #-4]!    
12298000: system.cpu T0 : @push.0  :   str   fp, [sp, #-4]!     : MemWrite :  D=0x00000000befffd3c A=0xbefffd24
12298000: system.cpu T0 : @push.1  :   subi_uop   sp, sp, #4    : IntAlu :  D=0x00000000befffd24
12298500: system.cpu T0 : @push+4    :   add   fp, sp, #0         : IntAlu :  D=0x00000000befffd24
12298500: system.cpu T0 : @push+8    :   sub   sp, sp, #12        : IntAlu :  D=0x00000000befffd18
12298500: system.cpu T0 : @push+12    :   str   r0, [fp, #-8]      : MemWrite :  D=0x0000000000000002 A=0xbefffd1c
12299000: system.cpu T0 : @push+16    :   ldr   r3, [pc, #44]      : MemRead :  D=0x0000000000081e4c A=0x82b0
12362000: system.cpu T0 : @push+20    :   ldr   r2, [r3, #0]       : MemRead :  D=0x0000000000000001 A=0x81e4c
12362000: system.cpu T0 : @push+24    :   ldr   r3, [pc, #40]      : MemRead :  D=0x0000000000081e50 A=0x82b4
12362000: system.cpu T0 : @push+28    :   ldr   r1, [fp, #-8]      : MemRead :  D=0x0000000000000002 A=0xbefffd1c
12362500: system.cpu T0 : @push+32    :   str   r1, [r3, r2 LSL #2] : MemWrite :  D=0x0000000000000002 A=0x81e54
12363000: system.cpu T0 : @push+36    :   ldr   r3, [pc, #24]      : MemRead :  D=0x0000000000081e4c A=0x82b0
12363000: system.cpu T0 : @push+40    :   ldr   r3, [r3, #0]       : MemRead :  D=0x0000000000000001 A=0x81e4c
12363000: system.cpu T0 : @push+44    :   add   r2, r3, #1         : IntAlu :  D=0x0000000000000002
12363500: system.cpu T0 : @push+48    :   ldr   r3, [pc, #12]      : MemRead :  D=0x0000000000081e4c A=0x82b0
12364000: system.cpu T0 : @push+52    :   str   r2, [r3, #0]       : MemWrite :  D=0x0000000000000002 A=0x81e4c
12364000: system.cpu T0 : @push+56    :   add   sp, fp, #0         : IntAlu :  D=0x00000000befffd24
12364000: system.cpu T0 : @push+60    : ldmstm                    
12364000: system.cpu T0 : @push+60.0  :   ldr_uop   fp, [sp, #0]   : MemRead :  D=0x00000000befffd3c A=0xbefffd24
12364500: system.cpu T0 : @push+60.1  :   addi_uop   sp, sp, #4    : IntAlu :  D=0x00000000befffd28
12364500: system.cpu T0 : @push+64    :   bx                       : IntAlu : 
12365000: system.cpu T0 : @hanoi+84    :   ldr   r3, [fp, #-8]      : MemRead :  D=0x0000000000000001 A=0xbefffd34
12365500: system.cpu T0 : @hanoi+88    :   sub   r3, r3, #1         : IntAlu :  D=0x0000000000000000
12365500: system.cpu T0 : @hanoi+92    :   mov   r0, r3             : IntAlu :  D=0x0000000000000000
12365500: system.cpu T0 : @hanoi+96    :   ldr   r1, [fp, #-16]     : MemRead :  D=0x0000000000000003 A=0xbefffd2c
12366000: system.cpu T0 : @hanoi+100    :   ldr   r2, [fp, #-12]     : MemRead :  D=0x0000000000000001 A=0xbefffd30
12366500: system.cpu T0 : @hanoi+104    :   ldr   r3, [fp, #-20]     : MemRead :  D=0x0000000000000002 A=0xbefffd28
12366500: system.cpu T0 : @hanoi+108    :   bl                       : IntAlu :  D=0x0000000000008328
12369500: system.cpu T0 : @hanoi    : ldmstm                    
12369500: system.cpu T0 : @hanoi.0  :   str_uop   fp, [sp, #8]   : MemWrite :  D=0x00000000befffd3c A=0xbefffd20
12369500: system.cpu T0 : @hanoi.1  :   str_uop   lr, [sp, #4]   : MemWrite :  D=0x0000000000008328 A=0xbefffd24
12369500: system.cpu T0 : @hanoi.2  :   subi_uop   sp, sp, #8    : IntAlu :  D=0x00000000befffd20
12370000: system.cpu T0 : @hanoi+4    :   add   fp, sp, #4         : IntAlu :  D=0x00000000befffd24
12370500: system.cpu T0 : @hanoi+8    :   sub   sp, sp, #16        : IntAlu :  D=0x00000000befffd10
12370500: system.cpu T0 : @hanoi+12    :   str   r0, [fp, #-8]      : MemWrite :  D=0x0000000000000000 A=0xbefffd1c
12370500: system.cpu T0 : @hanoi+16    :   str   r1, [fp, #-12]     : MemWrite :  D=0x0000000000000003 A=0xbefffd18
12371000: system.cpu T0 : @hanoi+20    :   str   r2, [fp, #-16]     : MemWrite :  D=0x0000000000000001 A=0xbefffd14
12371500: system.cpu T0 : @hanoi+24    :   str   r3, [fp, #-20]     : MemWrite :  D=0x0000000000000002 A=0xbefffd10
12371500: system.cpu T0 : @hanoi+28    :   ldr   r3, [fp, #-8]      : MemRead :  D=0x0000000000000000 A=0xbefffd1c
12371500: system.cpu T0 : @hanoi+32    :   cmps   r3, #0            : IntAlu :  D=0x0000000000000001
12372000: system.cpu T0 : @hanoi+36    :   ble                      : IntAlu : 
12379000: system.cpu T0 : @hanoi+112    :   sub   sp, fp, #4         : IntAlu :  D=0x00000000befffd20
12379000: system.cpu T0 : @hanoi+116    : ldmstm                    
12379000: system.cpu T0 : @hanoi+116.0  :   ldr2_uop   fp,lr, [sp, #0] : MemRead :  D=0x0000000000008328 A=0xbefffd20
12379000: system.cpu T0 : @hanoi+116.1  :   addi_uop   sp, sp, #8    : IntAlu :  D=0x00000000befffd28
12379500: system.cpu T0 : @hanoi+120    :   bx                       : IntAlu : 
12380000: system.cpu T0 : @hanoi+112    :   sub   sp, fp, #4         : IntAlu :  D=0x00000000befffd38
12380000: system.cpu T0 : @hanoi+116    : ldmstm                    
12380000: system.cpu T0 : @hanoi+116.0  :   ldr2_uop   fp,lr, [sp, #0] : MemRead :  D=0x00000000000082fc A=0xbefffd38
12380000: system.cpu T0 : @hanoi+116.1  :   addi_uop   sp, sp, #8    : IntAlu :  D=0x00000000befffd40
12380500: system.cpu T0 : @hanoi+120    :   bx                       : IntAlu : 
12381000: system.cpu T0 : @hanoi+68    :   ldr   r0, [fp, #-12]     : MemRead :  D=0x0000000000000001 A=0xbefffd48
12381500: system.cpu T0 : @hanoi+72    :   bl                       : IntAlu :  D=0x0000000000008304
12382000: system.cpu T0 : @push    :   str   fp, [sp, #-4]!    
12382000: system.cpu T0 : @push.0  :   str   fp, [sp, #-4]!     : MemWrite :  D=0x00000000befffd54 A=0xbefffd3c
12382000: system.cpu T0 : @push.1  :   subi_uop   sp, sp, #4    : IntAlu :  D=0x00000000befffd3c
12382500: system.cpu T0 : @push+4    :   add   fp, sp, #0         : IntAlu :  D=0x00000000befffd3c
12382500: system.cpu T0 : @push+8    :   sub   sp, sp, #12        : IntAlu :  D=0x00000000befffd30
12382500: system.cpu T0 : @push+12    :   str   r0, [fp, #-8]      : MemWrite :  D=0x0000000000000001 A=0xbefffd34
12383000: system.cpu T0 : @push+16    :   ldr   r3, [pc, #44]      : MemRead :  D=0x0000000000081e4c A=0x82b0
12383500: system.cpu T0 : @push+20    :   ldr   r2, [r3, #0]       : MemRead :  D=0x0000000000000002 A=0x81e4c
12383500: system.cpu T0 : @push+24    :   ldr   r3, [pc, #40]      : MemRead :  D=0x0000000000081e50 A=0x82b4
12392000: system.cpu T0 : @push+28    :   ldr   r1, [fp, #-8]      : MemRead :  D=0x0000000000000001 A=0xbefffd34
12392000: system.cpu T0 : @push+32    :   str   r1, [r3, r2 LSL #2] : MemWrite :  D=0x0000000000000001 A=0x81e58
12392500: system.cpu T0 : @push+36    :   ldr   r3, [pc, #24]      : MemRead :  D=0x0000000000081e4c A=0x82b0
12392500: system.cpu T0 : @push+40    :   ldr   r3, [r3, #0]       : MemRead :  D=0x0000000000000002 A=0x81e4c
12392500: system.cpu T0 : @push+44    :   add   r2, r3, #1         : IntAlu :  D=0x0000000000000003
12393000: system.cpu T0 : @push+48    :   ldr   r3, [pc, #12]      : MemRead :  D=0x0000000000081e4c A=0x82b0
12393500: system.cpu T0 : @push+52    :   str   r2, [r3, #0]       : MemWrite :  D=0x0000000000000003 A=0x81e4c
12393500: system.cpu T0 : @push+56    :   add   sp, fp, #0         : IntAlu :  D=0x00000000befffd3c
12393500: system.cpu T0 : @push+60    : ldmstm                    
12393500: system.cpu T0 : @push+60.0  :   ldr_uop   fp, [sp, #0]   : MemRead :  D=0x00000000befffd54 A=0xbefffd3c
12394000: system.cpu T0 : @push+60.1  :   addi_uop   sp, sp, #4    : IntAlu :  D=0x00000000befffd40
12394000: system.cpu T0 : @push+64    :   bx                       : IntAlu : 
12394500: system.cpu T0 : @hanoi+76    :   ldr   r0, [fp, #-20]     : MemRead :  D=0x0000000000000003 A=0xbefffd40
12394500: system.cpu T0 : @hanoi+80    :   bl                       : IntAlu :  D=0x000000000000830c
12395000: system.cpu T0 : @push    :   str   fp, [sp, #-4]!    
12395000: system.cpu T0 : @push.0  :   str   fp, [sp, #-4]!     : MemWrite :  D=0x00000000befffd54 A=0xbefffd3c
12395000: system.cpu T0 : @push.1  :   subi_uop   sp, sp, #4    : IntAlu :  D=0x00000000befffd3c
12395500: system.cpu T0 : @push+4    :   add   fp, sp, #0         : IntAlu :  D=0x00000000befffd3c
12395500: system.cpu T0 : @push+8    :   sub   sp, sp, #12        : IntAlu :  D=0x00000000befffd30
12395500: system.cpu T0 : @push+12    :   str   r0, [fp, #-8]      : MemWrite :  D=0x0000000000000003 A=0xbefffd34
12396000: system.cpu T0 : @push+16    :   ldr   r3, [pc, #44]      : MemRead :  D=0x0000000000081e4c A=0x82b0
12396500: system.cpu T0 : @push+20    :   ldr   r2, [r3, #0]       : MemRead :  D=0x0000000000000003 A=0x81e4c
12396500: system.cpu T0 : @push+24    :   ldr   r3, [pc, #40]      : MemRead :  D=0x0000000000081e50 A=0x82b4
12396500: system.cpu T0 : @push+28    :   ldr   r1, [fp, #-8]      : MemRead :  D=0x0000000000000003 A=0xbefffd34
12397000: system.cpu T0 : @push+32    :   str   r1, [r3, r2 LSL #2] : MemWrite :  D=0x0000000000000003 A=0x81e5c
12397500: system.cpu T0 : @push+36    :   ldr   r3, [pc, #24]      : MemRead :  D=0x0000000000081e4c A=0x82b0
12397500: system.cpu T0 : @push+40    :   ldr   r3, [r3, #0]       : MemRead :  D=0x0000000000000003 A=0x81e4c
12397500: system.cpu T0 : @push+44    :   add   r2, r3, #1         : IntAlu :  D=0x0000000000000004
12398000: system.cpu T0 : @push+48    :   ldr   r3, [pc, #12]      : MemRead :  D=0x0000000000081e4c A=0x82b0
12398500: system.cpu T0 : @push+52    :   str   r2, [r3, #0]       : MemWrite :  D=0x0000000000000004 A=0x81e4c
12398500: system.cpu T0 : @push+56    :   add   sp, fp, #0         : IntAlu :  D=0x00000000befffd3c
12398500: system.cpu T0 : @push+60    : ldmstm                    
12398500: system.cpu T0 : @push+60.0  :   ldr_uop   fp, [sp, #0]   : MemRead :  D=0x00000000befffd54 A=0xbefffd3c
12399000: system.cpu T0 : @push+60.1  :   addi_uop   sp, sp, #4    : IntAlu :  D=0x00000000befffd40
12399000: system.cpu T0 : @push+64    :   bx                       : IntAlu : 
12399500: system.cpu T0 : @hanoi+84    :   ldr   r3, [fp, #-8]      : MemRead :  D=0x0000000000000002 A=0xbefffd4c
12400000: system.cpu T0 : @hanoi+88    :   sub   r3, r3, #1         : IntAlu :  D=0x0000000000000001
12400000: system.cpu T0 : @hanoi+92    :   mov   r0, r3             : IntAlu :  D=0x0000000000000001
12400000: system.cpu T0 : @hanoi+96    :   ldr   r1, [fp, #-16]     : MemRead :  D=0x0000000000000002 A=0xbefffd44
12400500: system.cpu T0 : @hanoi+100    :   ldr   r2, [fp, #-12]     : MemRead :  D=0x0000000000000001 A=0xbefffd48
12401000: system.cpu T0 : @hanoi+104    :   ldr   r3, [fp, #-20]     : MemRead :  D=0x0000000000000003 A=0xbefffd40
12401000: system.cpu T0 : @hanoi+108    :   bl                       : IntAlu :  D=0x0000000000008328
12401500: system.cpu T0 : @hanoi    : ldmstm                    
12401500: system.cpu T0 : @hanoi.0  :   str_uop   fp, [sp, #8]   : MemWrite :  D=0x00000000befffd54 A=0xbefffd38
12401500: system.cpu T0 : @hanoi.1  :   str_uop   lr, [sp, #4]   : MemWrite :  D=0x0000000000008328 A=0xbefffd3c
12401500: system.cpu T0 : @hanoi.2  :   subi_uop   sp, sp, #8    : IntAlu :  D=0x00000000befffd38
12402000: system.cpu T0 : @hanoi+4    :   add   fp, sp, #4         : IntAlu :  D=0x00000000befffd3c
12402500: system.cpu T0 : @hanoi+8    :   sub   sp, sp, #16        : IntAlu :  D=0x00000000befffd28
12402500: system.cpu T0 : @hanoi+12    :   str   r0, [fp, #-8]      : MemWrite :  D=0x0000000000000001 A=0xbefffd34
12402500: system.cpu T0 : @hanoi+16    :   str   r1, [fp, #-12]     : MemWrite :  D=0x0000000000000002 A=0xbefffd30
12403000: system.cpu T0 : @hanoi+20    :   str   r2, [fp, #-16]     : MemWrite :  D=0x0000000000000001 A=0xbefffd2c
12403500: system.cpu T0 : @hanoi+24    :   str   r3, [fp, #-20]     : MemWrite :  D=0x0000000000000003 A=0xbefffd28
12403500: system.cpu T0 : @hanoi+28    :   ldr   r3, [fp, #-8]      : MemRead :  D=0x0000000000000001 A=0xbefffd34
12403500: system.cpu T0 : @hanoi+32    :   cmps   r3, #0            : IntAlu :  D=0x0000000000000001
12404000: system.cpu T0 : @hanoi+36    :   ble                      : IntAlu : Predicated False
12411000: system.cpu T0 : @hanoi+40    :   ldr   r3, [fp, #-8]      : MemRead :  D=0x0000000000000001 A=0xbefffd34
12411000: system.cpu T0 : @hanoi+44    :   sub   r3, r3, #1         : IntAlu :  D=0x0000000000000000
12411000: system.cpu T0 : @hanoi+48    :   mov   r0, r3             : IntAlu :  D=0x0000000000000000
12411500: system.cpu T0 : @hanoi+52    :   ldr   r1, [fp, #-12]     : MemRead :  D=0x0000000000000002 A=0xbefffd30
12412000: system.cpu T0 : @hanoi+56    :   ldr   r2, [fp, #-20]     : MemRead :  D=0x0000000000000003 A=0xbefffd28
12412000: system.cpu T0 : @hanoi+60    :   ldr   r3, [fp, #-16]     : MemRead :  D=0x0000000000000001 A=0xbefffd2c
12412000: system.cpu T0 : @hanoi+64    :   bl                       : IntAlu :  D=0x00000000000082fc
12412500: system.cpu T0 : @hanoi    : ldmstm                    
12412500: system.cpu T0 : @hanoi.0  :   str_uop   fp, [sp, #8]   : MemWrite :  D=0x00000000befffd3c A=0xbefffd20
12412500: system.cpu T0 : @hanoi.1  :   str_uop   lr, [sp, #4]   : MemWrite :  D=0x00000000000082fc A=0xbefffd24
12412500: system.cpu T0 : @hanoi.2  :   subi_uop   sp, sp, #8    : IntAlu :  D=0x00000000befffd20
12413000: system.cpu T0 : @hanoi+4    :   add   fp, sp, #4         : IntAlu :  D=0x00000000befffd24
12413500: system.cpu T0 : @hanoi+8    :   sub   sp, sp, #16        : IntAlu :  D=0x00000000befffd10
12413500: system.cpu T0 : @hanoi+12    :   str   r0, [fp, #-8]      : MemWrite :  D=0x0000000000000000 A=0xbefffd1c
12413500: system.cpu T0 : @hanoi+16    :   str   r1, [fp, #-12]     : MemWrite :  D=0x0000000000000002 A=0xbefffd18
12414000: system.cpu T0 : @hanoi+20    :   str   r2, [fp, #-16]     : MemWrite :  D=0x0000000000000003 A=0xbefffd14
12414500: system.cpu T0 : @hanoi+24    :   str   r3, [fp, #-20]     : MemWrite :  D=0x0000000000000001 A=0xbefffd10
12414500: system.cpu T0 : @hanoi+28    :   ldr   r3, [fp, #-8]      : MemRead :  D=0x0000000000000000 A=0xbefffd1c
12414500: system.cpu T0 : @hanoi+32    :   cmps   r3, #0            : IntAlu :  D=0x0000000000000001
12415000: system.cpu T0 : @hanoi+36    :   ble                      : IntAlu : 
12422000: system.cpu T0 : @hanoi+112    :   sub   sp, fp, #4         : IntAlu :  D=0x00000000befffd20
12422000: system.cpu T0 : @hanoi+116    : ldmstm                    
12422000: system.cpu T0 : @hanoi+116.0  :   ldr2_uop   fp,lr, [sp, #0] : MemRead :  D=0x00000000000082fc A=0xbefffd20
12422000: system.cpu T0 : @hanoi+116.1  :   addi_uop   sp, sp, #8    : IntAlu :  D=0x00000000befffd28
12422500: system.cpu T0 : @hanoi+120    :   bx                       : IntAlu : 
12423000: system.cpu T0 : @hanoi+68    :   ldr   r0, [fp, #-12]     : MemRead :  D=0x0000000000000002 A=0xbefffd30
12423500: system.cpu T0 : @hanoi+72    :   bl                       : IntAlu :  D=0x0000000000008304
12424000: system.cpu T0 : @push    :   str   fp, [sp, #-4]!    
12424000: system.cpu T0 : @push.0  :   str   fp, [sp, #-4]!     : MemWrite :  D=0x00000000befffd3c A=0xbefffd24
12424000: system.cpu T0 : @push.1  :   subi_uop   sp, sp, #4    : IntAlu :  D=0x00000000befffd24
12424500: system.cpu T0 : @push+4    :   add   fp, sp, #0         : IntAlu :  D=0x00000000befffd24
12424500: system.cpu T0 : @push+8    :   sub   sp, sp, #12        : IntAlu :  D=0x00000000befffd18
12424500: system.cpu T0 : @push+12    :   str   r0, [fp, #-8]      : MemWrite :  D=0x0000000000000002 A=0xbefffd1c
12425000: system.cpu T0 : @push+16    :   ldr   r3, [pc, #44]      : MemRead :  D=0x0000000000081e4c A=0x82b0
12425500: system.cpu T0 : @push+20    :   ldr   r2, [r3, #0]       : MemRead :  D=0x0000000000000004 A=0x81e4c
12425500: system.cpu T0 : @push+24    :   ldr   r3, [pc, #40]      : MemRead :  D=0x0000000000081e50 A=0x82b4
12425500: system.cpu T0 : @push+28    :   ldr   r1, [fp, #-8]      : MemRead :  D=0x0000000000000002 A=0xbefffd1c
12426000: system.cpu T0 : @push+32    :   str   r1, [r3, r2 LSL #2] : MemWrite :  D=0x0000000000000002 A=0x81e60
12426500: system.cpu T0 : @push+36    :   ldr   r3, [pc, #24]      : MemRead :  D=0x0000000000081e4c A=0x82b0
12426500: system.cpu T0 : @push+40    :   ldr   r3, [r3, #0]       : MemRead :  D=0x0000000000000004 A=0x81e4c
12426500: system.cpu T0 : @push+44    :   add   r2, r3, #1         : IntAlu :  D=0x0000000000000005
12427000: system.cpu T0 : @push+48    :   ldr   r3, [pc, #12]      : MemRead :  D=0x0000000000081e4c A=0x82b0
12427500: system.cpu T0 : @push+52    :   str   r2, [r3, #0]       : MemWrite :  D=0x0000000000000005 A=0x81e4c
12427500: system.cpu T0 : @push+56    :   add   sp, fp, #0         : IntAlu :  D=0x00000000befffd24
12427500: system.cpu T0 : @push+60    : ldmstm                    
12427500: system.cpu T0 : @push+60.0  :   ldr_uop   fp, [sp, #0]   : MemRead :  D=0x00000000befffd3c A=0xbefffd24
12428000: system.cpu T0 : @push+60.1  :   addi_uop   sp, sp, #4    : IntAlu :  D=0x00000000befffd28
12428000: system.cpu T0 : @push+64    :   bx                       : IntAlu : 
12428500: system.cpu T0 : @hanoi+76    :   ldr   r0, [fp, #-20]     : MemRead :  D=0x0000000000000003 A=0xbefffd28
12428500: system.cpu T0 : @hanoi+80    :   bl                       : IntAlu :  D=0x000000000000830c
12429000: system.cpu T0 : @push    :   str   fp, [sp, #-4]!    
12429000: system.cpu T0 : @push.0  :   str   fp, [sp, #-4]!     : MemWrite :  D=0x00000000befffd3c A=0xbefffd24
12429000: system.cpu T0 : @push.1  :   subi_uop   sp, sp, #4    : IntAlu :  D=0x00000000befffd24
12429500: system.cpu T0 : @push+4    :   add   fp, sp, #0         : IntAlu :  D=0x00000000befffd24
12429500: system.cpu T0 : @push+8    :   sub   sp, sp, #12        : IntAlu :  D=0x00000000befffd18
12429500: system.cpu T0 : @push+12    :   str   r0, [fp, #-8]      : MemWrite :  D=0x0000000000000003 A=0xbefffd1c
12430000: system.cpu T0 : @push+16    :   ldr   r3, [pc, #44]      : MemRead :  D=0x0000000000081e4c A=0x82b0
12430500: system.cpu T0 : @push+20    :   ldr   r2, [r3, #0]       : MemRead :  D=0x0000000000000005 A=0x81e4c
12430500: system.cpu T0 : @push+24    :   ldr   r3, [pc, #40]      : MemRead :  D=0x0000000000081e50 A=0x82b4
12430500: system.cpu T0 : @push+28    :   ldr   r1, [fp, #-8]      : MemRead :  D=0x0000000000000003 A=0xbefffd1c
12431000: system.cpu T0 : @push+32    :   str   r1, [r3, r2 LSL #2] : MemWrite :  D=0x0000000000000003 A=0x81e64
12431500: system.cpu T0 : @push+36    :   ldr   r3, [pc, #24]      : MemRead :  D=0x0000000000081e4c A=0x82b0
12431500: system.cpu T0 : @push+40    :   ldr   r3, [r3, #0]       : MemRead :  D=0x0000000000000005 A=0x81e4c
12431500: system.cpu T0 : @push+44    :   add   r2, r3, #1         : IntAlu :  D=0x0000000000000006
12432000: system.cpu T0 : @push+48    :   ldr   r3, [pc, #12]      : MemRead :  D=0x0000000000081e4c A=0x82b0
12432500: system.cpu T0 : @push+52    :   str   r2, [r3, #0]       : MemWrite :  D=0x0000000000000006 A=0x81e4c
12432500: system.cpu T0 : @push+56    :   add   sp, fp, #0         : IntAlu :  D=0x00000000befffd24
12432500: system.cpu T0 : @push+60    : ldmstm                    
12432500: system.cpu T0 : @push+60.0  :   ldr_uop   fp, [sp, #0]   : MemRead :  D=0x00000000befffd3c A=0xbefffd24
12433000: system.cpu T0 : @push+60.1  :   addi_uop   sp, sp, #4    : IntAlu :  D=0x00000000befffd28
12433000: system.cpu T0 : @push+64    :   bx                       : IntAlu : 
12433500: system.cpu T0 : @hanoi+84    :   ldr   r3, [fp, #-8]      : MemRead :  D=0x0000000000000001 A=0xbefffd34
12434000: system.cpu T0 : @hanoi+88    :   sub   r3, r3, #1         : IntAlu :  D=0x0000000000000000
12434000: system.cpu T0 : @hanoi+92    :   mov   r0, r3             : IntAlu :  D=0x0000000000000000
12434000: system.cpu T0 : @hanoi+96    :   ldr   r1, [fp, #-16]     : MemRead :  D=0x0000000000000001 A=0xbefffd2c
12434500: system.cpu T0 : @hanoi+100    :   ldr   r2, [fp, #-12]     : MemRead :  D=0x0000000000000002 A=0xbefffd30
12435000: system.cpu T0 : @hanoi+104    :   ldr   r3, [fp, #-20]     : MemRead :  D=0x0000000000000003 A=0xbefffd28
12435000: system.cpu T0 : @hanoi+108    :   bl                       : IntAlu :  D=0x0000000000008328
12435500: system.cpu T0 : @hanoi    : ldmstm                    
12435500: system.cpu T0 : @hanoi.0  :   str_uop   fp, [sp, #8]   : MemWrite :  D=0x00000000befffd3c A=0xbefffd20
12435500: system.cpu T0 : @hanoi.1  :   str_uop   lr, [sp, #4]   : MemWrite :  D=0x0000000000008328 A=0xbefffd24
12435500: system.cpu T0 : @hanoi.2  :   subi_uop   sp, sp, #8    : IntAlu :  D=0x00000000befffd20
12436000: system.cpu T0 : @hanoi+4    :   add   fp, sp, #4         : IntAlu :  D=0x00000000befffd24
12436500: system.cpu T0 : @hanoi+8    :   sub   sp, sp, #16        : IntAlu :  D=0x00000000befffd10
12436500: system.cpu T0 : @hanoi+12    :   str   r0, [fp, #-8]      : MemWrite :  D=0x0000000000000000 A=0xbefffd1c
12436500: system.cpu T0 : @hanoi+16    :   str   r1, [fp, #-12]     : MemWrite :  D=0x0000000000000001 A=0xbefffd18
12437000: system.cpu T0 : @hanoi+20    :   str   r2, [fp, #-16]     : MemWrite :  D=0x0000000000000002 A=0xbefffd14
12437500: system.cpu T0 : @hanoi+24    :   str   r3, [fp, #-20]     : MemWrite :  D=0x0000000000000003 A=0xbefffd10
12437500: system.cpu T0 : @hanoi+28    :   ldr   r3, [fp, #-8]      : MemRead :  D=0x0000000000000000 A=0xbefffd1c
12437500: system.cpu T0 : @hanoi+32    :   cmps   r3, #0            : IntAlu :  D=0x0000000000000001
12438000: system.cpu T0 : @hanoi+36    :   ble                      : IntAlu : 
12446000: system.cpu T0 : @hanoi+112    :   sub   sp, fp, #4         : IntAlu :  D=0x00000000befffd20
12446000: system.cpu T0 : @hanoi+116    : ldmstm                    
12446000: system.cpu T0 : @hanoi+116.0  :   ldr2_uop   fp,lr, [sp, #0] : MemRead :  D=0x0000000000008328 A=0xbefffd20
12446000: system.cpu T0 : @hanoi+116.1  :   addi_uop   sp, sp, #8    : IntAlu :  D=0x00000000befffd28
12446500: system.cpu T0 : @hanoi+120    :   bx                       : IntAlu : 
12447000: system.cpu T0 : @hanoi+112    :   sub   sp, fp, #4         : IntAlu :  D=0x00000000befffd38
12447000: system.cpu T0 : @hanoi+116    : ldmstm                    
12447000: system.cpu T0 : @hanoi+116.0  :   ldr2_uop   fp,lr, [sp, #0] : MemRead :  D=0x0000000000008328 A=0xbefffd38
12447000: system.cpu T0 : @hanoi+116.1  :   addi_uop   sp, sp, #8    : IntAlu :  D=0x00000000befffd40
12447500: system.cpu T0 : @hanoi+120    :   bx                       : IntAlu : 
12448000: system.cpu T0 : @hanoi+112    :   sub   sp, fp, #4         : IntAlu :  D=0x00000000befffd50
12448000: system.cpu T0 : @hanoi+116    : ldmstm                    
12448000: system.cpu T0 : @hanoi+116.0  :   ldr2_uop   fp,lr, [sp, #0] : MemRead :  D=0x00000000000082fc A=0xbefffd50
12448000: system.cpu T0 : @hanoi+116.1  :   addi_uop   sp, sp, #8    : IntAlu :  D=0x00000000befffd58
12448500: system.cpu T0 : @hanoi+120    :   bx                       : IntAlu : 
12449000: system.cpu T0 : @hanoi+68    :   ldr   r0, [fp, #-12]     : MemRead :  D=0x0000000000000001 A=0xbefffd60
12449500: system.cpu T0 : @hanoi+72    :   bl                       : IntAlu :  D=0x0000000000008304
12450000: system.cpu T0 : @push    :   str   fp, [sp, #-4]!    
12450000: system.cpu T0 : @push.0  :   str   fp, [sp, #-4]!     : MemWrite :  D=0x00000000befffd6c A=0xbefffd54
12450000: system.cpu T0 : @push.1  :   subi_uop   sp, sp, #4    : IntAlu :  D=0x00000000befffd54
12450500: system.cpu T0 : @push+4    :   add   fp, sp, #0         : IntAlu :  D=0x00000000befffd54
12450500: system.cpu T0 : @push+8    :   sub   sp, sp, #12        : IntAlu :  D=0x00000000befffd48
12450500: system.cpu T0 : @push+12    :   str   r0, [fp, #-8]      : MemWrite :  D=0x0000000000000001 A=0xbefffd4c
12451000: system.cpu T0 : @push+16    :   ldr   r3, [pc, #44]      : MemRead :  D=0x0000000000081e4c A=0x82b0
12451500: system.cpu T0 : @push+20    :   ldr   r2, [r3, #0]       : MemRead :  D=0x0000000000000006 A=0x81e4c
12451500: system.cpu T0 : @push+24    :   ldr   r3, [pc, #40]      : MemRead :  D=0x0000000000081e50 A=0x82b4
12451500: system.cpu T0 : @push+28    :   ldr   r1, [fp, #-8]      : MemRead :  D=0x0000000000000001 A=0xbefffd4c
12452000: system.cpu T0 : @push+32    :   str   r1, [r3, r2 LSL #2] : MemWrite :  D=0x0000000000000001 A=0x81e68
12452500: system.cpu T0 : @push+36    :   ldr   r3, [pc, #24]      : MemRead :  D=0x0000000000081e4c A=0x82b0
12452500: system.cpu T0 : @push+40    :   ldr   r3, [r3, #0]       : MemRead :  D=0x0000000000000006 A=0x81e4c
12452500: system.cpu T0 : @push+44    :   add   r2, r3, #1         : IntAlu :  D=0x0000000000000007
12453000: system.cpu T0 : @push+48    :   ldr   r3, [pc, #12]      : MemRead :  D=0x0000000000081e4c A=0x82b0
12453500: system.cpu T0 : @push+52    :   str   r2, [r3, #0]       : MemWrite :  D=0x0000000000000007 A=0x81e4c
12453500: system.cpu T0 : @push+56    :   add   sp, fp, #0         : IntAlu :  D=0x00000000befffd54
12453500: system.cpu T0 : @push+60    : ldmstm                    
12453500: system.cpu T0 : @push+60.0  :   ldr_uop   fp, [sp, #0]   : MemRead :  D=0x00000000befffd6c A=0xbefffd54
12454000: system.cpu T0 : @push+60.1  :   addi_uop   sp, sp, #4    : IntAlu :  D=0x00000000befffd58
12454000: system.cpu T0 : @push+64    :   bx                       : IntAlu : 
12454500: system.cpu T0 : @hanoi+76    :   ldr   r0, [fp, #-20]     : MemRead :  D=0x0000000000000002 A=0xbefffd58
12454500: system.cpu T0 : @hanoi+80    :   bl                       : IntAlu :  D=0x000000000000830c
12455000: system.cpu T0 : @push    :   str   fp, [sp, #-4]!    
12455000: system.cpu T0 : @push.0  :   str   fp, [sp, #-4]!     : MemWrite :  D=0x00000000befffd6c A=0xbefffd54
12455000: system.cpu T0 : @push.1  :   subi_uop   sp, sp, #4    : IntAlu :  D=0x00000000befffd54
12455500: system.cpu T0 : @push+4    :   add   fp, sp, #0         : IntAlu :  D=0x00000000befffd54
12455500: system.cpu T0 : @push+8    :   sub   sp, sp, #12        : IntAlu :  D=0x00000000befffd48
12455500: system.cpu T0 : @push+12    :   str   r0, [fp, #-8]      : MemWrite :  D=0x0000000000000002 A=0xbefffd4c
12456000: system.cpu T0 : @push+16    :   ldr   r3, [pc, #44]      : MemRead :  D=0x0000000000081e4c A=0x82b0
12456500: system.cpu T0 : @push+20    :   ldr   r2, [r3, #0]       : MemRead :  D=0x0000000000000007 A=0x81e4c
12456500: system.cpu T0 : @push+24    :   ldr   r3, [pc, #40]      : MemRead :  D=0x0000000000081e50 A=0x82b4
12456500: system.cpu T0 : @push+28    :   ldr   r1, [fp, #-8]      : MemRead :  D=0x0000000000000002 A=0xbefffd4c
12457000: system.cpu T0 : @push+32    :   str   r1, [r3, r2 LSL #2] : MemWrite :  D=0x0000000000000002 A=0x81e6c
12457500: system.cpu T0 : @push+36    :   ldr   r3, [pc, #24]      : MemRead :  D=0x0000000000081e4c A=0x82b0
12457500: system.cpu T0 : @push+40    :   ldr   r3, [r3, #0]       : MemRead :  D=0x0000000000000007 A=0x81e4c
12457500: system.cpu T0 : @push+44    :   add   r2, r3, #1         : IntAlu :  D=0x0000000000000008
12458000: system.cpu T0 : @push+48    :   ldr   r3, [pc, #12]      : MemRead :  D=0x0000000000081e4c A=0x82b0
12458500: system.cpu T0 : @push+52    :   str   r2, [r3, #0]       : MemWrite :  D=0x0000000000000008 A=0x81e4c
12458500: system.cpu T0 : @push+56    :   add   sp, fp, #0         : IntAlu :  D=0x00000000befffd54
12458500: system.cpu T0 : @push+60    : ldmstm                    
12458500: system.cpu T0 : @push+60.0  :   ldr_uop   fp, [sp, #0]   : MemRead :  D=0x00000000befffd6c A=0xbefffd54
12459000: system.cpu T0 : @push+60.1  :   addi_uop   sp, sp, #4    : IntAlu :  D=0x00000000befffd58
12459000: system.cpu T0 : @push+64    :   bx                       : IntAlu : 
12459500: system.cpu T0 : @hanoi+84    :   ldr   r3, [fp, #-8]      : MemRead :  D=0x0000000000000003 A=0xbefffd64
12460000: system.cpu T0 : @hanoi+88    :   sub   r3, r3, #1         : IntAlu :  D=0x0000000000000002
12460000: system.cpu T0 : @hanoi+92    :   mov   r0, r3             : IntAlu :  D=0x0000000000000002
12460000: system.cpu T0 : @hanoi+96    :   ldr   r1, [fp, #-16]     : MemRead :  D=0x0000000000000003 A=0xbefffd5c
12460500: system.cpu T0 : @hanoi+100    :   ldr   r2, [fp, #-12]     : MemRead :  D=0x0000000000000001 A=0xbefffd60
12461000: system.cpu T0 : @hanoi+104    :   ldr   r3, [fp, #-20]     : MemRead :  D=0x0000000000000002 A=0xbefffd58
12461000: system.cpu T0 : @hanoi+108    :   bl                       : IntAlu :  D=0x0000000000008328
12461500: system.cpu T0 : @hanoi    : ldmstm                    
12461500: system.cpu T0 : @hanoi.0  :   str_uop   fp, [sp, #8]   : MemWrite :  D=0x00000000befffd6c A=0xbefffd50
12461500: system.cpu T0 : @hanoi.1  :   str_uop   lr, [sp, #4]   : MemWrite :  D=0x0000000000008328 A=0xbefffd54
12461500: system.cpu T0 : @hanoi.2  :   subi_uop   sp, sp, #8    : IntAlu :  D=0x00000000befffd50
12462000: system.cpu T0 : @hanoi+4    :   add   fp, sp, #4         : IntAlu :  D=0x00000000befffd54
12462500: system.cpu T0 : @hanoi+8    :   sub   sp, sp, #16        : IntAlu :  D=0x00000000befffd40
12462500: system.cpu T0 : @hanoi+12    :   str   r0, [fp, #-8]      : MemWrite :  D=0x0000000000000002 A=0xbefffd4c
12462500: system.cpu T0 : @hanoi+16    :   str   r1, [fp, #-12]     : MemWrite :  D=0x0000000000000003 A=0xbefffd48
12463000: system.cpu T0 : @hanoi+20    :   str   r2, [fp, #-16]     : MemWrite :  D=0x0000000000000001 A=0xbefffd44
12463500: system.cpu T0 : @hanoi+24    :   str   r3, [fp, #-20]     : MemWrite :  D=0x0000000000000002 A=0xbefffd40
12463500: system.cpu T0 : @hanoi+28    :   ldr   r3, [fp, #-8]      : MemRead :  D=0x0000000000000002 A=0xbefffd4c
12463500: system.cpu T0 : @hanoi+32    :   cmps   r3, #0            : IntAlu :  D=0x0000000000000001
12464000: system.cpu T0 : @hanoi+36    :   ble                      : IntAlu : Predicated False
12464500: system.cpu T0 : @hanoi+40    :   ldr   r3, [fp, #-8]      : MemRead :  D=0x0000000000000002 A=0xbefffd4c
12464500: system.cpu T0 : @hanoi+44    :   sub   r3, r3, #1         : IntAlu :  D=0x0000000000000001
12464500: system.cpu T0 : @hanoi+48    :   mov   r0, r3             : IntAlu :  D=0x0000000000000001
12465000: system.cpu T0 : @hanoi+52    :   ldr   r1, [fp, #-12]     : MemRead :  D=0x0000000000000003 A=0xbefffd48
12465500: system.cpu T0 : @hanoi+56    :   ldr   r2, [fp, #-20]     : MemRead :  D=0x0000000000000002 A=0xbefffd40
12465500: system.cpu T0 : @hanoi+60    :   ldr   r3, [fp, #-16]     : MemRead :  D=0x0000000000000001 A=0xbefffd44
12465500: system.cpu T0 : @hanoi+64    :   bl                       : IntAlu :  D=0x00000000000082fc
12466000: system.cpu T0 : @hanoi    : ldmstm                    
12466000: system.cpu T0 : @hanoi.0  :   str_uop   fp, [sp, #8]   : MemWrite :  D=0x00000000befffd54 A=0xbefffd38
12466000: system.cpu T0 : @hanoi.1  :   str_uop   lr, [sp, #4]   : MemWrite :  D=0x00000000000082fc A=0xbefffd3c
12466000: system.cpu T0 : @hanoi.2  :   subi_uop   sp, sp, #8    : IntAlu :  D=0x00000000befffd38
12466500: system.cpu T0 : @hanoi+4    :   add   fp, sp, #4         : IntAlu :  D=0x00000000befffd3c
12467000: system.cpu T0 : @hanoi+8    :   sub   sp, sp, #16        : IntAlu :  D=0x00000000befffd28
12467000: system.cpu T0 : @hanoi+12    :   str   r0, [fp, #-8]      : MemWrite :  D=0x0000000000000001 A=0xbefffd34
12467000: system.cpu T0 : @hanoi+16    :   str   r1, [fp, #-12]     : MemWrite :  D=0x0000000000000003 A=0xbefffd30
12467500: system.cpu T0 : @hanoi+20    :   str   r2, [fp, #-16]     : MemWrite :  D=0x0000000000000002 A=0xbefffd2c
12468000: system.cpu T0 : @hanoi+24    :   str   r3, [fp, #-20]     : MemWrite :  D=0x0000000000000001 A=0xbefffd28
12468000: system.cpu T0 : @hanoi+28    :   ldr   r3, [fp, #-8]      : MemRead :  D=0x0000000000000001 A=0xbefffd34
12468000: system.cpu T0 : @hanoi+32    :   cmps   r3, #0            : IntAlu :  D=0x0000000000000001
12468500: system.cpu T0 : @hanoi+36    :   ble                      : IntAlu : Predicated False
12469000: system.cpu T0 : @hanoi+40    :   ldr   r3, [fp, #-8]      : MemRead :  D=0x0000000000000001 A=0xbefffd34
12469000: system.cpu T0 : @hanoi+44    :   sub   r3, r3, #1         : IntAlu :  D=0x0000000000000000
12469000: system.cpu T0 : @hanoi+48    :   mov   r0, r3             : IntAlu :  D=0x0000000000000000
12475500: system.cpu T0 : @hanoi+52    :   ldr   r1, [fp, #-12]     : MemRead :  D=0x0000000000000003 A=0xbefffd30
12476000: system.cpu T0 : @hanoi+56    :   ldr   r2, [fp, #-20]     : MemRead :  D=0x0000000000000001 A=0xbefffd28
12476000: system.cpu T0 : @hanoi+60    :   ldr   r3, [fp, #-16]     : MemRead :  D=0x0000000000000002 A=0xbefffd2c
12476000: system.cpu T0 : @hanoi+64    :   bl                       : IntAlu :  D=0x00000000000082fc
12476500: system.cpu T0 : @hanoi    : ldmstm                    
12476500: system.cpu T0 : @hanoi.0  :   str_uop   fp, [sp, #8]   : MemWrite :  D=0x00000000befffd3c A=0xbefffd20
12476500: system.cpu T0 : @hanoi.1  :   str_uop   lr, [sp, #4]   : MemWrite :  D=0x00000000000082fc A=0xbefffd24
12476500: system.cpu T0 : @hanoi.2  :   subi_uop   sp, sp, #8    : IntAlu :  D=0x00000000befffd20
12477000: system.cpu T0 : @hanoi+4    :   add   fp, sp, #4         : IntAlu :  D=0x00000000befffd24
12477500: system.cpu T0 : @hanoi+8    :   sub   sp, sp, #16        : IntAlu :  D=0x00000000befffd10
12477500: system.cpu T0 : @hanoi+12    :   str   r0, [fp, #-8]      : MemWrite :  D=0x0000000000000000 A=0xbefffd1c
12477500: system.cpu T0 : @hanoi+16    :   str   r1, [fp, #-12]     : MemWrite :  D=0x0000000000000003 A=0xbefffd18
12478000: system.cpu T0 : @hanoi+20    :   str   r2, [fp, #-16]     : MemWrite :  D=0x0000000000000001 A=0xbefffd14
12478500: system.cpu T0 : @hanoi+24    :   str   r3, [fp, #-20]     : MemWrite :  D=0x0000000000000002 A=0xbefffd10
12478500: system.cpu T0 : @hanoi+28    :   ldr   r3, [fp, #-8]      : MemRead :  D=0x0000000000000000 A=0xbefffd1c
12478500: system.cpu T0 : @hanoi+32    :   cmps   r3, #0            : IntAlu :  D=0x0000000000000001
12479000: system.cpu T0 : @hanoi+36    :   ble                      : IntAlu : 
12486000: system.cpu T0 : @hanoi+112    :   sub   sp, fp, #4         : IntAlu :  D=0x00000000befffd20
12486000: system.cpu T0 : @hanoi+116    : ldmstm                    
12486000: system.cpu T0 : @hanoi+116.0  :   ldr2_uop   fp,lr, [sp, #0] : MemRead :  D=0x00000000000082fc A=0xbefffd20
12486000: system.cpu T0 : @hanoi+116.1  :   addi_uop   sp, sp, #8    : IntAlu :  D=0x00000000befffd28
12486500: system.cpu T0 : @hanoi+120    :   bx                       : IntAlu : 
12487000: system.cpu T0 : @hanoi+68    :   ldr   r0, [fp, #-12]     : MemRead :  D=0x0000000000000003 A=0xbefffd30
12487500: system.cpu T0 : @hanoi+72    :   bl                       : IntAlu :  D=0x0000000000008304
12488000: system.cpu T0 : @push    :   str   fp, [sp, #-4]!    
12488000: system.cpu T0 : @push.0  :   str   fp, [sp, #-4]!     : MemWrite :  D=0x00000000befffd3c A=0xbefffd24
12488000: system.cpu T0 : @push.1  :   subi_uop   sp, sp, #4    : IntAlu :  D=0x00000000befffd24
12488500: system.cpu T0 : @push+4    :   add   fp, sp, #0         : IntAlu :  D=0x00000000befffd24
12488500: system.cpu T0 : @push+8    :   sub   sp, sp, #12        : IntAlu :  D=0x00000000befffd18
12488500: system.cpu T0 : @push+12    :   str   r0, [fp, #-8]      : MemWrite :  D=0x0000000000000003 A=0xbefffd1c
12489000: system.cpu T0 : @push+16    :   ldr   r3, [pc, #44]      : MemRead :  D=0x0000000000081e4c A=0x82b0
12489500: system.cpu T0 : @push+20    :   ldr   r2, [r3, #0]       : MemRead :  D=0x0000000000000008 A=0x81e4c
12489500: system.cpu T0 : @push+24    :   ldr   r3, [pc, #40]      : MemRead :  D=0x0000000000081e50 A=0x82b4
12489500: system.cpu T0 : @push+28    :   ldr   r1, [fp, #-8]      : MemRead :  D=0x0000000000000003 A=0xbefffd1c
12490000: system.cpu T0 : @push+32    :   str   r1, [r3, r2 LSL #2] : MemWrite :  D=0x0000000000000003 A=0x81e70
12490500: system.cpu T0 : @push+36    :   ldr   r3, [pc, #24]      : MemRead :  D=0x0000000000081e4c A=0x82b0
12490500: system.cpu T0 : @push+40    :   ldr   r3, [r3, #0]       : MemRead :  D=0x0000000000000008 A=0x81e4c
12490500: system.cpu T0 : @push+44    :   add   r2, r3, #1         : IntAlu :  D=0x0000000000000009
12491000: system.cpu T0 : @push+48    :   ldr   r3, [pc, #12]      : MemRead :  D=0x0000000000081e4c A=0x82b0
12491500: system.cpu T0 : @push+52    :   str   r2, [r3, #0]       : MemWrite :  D=0x0000000000000009 A=0x81e4c
12491500: system.cpu T0 : @push+56    :   add   sp, fp, #0         : IntAlu :  D=0x00000000befffd24
12491500: system.cpu T0 : @push+60    : ldmstm                    
12491500: system.cpu T0 : @push+60.0  :   ldr_uop   fp, [sp, #0]   : MemRead :  D=0x00000000befffd3c A=0xbefffd24
12492000: system.cpu T0 : @push+60.1  :   addi_uop   sp, sp, #4    : IntAlu :  D=0x00000000befffd28
12492000: system.cpu T0 : @push+64    :   bx                       : IntAlu : 
12492500: system.cpu T0 : @hanoi+76    :   ldr   r0, [fp, #-20]     : MemRead :  D=0x0000000000000001 A=0xbefffd28
12492500: system.cpu T0 : @hanoi+80    :   bl                       : IntAlu :  D=0x000000000000830c
12493000: system.cpu T0 : @push    :   str   fp, [sp, #-4]!    
12493000: system.cpu T0 : @push.0  :   str   fp, [sp, #-4]!     : MemWrite :  D=0x00000000befffd3c A=0xbefffd24
12493000: system.cpu T0 : @push.1  :   subi_uop   sp, sp, #4    : IntAlu :  D=0x00000000befffd24
12493500: system.cpu T0 : @push+4    :   add   fp, sp, #0         : IntAlu :  D=0x00000000befffd24
12493500: system.cpu T0 : @push+8    :   sub   sp, sp, #12        : IntAlu :  D=0x00000000befffd18
12493500: system.cpu T0 : @push+12    :   str   r0, [fp, #-8]      : MemWrite :  D=0x0000000000000001 A=0xbefffd1c
12494000: system.cpu T0 : @push+16    :   ldr   r3, [pc, #44]      : MemRead :  D=0x0000000000081e4c A=0x82b0
12494500: system.cpu T0 : @push+20    :   ldr   r2, [r3, #0]       : MemRead :  D=0x0000000000000009 A=0x81e4c
12494500: system.cpu T0 : @push+24    :   ldr   r3, [pc, #40]      : MemRead :  D=0x0000000000081e50 A=0x82b4
12494500: system.cpu T0 : @push+28    :   ldr   r1, [fp, #-8]      : MemRead :  D=0x0000000000000001 A=0xbefffd1c
12495000: system.cpu T0 : @push+32    :   str   r1, [r3, r2 LSL #2] : MemWrite :  D=0x0000000000000001 A=0x81e74
12495500: system.cpu T0 : @push+36    :   ldr   r3, [pc, #24]      : MemRead :  D=0x0000000000081e4c A=0x82b0
12495500: system.cpu T0 : @push+40    :   ldr   r3, [r3, #0]       : MemRead :  D=0x0000000000000009 A=0x81e4c
12495500: system.cpu T0 : @push+44    :   add   r2, r3, #1         : IntAlu :  D=0x000000000000000a
12496000: system.cpu T0 : @push+48    :   ldr   r3, [pc, #12]      : MemRead :  D=0x0000000000081e4c A=0x82b0
12496500: system.cpu T0 : @push+52    :   str   r2, [r3, #0]       : MemWrite :  D=0x000000000000000a A=0x81e4c
12496500: system.cpu T0 : @push+56    :   add   sp, fp, #0         : IntAlu :  D=0x00000000befffd24
12496500: system.cpu T0 : @push+60    : ldmstm                    
12496500: system.cpu T0 : @push+60.0  :   ldr_uop   fp, [sp, #0]   : MemRead :  D=0x00000000befffd3c A=0xbefffd24
12497000: system.cpu T0 : @push+60.1  :   addi_uop   sp, sp, #4    : IntAlu :  D=0x00000000befffd28
12497000: system.cpu T0 : @push+64    :   bx                       : IntAlu : 
12497500: system.cpu T0 : @hanoi+84    :   ldr   r3, [fp, #-8]      : MemRead :  D=0x0000000000000001 A=0xbefffd34
12498000: system.cpu T0 : @hanoi+88    :   sub   r3, r3, #1         : IntAlu :  D=0x0000000000000000
12498000: system.cpu T0 : @hanoi+92    :   mov   r0, r3             : IntAlu :  D=0x0000000000000000
12498000: system.cpu T0 : @hanoi+96    :   ldr   r1, [fp, #-16]     : MemRead :  D=0x0000000000000002 A=0xbefffd2c
12498500: system.cpu T0 : @hanoi+100    :   ldr   r2, [fp, #-12]     : MemRead :  D=0x0000000000000003 A=0xbefffd30
12499000: system.cpu T0 : @hanoi+104    :   ldr   r3, [fp, #-20]     : MemRead :  D=0x0000000000000001 A=0xbefffd28
12499000: system.cpu T0 : @hanoi+108    :   bl                       : IntAlu :  D=0x0000000000008328
12499500: system.cpu T0 : @hanoi    : ldmstm                    
12499500: system.cpu T0 : @hanoi.0  :   str_uop   fp, [sp, #8]   : MemWrite :  D=0x00000000befffd3c A=0xbefffd20
12499500: system.cpu T0 : @hanoi.1  :   str_uop   lr, [sp, #4]   : MemWrite :  D=0x0000000000008328 A=0xbefffd24
12499500: system.cpu T0 : @hanoi.2  :   subi_uop   sp, sp, #8    : IntAlu :  D=0x00000000befffd20
12500000: system.cpu T0 : @hanoi+4    :   add   fp, sp, #4         : IntAlu :  D=0x00000000befffd24
12500500: system.cpu T0 : @hanoi+8    :   sub   sp, sp, #16        : IntAlu :  D=0x00000000befffd10
12500500: system.cpu T0 : @hanoi+12    :   str   r0, [fp, #-8]      : MemWrite :  D=0x0000000000000000 A=0xbefffd1c
12500500: system.cpu T0 : @hanoi+16    :   str   r1, [fp, #-12]     : MemWrite :  D=0x0000000000000002 A=0xbefffd18
12501000: system.cpu T0 : @hanoi+20    :   str   r2, [fp, #-16]     : MemWrite :  D=0x0000000000000003 A=0xbefffd14
12501500: system.cpu T0 : @hanoi+24    :   str   r3, [fp, #-20]     : MemWrite :  D=0x0000000000000001 A=0xbefffd10
12501500: system.cpu T0 : @hanoi+28    :   ldr   r3, [fp, #-8]      : MemRead :  D=0x0000000000000000 A=0xbefffd1c
12501500: system.cpu T0 : @hanoi+32    :   cmps   r3, #0            : IntAlu :  D=0x0000000000000001
12502000: system.cpu T0 : @hanoi+36    :   ble                      : IntAlu : 
12510000: system.cpu T0 : @hanoi+112    :   sub   sp, fp, #4         : IntAlu :  D=0x00000000befffd20
12510000: system.cpu T0 : @hanoi+116    : ldmstm                    
12510000: system.cpu T0 : @hanoi+116.0  :   ldr2_uop   fp,lr, [sp, #0] : MemRead :  D=0x0000000000008328 A=0xbefffd20
12510000: system.cpu T0 : @hanoi+116.1  :   addi_uop   sp, sp, #8    : IntAlu :  D=0x00000000befffd28
12510500: system.cpu T0 : @hanoi+120    :   bx                       : IntAlu : 
12511000: system.cpu T0 : @hanoi+112    :   sub   sp, fp, #4         : IntAlu :  D=0x00000000befffd38
12511000: system.cpu T0 : @hanoi+116    : ldmstm                    
12511000: system.cpu T0 : @hanoi+116.0  :   ldr2_uop   fp,lr, [sp, #0] : MemRead :  D=0x00000000000082fc A=0xbefffd38
12511000: system.cpu T0 : @hanoi+116.1  :   addi_uop   sp, sp, #8    : IntAlu :  D=0x00000000befffd40
12511500: system.cpu T0 : @hanoi+120    :   bx                       : IntAlu : 
12512000: system.cpu T0 : @hanoi+68    :   ldr   r0, [fp, #-12]     : MemRead :  D=0x0000000000000003 A=0xbefffd48
12512500: system.cpu T0 : @hanoi+72    :   bl                       : IntAlu :  D=0x0000000000008304
12513000: system.cpu T0 : @push    :   str   fp, [sp, #-4]!    
12513000: system.cpu T0 : @push.0  :   str   fp, [sp, #-4]!     : MemWrite :  D=0x00000000befffd54 A=0xbefffd3c
12513000: system.cpu T0 : @push.1  :   subi_uop   sp, sp, #4    : IntAlu :  D=0x00000000befffd3c
12513500: system.cpu T0 : @push+4    :   add   fp, sp, #0         : IntAlu :  D=0x00000000befffd3c
12513500: system.cpu T0 : @push+8    :   sub   sp, sp, #12        : IntAlu :  D=0x00000000befffd30
12513500: system.cpu T0 : @push+12    :   str   r0, [fp, #-8]      : MemWrite :  D=0x0000000000000003 A=0xbefffd34
12514000: system.cpu T0 : @push+16    :   ldr   r3, [pc, #44]      : MemRead :  D=0x0000000000081e4c A=0x82b0
12514500: system.cpu T0 : @push+20    :   ldr   r2, [r3, #0]       : MemRead :  D=0x000000000000000a A=0x81e4c
12514500: system.cpu T0 : @push+24    :   ldr   r3, [pc, #40]      : MemRead :  D=0x0000000000081e50 A=0x82b4
12514500: system.cpu T0 : @push+28    :   ldr   r1, [fp, #-8]      : MemRead :  D=0x0000000000000003 A=0xbefffd34
12515000: system.cpu T0 : @push+32    :   str   r1, [r3, r2 LSL #2] : MemWrite :  D=0x0000000000000003 A=0x81e78
12515500: system.cpu T0 : @push+36    :   ldr   r3, [pc, #24]      : MemRead :  D=0x0000000000081e4c A=0x82b0
12515500: system.cpu T0 : @push+40    :   ldr   r3, [r3, #0]       : MemRead :  D=0x000000000000000a A=0x81e4c
12515500: system.cpu T0 : @push+44    :   add   r2, r3, #1         : IntAlu :  D=0x000000000000000b
12516000: system.cpu T0 : @push+48    :   ldr   r3, [pc, #12]      : MemRead :  D=0x0000000000081e4c A=0x82b0
12516500: system.cpu T0 : @push+52    :   str   r2, [r3, #0]       : MemWrite :  D=0x000000000000000b A=0x81e4c
12516500: system.cpu T0 : @push+56    :   add   sp, fp, #0         : IntAlu :  D=0x00000000befffd3c
12516500: system.cpu T0 : @push+60    : ldmstm                    
12516500: system.cpu T0 : @push+60.0  :   ldr_uop   fp, [sp, #0]   : MemRead :  D=0x00000000befffd54 A=0xbefffd3c
12517000: system.cpu T0 : @push+60.1  :   addi_uop   sp, sp, #4    : IntAlu :  D=0x00000000befffd40
12517000: system.cpu T0 : @push+64    :   bx                       : IntAlu : 
12517500: system.cpu T0 : @hanoi+76    :   ldr   r0, [fp, #-20]     : MemRead :  D=0x0000000000000002 A=0xbefffd40
12517500: system.cpu T0 : @hanoi+80    :   bl                       : IntAlu :  D=0x000000000000830c
12518000: system.cpu T0 : @push    :   str   fp, [sp, #-4]!    
12518000: system.cpu T0 : @push.0  :   str   fp, [sp, #-4]!     : MemWrite :  D=0x00000000befffd54 A=0xbefffd3c
12518000: system.cpu T0 : @push.1  :   subi_uop   sp, sp, #4    : IntAlu :  D=0x00000000befffd3c
12518500: system.cpu T0 : @push+4    :   add   fp, sp, #0         : IntAlu :  D=0x00000000befffd3c
12518500: system.cpu T0 : @push+8    :   sub   sp, sp, #12        : IntAlu :  D=0x00000000befffd30
12518500: system.cpu T0 : @push+12    :   str   r0, [fp, #-8]      : MemWrite :  D=0x0000000000000002 A=0xbefffd34
12519000: system.cpu T0 : @push+16    :   ldr   r3, [pc, #44]      : MemRead :  D=0x0000000000081e4c A=0x82b0
12519500: system.cpu T0 : @push+20    :   ldr   r2, [r3, #0]       : MemRead :  D=0x000000000000000b A=0x81e4c
12519500: system.cpu T0 : @push+24    :   ldr   r3, [pc, #40]      : MemRead :  D=0x0000000000081e50 A=0x82b4
12519500: system.cpu T0 : @push+28    :   ldr   r1, [fp, #-8]      : MemRead :  D=0x0000000000000002 A=0xbefffd34
12520000: system.cpu T0 : @push+32    :   str   r1, [r3, r2 LSL #2] : MemWrite :  D=0x0000000000000002 A=0x81e7c
12520500: system.cpu T0 : @push+36    :   ldr   r3, [pc, #24]      : MemRead :  D=0x0000000000081e4c A=0x82b0
12520500: system.cpu T0 : @push+40    :   ldr   r3, [r3, #0]       : MemRead :  D=0x000000000000000b A=0x81e4c
12520500: system.cpu T0 : @push+44    :   add   r2, r3, #1         : IntAlu :  D=0x000000000000000c
12521000: system.cpu T0 : @push+48    :   ldr   r3, [pc, #12]      : MemRead :  D=0x0000000000081e4c A=0x82b0
12521500: system.cpu T0 : @push+52    :   str   r2, [r3, #0]       : MemWrite :  D=0x000000000000000c A=0x81e4c
12521500: system.cpu T0 : @push+56    :   add   sp, fp, #0         : IntAlu :  D=0x00000000befffd3c
12521500: system.cpu T0 : @push+60    : ldmstm                    
12521500: system.cpu T0 : @push+60.0  :   ldr_uop   fp, [sp, #0]   : MemRead :  D=0x00000000befffd54 A=0xbefffd3c
12522000: system.cpu T0 : @push+60.1  :   addi_uop   sp, sp, #4    : IntAlu :  D=0x00000000befffd40
12522000: system.cpu T0 : @push+64    :   bx                       : IntAlu : 
12522500: system.cpu T0 : @hanoi+84    :   ldr   r3, [fp, #-8]      : MemRead :  D=0x0000000000000002 A=0xbefffd4c
12523000: system.cpu T0 : @hanoi+88    :   sub   r3, r3, #1         : IntAlu :  D=0x0000000000000001
12523000: system.cpu T0 : @hanoi+92    :   mov   r0, r3             : IntAlu :  D=0x0000000000000001
12523000: system.cpu T0 : @hanoi+96    :   ldr   r1, [fp, #-16]     : MemRead :  D=0x0000000000000001 A=0xbefffd44
12523500: system.cpu T0 : @hanoi+100    :   ldr   r2, [fp, #-12]     : MemRead :  D=0x0000000000000003 A=0xbefffd48
12524000: system.cpu T0 : @hanoi+104    :   ldr   r3, [fp, #-20]     : MemRead :  D=0x0000000000000002 A=0xbefffd40
12524000: system.cpu T0 : @hanoi+108    :   bl                       : IntAlu :  D=0x0000000000008328
12524500: system.cpu T0 : @hanoi    : ldmstm                    
12524500: system.cpu T0 : @hanoi.0  :   str_uop   fp, [sp, #8]   : MemWrite :  D=0x00000000befffd54 A=0xbefffd38
12524500: system.cpu T0 : @hanoi.1  :   str_uop   lr, [sp, #4]   : MemWrite :  D=0x0000000000008328 A=0xbefffd3c
12524500: system.cpu T0 : @hanoi.2  :   subi_uop   sp, sp, #8    : IntAlu :  D=0x00000000befffd38
12525000: system.cpu T0 : @hanoi+4    :   add   fp, sp, #4         : IntAlu :  D=0x00000000befffd3c
12525500: system.cpu T0 : @hanoi+8    :   sub   sp, sp, #16        : IntAlu :  D=0x00000000befffd28
12525500: system.cpu T0 : @hanoi+12    :   str   r0, [fp, #-8]      : MemWrite :  D=0x0000000000000001 A=0xbefffd34
12525500: system.cpu T0 : @hanoi+16    :   str   r1, [fp, #-12]     : MemWrite :  D=0x0000000000000001 A=0xbefffd30
12526000: system.cpu T0 : @hanoi+20    :   str   r2, [fp, #-16]     : MemWrite :  D=0x0000000000000003 A=0xbefffd2c
12526500: system.cpu T0 : @hanoi+24    :   str   r3, [fp, #-20]     : MemWrite :  D=0x0000000000000002 A=0xbefffd28
12526500: system.cpu T0 : @hanoi+28    :   ldr   r3, [fp, #-8]      : MemRead :  D=0x0000000000000001 A=0xbefffd34
12526500: system.cpu T0 : @hanoi+32    :   cmps   r3, #0            : IntAlu :  D=0x0000000000000001
12527000: system.cpu T0 : @hanoi+36    :   ble                      : IntAlu : Predicated False
12527500: system.cpu T0 : @hanoi+40    :   ldr   r3, [fp, #-8]      : MemRead :  D=0x0000000000000001 A=0xbefffd34
12527500: system.cpu T0 : @hanoi+44    :   sub   r3, r3, #1         : IntAlu :  D=0x0000000000000000
12527500: system.cpu T0 : @hanoi+48    :   mov   r0, r3             : IntAlu :  D=0x0000000000000000
12528000: system.cpu T0 : @hanoi+52    :   ldr   r1, [fp, #-12]     : MemRead :  D=0x0000000000000001 A=0xbefffd30
12535000: system.cpu T0 : @hanoi+56    :   ldr   r2, [fp, #-20]     : MemRead :  D=0x0000000000000002 A=0xbefffd28
12535000: system.cpu T0 : @hanoi+60    :   ldr   r3, [fp, #-16]     : MemRead :  D=0x0000000000000003 A=0xbefffd2c
12535000: system.cpu T0 : @hanoi+64    :   bl                       : IntAlu :  D=0x00000000000082fc
12535500: system.cpu T0 : @hanoi    : ldmstm                    
12535500: system.cpu T0 : @hanoi.0  :   str_uop   fp, [sp, #8]   : MemWrite :  D=0x00000000befffd3c A=0xbefffd20
12535500: system.cpu T0 : @hanoi.1  :   str_uop   lr, [sp, #4]   : MemWrite :  D=0x00000000000082fc A=0xbefffd24
12535500: system.cpu T0 : @hanoi.2  :   subi_uop   sp, sp, #8    : IntAlu :  D=0x00000000befffd20
12536000: system.cpu T0 : @hanoi+4    :   add   fp, sp, #4         : IntAlu :  D=0x00000000befffd24
12536500: system.cpu T0 : @hanoi+8    :   sub   sp, sp, #16        : IntAlu :  D=0x00000000befffd10
12536500: system.cpu T0 : @hanoi+12    :   str   r0, [fp, #-8]      : MemWrite :  D=0x0000000000000000 A=0xbefffd1c
12536500: system.cpu T0 : @hanoi+16    :   str   r1, [fp, #-12]     : MemWrite :  D=0x0000000000000001 A=0xbefffd18
12537000: system.cpu T0 : @hanoi+20    :   str   r2, [fp, #-16]     : MemWrite :  D=0x0000000000000002 A=0xbefffd14
12537500: system.cpu T0 : @hanoi+24    :   str   r3, [fp, #-20]     : MemWrite :  D=0x0000000000000003 A=0xbefffd10
12537500: system.cpu T0 : @hanoi+28    :   ldr   r3, [fp, #-8]      : MemRead :  D=0x0000000000000000 A=0xbefffd1c
12537500: system.cpu T0 : @hanoi+32    :   cmps   r3, #0            : IntAlu :  D=0x0000000000000001
12538000: system.cpu T0 : @hanoi+36    :   ble                      : IntAlu : 
12545000: system.cpu T0 : @hanoi+112    :   sub   sp, fp, #4         : IntAlu :  D=0x00000000befffd20
12545000: system.cpu T0 : @hanoi+116    : ldmstm                    
12545000: system.cpu T0 : @hanoi+116.0  :   ldr2_uop   fp,lr, [sp, #0] : MemRead :  D=0x00000000000082fc A=0xbefffd20
12545000: system.cpu T0 : @hanoi+116.1  :   addi_uop   sp, sp, #8    : IntAlu :  D=0x00000000befffd28
12545500: system.cpu T0 : @hanoi+120    :   bx                       : IntAlu : 
12546000: system.cpu T0 : @hanoi+68    :   ldr   r0, [fp, #-12]     : MemRead :  D=0x0000000000000001 A=0xbefffd30
12546500: system.cpu T0 : @hanoi+72    :   bl                       : IntAlu :  D=0x0000000000008304
12547000: system.cpu T0 : @push    :   str   fp, [sp, #-4]!    
12547000: system.cpu T0 : @push.0  :   str   fp, [sp, #-4]!     : MemWrite :  D=0x00000000befffd3c A=0xbefffd24
12547000: system.cpu T0 : @push.1  :   subi_uop   sp, sp, #4    : IntAlu :  D=0x00000000befffd24
12547500: system.cpu T0 : @push+4    :   add   fp, sp, #0         : IntAlu :  D=0x00000000befffd24
12547500: system.cpu T0 : @push+8    :   sub   sp, sp, #12        : IntAlu :  D=0x00000000befffd18
12547500: system.cpu T0 : @push+12    :   str   r0, [fp, #-8]      : MemWrite :  D=0x0000000000000001 A=0xbefffd1c
12548000: system.cpu T0 : @push+16    :   ldr   r3, [pc, #44]      : MemRead :  D=0x0000000000081e4c A=0x82b0
12548500: system.cpu T0 : @push+20    :   ldr   r2, [r3, #0]       : MemRead :  D=0x000000000000000c A=0x81e4c
12548500: system.cpu T0 : @push+24    :   ldr   r3, [pc, #40]      : MemRead :  D=0x0000000000081e50 A=0x82b4
12548500: system.cpu T0 : @push+28    :   ldr   r1, [fp, #-8]      : MemRead :  D=0x0000000000000001 A=0xbefffd1c
12549000: system.cpu T0 : @push+32    :   str   r1, [r3, r2 LSL #2] : MemWrite :  D=0x0000000000000001 A=0x81e80
12549500: system.cpu T0 : @push+36    :   ldr   r3, [pc, #24]      : MemRead :  D=0x0000000000081e4c A=0x82b0
12549500: system.cpu T0 : @push+40    :   ldr   r3, [r3, #0]       : MemRead :  D=0x000000000000000c A=0x81e4c
12549500: system.cpu T0 : @push+44    :   add   r2, r3, #1         : IntAlu :  D=0x000000000000000d
12550000: system.cpu T0 : @push+48    :   ldr   r3, [pc, #12]      : MemRead :  D=0x0000000000081e4c A=0x82b0
12550500: system.cpu T0 : @push+52    :   str   r2, [r3, #0]       : MemWrite :  D=0x000000000000000d A=0x81e4c
12550500: system.cpu T0 : @push+56    :   add   sp, fp, #0         : IntAlu :  D=0x00000000befffd24
12550500: system.cpu T0 : @push+60    : ldmstm                    
12550500: system.cpu T0 : @push+60.0  :   ldr_uop   fp, [sp, #0]   : MemRead :  D=0x00000000befffd3c A=0xbefffd24
12551000: system.cpu T0 : @push+60.1  :   addi_uop   sp, sp, #4    : IntAlu :  D=0x00000000befffd28
12551000: system.cpu T0 : @push+64    :   bx                       : IntAlu : 
12551500: system.cpu T0 : @hanoi+76    :   ldr   r0, [fp, #-20]     : MemRead :  D=0x0000000000000002 A=0xbefffd28
12551500: system.cpu T0 : @hanoi+80    :   bl                       : IntAlu :  D=0x000000000000830c
12552000: system.cpu T0 : @push    :   str   fp, [sp, #-4]!    
12552000: system.cpu T0 : @push.0  :   str   fp, [sp, #-4]!     : MemWrite :  D=0x00000000befffd3c A=0xbefffd24
12552000: system.cpu T0 : @push.1  :   subi_uop   sp, sp, #4    : IntAlu :  D=0x00000000befffd24
12552500: system.cpu T0 : @push+4    :   add   fp, sp, #0         : IntAlu :  D=0x00000000befffd24
12552500: system.cpu T0 : @push+8    :   sub   sp, sp, #12        : IntAlu :  D=0x00000000befffd18
12552500: system.cpu T0 : @push+12    :   str   r0, [fp, #-8]      : MemWrite :  D=0x0000000000000002 A=0xbefffd1c
12553000: system.cpu T0 : @push+16    :   ldr   r3, [pc, #44]      : MemRead :  D=0x0000000000081e4c A=0x82b0
12553500: system.cpu T0 : @push+20    :   ldr   r2, [r3, #0]       : MemRead :  D=0x000000000000000d A=0x81e4c
12553500: system.cpu T0 : @push+24    :   ldr   r3, [pc, #40]      : MemRead :  D=0x0000000000081e50 A=0x82b4
12553500: system.cpu T0 : @push+28    :   ldr   r1, [fp, #-8]      : MemRead :  D=0x0000000000000002 A=0xbefffd1c
12554000: system.cpu T0 : @push+32    :   str   r1, [r3, r2 LSL #2] : MemWrite :  D=0x0000000000000002 A=0x81e84
12554500: system.cpu T0 : @push+36    :   ldr   r3, [pc, #24]      : MemRead :  D=0x0000000000081e4c A=0x82b0
12554500: system.cpu T0 : @push+40    :   ldr   r3, [r3, #0]       : MemRead :  D=0x000000000000000d A=0x81e4c
12554500: system.cpu T0 : @push+44    :   add   r2, r3, #1         : IntAlu :  D=0x000000000000000e
12555000: system.cpu T0 : @push+48    :   ldr   r3, [pc, #12]      : MemRead :  D=0x0000000000081e4c A=0x82b0
12555500: system.cpu T0 : @push+52    :   str   r2, [r3, #0]       : MemWrite :  D=0x000000000000000e A=0x81e4c
12555500: system.cpu T0 : @push+56    :   add   sp, fp, #0         : IntAlu :  D=0x00000000befffd24
12555500: system.cpu T0 : @push+60    : ldmstm                    
12555500: system.cpu T0 : @push+60.0  :   ldr_uop   fp, [sp, #0]   : MemRead :  D=0x00000000befffd3c A=0xbefffd24
12556000: system.cpu T0 : @push+60.1  :   addi_uop   sp, sp, #4    : IntAlu :  D=0x00000000befffd28
12556000: system.cpu T0 : @push+64    :   bx                       : IntAlu : 
12556500: system.cpu T0 : @hanoi+84    :   ldr   r3, [fp, #-8]      : MemRead :  D=0x0000000000000001 A=0xbefffd34
12557000: system.cpu T0 : @hanoi+88    :   sub   r3, r3, #1         : IntAlu :  D=0x0000000000000000
12557000: system.cpu T0 : @hanoi+92    :   mov   r0, r3             : IntAlu :  D=0x0000000000000000
12557000: system.cpu T0 : @hanoi+96    :   ldr   r1, [fp, #-16]     : MemRead :  D=0x0000000000000003 A=0xbefffd2c
12557500: system.cpu T0 : @hanoi+100    :   ldr   r2, [fp, #-12]     : MemRead :  D=0x0000000000000001 A=0xbefffd30
12558000: system.cpu T0 : @hanoi+104    :   ldr   r3, [fp, #-20]     : MemRead :  D=0x0000000000000002 A=0xbefffd28
12558000: system.cpu T0 : @hanoi+108    :   bl                       : IntAlu :  D=0x0000000000008328
12558500: system.cpu T0 : @hanoi    : ldmstm                    
12558500: system.cpu T0 : @hanoi.0  :   str_uop   fp, [sp, #8]   : MemWrite :  D=0x00000000befffd3c A=0xbefffd20
12558500: system.cpu T0 : @hanoi.1  :   str_uop   lr, [sp, #4]   : MemWrite :  D=0x0000000000008328 A=0xbefffd24
12558500: system.cpu T0 : @hanoi.2  :   subi_uop   sp, sp, #8    : IntAlu :  D=0x00000000befffd20
12559000: system.cpu T0 : @hanoi+4    :   add   fp, sp, #4         : IntAlu :  D=0x00000000befffd24
12559500: system.cpu T0 : @hanoi+8    :   sub   sp, sp, #16        : IntAlu :  D=0x00000000befffd10
12559500: system.cpu T0 : @hanoi+12    :   str   r0, [fp, #-8]      : MemWrite :  D=0x0000000000000000 A=0xbefffd1c
12559500: system.cpu T0 : @hanoi+16    :   str   r1, [fp, #-12]     : MemWrite :  D=0x0000000000000003 A=0xbefffd18
12560000: system.cpu T0 : @hanoi+20    :   str   r2, [fp, #-16]     : MemWrite :  D=0x0000000000000001 A=0xbefffd14
12560500: system.cpu T0 : @hanoi+24    :   str   r3, [fp, #-20]     : MemWrite :  D=0x0000000000000002 A=0xbefffd10
12560500: system.cpu T0 : @hanoi+28    :   ldr   r3, [fp, #-8]      : MemRead :  D=0x0000000000000000 A=0xbefffd1c
12560500: system.cpu T0 : @hanoi+32    :   cmps   r3, #0            : IntAlu :  D=0x0000000000000001
12561000: system.cpu T0 : @hanoi+36    :   ble                      : IntAlu : 
12569000: system.cpu T0 : @hanoi+112    :   sub   sp, fp, #4         : IntAlu :  D=0x00000000befffd20
12569000: system.cpu T0 : @hanoi+116    : ldmstm                    
12569000: system.cpu T0 : @hanoi+116.0  :   ldr2_uop   fp,lr, [sp, #0] : MemRead :  D=0x0000000000008328 A=0xbefffd20
12569000: system.cpu T0 : @hanoi+116.1  :   addi_uop   sp, sp, #8    : IntAlu :  D=0x00000000befffd28
12569500: system.cpu T0 : @hanoi+120    :   bx                       : IntAlu : 
12570000: system.cpu T0 : @hanoi+112    :   sub   sp, fp, #4         : IntAlu :  D=0x00000000befffd38
12570000: system.cpu T0 : @hanoi+116    : ldmstm                    
12570000: system.cpu T0 : @hanoi+116.0  :   ldr2_uop   fp,lr, [sp, #0] : MemRead :  D=0x0000000000008328 A=0xbefffd38
12570000: system.cpu T0 : @hanoi+116.1  :   addi_uop   sp, sp, #8    : IntAlu :  D=0x00000000befffd40
12570500: system.cpu T0 : @hanoi+120    :   bx                       : IntAlu : 
12571000: system.cpu T0 : @hanoi+112    :   sub   sp, fp, #4         : IntAlu :  D=0x00000000befffd50
12571000: system.cpu T0 : @hanoi+116    : ldmstm                    
12571000: system.cpu T0 : @hanoi+116.0  :   ldr2_uop   fp,lr, [sp, #0] : MemRead :  D=0x0000000000008328 A=0xbefffd50
12571000: system.cpu T0 : @hanoi+116.1  :   addi_uop   sp, sp, #8    : IntAlu :  D=0x00000000befffd58
12571500: system.cpu T0 : @hanoi+120    :   bx                       : IntAlu : 
12572000: system.cpu T0 : @hanoi+112    :   sub   sp, fp, #4         : IntAlu :  D=0x00000000befffd68
12572000: system.cpu T0 : @hanoi+116    : ldmstm                    
12572000: system.cpu T0 : @hanoi+116.0  :   ldr2_uop   fp,lr, [sp, #0] : MemRead :  D=0x00000000000082fc A=0xbefffd68
12572000: system.cpu T0 : @hanoi+116.1  :   addi_uop   sp, sp, #8    : IntAlu :  D=0x00000000befffd70
12572500: system.cpu T0 : @hanoi+120    :   bx                       : IntAlu : 
12573000: system.cpu T0 : @hanoi+68    :   ldr   r0, [fp, #-12]     : MemRead :  D=0x0000000000000001 A=0xbefffd78
12573500: system.cpu T0 : @hanoi+72    :   bl                       : IntAlu :  D=0x0000000000008304
12574000: system.cpu T0 : @push    :   str   fp, [sp, #-4]!    
12574000: system.cpu T0 : @push.0  :   str   fp, [sp, #-4]!     : MemWrite :  D=0x00000000befffd84 A=0xbefffd6c
12574000: system.cpu T0 : @push.1  :   subi_uop   sp, sp, #4    : IntAlu :  D=0x00000000befffd6c
12574500: system.cpu T0 : @push+4    :   add   fp, sp, #0         : IntAlu :  D=0x00000000befffd6c
12574500: system.cpu T0 : @push+8    :   sub   sp, sp, #12        : IntAlu :  D=0x00000000befffd60
12574500: system.cpu T0 : @push+12    :   str   r0, [fp, #-8]      : MemWrite :  D=0x0000000000000001 A=0xbefffd64
12575000: system.cpu T0 : @push+16    :   ldr   r3, [pc, #44]      : MemRead :  D=0x0000000000081e4c A=0x82b0
12575500: system.cpu T0 : @push+20    :   ldr   r2, [r3, #0]       : MemRead :  D=0x000000000000000e A=0x81e4c
12575500: system.cpu T0 : @push+24    :   ldr   r3, [pc, #40]      : MemRead :  D=0x0000000000081e50 A=0x82b4
12575500: system.cpu T0 : @push+28    :   ldr   r1, [fp, #-8]      : MemRead :  D=0x0000000000000001 A=0xbefffd64
12576000: system.cpu T0 : @push+32    :   str   r1, [r3, r2 LSL #2] : MemWrite :  D=0x0000000000000001 A=0x81e88
12576500: system.cpu T0 : @push+36    :   ldr   r3, [pc, #24]      : MemRead :  D=0x0000000000081e4c A=0x82b0
12576500: system.cpu T0 : @push+40    :   ldr   r3, [r3, #0]       : MemRead :  D=0x000000000000000e A=0x81e4c
12576500: system.cpu T0 : @push+44    :   add   r2, r3, #1         : IntAlu :  D=0x000000000000000f
12577000: system.cpu T0 : @push+48    :   ldr   r3, [pc, #12]      : MemRead :  D=0x0000000000081e4c A=0x82b0
12577500: system.cpu T0 : @push+52    :   str   r2, [r3, #0]       : MemWrite :  D=0x000000000000000f A=0x81e4c
12577500: system.cpu T0 : @push+56    :   add   sp, fp, #0         : IntAlu :  D=0x00000000befffd6c
12577500: system.cpu T0 : @push+60    : ldmstm                    
12577500: system.cpu T0 : @push+60.0  :   ldr_uop   fp, [sp, #0]   : MemRead :  D=0x00000000befffd84 A=0xbefffd6c
12578000: system.cpu T0 : @push+60.1  :   addi_uop   sp, sp, #4    : IntAlu :  D=0x00000000befffd70
12578000: system.cpu T0 : @push+64    :   bx                       : IntAlu : 
12578500: system.cpu T0 : @hanoi+76    :   ldr   r0, [fp, #-20]     : MemRead :  D=0x0000000000000003 A=0xbefffd70
12578500: system.cpu T0 : @hanoi+80    :   bl                       : IntAlu :  D=0x000000000000830c
12579000: system.cpu T0 : @push    :   str   fp, [sp, #-4]!    
12579000: system.cpu T0 : @push.0  :   str   fp, [sp, #-4]!     : MemWrite :  D=0x00000000befffd84 A=0xbefffd6c
12579000: system.cpu T0 : @push.1  :   subi_uop   sp, sp, #4    : IntAlu :  D=0x00000000befffd6c
12579500: system.cpu T0 : @push+4    :   add   fp, sp, #0         : IntAlu :  D=0x00000000befffd6c
12579500: system.cpu T0 : @push+8    :   sub   sp, sp, #12        : IntAlu :  D=0x00000000befffd60
12579500: system.cpu T0 : @push+12    :   str   r0, [fp, #-8]      : MemWrite :  D=0x0000000000000003 A=0xbefffd64
12580000: system.cpu T0 : @push+16    :   ldr   r3, [pc, #44]      : MemRead :  D=0x0000000000081e4c A=0x82b0
12580500: system.cpu T0 : @push+20    :   ldr   r2, [r3, #0]       : MemRead :  D=0x000000000000000f A=0x81e4c
12580500: system.cpu T0 : @push+24    :   ldr   r3, [pc, #40]      : MemRead :  D=0x0000000000081e50 A=0x82b4
12580500: system.cpu T0 : @push+28    :   ldr   r1, [fp, #-8]      : MemRead :  D=0x0000000000000003 A=0xbefffd64
12581000: system.cpu T0 : @push+32    :   str   r1, [r3, r2 LSL #2] : MemWrite :  D=0x0000000000000003 A=0x81e8c
12581500: system.cpu T0 : @push+36    :   ldr   r3, [pc, #24]      : MemRead :  D=0x0000000000081e4c A=0x82b0
12581500: system.cpu T0 : @push+40    :   ldr   r3, [r3, #0]       : MemRead :  D=0x000000000000000f A=0x81e4c
12581500: system.cpu T0 : @push+44    :   add   r2, r3, #1         : IntAlu :  D=0x0000000000000010
12582000: system.cpu T0 : @push+48    :   ldr   r3, [pc, #12]      : MemRead :  D=0x0000000000081e4c A=0x82b0
12582500: system.cpu T0 : @push+52    :   str   r2, [r3, #0]       : MemWrite :  D=0x0000000000000010 A=0x81e4c
12582500: system.cpu T0 : @push+56    :   add   sp, fp, #0         : IntAlu :  D=0x00000000befffd6c
12582500: system.cpu T0 : @push+60    : ldmstm                    
12582500: system.cpu T0 : @push+60.0  :   ldr_uop   fp, [sp, #0]   : MemRead :  D=0x00000000befffd84 A=0xbefffd6c
12583000: system.cpu T0 : @push+60.1  :   addi_uop   sp, sp, #4    : IntAlu :  D=0x00000000befffd70
12583000: system.cpu T0 : @push+64    :   bx                       : IntAlu : 
12583500: system.cpu T0 : @hanoi+84    :   ldr   r3, [fp, #-8]      : MemRead :  D=0x0000000000000004 A=0xbefffd7c
12584000: system.cpu T0 : @hanoi+88    :   sub   r3, r3, #1         : IntAlu :  D=0x0000000000000003
12584000: system.cpu T0 : @hanoi+92    :   mov   r0, r3             : IntAlu :  D=0x0000000000000003
12584000: system.cpu T0 : @hanoi+96    :   ldr   r1, [fp, #-16]     : MemRead :  D=0x0000000000000002 A=0xbefffd74
12584500: system.cpu T0 : @hanoi+100    :   ldr   r2, [fp, #-12]     : MemRead :  D=0x0000000000000001 A=0xbefffd78
12585000: system.cpu T0 : @hanoi+104    :   ldr   r3, [fp, #-20]     : MemRead :  D=0x0000000000000003 A=0xbefffd70
12585000: system.cpu T0 : @hanoi+108    :   bl                       : IntAlu :  D=0x0000000000008328
12585500: system.cpu T0 : @hanoi    : ldmstm                    
12585500: system.cpu T0 : @hanoi.0  :   str_uop   fp, [sp, #8]   : MemWrite :  D=0x00000000befffd84 A=0xbefffd68
12585500: system.cpu T0 : @hanoi.1  :   str_uop   lr, [sp, #4]   : MemWrite :  D=0x0000000000008328 A=0xbefffd6c
12585500: system.cpu T0 : @hanoi.2  :   subi_uop   sp, sp, #8    : IntAlu :  D=0x00000000befffd68
12586000: system.cpu T0 : @hanoi+4    :   add   fp, sp, #4         : IntAlu :  D=0x00000000befffd6c
12586500: system.cpu T0 : @hanoi+8    :   sub   sp, sp, #16        : IntAlu :  D=0x00000000befffd58
12586500: system.cpu T0 : @hanoi+12    :   str   r0, [fp, #-8]      : MemWrite :  D=0x0000000000000003 A=0xbefffd64
12586500: system.cpu T0 : @hanoi+16    :   str   r1, [fp, #-12]     : MemWrite :  D=0x0000000000000002 A=0xbefffd60
12587000: system.cpu T0 : @hanoi+20    :   str   r2, [fp, #-16]     : MemWrite :  D=0x0000000000000001 A=0xbefffd5c
12587500: system.cpu T0 : @hanoi+24    :   str   r3, [fp, #-20]     : MemWrite :  D=0x0000000000000003 A=0xbefffd58
12587500: system.cpu T0 : @hanoi+28    :   ldr   r3, [fp, #-8]      : MemRead :  D=0x0000000000000003 A=0xbefffd64
12587500: system.cpu T0 : @hanoi+32    :   cmps   r3, #0            : IntAlu :  D=0x0000000000000001
12588000: system.cpu T0 : @hanoi+36    :   ble                      : IntAlu : Predicated False
12588500: system.cpu T0 : @hanoi+40    :   ldr   r3, [fp, #-8]      : MemRead :  D=0x0000000000000003 A=0xbefffd64
12588500: system.cpu T0 : @hanoi+44    :   sub   r3, r3, #1         : IntAlu :  D=0x0000000000000002
12588500: system.cpu T0 : @hanoi+48    :   mov   r0, r3             : IntAlu :  D=0x0000000000000002
12589000: system.cpu T0 : @hanoi+52    :   ldr   r1, [fp, #-12]     : MemRead :  D=0x0000000000000002 A=0xbefffd60
12589500: system.cpu T0 : @hanoi+56    :   ldr   r2, [fp, #-20]     : MemRead :  D=0x0000000000000003 A=0xbefffd58
12630000: system.cpu T0 : @hanoi+60    :   ldr   r3, [fp, #-16]     : MemRead :  D=0x0000000000000001 A=0xbefffd5c
12630000: system.cpu T0 : @hanoi+64    :   bl                       : IntAlu :  D=0x00000000000082fc
12630500: system.cpu T0 : @hanoi    : ldmstm                    
12630500: system.cpu T0 : @hanoi.0  :   str_uop   fp, [sp, #8]   : MemWrite :  D=0x00000000befffd6c A=0xbefffd50
12630500: system.cpu T0 : @hanoi.1  :   str_uop   lr, [sp, #4]   : MemWrite :  D=0x00000000000082fc A=0xbefffd54
12630500: system.cpu T0 : @hanoi.2  :   subi_uop   sp, sp, #8    : IntAlu :  D=0x00000000befffd50
12631000: system.cpu T0 : @hanoi+4    :   add   fp, sp, #4         : IntAlu :  D=0x00000000befffd54
12631500: system.cpu T0 : @hanoi+8    :   sub   sp, sp, #16        : IntAlu :  D=0x00000000befffd40
12631500: system.cpu T0 : @hanoi+12    :   str   r0, [fp, #-8]      : MemWrite :  D=0x0000000000000002 A=0xbefffd4c
12631500: system.cpu T0 : @hanoi+16    :   str   r1, [fp, #-12]     : MemWrite :  D=0x0000000000000002 A=0xbefffd48
12632000: system.cpu T0 : @hanoi+20    :   str   r2, [fp, #-16]     : MemWrite :  D=0x0000000000000003 A=0xbefffd44
12632500: system.cpu T0 : @hanoi+24    :   str   r3, [fp, #-20]     : MemWrite :  D=0x0000000000000001 A=0xbefffd40
12632500: system.cpu T0 : @hanoi+28    :   ldr   r3, [fp, #-8]      : MemRead :  D=0x0000000000000002 A=0xbefffd4c
12632500: system.cpu T0 : @hanoi+32    :   cmps   r3, #0            : IntAlu :  D=0x0000000000000001
12633000: system.cpu T0 : @hanoi+36    :   ble                      : IntAlu : Predicated False
12633500: system.cpu T0 : @hanoi+40    :   ldr   r3, [fp, #-8]      : MemRead :  D=0x0000000000000002 A=0xbefffd4c
12633500: system.cpu T0 : @hanoi+44    :   sub   r3, r3, #1         : IntAlu :  D=0x0000000000000001
12633500: system.cpu T0 : @hanoi+48    :   mov   r0, r3             : IntAlu :  D=0x0000000000000001
12634000: system.cpu T0 : @hanoi+52    :   ldr   r1, [fp, #-12]     : MemRead :  D=0x0000000000000002 A=0xbefffd48
12634500: system.cpu T0 : @hanoi+56    :   ldr   r2, [fp, #-20]     : MemRead :  D=0x0000000000000001 A=0xbefffd40
12634500: system.cpu T0 : @hanoi+60    :   ldr   r3, [fp, #-16]     : MemRead :  D=0x0000000000000003 A=0xbefffd44
12634500: system.cpu T0 : @hanoi+64    :   bl                       : IntAlu :  D=0x00000000000082fc
12635000: system.cpu T0 : @hanoi    : ldmstm                    
12635000: system.cpu T0 : @hanoi.0  :   str_uop   fp, [sp, #8]   : MemWrite :  D=0x00000000befffd54 A=0xbefffd38
12635000: system.cpu T0 : @hanoi.1  :   str_uop   lr, [sp, #4]   : MemWrite :  D=0x00000000000082fc A=0xbefffd3c
12635000: system.cpu T0 : @hanoi.2  :   subi_uop   sp, sp, #8    : IntAlu :  D=0x00000000befffd38
12635500: system.cpu T0 : @hanoi+4    :   add   fp, sp, #4         : IntAlu :  D=0x00000000befffd3c
12636000: system.cpu T0 : @hanoi+8    :   sub   sp, sp, #16        : IntAlu :  D=0x00000000befffd28
12636000: system.cpu T0 : @hanoi+12    :   str   r0, [fp, #-8]      : MemWrite :  D=0x0000000000000001 A=0xbefffd34
12636000: system.cpu T0 : @hanoi+16    :   str   r1, [fp, #-12]     : MemWrite :  D=0x0000000000000002 A=0xbefffd30
12636500: system.cpu T0 : @hanoi+20    :   str   r2, [fp, #-16]     : MemWrite :  D=0x0000000000000001 A=0xbefffd2c
12637000: system.cpu T0 : @hanoi+24    :   str   r3, [fp, #-20]     : MemWrite :  D=0x0000000000000003 A=0xbefffd28
12637000: system.cpu T0 : @hanoi+28    :   ldr   r3, [fp, #-8]      : MemRead :  D=0x0000000000000001 A=0xbefffd34
12637000: system.cpu T0 : @hanoi+32    :   cmps   r3, #0            : IntAlu :  D=0x0000000000000001
12637500: system.cpu T0 : @hanoi+36    :   ble                      : IntAlu : Predicated False
12638000: system.cpu T0 : @hanoi+40    :   ldr   r3, [fp, #-8]      : MemRead :  D=0x0000000000000001 A=0xbefffd34
12638000: system.cpu T0 : @hanoi+44    :   sub   r3, r3, #1         : IntAlu :  D=0x0000000000000000
12638000: system.cpu T0 : @hanoi+48    :   mov   r0, r3             : IntAlu :  D=0x0000000000000000
12638500: system.cpu T0 : @hanoi+52    :   ldr   r1, [fp, #-12]     : MemRead :  D=0x0000000000000002 A=0xbefffd30
12639000: system.cpu T0 : @hanoi+56    :   ldr   r2, [fp, #-20]     : MemRead :  D=0x0000000000000003 A=0xbefffd28
12639000: system.cpu T0 : @hanoi+60    :   ldr   r3, [fp, #-16]     : MemRead :  D=0x0000000000000001 A=0xbefffd2c
12639000: system.cpu T0 : @hanoi+64    :   bl                       : IntAlu :  D=0x00000000000082fc
12639500: system.cpu T0 : @hanoi    : ldmstm                    
12639500: system.cpu T0 : @hanoi.0  :   str_uop   fp, [sp, #8]   : MemWrite :  D=0x00000000befffd3c A=0xbefffd20
12639500: system.cpu T0 : @hanoi.1  :   str_uop   lr, [sp, #4]   : MemWrite :  D=0x00000000000082fc A=0xbefffd24
12639500: system.cpu T0 : @hanoi.2  :   subi_uop   sp, sp, #8    : IntAlu :  D=0x00000000befffd20
12640000: system.cpu T0 : @hanoi+4    :   add   fp, sp, #4         : IntAlu :  D=0x00000000befffd24
12640500: system.cpu T0 : @hanoi+8    :   sub   sp, sp, #16        : IntAlu :  D=0x00000000befffd10
12640500: system.cpu T0 : @hanoi+12    :   str   r0, [fp, #-8]      : MemWrite :  D=0x0000000000000000 A=0xbefffd1c
12640500: system.cpu T0 : @hanoi+16    :   str   r1, [fp, #-12]     : MemWrite :  D=0x0000000000000002 A=0xbefffd18
12641000: system.cpu T0 : @hanoi+20    :   str   r2, [fp, #-16]     : MemWrite :  D=0x0000000000000003 A=0xbefffd14
12641500: system.cpu T0 : @hanoi+24    :   str   r3, [fp, #-20]     : MemWrite :  D=0x0000000000000001 A=0xbefffd10
12641500: system.cpu T0 : @hanoi+28    :   ldr   r3, [fp, #-8]      : MemRead :  D=0x0000000000000000 A=0xbefffd1c
12641500: system.cpu T0 : @hanoi+32    :   cmps   r3, #0            : IntAlu :  D=0x0000000000000001
12642000: system.cpu T0 : @hanoi+36    :   ble                      : IntAlu : 
12649000: system.cpu T0 : @hanoi+112    :   sub   sp, fp, #4         : IntAlu :  D=0x00000000befffd20
12649000: system.cpu T0 : @hanoi+116    : ldmstm                    
12649000: system.cpu T0 : @hanoi+116.0  :   ldr2_uop   fp,lr, [sp, #0] : MemRead :  D=0x00000000000082fc A=0xbefffd20
12649000: system.cpu T0 : @hanoi+116.1  :   addi_uop   sp, sp, #8    : IntAlu :  D=0x00000000befffd28
12649500: system.cpu T0 : @hanoi+120    :   bx                       : IntAlu : 
12650000: system.cpu T0 : @hanoi+68    :   ldr   r0, [fp, #-12]     : MemRead :  D=0x0000000000000002 A=0xbefffd30
12650500: system.cpu T0 : @hanoi+72    :   bl                       : IntAlu :  D=0x0000000000008304
12651000: system.cpu T0 : @push    :   str   fp, [sp, #-4]!    
12651000: system.cpu T0 : @push.0  :   str   fp, [sp, #-4]!     : MemWrite :  D=0x00000000befffd3c A=0xbefffd24
12651000: system.cpu T0 : @push.1  :   subi_uop   sp, sp, #4    : IntAlu :  D=0x00000000befffd24
12651500: system.cpu T0 : @push+4    :   add   fp, sp, #0         : IntAlu :  D=0x00000000befffd24
12651500: system.cpu T0 : @push+8    :   sub   sp, sp, #12        : IntAlu :  D=0x00000000befffd18
12651500: system.cpu T0 : @push+12    :   str   r0, [fp, #-8]      : MemWrite :  D=0x0000000000000002 A=0xbefffd1c
12652000: system.cpu T0 : @push+16    :   ldr   r3, [pc, #44]      : MemRead :  D=0x0000000000081e4c A=0x82b0
12652500: system.cpu T0 : @push+20    :   ldr   r2, [r3, #0]       : MemRead :  D=0x0000000000000010 A=0x81e4c
12652500: system.cpu T0 : @push+24    :   ldr   r3, [pc, #40]      : MemRead :  D=0x0000000000081e50 A=0x82b4
12652500: system.cpu T0 : @push+28    :   ldr   r1, [fp, #-8]      : MemRead :  D=0x0000000000000002 A=0xbefffd1c
12653000: system.cpu T0 : @push+32    :   str   r1, [r3, r2 LSL #2] : MemWrite :  D=0x0000000000000002 A=0x81e90
12653500: system.cpu T0 : @push+36    :   ldr   r3, [pc, #24]      : MemRead :  D=0x0000000000081e4c A=0x82b0
12653500: system.cpu T0 : @push+40    :   ldr   r3, [r3, #0]       : MemRead :  D=0x0000000000000010 A=0x81e4c
12653500: system.cpu T0 : @push+44    :   add   r2, r3, #1         : IntAlu :  D=0x0000000000000011
12654000: system.cpu T0 : @push+48    :   ldr   r3, [pc, #12]      : MemRead :  D=0x0000000000081e4c A=0x82b0
12654500: system.cpu T0 : @push+52    :   str   r2, [r3, #0]       : MemWrite :  D=0x0000000000000011 A=0x81e4c
12654500: system.cpu T0 : @push+56    :   add   sp, fp, #0         : IntAlu :  D=0x00000000befffd24
12654500: system.cpu T0 : @push+60    : ldmstm                    
12654500: system.cpu T0 : @push+60.0  :   ldr_uop   fp, [sp, #0]   : MemRead :  D=0x00000000befffd3c A=0xbefffd24
12655000: system.cpu T0 : @push+60.1  :   addi_uop   sp, sp, #4    : IntAlu :  D=0x00000000befffd28
12655000: system.cpu T0 : @push+64    :   bx                       : IntAlu : 
12655500: system.cpu T0 : @hanoi+76    :   ldr   r0, [fp, #-20]     : MemRead :  D=0x0000000000000003 A=0xbefffd28
12655500: system.cpu T0 : @hanoi+80    :   bl                       : IntAlu :  D=0x000000000000830c
12656000: system.cpu T0 : @push    :   str   fp, [sp, #-4]!    
12656000: system.cpu T0 : @push.0  :   str   fp, [sp, #-4]!     : MemWrite :  D=0x00000000befffd3c A=0xbefffd24
12656000: system.cpu T0 : @push.1  :   subi_uop   sp, sp, #4    : IntAlu :  D=0x00000000befffd24
12656500: system.cpu T0 : @push+4    :   add   fp, sp, #0         : IntAlu :  D=0x00000000befffd24
12656500: system.cpu T0 : @push+8    :   sub   sp, sp, #12        : IntAlu :  D=0x00000000befffd18
12656500: system.cpu T0 : @push+12    :   str   r0, [fp, #-8]      : MemWrite :  D=0x0000000000000003 A=0xbefffd1c
12657000: system.cpu T0 : @push+16    :   ldr   r3, [pc, #44]      : MemRead :  D=0x0000000000081e4c A=0x82b0
12657500: system.cpu T0 : @push+20    :   ldr   r2, [r3, #0]       : MemRead :  D=0x0000000000000011 A=0x81e4c
12657500: system.cpu T0 : @push+24    :   ldr   r3, [pc, #40]      : MemRead :  D=0x0000000000081e50 A=0x82b4
12657500: system.cpu T0 : @push+28    :   ldr   r1, [fp, #-8]      : MemRead :  D=0x0000000000000003 A=0xbefffd1c
12658000: system.cpu T0 : @push+32    :   str   r1, [r3, r2 LSL #2] : MemWrite :  D=0x0000000000000003 A=0x81e94
12658500: system.cpu T0 : @push+36    :   ldr   r3, [pc, #24]      : MemRead :  D=0x0000000000081e4c A=0x82b0
12658500: system.cpu T0 : @push+40    :   ldr   r3, [r3, #0]       : MemRead :  D=0x0000000000000011 A=0x81e4c
12658500: system.cpu T0 : @push+44    :   add   r2, r3, #1         : IntAlu :  D=0x0000000000000012
12659000: system.cpu T0 : @push+48    :   ldr   r3, [pc, #12]      : MemRead :  D=0x0000000000081e4c A=0x82b0
12659500: system.cpu T0 : @push+52    :   str   r2, [r3, #0]       : MemWrite :  D=0x0000000000000012 A=0x81e4c
12659500: system.cpu T0 : @push+56    :   add   sp, fp, #0         : IntAlu :  D=0x00000000befffd24
12659500: system.cpu T0 : @push+60    : ldmstm                    
12659500: system.cpu T0 : @push+60.0  :   ldr_uop   fp, [sp, #0]   : MemRead :  D=0x00000000befffd3c A=0xbefffd24
12660000: system.cpu T0 : @push+60.1  :   addi_uop   sp, sp, #4    : IntAlu :  D=0x00000000befffd28
12660000: system.cpu T0 : @push+64    :   bx                       : IntAlu : 
12660500: system.cpu T0 : @hanoi+84    :   ldr   r3, [fp, #-8]      : MemRead :  D=0x0000000000000001 A=0xbefffd34
12661000: system.cpu T0 : @hanoi+88    :   sub   r3, r3, #1         : IntAlu :  D=0x0000000000000000
12661000: system.cpu T0 : @hanoi+92    :   mov   r0, r3             : IntAlu :  D=0x0000000000000000
12661000: system.cpu T0 : @hanoi+96    :   ldr   r1, [fp, #-16]     : MemRead :  D=0x0000000000000001 A=0xbefffd2c
12661500: system.cpu T0 : @hanoi+100    :   ldr   r2, [fp, #-12]     : MemRead :  D=0x0000000000000002 A=0xbefffd30
12662000: system.cpu T0 : @hanoi+104    :   ldr   r3, [fp, #-20]     : MemRead :  D=0x0000000000000003 A=0xbefffd28
12662000: system.cpu T0 : @hanoi+108    :   bl                       : IntAlu :  D=0x0000000000008328
12662500: system.cpu T0 : @hanoi    : ldmstm                    
12662500: system.cpu T0 : @hanoi.0  :   str_uop   fp, [sp, #8]   : MemWrite :  D=0x00000000befffd3c A=0xbefffd20
12662500: system.cpu T0 : @hanoi.1  :   str_uop   lr, [sp, #4]   : MemWrite :  D=0x0000000000008328 A=0xbefffd24
12662500: system.cpu T0 : @hanoi.2  :   subi_uop   sp, sp, #8    : IntAlu :  D=0x00000000befffd20
12663000: system.cpu T0 : @hanoi+4    :   add   fp, sp, #4         : IntAlu :  D=0x00000000befffd24
12663500: system.cpu T0 : @hanoi+8    :   sub   sp, sp, #16        : IntAlu :  D=0x00000000befffd10
12663500: system.cpu T0 : @hanoi+12    :   str   r0, [fp, #-8]      : MemWrite :  D=0x0000000000000000 A=0xbefffd1c
12663500: system.cpu T0 : @hanoi+16    :   str   r1, [fp, #-12]     : MemWrite :  D=0x0000000000000001 A=0xbefffd18
12664000: system.cpu T0 : @hanoi+20    :   str   r2, [fp, #-16]     : MemWrite :  D=0x0000000000000002 A=0xbefffd14
12664500: system.cpu T0 : @hanoi+24    :   str   r3, [fp, #-20]     : MemWrite :  D=0x0000000000000003 A=0xbefffd10
12664500: system.cpu T0 : @hanoi+28    :   ldr   r3, [fp, #-8]      : MemRead :  D=0x0000000000000000 A=0xbefffd1c
12664500: system.cpu T0 : @hanoi+32    :   cmps   r3, #0            : IntAlu :  D=0x0000000000000001
12665000: system.cpu T0 : @hanoi+36    :   ble                      : IntAlu : 
12673000: system.cpu T0 : @hanoi+112    :   sub   sp, fp, #4         : IntAlu :  D=0x00000000befffd20
12673000: system.cpu T0 : @hanoi+116    : ldmstm                    
12673000: system.cpu T0 : @hanoi+116.0  :   ldr2_uop   fp,lr, [sp, #0] : MemRead :  D=0x0000000000008328 A=0xbefffd20
12673000: system.cpu T0 : @hanoi+116.1  :   addi_uop   sp, sp, #8    : IntAlu :  D=0x00000000befffd28
12673500: system.cpu T0 : @hanoi+120    :   bx                       : IntAlu : 
12674000: system.cpu T0 : @hanoi+112    :   sub   sp, fp, #4         : IntAlu :  D=0x00000000befffd38
12674000: system.cpu T0 : @hanoi+116    : ldmstm                    
12674000: system.cpu T0 : @hanoi+116.0  :   ldr2_uop   fp,lr, [sp, #0] : MemRead :  D=0x00000000000082fc A=0xbefffd38
12674000: system.cpu T0 : @hanoi+116.1  :   addi_uop   sp, sp, #8    : IntAlu :  D=0x00000000befffd40
12674500: system.cpu T0 : @hanoi+120    :   bx                       : IntAlu : 
12675000: system.cpu T0 : @hanoi+68    :   ldr   r0, [fp, #-12]     : MemRead :  D=0x0000000000000002 A=0xbefffd48
12675500: system.cpu T0 : @hanoi+72    :   bl                       : IntAlu :  D=0x0000000000008304
12676000: system.cpu T0 : @push    :   str   fp, [sp, #-4]!    
12676000: system.cpu T0 : @push.0  :   str   fp, [sp, #-4]!     : MemWrite :  D=0x00000000befffd54 A=0xbefffd3c
12676000: system.cpu T0 : @push.1  :   subi_uop   sp, sp, #4    : IntAlu :  D=0x00000000befffd3c
12676500: system.cpu T0 : @push+4    :   add   fp, sp, #0         : IntAlu :  D=0x00000000befffd3c
12676500: system.cpu T0 : @push+8    :   sub   sp, sp, #12        : IntAlu :  D=0x00000000befffd30
12676500: system.cpu T0 : @push+12    :   str   r0, [fp, #-8]      : MemWrite :  D=0x0000000000000002 A=0xbefffd34
12677000: system.cpu T0 : @push+16    :   ldr   r3, [pc, #44]      : MemRead :  D=0x0000000000081e4c A=0x82b0
12677500: system.cpu T0 : @push+20    :   ldr   r2, [r3, #0]       : MemRead :  D=0x0000000000000012 A=0x81e4c
12677500: system.cpu T0 : @push+24    :   ldr   r3, [pc, #40]      : MemRead :  D=0x0000000000081e50 A=0x82b4
12677500: system.cpu T0 : @push+28    :   ldr   r1, [fp, #-8]      : MemRead :  D=0x0000000000000002 A=0xbefffd34
12678000: system.cpu T0 : @push+32    :   str   r1, [r3, r2 LSL #2] : MemWrite :  D=0x0000000000000002 A=0x81e98
12678500: system.cpu T0 : @push+36    :   ldr   r3, [pc, #24]      : MemRead :  D=0x0000000000081e4c A=0x82b0
12678500: system.cpu T0 : @push+40    :   ldr   r3, [r3, #0]       : MemRead :  D=0x0000000000000012 A=0x81e4c
12678500: system.cpu T0 : @push+44    :   add   r2, r3, #1         : IntAlu :  D=0x0000000000000013
12679000: system.cpu T0 : @push+48    :   ldr   r3, [pc, #12]      : MemRead :  D=0x0000000000081e4c A=0x82b0
12679500: system.cpu T0 : @push+52    :   str   r2, [r3, #0]       : MemWrite :  D=0x0000000000000013 A=0x81e4c
12679500: system.cpu T0 : @push+56    :   add   sp, fp, #0         : IntAlu :  D=0x00000000befffd3c
12679500: system.cpu T0 : @push+60    : ldmstm                    
12679500: system.cpu T0 : @push+60.0  :   ldr_uop   fp, [sp, #0]   : MemRead :  D=0x00000000befffd54 A=0xbefffd3c
12680000: system.cpu T0 : @push+60.1  :   addi_uop   sp, sp, #4    : IntAlu :  D=0x00000000befffd40
12680000: system.cpu T0 : @push+64    :   bx                       : IntAlu : 
12680500: system.cpu T0 : @hanoi+76    :   ldr   r0, [fp, #-20]     : MemRead :  D=0x0000000000000001 A=0xbefffd40
12680500: system.cpu T0 : @hanoi+80    :   bl                       : IntAlu :  D=0x000000000000830c
12681000: system.cpu T0 : @push    :   str   fp, [sp, #-4]!    
12681000: system.cpu T0 : @push.0  :   str   fp, [sp, #-4]!     : MemWrite :  D=0x00000000befffd54 A=0xbefffd3c
12681000: system.cpu T0 : @push.1  :   subi_uop   sp, sp, #4    : IntAlu :  D=0x00000000befffd3c
12681500: system.cpu T0 : @push+4    :   add   fp, sp, #0         : IntAlu :  D=0x00000000befffd3c
12681500: system.cpu T0 : @push+8    :   sub   sp, sp, #12        : IntAlu :  D=0x00000000befffd30
12681500: system.cpu T0 : @push+12    :   str   r0, [fp, #-8]      : MemWrite :  D=0x0000000000000001 A=0xbefffd34
12682000: system.cpu T0 : @push+16    :   ldr   r3, [pc, #44]      : MemRead :  D=0x0000000000081e4c A=0x82b0
12682500: system.cpu T0 : @push+20    :   ldr   r2, [r3, #0]       : MemRead :  D=0x0000000000000013 A=0x81e4c
12682500: system.cpu T0 : @push+24    :   ldr   r3, [pc, #40]      : MemRead :  D=0x0000000000081e50 A=0x82b4
12682500: system.cpu T0 : @push+28    :   ldr   r1, [fp, #-8]      : MemRead :  D=0x0000000000000001 A=0xbefffd34
12683000: system.cpu T0 : @push+32    :   str   r1, [r3, r2 LSL #2] : MemWrite :  D=0x0000000000000001 A=0x81e9c
12683500: system.cpu T0 : @push+36    :   ldr   r3, [pc, #24]      : MemRead :  D=0x0000000000081e4c A=0x82b0
12683500: system.cpu T0 : @push+40    :   ldr   r3, [r3, #0]       : MemRead :  D=0x0000000000000013 A=0x81e4c
12683500: system.cpu T0 : @push+44    :   add   r2, r3, #1         : IntAlu :  D=0x0000000000000014
12684000: system.cpu T0 : @push+48    :   ldr   r3, [pc, #12]      : MemRead :  D=0x0000000000081e4c A=0x82b0
12684500: system.cpu T0 : @push+52    :   str   r2, [r3, #0]       : MemWrite :  D=0x0000000000000014 A=0x81e4c
12684500: system.cpu T0 : @push+56    :   add   sp, fp, #0         : IntAlu :  D=0x00000000befffd3c
12684500: system.cpu T0 : @push+60    : ldmstm                    
12684500: system.cpu T0 : @push+60.0  :   ldr_uop   fp, [sp, #0]   : MemRead :  D=0x00000000befffd54 A=0xbefffd3c
12685000: system.cpu T0 : @push+60.1  :   addi_uop   sp, sp, #4    : IntAlu :  D=0x00000000befffd40
12685000: system.cpu T0 : @push+64    :   bx                       : IntAlu : 
12685500: system.cpu T0 : @hanoi+84    :   ldr   r3, [fp, #-8]      : MemRead :  D=0x0000000000000002 A=0xbefffd4c
12686000: system.cpu T0 : @hanoi+88    :   sub   r3, r3, #1         : IntAlu :  D=0x0000000000000001
12686000: system.cpu T0 : @hanoi+92    :   mov   r0, r3             : IntAlu :  D=0x0000000000000001
12686000: system.cpu T0 : @hanoi+96    :   ldr   r1, [fp, #-16]     : MemRead :  D=0x0000000000000003 A=0xbefffd44
12686500: system.cpu T0 : @hanoi+100    :   ldr   r2, [fp, #-12]     : MemRead :  D=0x0000000000000002 A=0xbefffd48
12687000: system.cpu T0 : @hanoi+104    :   ldr   r3, [fp, #-20]     : MemRead :  D=0x0000000000000001 A=0xbefffd40
12687000: system.cpu T0 : @hanoi+108    :   bl                       : IntAlu :  D=0x0000000000008328
12687500: system.cpu T0 : @hanoi    : ldmstm                    
12687500: system.cpu T0 : @hanoi.0  :   str_uop   fp, [sp, #8]   : MemWrite :  D=0x00000000befffd54 A=0xbefffd38
12687500: system.cpu T0 : @hanoi.1  :   str_uop   lr, [sp, #4]   : MemWrite :  D=0x0000000000008328 A=0xbefffd3c
12687500: system.cpu T0 : @hanoi.2  :   subi_uop   sp, sp, #8    : IntAlu :  D=0x00000000befffd38
12688000: system.cpu T0 : @hanoi+4    :   add   fp, sp, #4         : IntAlu :  D=0x00000000befffd3c
12688500: system.cpu T0 : @hanoi+8    :   sub   sp, sp, #16        : IntAlu :  D=0x00000000befffd28
12688500: system.cpu T0 : @hanoi+12    :   str   r0, [fp, #-8]      : MemWrite :  D=0x0000000000000001 A=0xbefffd34
12688500: system.cpu T0 : @hanoi+16    :   str   r1, [fp, #-12]     : MemWrite :  D=0x0000000000000003 A=0xbefffd30
12689000: system.cpu T0 : @hanoi+20    :   str   r2, [fp, #-16]     : MemWrite :  D=0x0000000000000002 A=0xbefffd2c
12689500: system.cpu T0 : @hanoi+24    :   str   r3, [fp, #-20]     : MemWrite :  D=0x0000000000000001 A=0xbefffd28
12689500: system.cpu T0 : @hanoi+28    :   ldr   r3, [fp, #-8]      : MemRead :  D=0x0000000000000001 A=0xbefffd34
12689500: system.cpu T0 : @hanoi+32    :   cmps   r3, #0            : IntAlu :  D=0x0000000000000001
12690000: system.cpu T0 : @hanoi+36    :   ble                      : IntAlu : Predicated False
12690500: system.cpu T0 : @hanoi+40    :   ldr   r3, [fp, #-8]      : MemRead :  D=0x0000000000000001 A=0xbefffd34
12690500: system.cpu T0 : @hanoi+44    :   sub   r3, r3, #1         : IntAlu :  D=0x0000000000000000
12690500: system.cpu T0 : @hanoi+48    :   mov   r0, r3             : IntAlu :  D=0x0000000000000000
12691000: system.cpu T0 : @hanoi+52    :   ldr   r1, [fp, #-12]     : MemRead :  D=0x0000000000000003 A=0xbefffd30
12691500: system.cpu T0 : @hanoi+56    :   ldr   r2, [fp, #-20]     : MemRead :  D=0x0000000000000001 A=0xbefffd28
12691500: system.cpu T0 : @hanoi+60    :   ldr   r3, [fp, #-16]     : MemRead :  D=0x0000000000000002 A=0xbefffd2c
12691500: system.cpu T0 : @hanoi+64    :   bl                       : IntAlu :  D=0x00000000000082fc
12692000: system.cpu T0 : @hanoi    : ldmstm                    
12692000: system.cpu T0 : @hanoi.0  :   str_uop   fp, [sp, #8]   : MemWrite :  D=0x00000000befffd3c A=0xbefffd20
12692000: system.cpu T0 : @hanoi.1  :   str_uop   lr, [sp, #4]   : MemWrite :  D=0x00000000000082fc A=0xbefffd24
12692000: system.cpu T0 : @hanoi.2  :   subi_uop   sp, sp, #8    : IntAlu :  D=0x00000000befffd20
12692500: system.cpu T0 : @hanoi+4    :   add   fp, sp, #4         : IntAlu :  D=0x00000000befffd24
12693000: system.cpu T0 : @hanoi+8    :   sub   sp, sp, #16        : IntAlu :  D=0x00000000befffd10
12693000: system.cpu T0 : @hanoi+12    :   str   r0, [fp, #-8]      : MemWrite :  D=0x0000000000000000 A=0xbefffd1c
12693000: system.cpu T0 : @hanoi+16    :   str   r1, [fp, #-12]     : MemWrite :  D=0x0000000000000003 A=0xbefffd18
12693500: system.cpu T0 : @hanoi+20    :   str   r2, [fp, #-16]     : MemWrite :  D=0x0000000000000001 A=0xbefffd14
12694000: system.cpu T0 : @hanoi+24    :   str   r3, [fp, #-20]     : MemWrite :  D=0x0000000000000002 A=0xbefffd10
12694000: system.cpu T0 : @hanoi+28    :   ldr   r3, [fp, #-8]      : MemRead :  D=0x0000000000000000 A=0xbefffd1c
12694000: system.cpu T0 : @hanoi+32    :   cmps   r3, #0            : IntAlu :  D=0x0000000000000001
12694500: system.cpu T0 : @hanoi+36    :   ble                      : IntAlu : 
12703500: system.cpu T0 : @hanoi+112    :   sub   sp, fp, #4         : IntAlu :  D=0x00000000befffd20
12703500: system.cpu T0 : @hanoi+116    : ldmstm                    
12703500: system.cpu T0 : @hanoi+116.0  :   ldr2_uop   fp,lr, [sp, #0] : MemRead :  D=0x00000000000082fc A=0xbefffd20
12703500: system.cpu T0 : @hanoi+116.1  :   addi_uop   sp, sp, #8    : IntAlu :  D=0x00000000befffd28
12704000: system.cpu T0 : @hanoi+120    :   bx                       : IntAlu : 
12704500: system.cpu T0 : @hanoi+68    :   ldr   r0, [fp, #-12]     : MemRead :  D=0x0000000000000003 A=0xbefffd30
12705000: system.cpu T0 : @hanoi+72    :   bl                       : IntAlu :  D=0x0000000000008304
12705500: system.cpu T0 : @push    :   str   fp, [sp, #-4]!    
12705500: system.cpu T0 : @push.0  :   str   fp, [sp, #-4]!     : MemWrite :  D=0x00000000befffd3c A=0xbefffd24
12705500: system.cpu T0 : @push.1  :   subi_uop   sp, sp, #4    : IntAlu :  D=0x00000000befffd24
12706000: system.cpu T0 : @push+4    :   add   fp, sp, #0         : IntAlu :  D=0x00000000befffd24
12706000: system.cpu T0 : @push+8    :   sub   sp, sp, #12        : IntAlu :  D=0x00000000befffd18
12706000: system.cpu T0 : @push+12    :   str   r0, [fp, #-8]      : MemWrite :  D=0x0000000000000003 A=0xbefffd1c
12706500: system.cpu T0 : @push+16    :   ldr   r3, [pc, #44]      : MemRead :  D=0x0000000000081e4c A=0x82b0
12707000: system.cpu T0 : @push+20    :   ldr   r2, [r3, #0]       : MemRead :  D=0x0000000000000014 A=0x81e4c
12707000: system.cpu T0 : @push+24    :   ldr   r3, [pc, #40]      : MemRead :  D=0x0000000000081e50 A=0x82b4
12707000: system.cpu T0 : @push+28    :   ldr   r1, [fp, #-8]      : MemRead :  D=0x0000000000000003 A=0xbefffd1c
12707500: system.cpu T0 : @push+32    :   str   r1, [r3, r2 LSL #2] : MemWrite :  D=0x0000000000000003 A=0x81ea0
12708000: system.cpu T0 : @push+36    :   ldr   r3, [pc, #24]      : MemRead :  D=0x0000000000081e4c A=0x82b0
12708000: system.cpu T0 : @push+40    :   ldr   r3, [r3, #0]       : MemRead :  D=0x0000000000000014 A=0x81e4c
12708000: system.cpu T0 : @push+44    :   add   r2, r3, #1         : IntAlu :  D=0x0000000000000015
12708500: system.cpu T0 : @push+48    :   ldr   r3, [pc, #12]      : MemRead :  D=0x0000000000081e4c A=0x82b0
12709000: system.cpu T0 : @push+52    :   str   r2, [r3, #0]       : MemWrite :  D=0x0000000000000015 A=0x81e4c
12709000: system.cpu T0 : @push+56    :   add   sp, fp, #0         : IntAlu :  D=0x00000000befffd24
12709000: system.cpu T0 : @push+60    : ldmstm                    
12709000: system.cpu T0 : @push+60.0  :   ldr_uop   fp, [sp, #0]   : MemRead :  D=0x00000000befffd3c A=0xbefffd24
12709500: system.cpu T0 : @push+60.1  :   addi_uop   sp, sp, #4    : IntAlu :  D=0x00000000befffd28
12709500: system.cpu T0 : @push+64    :   bx                       : IntAlu : 
12710000: system.cpu T0 : @hanoi+76    :   ldr   r0, [fp, #-20]     : MemRead :  D=0x0000000000000001 A=0xbefffd28
12710000: system.cpu T0 : @hanoi+80    :   bl                       : IntAlu :  D=0x000000000000830c
12710500: system.cpu T0 : @push    :   str   fp, [sp, #-4]!    
12710500: system.cpu T0 : @push.0  :   str   fp, [sp, #-4]!     : MemWrite :  D=0x00000000befffd3c A=0xbefffd24
12710500: system.cpu T0 : @push.1  :   subi_uop   sp, sp, #4    : IntAlu :  D=0x00000000befffd24
12711000: system.cpu T0 : @push+4    :   add   fp, sp, #0         : IntAlu :  D=0x00000000befffd24
12711000: system.cpu T0 : @push+8    :   sub   sp, sp, #12        : IntAlu :  D=0x00000000befffd18
12711000: system.cpu T0 : @push+12    :   str   r0, [fp, #-8]      : MemWrite :  D=0x0000000000000001 A=0xbefffd1c
12711500: system.cpu T0 : @push+16    :   ldr   r3, [pc, #44]      : MemRead :  D=0x0000000000081e4c A=0x82b0
12712000: system.cpu T0 : @push+20    :   ldr   r2, [r3, #0]       : MemRead :  D=0x0000000000000015 A=0x81e4c
12712000: system.cpu T0 : @push+24    :   ldr   r3, [pc, #40]      : MemRead :  D=0x0000000000081e50 A=0x82b4
12712000: system.cpu T0 : @push+28    :   ldr   r1, [fp, #-8]      : MemRead :  D=0x0000000000000001 A=0xbefffd1c
12712500: system.cpu T0 : @push+32    :   str   r1, [r3, r2 LSL #2] : MemWrite :  D=0x0000000000000001 A=0x81ea4
12713000: system.cpu T0 : @push+36    :   ldr   r3, [pc, #24]      : MemRead :  D=0x0000000000081e4c A=0x82b0
12713000: system.cpu T0 : @push+40    :   ldr   r3, [r3, #0]       : MemRead :  D=0x0000000000000015 A=0x81e4c
12713000: system.cpu T0 : @push+44    :   add   r2, r3, #1         : IntAlu :  D=0x0000000000000016
12713500: system.cpu T0 : @push+48    :   ldr   r3, [pc, #12]      : MemRead :  D=0x0000000000081e4c A=0x82b0
12714000: system.cpu T0 : @push+52    :   str   r2, [r3, #0]       : MemWrite :  D=0x0000000000000016 A=0x81e4c
12714000: system.cpu T0 : @push+56    :   add   sp, fp, #0         : IntAlu :  D=0x00000000befffd24
12714000: system.cpu T0 : @push+60    : ldmstm                    
12714000: system.cpu T0 : @push+60.0  :   ldr_uop   fp, [sp, #0]   : MemRead :  D=0x00000000befffd3c A=0xbefffd24
12714500: system.cpu T0 : @push+60.1  :   addi_uop   sp, sp, #4    : IntAlu :  D=0x00000000befffd28
12714500: system.cpu T0 : @push+64    :   bx                       : IntAlu : 
12715000: system.cpu T0 : @hanoi+84    :   ldr   r3, [fp, #-8]      : MemRead :  D=0x0000000000000001 A=0xbefffd34
12715500: system.cpu T0 : @hanoi+88    :   sub   r3, r3, #1         : IntAlu :  D=0x0000000000000000
12715500: system.cpu T0 : @hanoi+92    :   mov   r0, r3             : IntAlu :  D=0x0000000000000000
12715500: system.cpu T0 : @hanoi+96    :   ldr   r1, [fp, #-16]     : MemRead :  D=0x0000000000000002 A=0xbefffd2c
12716000: system.cpu T0 : @hanoi+100    :   ldr   r2, [fp, #-12]     : MemRead :  D=0x0000000000000003 A=0xbefffd30
12716500: system.cpu T0 : @hanoi+104    :   ldr   r3, [fp, #-20]     : MemRead :  D=0x0000000000000001 A=0xbefffd28
12716500: system.cpu T0 : @hanoi+108    :   bl                       : IntAlu :  D=0x0000000000008328
12717000: system.cpu T0 : @hanoi    : ldmstm                    
12717000: system.cpu T0 : @hanoi.0  :   str_uop   fp, [sp, #8]   : MemWrite :  D=0x00000000befffd3c A=0xbefffd20
12717000: system.cpu T0 : @hanoi.1  :   str_uop   lr, [sp, #4]   : MemWrite :  D=0x0000000000008328 A=0xbefffd24
12717000: system.cpu T0 : @hanoi.2  :   subi_uop   sp, sp, #8    : IntAlu :  D=0x00000000befffd20
12717500: system.cpu T0 : @hanoi+4    :   add   fp, sp, #4         : IntAlu :  D=0x00000000befffd24
12718000: system.cpu T0 : @hanoi+8    :   sub   sp, sp, #16        : IntAlu :  D=0x00000000befffd10
12718000: system.cpu T0 : @hanoi+12    :   str   r0, [fp, #-8]      : MemWrite :  D=0x0000000000000000 A=0xbefffd1c
12718000: system.cpu T0 : @hanoi+16    :   str   r1, [fp, #-12]     : MemWrite :  D=0x0000000000000002 A=0xbefffd18
12718500: system.cpu T0 : @hanoi+20    :   str   r2, [fp, #-16]     : MemWrite :  D=0x0000000000000003 A=0xbefffd14
12719000: system.cpu T0 : @hanoi+24    :   str   r3, [fp, #-20]     : MemWrite :  D=0x0000000000000001 A=0xbefffd10
12719000: system.cpu T0 : @hanoi+28    :   ldr   r3, [fp, #-8]      : MemRead :  D=0x0000000000000000 A=0xbefffd1c
12719000: system.cpu T0 : @hanoi+32    :   cmps   r3, #0            : IntAlu :  D=0x0000000000000001
12719500: system.cpu T0 : @hanoi+36    :   ble                      : IntAlu : 
12720000: system.cpu T0 : @hanoi+112    :   sub   sp, fp, #4         : IntAlu :  D=0x00000000befffd20
12720000: system.cpu T0 : @hanoi+116    : ldmstm                    
12720000: system.cpu T0 : @hanoi+116.0  :   ldr2_uop   fp,lr, [sp, #0] : MemRead :  D=0x0000000000008328 A=0xbefffd20
12720000: system.cpu T0 : @hanoi+116.1  :   addi_uop   sp, sp, #8    : IntAlu :  D=0x00000000befffd28
12720500: system.cpu T0 : @hanoi+120    :   bx                       : IntAlu : 
12721000: system.cpu T0 : @hanoi+112    :   sub   sp, fp, #4         : IntAlu :  D=0x00000000befffd38
12721000: system.cpu T0 : @hanoi+116    : ldmstm                    
12721000: system.cpu T0 : @hanoi+116.0  :   ldr2_uop   fp,lr, [sp, #0] : MemRead :  D=0x0000000000008328 A=0xbefffd38
12721000: system.cpu T0 : @hanoi+116.1  :   addi_uop   sp, sp, #8    : IntAlu :  D=0x00000000befffd40
12721500: system.cpu T0 : @hanoi+120    :   bx                       : IntAlu : 
12722000: system.cpu T0 : @hanoi+112    :   sub   sp, fp, #4         : IntAlu :  D=0x00000000befffd50
12722000: system.cpu T0 : @hanoi+116    : ldmstm                    
12722000: system.cpu T0 : @hanoi+116.0  :   ldr2_uop   fp,lr, [sp, #0] : MemRead :  D=0x00000000000082fc A=0xbefffd50
12722000: system.cpu T0 : @hanoi+116.1  :   addi_uop   sp, sp, #8    : IntAlu :  D=0x00000000befffd58
12722500: system.cpu T0 : @hanoi+120    :   bx                       : IntAlu : 
12723000: system.cpu T0 : @hanoi+68    :   ldr   r0, [fp, #-12]     : MemRead :  D=0x0000000000000002 A=0xbefffd60
12723500: system.cpu T0 : @hanoi+72    :   bl                       : IntAlu :  D=0x0000000000008304
12724000: system.cpu T0 : @push    :   str   fp, [sp, #-4]!    
12724000: system.cpu T0 : @push.0  :   str   fp, [sp, #-4]!     : MemWrite :  D=0x00000000befffd6c A=0xbefffd54
12724000: system.cpu T0 : @push.1  :   subi_uop   sp, sp, #4    : IntAlu :  D=0x00000000befffd54
12724500: system.cpu T0 : @push+4    :   add   fp, sp, #0         : IntAlu :  D=0x00000000befffd54
12724500: system.cpu T0 : @push+8    :   sub   sp, sp, #12        : IntAlu :  D=0x00000000befffd48
12724500: system.cpu T0 : @push+12    :   str   r0, [fp, #-8]      : MemWrite :  D=0x0000000000000002 A=0xbefffd4c
12725000: system.cpu T0 : @push+16    :   ldr   r3, [pc, #44]      : MemRead :  D=0x0000000000081e4c A=0x82b0
12725500: system.cpu T0 : @push+20    :   ldr   r2, [r3, #0]       : MemRead :  D=0x0000000000000016 A=0x81e4c
12725500: system.cpu T0 : @push+24    :   ldr   r3, [pc, #40]      : MemRead :  D=0x0000000000081e50 A=0x82b4
12725500: system.cpu T0 : @push+28    :   ldr   r1, [fp, #-8]      : MemRead :  D=0x0000000000000002 A=0xbefffd4c
12726000: system.cpu T0 : @push+32    :   str   r1, [r3, r2 LSL #2] : MemWrite :  D=0x0000000000000002 A=0x81ea8
12726500: system.cpu T0 : @push+36    :   ldr   r3, [pc, #24]      : MemRead :  D=0x0000000000081e4c A=0x82b0
12726500: system.cpu T0 : @push+40    :   ldr   r3, [r3, #0]       : MemRead :  D=0x0000000000000016 A=0x81e4c
12726500: system.cpu T0 : @push+44    :   add   r2, r3, #1         : IntAlu :  D=0x0000000000000017
12727000: system.cpu T0 : @push+48    :   ldr   r3, [pc, #12]      : MemRead :  D=0x0000000000081e4c A=0x82b0
12727500: system.cpu T0 : @push+52    :   str   r2, [r3, #0]       : MemWrite :  D=0x0000000000000017 A=0x81e4c
12727500: system.cpu T0 : @push+56    :   add   sp, fp, #0         : IntAlu :  D=0x00000000befffd54
12727500: system.cpu T0 : @push+60    : ldmstm                    
12727500: system.cpu T0 : @push+60.0  :   ldr_uop   fp, [sp, #0]   : MemRead :  D=0x00000000befffd6c A=0xbefffd54
12728000: system.cpu T0 : @push+60.1  :   addi_uop   sp, sp, #4    : IntAlu :  D=0x00000000befffd58
12728000: system.cpu T0 : @push+64    :   bx                       : IntAlu : 
12728500: system.cpu T0 : @hanoi+76    :   ldr   r0, [fp, #-20]     : MemRead :  D=0x0000000000000003 A=0xbefffd58
12728500: system.cpu T0 : @hanoi+80    :   bl                       : IntAlu :  D=0x000000000000830c
12729000: system.cpu T0 : @push    :   str   fp, [sp, #-4]!    
12729000: system.cpu T0 : @push.0  :   str   fp, [sp, #-4]!     : MemWrite :  D=0x00000000befffd6c A=0xbefffd54
12729000: system.cpu T0 : @push.1  :   subi_uop   sp, sp, #4    : IntAlu :  D=0x00000000befffd54
12729500: system.cpu T0 : @push+4    :   add   fp, sp, #0         : IntAlu :  D=0x00000000befffd54
12729500: system.cpu T0 : @push+8    :   sub   sp, sp, #12        : IntAlu :  D=0x00000000befffd48
12729500: system.cpu T0 : @push+12    :   str   r0, [fp, #-8]      : MemWrite :  D=0x0000000000000003 A=0xbefffd4c
12730000: system.cpu T0 : @push+16    :   ldr   r3, [pc, #44]      : MemRead :  D=0x0000000000081e4c A=0x82b0
12730500: system.cpu T0 : @push+20    :   ldr   r2, [r3, #0]       : MemRead :  D=0x0000000000000017 A=0x81e4c
12730500: system.cpu T0 : @push+24    :   ldr   r3, [pc, #40]      : MemRead :  D=0x0000000000081e50 A=0x82b4
12730500: system.cpu T0 : @push+28    :   ldr   r1, [fp, #-8]      : MemRead :  D=0x0000000000000003 A=0xbefffd4c
12731000: system.cpu T0 : @push+32    :   str   r1, [r3, r2 LSL #2] : MemWrite :  D=0x0000000000000003 A=0x81eac
12731500: system.cpu T0 : @push+36    :   ldr   r3, [pc, #24]      : MemRead :  D=0x0000000000081e4c A=0x82b0
12731500: system.cpu T0 : @push+40    :   ldr   r3, [r3, #0]       : MemRead :  D=0x0000000000000017 A=0x81e4c
12731500: system.cpu T0 : @push+44    :   add   r2, r3, #1         : IntAlu :  D=0x0000000000000018
12732000: system.cpu T0 : @push+48    :   ldr   r3, [pc, #12]      : MemRead :  D=0x0000000000081e4c A=0x82b0
12732500: system.cpu T0 : @push+52    :   str   r2, [r3, #0]       : MemWrite :  D=0x0000000000000018 A=0x81e4c
12732500: system.cpu T0 : @push+56    :   add   sp, fp, #0         : IntAlu :  D=0x00000000befffd54
12732500: system.cpu T0 : @push+60    : ldmstm                    
12732500: system.cpu T0 : @push+60.0  :   ldr_uop   fp, [sp, #0]   : MemRead :  D=0x00000000befffd6c A=0xbefffd54
12733000: system.cpu T0 : @push+60.1  :   addi_uop   sp, sp, #4    : IntAlu :  D=0x00000000befffd58
12733000: system.cpu T0 : @push+64    :   bx                       : IntAlu : 
12733500: system.cpu T0 : @hanoi+84    :   ldr   r3, [fp, #-8]      : MemRead :  D=0x0000000000000003 A=0xbefffd64
12734000: system.cpu T0 : @hanoi+88    :   sub   r3, r3, #1         : IntAlu :  D=0x0000000000000002
12734000: system.cpu T0 : @hanoi+92    :   mov   r0, r3             : IntAlu :  D=0x0000000000000002
12734000: system.cpu T0 : @hanoi+96    :   ldr   r1, [fp, #-16]     : MemRead :  D=0x0000000000000001 A=0xbefffd5c
12734500: system.cpu T0 : @hanoi+100    :   ldr   r2, [fp, #-12]     : MemRead :  D=0x0000000000000002 A=0xbefffd60
12735000: system.cpu T0 : @hanoi+104    :   ldr   r3, [fp, #-20]     : MemRead :  D=0x0000000000000003 A=0xbefffd58
12735000: system.cpu T0 : @hanoi+108    :   bl                       : IntAlu :  D=0x0000000000008328
12735500: system.cpu T0 : @hanoi    : ldmstm                    
12735500: system.cpu T0 : @hanoi.0  :   str_uop   fp, [sp, #8]   : MemWrite :  D=0x00000000befffd6c A=0xbefffd50
12735500: system.cpu T0 : @hanoi.1  :   str_uop   lr, [sp, #4]   : MemWrite :  D=0x0000000000008328 A=0xbefffd54
12735500: system.cpu T0 : @hanoi.2  :   subi_uop   sp, sp, #8    : IntAlu :  D=0x00000000befffd50
12736000: system.cpu T0 : @hanoi+4    :   add   fp, sp, #4         : IntAlu :  D=0x00000000befffd54
12736500: system.cpu T0 : @hanoi+8    :   sub   sp, sp, #16        : IntAlu :  D=0x00000000befffd40
12736500: system.cpu T0 : @hanoi+12    :   str   r0, [fp, #-8]      : MemWrite :  D=0x0000000000000002 A=0xbefffd4c
12736500: system.cpu T0 : @hanoi+16    :   str   r1, [fp, #-12]     : MemWrite :  D=0x0000000000000001 A=0xbefffd48
12737000: system.cpu T0 : @hanoi+20    :   str   r2, [fp, #-16]     : MemWrite :  D=0x0000000000000002 A=0xbefffd44
12737500: system.cpu T0 : @hanoi+24    :   str   r3, [fp, #-20]     : MemWrite :  D=0x0000000000000003 A=0xbefffd40
12737500: system.cpu T0 : @hanoi+28    :   ldr   r3, [fp, #-8]      : MemRead :  D=0x0000000000000002 A=0xbefffd4c
12737500: system.cpu T0 : @hanoi+32    :   cmps   r3, #0            : IntAlu :  D=0x0000000000000001
12738000: system.cpu T0 : @hanoi+36    :   ble                      : IntAlu : Predicated False
12738500: system.cpu T0 : @hanoi+40    :   ldr   r3, [fp, #-8]      : MemRead :  D=0x0000000000000002 A=0xbefffd4c
12738500: system.cpu T0 : @hanoi+44    :   sub   r3, r3, #1         : IntAlu :  D=0x0000000000000001
12738500: system.cpu T0 : @hanoi+48    :   mov   r0, r3             : IntAlu :  D=0x0000000000000001
12739000: system.cpu T0 : @hanoi+52    :   ldr   r1, [fp, #-12]     : MemRead :  D=0x0000000000000001 A=0xbefffd48
12739500: system.cpu T0 : @hanoi+56    :   ldr   r2, [fp, #-20]     : MemRead :  D=0x0000000000000003 A=0xbefffd40
12739500: system.cpu T0 : @hanoi+60    :   ldr   r3, [fp, #-16]     : MemRead :  D=0x0000000000000002 A=0xbefffd44
12739500: system.cpu T0 : @hanoi+64    :   bl                       : IntAlu :  D=0x00000000000082fc
12740000: system.cpu T0 : @hanoi    : ldmstm                    
12740000: system.cpu T0 : @hanoi.0  :   str_uop   fp, [sp, #8]   : MemWrite :  D=0x00000000befffd54 A=0xbefffd38
12740000: system.cpu T0 : @hanoi.1  :   str_uop   lr, [sp, #4]   : MemWrite :  D=0x00000000000082fc A=0xbefffd3c
12740000: system.cpu T0 : @hanoi.2  :   subi_uop   sp, sp, #8    : IntAlu :  D=0x00000000befffd38
12740500: system.cpu T0 : @hanoi+4    :   add   fp, sp, #4         : IntAlu :  D=0x00000000befffd3c
12741000: system.cpu T0 : @hanoi+8    :   sub   sp, sp, #16        : IntAlu :  D=0x00000000befffd28
12741000: system.cpu T0 : @hanoi+12    :   str   r0, [fp, #-8]      : MemWrite :  D=0x0000000000000001 A=0xbefffd34
12741000: system.cpu T0 : @hanoi+16    :   str   r1, [fp, #-12]     : MemWrite :  D=0x0000000000000001 A=0xbefffd30
12741500: system.cpu T0 : @hanoi+20    :   str   r2, [fp, #-16]     : MemWrite :  D=0x0000000000000003 A=0xbefffd2c
12742000: system.cpu T0 : @hanoi+24    :   str   r3, [fp, #-20]     : MemWrite :  D=0x0000000000000002 A=0xbefffd28
12742000: system.cpu T0 : @hanoi+28    :   ldr   r3, [fp, #-8]      : MemRead :  D=0x0000000000000001 A=0xbefffd34
12742000: system.cpu T0 : @hanoi+32    :   cmps   r3, #0            : IntAlu :  D=0x0000000000000001
12742500: system.cpu T0 : @hanoi+36    :   ble                      : IntAlu : Predicated False
12743000: system.cpu T0 : @hanoi+40    :   ldr   r3, [fp, #-8]      : MemRead :  D=0x0000000000000001 A=0xbefffd34
12743000: system.cpu T0 : @hanoi+44    :   sub   r3, r3, #1         : IntAlu :  D=0x0000000000000000
12743000: system.cpu T0 : @hanoi+48    :   mov   r0, r3             : IntAlu :  D=0x0000000000000000
12743500: system.cpu T0 : @hanoi+52    :   ldr   r1, [fp, #-12]     : MemRead :  D=0x0000000000000001 A=0xbefffd30
12744000: system.cpu T0 : @hanoi+56    :   ldr   r2, [fp, #-20]     : MemRead :  D=0x0000000000000002 A=0xbefffd28
12744000: system.cpu T0 : @hanoi+60    :   ldr   r3, [fp, #-16]     : MemRead :  D=0x0000000000000003 A=0xbefffd2c
12744000: system.cpu T0 : @hanoi+64    :   bl                       : IntAlu :  D=0x00000000000082fc
12744500: system.cpu T0 : @hanoi    : ldmstm                    
12744500: system.cpu T0 : @hanoi.0  :   str_uop   fp, [sp, #8]   : MemWrite :  D=0x00000000befffd3c A=0xbefffd20
12744500: system.cpu T0 : @hanoi.1  :   str_uop   lr, [sp, #4]   : MemWrite :  D=0x00000000000082fc A=0xbefffd24
12744500: system.cpu T0 : @hanoi.2  :   subi_uop   sp, sp, #8    : IntAlu :  D=0x00000000befffd20
12745000: system.cpu T0 : @hanoi+4    :   add   fp, sp, #4         : IntAlu :  D=0x00000000befffd24
12745500: system.cpu T0 : @hanoi+8    :   sub   sp, sp, #16        : IntAlu :  D=0x00000000befffd10
12745500: system.cpu T0 : @hanoi+12    :   str   r0, [fp, #-8]      : MemWrite :  D=0x0000000000000000 A=0xbefffd1c
12745500: system.cpu T0 : @hanoi+16    :   str   r1, [fp, #-12]     : MemWrite :  D=0x0000000000000001 A=0xbefffd18
12746000: system.cpu T0 : @hanoi+20    :   str   r2, [fp, #-16]     : MemWrite :  D=0x0000000000000002 A=0xbefffd14
12746500: system.cpu T0 : @hanoi+24    :   str   r3, [fp, #-20]     : MemWrite :  D=0x0000000000000003 A=0xbefffd10
12746500: system.cpu T0 : @hanoi+28    :   ldr   r3, [fp, #-8]      : MemRead :  D=0x0000000000000000 A=0xbefffd1c
12746500: system.cpu T0 : @hanoi+32    :   cmps   r3, #0            : IntAlu :  D=0x0000000000000001
12747000: system.cpu T0 : @hanoi+36    :   ble                      : IntAlu : 
12757500: system.cpu T0 : @hanoi+112    :   sub   sp, fp, #4         : IntAlu :  D=0x00000000befffd20
12757500: system.cpu T0 : @hanoi+116    : ldmstm                    
12757500: system.cpu T0 : @hanoi+116.0  :   ldr2_uop   fp,lr, [sp, #0] : MemRead :  D=0x00000000000082fc A=0xbefffd20
12757500: system.cpu T0 : @hanoi+116.1  :   addi_uop   sp, sp, #8    : IntAlu :  D=0x00000000befffd28
12758000: system.cpu T0 : @hanoi+120    :   bx                       : IntAlu : 
12758500: system.cpu T0 : @hanoi+68    :   ldr   r0, [fp, #-12]     : MemRead :  D=0x0000000000000001 A=0xbefffd30
12759000: system.cpu T0 : @hanoi+72    :   bl                       : IntAlu :  D=0x0000000000008304
12759500: system.cpu T0 : @push    :   str   fp, [sp, #-4]!    
12759500: system.cpu T0 : @push.0  :   str   fp, [sp, #-4]!     : MemWrite :  D=0x00000000befffd3c A=0xbefffd24
12759500: system.cpu T0 : @push.1  :   subi_uop   sp, sp, #4    : IntAlu :  D=0x00000000befffd24
12760000: system.cpu T0 : @push+4    :   add   fp, sp, #0         : IntAlu :  D=0x00000000befffd24
12760000: system.cpu T0 : @push+8    :   sub   sp, sp, #12        : IntAlu :  D=0x00000000befffd18
12760000: system.cpu T0 : @push+12    :   str   r0, [fp, #-8]      : MemWrite :  D=0x0000000000000001 A=0xbefffd1c
12760500: system.cpu T0 : @push+16    :   ldr   r3, [pc, #44]      : MemRead :  D=0x0000000000081e4c A=0x82b0
12761000: system.cpu T0 : @push+20    :   ldr   r2, [r3, #0]       : MemRead :  D=0x0000000000000018 A=0x81e4c
12761000: system.cpu T0 : @push+24    :   ldr   r3, [pc, #40]      : MemRead :  D=0x0000000000081e50 A=0x82b4
12761000: system.cpu T0 : @push+28    :   ldr   r1, [fp, #-8]      : MemRead :  D=0x0000000000000001 A=0xbefffd1c
12761500: system.cpu T0 : @push+32    :   str   r1, [r3, r2 LSL #2] : MemWrite :  D=0x0000000000000001 A=0x81eb0
12762000: system.cpu T0 : @push+36    :   ldr   r3, [pc, #24]      : MemRead :  D=0x0000000000081e4c A=0x82b0
12762000: system.cpu T0 : @push+40    :   ldr   r3, [r3, #0]       : MemRead :  D=0x0000000000000018 A=0x81e4c
12762000: system.cpu T0 : @push+44    :   add   r2, r3, #1         : IntAlu :  D=0x0000000000000019
12762500: system.cpu T0 : @push+48    :   ldr   r3, [pc, #12]      : MemRead :  D=0x0000000000081e4c A=0x82b0
12763000: system.cpu T0 : @push+52    :   str   r2, [r3, #0]       : MemWrite :  D=0x0000000000000019 A=0x81e4c
12763000: system.cpu T0 : @push+56    :   add   sp, fp, #0         : IntAlu :  D=0x00000000befffd24
12763000: system.cpu T0 : @push+60    : ldmstm                    
12763000: system.cpu T0 : @push+60.0  :   ldr_uop   fp, [sp, #0]   : MemRead :  D=0x00000000befffd3c A=0xbefffd24
12763500: system.cpu T0 : @push+60.1  :   addi_uop   sp, sp, #4    : IntAlu :  D=0x00000000befffd28
12763500: system.cpu T0 : @push+64    :   bx                       : IntAlu : 
12764000: system.cpu T0 : @hanoi+76    :   ldr   r0, [fp, #-20]     : MemRead :  D=0x0000000000000002 A=0xbefffd28
12764000: system.cpu T0 : @hanoi+80    :   bl                       : IntAlu :  D=0x000000000000830c
12764500: system.cpu T0 : @push    :   str   fp, [sp, #-4]!    
12764500: system.cpu T0 : @push.0  :   str   fp, [sp, #-4]!     : MemWrite :  D=0x00000000befffd3c A=0xbefffd24
12764500: system.cpu T0 : @push.1  :   subi_uop   sp, sp, #4    : IntAlu :  D=0x00000000befffd24
12765000: system.cpu T0 : @push+4    :   add   fp, sp, #0         : IntAlu :  D=0x00000000befffd24
12765000: system.cpu T0 : @push+8    :   sub   sp, sp, #12        : IntAlu :  D=0x00000000befffd18
12765000: system.cpu T0 : @push+12    :   str   r0, [fp, #-8]      : MemWrite :  D=0x0000000000000002 A=0xbefffd1c
12765500: system.cpu T0 : @push+16    :   ldr   r3, [pc, #44]      : MemRead :  D=0x0000000000081e4c A=0x82b0
12766000: system.cpu T0 : @push+20    :   ldr   r2, [r3, #0]       : MemRead :  D=0x0000000000000019 A=0x81e4c
12766000: system.cpu T0 : @push+24    :   ldr   r3, [pc, #40]      : MemRead :  D=0x0000000000081e50 A=0x82b4
12766000: system.cpu T0 : @push+28    :   ldr   r1, [fp, #-8]      : MemRead :  D=0x0000000000000002 A=0xbefffd1c
12766500: system.cpu T0 : @push+32    :   str   r1, [r3, r2 LSL #2] : MemWrite :  D=0x0000000000000002 A=0x81eb4
12767000: system.cpu T0 : @push+36    :   ldr   r3, [pc, #24]      : MemRead :  D=0x0000000000081e4c A=0x82b0
12767000: system.cpu T0 : @push+40    :   ldr   r3, [r3, #0]       : MemRead :  D=0x0000000000000019 A=0x81e4c
12767000: system.cpu T0 : @push+44    :   add   r2, r3, #1         : IntAlu :  D=0x000000000000001a
12767500: system.cpu T0 : @push+48    :   ldr   r3, [pc, #12]      : MemRead :  D=0x0000000000081e4c A=0x82b0
12768000: system.cpu T0 : @push+52    :   str   r2, [r3, #0]       : MemWrite :  D=0x000000000000001a A=0x81e4c
12768000: system.cpu T0 : @push+56    :   add   sp, fp, #0         : IntAlu :  D=0x00000000befffd24
12768000: system.cpu T0 : @push+60    : ldmstm                    
12768000: system.cpu T0 : @push+60.0  :   ldr_uop   fp, [sp, #0]   : MemRead :  D=0x00000000befffd3c A=0xbefffd24
12768500: system.cpu T0 : @push+60.1  :   addi_uop   sp, sp, #4    : IntAlu :  D=0x00000000befffd28
12768500: system.cpu T0 : @push+64    :   bx                       : IntAlu : 
12769000: system.cpu T0 : @hanoi+84    :   ldr   r3, [fp, #-8]      : MemRead :  D=0x0000000000000001 A=0xbefffd34
12769500: system.cpu T0 : @hanoi+88    :   sub   r3, r3, #1         : IntAlu :  D=0x0000000000000000
12769500: system.cpu T0 : @hanoi+92    :   mov   r0, r3             : IntAlu :  D=0x0000000000000000
12769500: system.cpu T0 : @hanoi+96    :   ldr   r1, [fp, #-16]     : MemRead :  D=0x0000000000000003 A=0xbefffd2c
12770000: system.cpu T0 : @hanoi+100    :   ldr   r2, [fp, #-12]     : MemRead :  D=0x0000000000000001 A=0xbefffd30
12770500: system.cpu T0 : @hanoi+104    :   ldr   r3, [fp, #-20]     : MemRead :  D=0x0000000000000002 A=0xbefffd28
12770500: system.cpu T0 : @hanoi+108    :   bl                       : IntAlu :  D=0x0000000000008328
12771000: system.cpu T0 : @hanoi    : ldmstm                    
12771000: system.cpu T0 : @hanoi.0  :   str_uop   fp, [sp, #8]   : MemWrite :  D=0x00000000befffd3c A=0xbefffd20
12771000: system.cpu T0 : @hanoi.1  :   str_uop   lr, [sp, #4]   : MemWrite :  D=0x0000000000008328 A=0xbefffd24
12771000: system.cpu T0 : @hanoi.2  :   subi_uop   sp, sp, #8    : IntAlu :  D=0x00000000befffd20
12771500: system.cpu T0 : @hanoi+4    :   add   fp, sp, #4         : IntAlu :  D=0x00000000befffd24
12772000: system.cpu T0 : @hanoi+8    :   sub   sp, sp, #16        : IntAlu :  D=0x00000000befffd10
12772000: system.cpu T0 : @hanoi+12    :   str   r0, [fp, #-8]      : MemWrite :  D=0x0000000000000000 A=0xbefffd1c
12772000: system.cpu T0 : @hanoi+16    :   str   r1, [fp, #-12]     : MemWrite :  D=0x0000000000000003 A=0xbefffd18
12772500: system.cpu T0 : @hanoi+20    :   str   r2, [fp, #-16]     : MemWrite :  D=0x0000000000000001 A=0xbefffd14
12773000: system.cpu T0 : @hanoi+24    :   str   r3, [fp, #-20]     : MemWrite :  D=0x0000000000000002 A=0xbefffd10
12773000: system.cpu T0 : @hanoi+28    :   ldr   r3, [fp, #-8]      : MemRead :  D=0x0000000000000000 A=0xbefffd1c
12773000: system.cpu T0 : @hanoi+32    :   cmps   r3, #0            : IntAlu :  D=0x0000000000000001
12773500: system.cpu T0 : @hanoi+36    :   ble                      : IntAlu : 
12781500: system.cpu T0 : @hanoi+112    :   sub   sp, fp, #4         : IntAlu :  D=0x00000000befffd20
12781500: system.cpu T0 : @hanoi+116    : ldmstm                    
12781500: system.cpu T0 : @hanoi+116.0  :   ldr2_uop   fp,lr, [sp, #0] : MemRead :  D=0x0000000000008328 A=0xbefffd20
12781500: system.cpu T0 : @hanoi+116.1  :   addi_uop   sp, sp, #8    : IntAlu :  D=0x00000000befffd28
12782000: system.cpu T0 : @hanoi+120    :   bx                       : IntAlu : 
12782500: system.cpu T0 : @hanoi+112    :   sub   sp, fp, #4         : IntAlu :  D=0x00000000befffd38
12782500: system.cpu T0 : @hanoi+116    : ldmstm                    
12782500: system.cpu T0 : @hanoi+116.0  :   ldr2_uop   fp,lr, [sp, #0] : MemRead :  D=0x00000000000082fc A=0xbefffd38
12782500: system.cpu T0 : @hanoi+116.1  :   addi_uop   sp, sp, #8    : IntAlu :  D=0x00000000befffd40
12783000: system.cpu T0 : @hanoi+120    :   bx                       : IntAlu : 
12783500: system.cpu T0 : @hanoi+68    :   ldr   r0, [fp, #-12]     : MemRead :  D=0x0000000000000001 A=0xbefffd48
12784000: system.cpu T0 : @hanoi+72    :   bl                       : IntAlu :  D=0x0000000000008304
12784500: system.cpu T0 : @push    :   str   fp, [sp, #-4]!    
12784500: system.cpu T0 : @push.0  :   str   fp, [sp, #-4]!     : MemWrite :  D=0x00000000befffd54 A=0xbefffd3c
12784500: system.cpu T0 : @push.1  :   subi_uop   sp, sp, #4    : IntAlu :  D=0x00000000befffd3c
12785000: system.cpu T0 : @push+4    :   add   fp, sp, #0         : IntAlu :  D=0x00000000befffd3c
12785000: system.cpu T0 : @push+8    :   sub   sp, sp, #12        : IntAlu :  D=0x00000000befffd30
12785000: system.cpu T0 : @push+12    :   str   r0, [fp, #-8]      : MemWrite :  D=0x0000000000000001 A=0xbefffd34
12785500: system.cpu T0 : @push+16    :   ldr   r3, [pc, #44]      : MemRead :  D=0x0000000000081e4c A=0x82b0
12786000: system.cpu T0 : @push+20    :   ldr   r2, [r3, #0]       : MemRead :  D=0x000000000000001a A=0x81e4c
12786000: system.cpu T0 : @push+24    :   ldr   r3, [pc, #40]      : MemRead :  D=0x0000000000081e50 A=0x82b4
12786000: system.cpu T0 : @push+28    :   ldr   r1, [fp, #-8]      : MemRead :  D=0x0000000000000001 A=0xbefffd34
12786500: system.cpu T0 : @push+32    :   str   r1, [r3, r2 LSL #2] : MemWrite :  D=0x0000000000000001 A=0x81eb8
12787000: system.cpu T0 : @push+36    :   ldr   r3, [pc, #24]      : MemRead :  D=0x0000000000081e4c A=0x82b0
12787000: system.cpu T0 : @push+40    :   ldr   r3, [r3, #0]       : MemRead :  D=0x000000000000001a A=0x81e4c
12787000: system.cpu T0 : @push+44    :   add   r2, r3, #1         : IntAlu :  D=0x000000000000001b
12787500: system.cpu T0 : @push+48    :   ldr   r3, [pc, #12]      : MemRead :  D=0x0000000000081e4c A=0x82b0
12788000: system.cpu T0 : @push+52    :   str   r2, [r3, #0]       : MemWrite :  D=0x000000000000001b A=0x81e4c
12788000: system.cpu T0 : @push+56    :   add   sp, fp, #0         : IntAlu :  D=0x00000000befffd3c
12788000: system.cpu T0 : @push+60    : ldmstm                    
12788000: system.cpu T0 : @push+60.0  :   ldr_uop   fp, [sp, #0]   : MemRead :  D=0x00000000befffd54 A=0xbefffd3c
12788500: system.cpu T0 : @push+60.1  :   addi_uop   sp, sp, #4    : IntAlu :  D=0x00000000befffd40
12788500: system.cpu T0 : @push+64    :   bx                       : IntAlu : 
12789000: system.cpu T0 : @hanoi+76    :   ldr   r0, [fp, #-20]     : MemRead :  D=0x0000000000000003 A=0xbefffd40
12789000: system.cpu T0 : @hanoi+80    :   bl                       : IntAlu :  D=0x000000000000830c
12789500: system.cpu T0 : @push    :   str   fp, [sp, #-4]!    
12789500: system.cpu T0 : @push.0  :   str   fp, [sp, #-4]!     : MemWrite :  D=0x00000000befffd54 A=0xbefffd3c
12789500: system.cpu T0 : @push.1  :   subi_uop   sp, sp, #4    : IntAlu :  D=0x00000000befffd3c
12790000: system.cpu T0 : @push+4    :   add   fp, sp, #0         : IntAlu :  D=0x00000000befffd3c
12790000: system.cpu T0 : @push+8    :   sub   sp, sp, #12        : IntAlu :  D=0x00000000befffd30
12790000: system.cpu T0 : @push+12    :   str   r0, [fp, #-8]      : MemWrite :  D=0x0000000000000003 A=0xbefffd34
12790500: system.cpu T0 : @push+16    :   ldr   r3, [pc, #44]      : MemRead :  D=0x0000000000081e4c A=0x82b0
12791000: system.cpu T0 : @push+20    :   ldr   r2, [r3, #0]       : MemRead :  D=0x000000000000001b A=0x81e4c
12791000: system.cpu T0 : @push+24    :   ldr   r3, [pc, #40]      : MemRead :  D=0x0000000000081e50 A=0x82b4
12791000: system.cpu T0 : @push+28    :   ldr   r1, [fp, #-8]      : MemRead :  D=0x0000000000000003 A=0xbefffd34
12791500: system.cpu T0 : @push+32    :   str   r1, [r3, r2 LSL #2] : MemWrite :  D=0x0000000000000003 A=0x81ebc
12792000: system.cpu T0 : @push+36    :   ldr   r3, [pc, #24]      : MemRead :  D=0x0000000000081e4c A=0x82b0
12792000: system.cpu T0 : @push+40    :   ldr   r3, [r3, #0]       : MemRead :  D=0x000000000000001b A=0x81e4c
12792000: system.cpu T0 : @push+44    :   add   r2, r3, #1         : IntAlu :  D=0x000000000000001c
12792500: system.cpu T0 : @push+48    :   ldr   r3, [pc, #12]      : MemRead :  D=0x0000000000081e4c A=0x82b0
12793000: system.cpu T0 : @push+52    :   str   r2, [r3, #0]       : MemWrite :  D=0x000000000000001c A=0x81e4c
12793000: system.cpu T0 : @push+56    :   add   sp, fp, #0         : IntAlu :  D=0x00000000befffd3c
12793000: system.cpu T0 : @push+60    : ldmstm                    
12793000: system.cpu T0 : @push+60.0  :   ldr_uop   fp, [sp, #0]   : MemRead :  D=0x00000000befffd54 A=0xbefffd3c
12793500: system.cpu T0 : @push+60.1  :   addi_uop   sp, sp, #4    : IntAlu :  D=0x00000000befffd40
12793500: system.cpu T0 : @push+64    :   bx                       : IntAlu : 
12794000: system.cpu T0 : @hanoi+84    :   ldr   r3, [fp, #-8]      : MemRead :  D=0x0000000000000002 A=0xbefffd4c
12794500: system.cpu T0 : @hanoi+88    :   sub   r3, r3, #1         : IntAlu :  D=0x0000000000000001
12794500: system.cpu T0 : @hanoi+92    :   mov   r0, r3             : IntAlu :  D=0x0000000000000001
12794500: system.cpu T0 : @hanoi+96    :   ldr   r1, [fp, #-16]     : MemRead :  D=0x0000000000000002 A=0xbefffd44
12795000: system.cpu T0 : @hanoi+100    :   ldr   r2, [fp, #-12]     : MemRead :  D=0x0000000000000001 A=0xbefffd48
12795500: system.cpu T0 : @hanoi+104    :   ldr   r3, [fp, #-20]     : MemRead :  D=0x0000000000000003 A=0xbefffd40
12795500: system.cpu T0 : @hanoi+108    :   bl                       : IntAlu :  D=0x0000000000008328
12796000: system.cpu T0 : @hanoi    : ldmstm                    
12796000: system.cpu T0 : @hanoi.0  :   str_uop   fp, [sp, #8]   : MemWrite :  D=0x00000000befffd54 A=0xbefffd38
12796000: system.cpu T0 : @hanoi.1  :   str_uop   lr, [sp, #4]   : MemWrite :  D=0x0000000000008328 A=0xbefffd3c
12796000: system.cpu T0 : @hanoi.2  :   subi_uop   sp, sp, #8    : IntAlu :  D=0x00000000befffd38
12796500: system.cpu T0 : @hanoi+4    :   add   fp, sp, #4         : IntAlu :  D=0x00000000befffd3c
12797000: system.cpu T0 : @hanoi+8    :   sub   sp, sp, #16        : IntAlu :  D=0x00000000befffd28
12797000: system.cpu T0 : @hanoi+12    :   str   r0, [fp, #-8]      : MemWrite :  D=0x0000000000000001 A=0xbefffd34
12797000: system.cpu T0 : @hanoi+16    :   str   r1, [fp, #-12]     : MemWrite :  D=0x0000000000000002 A=0xbefffd30
12797500: system.cpu T0 : @hanoi+20    :   str   r2, [fp, #-16]     : MemWrite :  D=0x0000000000000001 A=0xbefffd2c
12798000: system.cpu T0 : @hanoi+24    :   str   r3, [fp, #-20]     : MemWrite :  D=0x0000000000000003 A=0xbefffd28
12798000: system.cpu T0 : @hanoi+28    :   ldr   r3, [fp, #-8]      : MemRead :  D=0x0000000000000001 A=0xbefffd34
12798000: system.cpu T0 : @hanoi+32    :   cmps   r3, #0            : IntAlu :  D=0x0000000000000001
12798500: system.cpu T0 : @hanoi+36    :   ble                      : IntAlu : Predicated False
12799000: system.cpu T0 : @hanoi+40    :   ldr   r3, [fp, #-8]      : MemRead :  D=0x0000000000000001 A=0xbefffd34
12799000: system.cpu T0 : @hanoi+44    :   sub   r3, r3, #1         : IntAlu :  D=0x0000000000000000
12799000: system.cpu T0 : @hanoi+48    :   mov   r0, r3             : IntAlu :  D=0x0000000000000000
12799500: system.cpu T0 : @hanoi+52    :   ldr   r1, [fp, #-12]     : MemRead :  D=0x0000000000000002 A=0xbefffd30
12800000: system.cpu T0 : @hanoi+56    :   ldr   r2, [fp, #-20]     : MemRead :  D=0x0000000000000003 A=0xbefffd28
12800000: system.cpu T0 : @hanoi+60    :   ldr   r3, [fp, #-16]     : MemRead :  D=0x0000000000000001 A=0xbefffd2c
12800000: system.cpu T0 : @hanoi+64    :   bl                       : IntAlu :  D=0x00000000000082fc
12800500: system.cpu T0 : @hanoi    : ldmstm                    
12800500: system.cpu T0 : @hanoi.0  :   str_uop   fp, [sp, #8]   : MemWrite :  D=0x00000000befffd3c A=0xbefffd20
12800500: system.cpu T0 : @hanoi.1  :   str_uop   lr, [sp, #4]   : MemWrite :  D=0x00000000000082fc A=0xbefffd24
12800500: system.cpu T0 : @hanoi.2  :   subi_uop   sp, sp, #8    : IntAlu :  D=0x00000000befffd20
12801000: system.cpu T0 : @hanoi+4    :   add   fp, sp, #4         : IntAlu :  D=0x00000000befffd24
12801500: system.cpu T0 : @hanoi+8    :   sub   sp, sp, #16        : IntAlu :  D=0x00000000befffd10
12801500: system.cpu T0 : @hanoi+12    :   str   r0, [fp, #-8]      : MemWrite :  D=0x0000000000000000 A=0xbefffd1c
12801500: system.cpu T0 : @hanoi+16    :   str   r1, [fp, #-12]     : MemWrite :  D=0x0000000000000002 A=0xbefffd18
12802000: system.cpu T0 : @hanoi+20    :   str   r2, [fp, #-16]     : MemWrite :  D=0x0000000000000003 A=0xbefffd14
12802500: system.cpu T0 : @hanoi+24    :   str   r3, [fp, #-20]     : MemWrite :  D=0x0000000000000001 A=0xbefffd10
12802500: system.cpu T0 : @hanoi+28    :   ldr   r3, [fp, #-8]      : MemRead :  D=0x0000000000000000 A=0xbefffd1c
12802500: system.cpu T0 : @hanoi+32    :   cmps   r3, #0            : IntAlu :  D=0x0000000000000001
12803000: system.cpu T0 : @hanoi+36    :   ble                      : IntAlu : 
12812000: system.cpu T0 : @hanoi+112    :   sub   sp, fp, #4         : IntAlu :  D=0x00000000befffd20
12812000: system.cpu T0 : @hanoi+116    : ldmstm                    
12812000: system.cpu T0 : @hanoi+116.0  :   ldr2_uop   fp,lr, [sp, #0] : MemRead :  D=0x00000000000082fc A=0xbefffd20
12812000: system.cpu T0 : @hanoi+116.1  :   addi_uop   sp, sp, #8    : IntAlu :  D=0x00000000befffd28
12812500: system.cpu T0 : @hanoi+120    :   bx                       : IntAlu : 
12813000: system.cpu T0 : @hanoi+68    :   ldr   r0, [fp, #-12]     : MemRead :  D=0x0000000000000002 A=0xbefffd30
12813500: system.cpu T0 : @hanoi+72    :   bl                       : IntAlu :  D=0x0000000000008304
12814000: system.cpu T0 : @push    :   str   fp, [sp, #-4]!    
12814000: system.cpu T0 : @push.0  :   str   fp, [sp, #-4]!     : MemWrite :  D=0x00000000befffd3c A=0xbefffd24
12814000: system.cpu T0 : @push.1  :   subi_uop   sp, sp, #4    : IntAlu :  D=0x00000000befffd24
12814500: system.cpu T0 : @push+4    :   add   fp, sp, #0         : IntAlu :  D=0x00000000befffd24
12814500: system.cpu T0 : @push+8    :   sub   sp, sp, #12        : IntAlu :  D=0x00000000befffd18
12814500: system.cpu T0 : @push+12    :   str   r0, [fp, #-8]      : MemWrite :  D=0x0000000000000002 A=0xbefffd1c
12815000: system.cpu T0 : @push+16    :   ldr   r3, [pc, #44]      : MemRead :  D=0x0000000000081e4c A=0x82b0
12815500: system.cpu T0 : @push+20    :   ldr   r2, [r3, #0]       : MemRead :  D=0x000000000000001c A=0x81e4c
12815500: system.cpu T0 : @push+24    :   ldr   r3, [pc, #40]      : MemRead :  D=0x0000000000081e50 A=0x82b4
12815500: system.cpu T0 : @push+28    :   ldr   r1, [fp, #-8]      : MemRead :  D=0x0000000000000002 A=0xbefffd1c
12816000: system.cpu T0 : @push+32    :   str   r1, [r3, r2 LSL #2] : MemWrite :  D=0x0000000000000002 A=0x81ec0
12816500: system.cpu T0 : @push+36    :   ldr   r3, [pc, #24]      : MemRead :  D=0x0000000000081e4c A=0x82b0
12816500: system.cpu T0 : @push+40    :   ldr   r3, [r3, #0]       : MemRead :  D=0x000000000000001c A=0x81e4c
12816500: system.cpu T0 : @push+44    :   add   r2, r3, #1         : IntAlu :  D=0x000000000000001d
12817000: system.cpu T0 : @push+48    :   ldr   r3, [pc, #12]      : MemRead :  D=0x0000000000081e4c A=0x82b0
12817500: system.cpu T0 : @push+52    :   str   r2, [r3, #0]       : MemWrite :  D=0x000000000000001d A=0x81e4c
12817500: system.cpu T0 : @push+56    :   add   sp, fp, #0         : IntAlu :  D=0x00000000befffd24
12817500: system.cpu T0 : @push+60    : ldmstm                    
12817500: system.cpu T0 : @push+60.0  :   ldr_uop   fp, [sp, #0]   : MemRead :  D=0x00000000befffd3c A=0xbefffd24
12818000: system.cpu T0 : @push+60.1  :   addi_uop   sp, sp, #4    : IntAlu :  D=0x00000000befffd28
12818000: system.cpu T0 : @push+64    :   bx                       : IntAlu : 
12818500: system.cpu T0 : @hanoi+76    :   ldr   r0, [fp, #-20]     : MemRead :  D=0x0000000000000003 A=0xbefffd28
12818500: system.cpu T0 : @hanoi+80    :   bl                       : IntAlu :  D=0x000000000000830c
12819000: system.cpu T0 : @push    :   str   fp, [sp, #-4]!    
12819000: system.cpu T0 : @push.0  :   str   fp, [sp, #-4]!     : MemWrite :  D=0x00000000befffd3c A=0xbefffd24
12819000: system.cpu T0 : @push.1  :   subi_uop   sp, sp, #4    : IntAlu :  D=0x00000000befffd24
12819500: system.cpu T0 : @push+4    :   add   fp, sp, #0         : IntAlu :  D=0x00000000befffd24
12819500: system.cpu T0 : @push+8    :   sub   sp, sp, #12        : IntAlu :  D=0x00000000befffd18
12819500: system.cpu T0 : @push+12    :   str   r0, [fp, #-8]      : MemWrite :  D=0x0000000000000003 A=0xbefffd1c
12820000: system.cpu T0 : @push+16    :   ldr   r3, [pc, #44]      : MemRead :  D=0x0000000000081e4c A=0x82b0
12820500: system.cpu T0 : @push+20    :   ldr   r2, [r3, #0]       : MemRead :  D=0x000000000000001d A=0x81e4c
12820500: system.cpu T0 : @push+24    :   ldr   r3, [pc, #40]      : MemRead :  D=0x0000000000081e50 A=0x82b4
12820500: system.cpu T0 : @push+28    :   ldr   r1, [fp, #-8]      : MemRead :  D=0x0000000000000003 A=0xbefffd1c
12821000: system.cpu T0 : @push+32    :   str   r1, [r3, r2 LSL #2] : MemWrite :  D=0x0000000000000003 A=0x81ec4
12821500: system.cpu T0 : @push+36    :   ldr   r3, [pc, #24]      : MemRead :  D=0x0000000000081e4c A=0x82b0
12821500: system.cpu T0 : @push+40    :   ldr   r3, [r3, #0]       : MemRead :  D=0x000000000000001d A=0x81e4c
12821500: system.cpu T0 : @push+44    :   add   r2, r3, #1         : IntAlu :  D=0x000000000000001e
12822000: system.cpu T0 : @push+48    :   ldr   r3, [pc, #12]      : MemRead :  D=0x0000000000081e4c A=0x82b0
12822500: system.cpu T0 : @push+52    :   str   r2, [r3, #0]       : MemWrite :  D=0x000000000000001e A=0x81e4c
12822500: system.cpu T0 : @push+56    :   add   sp, fp, #0         : IntAlu :  D=0x00000000befffd24
12822500: system.cpu T0 : @push+60    : ldmstm                    
12822500: system.cpu T0 : @push+60.0  :   ldr_uop   fp, [sp, #0]   : MemRead :  D=0x00000000befffd3c A=0xbefffd24
12823000: system.cpu T0 : @push+60.1  :   addi_uop   sp, sp, #4    : IntAlu :  D=0x00000000befffd28
12823000: system.cpu T0 : @push+64    :   bx                       : IntAlu : 
12823500: system.cpu T0 : @hanoi+84    :   ldr   r3, [fp, #-8]      : MemRead :  D=0x0000000000000001 A=0xbefffd34
12824000: system.cpu T0 : @hanoi+88    :   sub   r3, r3, #1         : IntAlu :  D=0x0000000000000000
12824000: system.cpu T0 : @hanoi+92    :   mov   r0, r3             : IntAlu :  D=0x0000000000000000
12824000: system.cpu T0 : @hanoi+96    :   ldr   r1, [fp, #-16]     : MemRead :  D=0x0000000000000001 A=0xbefffd2c
12824500: system.cpu T0 : @hanoi+100    :   ldr   r2, [fp, #-12]     : MemRead :  D=0x0000000000000002 A=0xbefffd30
12825000: system.cpu T0 : @hanoi+104    :   ldr   r3, [fp, #-20]     : MemRead :  D=0x0000000000000003 A=0xbefffd28
12825000: system.cpu T0 : @hanoi+108    :   bl                       : IntAlu :  D=0x0000000000008328
12825500: system.cpu T0 : @hanoi    : ldmstm                    
12825500: system.cpu T0 : @hanoi.0  :   str_uop   fp, [sp, #8]   : MemWrite :  D=0x00000000befffd3c A=0xbefffd20
12825500: system.cpu T0 : @hanoi.1  :   str_uop   lr, [sp, #4]   : MemWrite :  D=0x0000000000008328 A=0xbefffd24
12825500: system.cpu T0 : @hanoi.2  :   subi_uop   sp, sp, #8    : IntAlu :  D=0x00000000befffd20
12826000: system.cpu T0 : @hanoi+4    :   add   fp, sp, #4         : IntAlu :  D=0x00000000befffd24
12826500: system.cpu T0 : @hanoi+8    :   sub   sp, sp, #16        : IntAlu :  D=0x00000000befffd10
12826500: system.cpu T0 : @hanoi+12    :   str   r0, [fp, #-8]      : MemWrite :  D=0x0000000000000000 A=0xbefffd1c
12826500: system.cpu T0 : @hanoi+16    :   str   r1, [fp, #-12]     : MemWrite :  D=0x0000000000000001 A=0xbefffd18
12827000: system.cpu T0 : @hanoi+20    :   str   r2, [fp, #-16]     : MemWrite :  D=0x0000000000000002 A=0xbefffd14
12827500: system.cpu T0 : @hanoi+24    :   str   r3, [fp, #-20]     : MemWrite :  D=0x0000000000000003 A=0xbefffd10
12827500: system.cpu T0 : @hanoi+28    :   ldr   r3, [fp, #-8]      : MemRead :  D=0x0000000000000000 A=0xbefffd1c
12827500: system.cpu T0 : @hanoi+32    :   cmps   r3, #0            : IntAlu :  D=0x0000000000000001
12828000: system.cpu T0 : @hanoi+36    :   ble                      : IntAlu : 
12828500: system.cpu T0 : @hanoi+112    :   sub   sp, fp, #4         : IntAlu :  D=0x00000000befffd20
12828500: system.cpu T0 : @hanoi+116    : ldmstm                    
12828500: system.cpu T0 : @hanoi+116.0  :   ldr2_uop   fp,lr, [sp, #0] : MemRead :  D=0x0000000000008328 A=0xbefffd20
12828500: system.cpu T0 : @hanoi+116.1  :   addi_uop   sp, sp, #8    : IntAlu :  D=0x00000000befffd28
12829000: system.cpu T0 : @hanoi+120    :   bx                       : IntAlu : 
12829500: system.cpu T0 : @hanoi+112    :   sub   sp, fp, #4         : IntAlu :  D=0x00000000befffd38
12829500: system.cpu T0 : @hanoi+116    : ldmstm                    
12829500: system.cpu T0 : @hanoi+116.0  :   ldr2_uop   fp,lr, [sp, #0] : MemRead :  D=0x0000000000008328 A=0xbefffd38
12829500: system.cpu T0 : @hanoi+116.1  :   addi_uop   sp, sp, #8    : IntAlu :  D=0x00000000befffd40
12830000: system.cpu T0 : @hanoi+120    :   bx                       : IntAlu : 
12830500: system.cpu T0 : @hanoi+112    :   sub   sp, fp, #4         : IntAlu :  D=0x00000000befffd50
12830500: system.cpu T0 : @hanoi+116    : ldmstm                    
12830500: system.cpu T0 : @hanoi+116.0  :   ldr2_uop   fp,lr, [sp, #0] : MemRead :  D=0x0000000000008328 A=0xbefffd50
12830500: system.cpu T0 : @hanoi+116.1  :   addi_uop   sp, sp, #8    : IntAlu :  D=0x00000000befffd58
12831000: system.cpu T0 : @hanoi+120    :   bx                       : IntAlu : 
12831500: system.cpu T0 : @hanoi+112    :   sub   sp, fp, #4         : IntAlu :  D=0x00000000befffd68
12831500: system.cpu T0 : @hanoi+116    : ldmstm                    
12831500: system.cpu T0 : @hanoi+116.0  :   ldr2_uop   fp,lr, [sp, #0] : MemRead :  D=0x0000000000008328 A=0xbefffd68
12831500: system.cpu T0 : @hanoi+116.1  :   addi_uop   sp, sp, #8    : IntAlu :  D=0x00000000befffd70
12832000: system.cpu T0 : @hanoi+120    :   bx                       : IntAlu : 
12832500: system.cpu T0 : @hanoi+112    :   sub   sp, fp, #4         : IntAlu :  D=0x00000000befffd80
12832500: system.cpu T0 : @hanoi+116    : ldmstm                    
12832500: system.cpu T0 : @hanoi+116.0  :   ldr2_uop   fp,lr, [sp, #0] : MemRead :  D=0x0000000000008368 A=0xbefffd80
12832500: system.cpu T0 : @hanoi+116.1  :   addi_uop   sp, sp, #8    : IntAlu :  D=0x00000000befffd88
12833000: system.cpu T0 : @hanoi+120    :   bx                       : IntAlu : 
12833500: system.cpu T0 : @main+52    :   sub   sp, fp, #4         : IntAlu :  D=0x00000000befffd90
12833500: system.cpu T0 : @main+56    : ldmstm                    
12833500: system.cpu T0 : @main+56.0  :   ldr2_uop   fp,lr, [sp, #0] : MemRead :  D=0x0000000000008508 A=0xbefffd90
12833500: system.cpu T0 : @main+56.1  :   addi_uop   sp, sp, #8    : IntAlu :  D=0x00000000befffd98
12834000: system.cpu T0 : @main+60    :   bx                       : IntAlu : 
12850500: system.cpu T0 : @__libc_start_main+400    :   bl                       : IntAlu :  D=0x000000000000850c
12851000: system.cpu T0 : @exit    :   ldr   r4, [pc, #256]     : MemRead :  D=0x0000000000080074 A=0x8e38
12851000: system.cpu T0 : @exit+4    :   mov   r5, r0             : IntAlu :  D=0x0000000000000000
12851000: system.cpu T0 : @exit+8    :   ldr   r3, [r4, #0]       : MemRead :  D=0x0000000000080ddc A=0x80074
12851500: system.cpu T0 : @exit+12    :   mov   r6, r4             : IntAlu :  D=0x0000000000080074
12915500: system.cpu T0 : @exit+16    :   cmps   r3, #0            : IntAlu :  D=0x0000000000000001
12915500: system.cpu T0 : @exit+20    :   beq                      : IntAlu : Predicated False
12915500: system.cpu T0 : @exit+24    :   mov   r0, r3             : IntAlu :  D=0x0000000000080ddc
12916000: system.cpu T0 : @exit+28    :   ldr   r2, [r0, #4]       : MemRead :  D=0x0000000000000001 A=0x80de0
12920000: system.cpu T0 : @exit+32    :   add   r1, r0, r2, LSL #4 : IntAlu :  D=0x0000000000080dec
12920000: system.cpu T0 : @exit+36    :   cmps   r2, #0            : IntAlu :  D=0x0000000000000001
12920000: system.cpu T0 : @exit+40    :   add   r1, r1, #8         : IntAlu :  D=0x0000000000080df4
12920500: system.cpu T0 : @exit+44    :   beq                      : IntAlu : Predicated False
12921000: system.cpu T0 : @exit+48    :   ldr   r3, [r1, #-16]     : MemRead :  D=0x0000000000000004 A=0x80de4
12921000: system.cpu T0 : @exit+52    :   sub   r2, r2, #1         : IntAlu :  D=0x0000000000000000
12921000: system.cpu T0 : @exit+56    :   cmps   r3, #3            : IntAlu :  D=0x0000000000000001
12921500: system.cpu T0 : @exit+60    :   str   r2, [r0, #4]       : MemWrite :  D=0x0000000000000000 A=0x80de0
12922000: system.cpu T0 : @exit+64    :   beq                      : IntAlu : Predicated False
12922000: system.cpu T0 : @exit+68    :   cmps   r3, #4            : IntAlu :  D=0x0000000000000001
12922000: system.cpu T0 : @exit+72    :   beq                      : IntAlu : 
12983500: system.cpu T0 : @exit+192    :   add   r2, r0, r2, LSL #4 : IntAlu :  D=0x0000000000080ddc
12983500: system.cpu T0 : @exit+196    :   add   r2, r2, #8         : IntAlu :  D=0x0000000000080de4
12983500: system.cpu T0 : @exit+200    :   ldr   r0, [r2, #8]       : MemRead :  D=0x0000000000000000 A=0x80dec
12984000: system.cpu T0 : @exit+204    :   mov   r1, r5             : IntAlu :  D=0x0000000000000000
13041500: system.cpu T0 : @exit+208    :   ldr   r12, [r2, r3]      : MemRead :  D=0x00000000000089a4 A=0x80de8
13041500: system.cpu T0 : @exit+212    :   mov   lr, pc             : IntAlu :  D=0x0000000000008e0c
13041500: system.cpu T0 : @exit+216    :   bx                       : IntAlu : 
13049000: system.cpu T0 : @__libc_csu_fini    : ldmstm                    
13049000: system.cpu T0 : @__libc_csu_fini.0  :   str_uop   r4, [sp, #16]  : MemWrite :  D=0x0000000000080074 A=0xbefffd88
13049000: system.cpu T0 : @__libc_csu_fini.1  :   str_uop   r5, [sp, #12]  : MemWrite :  D=0x0000000000000000 A=0xbefffd8c
13049000: system.cpu T0 : @__libc_csu_fini.2  :   str_uop   r6, [sp, #8]   : MemWrite :  D=0x0000000000080074 A=0xbefffd90
13049500: system.cpu T0 : @__libc_csu_fini.3  :   str_uop   lr, [sp, #4]   : MemWrite :  D=0x0000000000008e0c A=0xbefffd94
13049500: system.cpu T0 : @__libc_csu_fini.4  :   subi_uop   sp, sp, #16   : IntAlu :  D=0x00000000befffd88
13049500: system.cpu T0 : @__libc_csu_fini+4    :   ldr   r5, [pc, #48]      : MemRead :  D=0x000000000007ffc8 A=0x89e0
13050000: system.cpu T0 : @__libc_csu_fini+8    :   ldr   r4, [pc, #48]      : MemRead :  D=0x000000000007ffd0 A=0x89e4
13050500: system.cpu T0 : @__libc_csu_fini+12    :   rsb   r4, r5, r4         : IntAlu :  D=0x0000000000000008
13050500: system.cpu T0 : @__libc_csu_fini+16    :   movs   r4, r4, ASR #2    : IntAlu :  D=0x0000000000000000
13050500: system.cpu T0 : @__libc_csu_fini+20    :   beq                      : IntAlu : Predicated False
13051000: system.cpu T0 : @__libc_csu_fini+24    :   add   r5, r5, r4, LSL #2 : IntAlu :  D=0x000000000007ffd0
13051500: system.cpu T0 : @__libc_csu_fini+28    :   ldr   r3, [r5, #-4]!    
13051500: system.cpu T0 : @__libc_csu_fini+28.0  :   ldr   r3, [r5, #-4]!     : MemRead :  D=0x000000000005a0fc A=0x7ffcc
13051500: system.cpu T0 : @__libc_csu_fini+28.1  :   subi_uop   r5, r5, #4    : IntAlu :  D=0x000000000007ffcc
13051500: system.cpu T0 : @__libc_csu_fini+32    :   mov   lr, pc             : IntAlu :  D=0x00000000000089cc
13052000: system.cpu T0 : @__libc_csu_fini+36    :   bx                       : IntAlu : 
13206500: system.cpu T0 : @fini    :   ldr   r0, [pc, #0]       : MemRead :  D=0x0000000000081d70 A=0x5a104
13267500: system.cpu T0 : @fini+4    :   b                        : IntAlu : 
13328500: system.cpu T0 : @check_free    : ldmstm                    
13328500: system.cpu T0 : @check_free.0  :   str_uop   r4, [sp, #8]   : MemWrite :  D=0x0000000000000002 A=0xbefffd80
13328500: system.cpu T0 : @check_free.1  :   str_uop   lr, [sp, #4]   : MemWrite :  D=0x00000000000089cc A=0xbefffd84
13328500: system.cpu T0 : @check_free.2  :   subi_uop   sp, sp, #8    : IntAlu :  D=0x00000000befffd80
13329000: system.cpu T0 : @check_free+4    :   mov   r4, r0             : IntAlu :  D=0x0000000000081d70
13389500: system.cpu T0 : @check_free+8    :   ldr   r0, [r0, #16]      : MemRead :  D=0x0000000000000000 A=0x81d80
13389500: system.cpu T0 : @check_free+12    :   sub   sp, sp, #24        : IntAlu :  D=0x00000000befffd68
13389500: system.cpu T0 : @check_free+16    :   cmps   r0, #0            : IntAlu :  D=0x0000000000000001
13390000: system.cpu T0 : @check_free+20    :   beq                      : IntAlu : 
13482000: system.cpu T0 : @check_free+40    :   add   sp, sp, #24        : IntAlu :  D=0x00000000befffd80
13482000: system.cpu T0 : @check_free+44    : ldmstm                    
13482000: system.cpu T0 : @check_free+44.0  :   ldr2_uop   r4,lr, [sp, #0] : MemRead :  D=0x00000000000089cc A=0xbefffd80
13482000: system.cpu T0 : @check_free+44.1  :   addi_uop   sp, sp, #8    : IntAlu :  D=0x00000000befffd88
13482500: system.cpu T0 : @check_free+48    :   bx                       : IntAlu : 
13490000: system.cpu T0 : @__libc_csu_fini+40    :   subs   r4, r4, #1        : IntAlu :  D=0x0000000000000001
13490500: system.cpu T0 : @__libc_csu_fini+44    :   bne                      : IntAlu : 
13496000: system.cpu T0 : @__libc_csu_fini+28    :   ldr   r3, [r5, #-4]!    
13496000: system.cpu T0 : @__libc_csu_fini+28.0  :   ldr   r3, [r5, #-4]!     : MemRead :  D=0x00000000000081d4 A=0x7ffc8
13496000: system.cpu T0 : @__libc_csu_fini+28.1  :   subi_uop   r5, r5, #4    : IntAlu :  D=0x000000000007ffc8
13496000: system.cpu T0 : @__libc_csu_fini+32    :   mov   lr, pc             : IntAlu :  D=0x00000000000089cc
13496500: system.cpu T0 : @__libc_csu_fini+36    :   bx                       : IntAlu : 
13503500: system.cpu T0 : @__do_global_dtors_aux    :   ldr   r3, [pc, #48]      : MemRead :  D=0x0000000000080750 A=0x820c
13503500: system.cpu T0 : @__do_global_dtors_aux+4    : ldmstm                    
13503500: system.cpu T0 : @__do_global_dtors_aux+4.0  :   str_uop   r4, [sp, #8]   : MemWrite :  D=0x0000000000000001 A=0xbefffd80
13503500: system.cpu T0 : @__do_global_dtors_aux+4.1  :   str_uop   lr, [sp, #4]   : MemWrite :  D=0x00000000000089cc A=0xbefffd84
13504000: system.cpu T0 : @__do_global_dtors_aux+4.2  :   subi_uop   sp, sp, #8    : IntAlu :  D=0x00000000befffd80
13504000: system.cpu T0 : @__do_global_dtors_aux+8    :   ldrb   r3, [r3, #0]      : MemRead :  D=0x0000000000000000 A=0x80750
13504500: system.cpu T0 : @__do_global_dtors_aux+12    :   cmps   r3, #0            : IntAlu :  D=0x0000000000000001
13504500: system.cpu T0 : @__do_global_dtors_aux+16    :   bne                      : IntAlu : Predicated False
13504500: system.cpu T0 : @__do_global_dtors_aux+20    :   ldr   r3, [pc, #32]      : MemRead :  D=0x0000000000000000 A=0x8210
13505000: system.cpu T0 : @__do_global_dtors_aux+24    :   cmps   r3, #0            : IntAlu :  D=0x0000000000000001
13505500: system.cpu T0 : @__do_global_dtors_aux+28    :   ldrne   r0, [pc, #28]    : MemRead : Predicated False
13505500: system.cpu T0 : @__do_global_dtors_aux+32    :   movne   r0, r0           : IntAlu : Predicated False
13505500: system.cpu T0 : @__do_global_dtors_aux+36    :   ldr   r3, [pc, #12]      : MemRead :  D=0x0000000000080750 A=0x820c
13506000: system.cpu T0 : @__do_global_dtors_aux+40    :   mov   r2, #1             : IntAlu :  D=0x0000000000000001
13506500: system.cpu T0 : @__do_global_dtors_aux+44    :   strb   r2, [r3, #0]      : MemWrite :  D=0x0000000000000001 A=0x80750
13506500: system.cpu T0 : @__do_global_dtors_aux+48    : ldmstm                    
13506500: system.cpu T0 : @__do_global_dtors_aux+48.0  :   ldr2_uop   r4,lr, [sp, #0] : MemRead :  D=0x00000000000089cc A=0xbefffd80
13506500: system.cpu T0 : @__do_global_dtors_aux+48.1  :   addi_uop   sp, sp, #8    : IntAlu :  D=0x00000000befffd88
13507000: system.cpu T0 : @__do_global_dtors_aux+52    :   bx                       : IntAlu : 
13567000: system.cpu T0 : @__libc_csu_fini+40    :   subs   r4, r4, #1        : IntAlu :  D=0x0000000000000001
13567500: system.cpu T0 : @__libc_csu_fini+44    :   bne                      : IntAlu : Predicated False
13567500: system.cpu T0 : @__libc_csu_fini+48    :   bl                       : IntAlu :  D=0x00000000000089d8
13568000: system.cpu T0 : @_fini    : ldmstm                    
13568000: system.cpu T0 : @_fini.0  :   str_uop   r4, [sp, #8]   : MemWrite :  D=0x0000000000000000 A=0xbefffd80
13568000: system.cpu T0 : @_fini.1  :   str_uop   lr, [sp, #4]   : MemWrite :  D=0x00000000000089d8 A=0xbefffd84
13568000: system.cpu T0 : @_fini.2  :   subi_uop   sp, sp, #8    : IntAlu :  D=0x00000000befffd80
13568500: system.cpu T0 : @_fini+4    : ldmstm                    
13568500: system.cpu T0 : @_fini+4.0  :   ldr2_uop   r4,lr, [sp, #0] : MemRead :  D=0x00000000000089d8 A=0xbefffd80
13568500: system.cpu T0 : @_fini+4.1  :   addi_uop   sp, sp, #8    : IntAlu :  D=0x00000000befffd88
13568500: system.cpu T0 : @_fini+8    :   bx                       : IntAlu : 
13569000: system.cpu T0 : @__libc_csu_fini+52    : ldmstm                    
13569000: system.cpu T0 : @__libc_csu_fini+52.0  :   ldr2_uop   r4,r5, [sp, #0] : MemRead :  D=0x0000000000000000 A=0xbefffd88
13569000: system.cpu T0 : @__libc_csu_fini+52.1  :   ldr2_uop   r6,lr, [sp, #8] : MemRead :  D=0x0000000000008e0c A=0xbefffd90
13569000: system.cpu T0 : @__libc_csu_fini+52.2  :   addi_uop   sp, sp, #16   : IntAlu :  D=0x00000000befffd98
13569500: system.cpu T0 : @__libc_csu_fini+56    :   bx                       : IntAlu : 
13599000: system.cpu T0 : @exit+220    :   ldr   r0, [r4, #0]       : MemRead :  D=0x0000000000080ddc A=0x80074
13599500: system.cpu T0 : @exit+224    :   b                        : IntAlu : 
13602500: system.cpu T0 : @exit+28    :   ldr   r2, [r0, #4]       : MemRead :  D=0x0000000000000000 A=0x80de0
13603000: system.cpu T0 : @exit+32    :   add   r1, r0, r2, LSL #4 : IntAlu :  D=0x0000000000080ddc
13603000: system.cpu T0 : @exit+36    :   cmps   r2, #0            : IntAlu :  D=0x0000000000000001
13603000: system.cpu T0 : @exit+40    :   add   r1, r1, #8         : IntAlu :  D=0x0000000000080de4
13603500: system.cpu T0 : @exit+44    :   beq                      : IntAlu : 
13610500: system.cpu T0 : @exit+96    :   ldr   r3, [r0, #0]       : MemRead :  D=0x0000000000000000 A=0x80ddc
13610500: system.cpu T0 : @exit+100    :   cmps   r3, #0            : IntAlu :  D=0x0000000000000001
13610500: system.cpu T0 : @exit+104    :   str   r3, [r4, #0]       : MemWrite :  D=0x0000000000000000 A=0x80074
13611000: system.cpu T0 : @exit+108    :   bne                      : IntAlu : Predicated False
13611500: system.cpu T0 : @exit+112    :   ldr   r4, [pc, #148]     : MemRead :  D=0x0000000000077454 A=0x8e3c
13611500: system.cpu T0 : @exit+116    :   ldr   r6, [pc, #148]     : MemRead :  D=0x0000000000077458 A=0x8e40
13611500: system.cpu T0 : @exit+120    :   cmps   r4, r6            : IntAlu :  D=0x0000000000000000
13612000: system.cpu T0 : @exit+124    :   bcs                      : IntAlu : Predicated False
13612500: system.cpu T0 : @exit+128    :   ldr   r3, [r4] #4       
13612500: system.cpu T0 : @exit+128.0  :   ldr   r3, [r4] #4        : MemRead :  D=0x000000000000aac8 A=0x77454
13612500: system.cpu T0 : @exit+128.1  :   addi_uop   r4, r4, #4    : IntAlu :  D=0x0000000000077458
13612500: system.cpu T0 : @exit+132    :   mov   lr, pc             : IntAlu :  D=0x0000000000008dbc
13613000: system.cpu T0 : @exit+136    :   bx                       : IntAlu : 
13766500: system.cpu T0 : @_IO_cleanup    : ldmstm                    
13766500: system.cpu T0 : @_IO_cleanup.0  :   str_uop   r3, [sp, #40]  : MemWrite :  D=0x000000000000aac8 A=0xbefffd70
13766500: system.cpu T0 : @_IO_cleanup.1  :   str_uop   r4, [sp, #36]  : MemWrite :  D=0x0000000000077458 A=0xbefffd74
13766500: system.cpu T0 : @_IO_cleanup.2  :   str_uop   r5, [sp, #32]  : MemWrite :  D=0x0000000000000000 A=0xbefffd78
13767000: system.cpu T0 : @_IO_cleanup.3  :   str_uop   r6, [sp, #28]  : MemWrite :  D=0x0000000000077458 A=0xbefffd7c
13767000: system.cpu T0 : @_IO_cleanup.4  :   str_uop   r7, [sp, #24]  : MemWrite :  D=0x0000000000000000 A=0xbefffd80
13767000: system.cpu T0 : @_IO_cleanup.5  :   str_uop   r8, [sp, #20]  : MemWrite :  D=0x0000000000000000 A=0xbefffd84
13767500: system.cpu T0 : @_IO_cleanup.6  :   str_uop   r9, [sp, #16]  : MemWrite :  D=0x0000000000000000 A=0xbefffd88
13767500: system.cpu T0 : @_IO_cleanup.7  :   str_uop   r10, [sp, #12] : MemWrite :  D=0x0000000000000000 A=0xbefffd8c
13767500: system.cpu T0 : @_IO_cleanup.8  :   str_uop   fp, [sp, #8]   : MemWrite :  D=0x0000000000000000 A=0xbefffd90
13768000: system.cpu T0 : @_IO_cleanup.9  :   str_uop   lr, [sp, #4]   : MemWrite :  D=0x0000000000008dbc A=0xbefffd94
13768000: system.cpu T0 : @_IO_cleanup.10 :   subi_uop   sp, sp, #40   : IntAlu :  D=0x00000000befffd70
13768000: system.cpu T0 : @_IO_cleanup+4    :   mov   r0, #0             : IntAlu :  D=0x0000000000000000
13771000: system.cpu T0 : @_IO_cleanup+8    :   bl                       : IntAlu :  D=0x000000000000aad4
13884500: system.cpu T0 : @_IO_flush_all_lockp    : ldmstm                    
13884500: system.cpu T0 : @_IO_flush_all_lockp.0  :   str_uop   r4, [sp, #36]  : MemWrite :  D=0x0000000000077458 A=0xbefffd4c
13884500: system.cpu T0 : @_IO_flush_all_lockp.1  :   str_uop   r5, [sp, #32]  : MemWrite :  D=0x0000000000000000 A=0xbefffd50
13884500: system.cpu T0 : @_IO_flush_all_lockp.2  :   str_uop   r6, [sp, #28]  : MemWrite :  D=0x0000000000077458 A=0xbefffd54
13885000: system.cpu T0 : @_IO_flush_all_lockp.3  :   str_uop   r7, [sp, #24]  : MemWrite :  D=0x0000000000000000 A=0xbefffd58
13885000: system.cpu T0 : @_IO_flush_all_lockp.4  :   str_uop   r8, [sp, #20]  : MemWrite :  D=0x0000000000000000 A=0xbefffd5c
13885000: system.cpu T0 : @_IO_flush_all_lockp.5  :   str_uop   r9, [sp, #16]  : MemWrite :  D=0x0000000000000000 A=0xbefffd60
13885500: system.cpu T0 : @_IO_flush_all_lockp.6  :   str_uop   r10, [sp, #12] : MemWrite :  D=0x0000000000000000 A=0xbefffd64
13885500: system.cpu T0 : @_IO_flush_all_lockp.7  :   str_uop   fp, [sp, #8]   : MemWrite :  D=0x0000000000000000 A=0xbefffd68
13885500: system.cpu T0 : @_IO_flush_all_lockp.8  :   str_uop   lr, [sp, #4]   : MemWrite :  D=0x000000000000aad4 A=0xbefffd6c
13886000: system.cpu T0 : @_IO_flush_all_lockp.9  :   subi_uop   sp, sp, #36   : IntAlu :  D=0x00000000befffd4c
13889000: system.cpu T0 : @_IO_flush_all_lockp+4    :   ldr   r3, [pc, #784]     : MemRead :  D=0x0000000000000000 A=0xaab8
13889000: system.cpu T0 : @_IO_flush_all_lockp+8    :   sub   sp, sp, #28        : IntAlu :  D=0x00000000befffd30
13889000: system.cpu T0 : @_IO_flush_all_lockp+12    :   subs   r3, r3, #0        : IntAlu :  D=0x0000000000000001
13889500: system.cpu T0 : @_IO_flush_all_lockp+16    :   movne   r3, #1           : IntAlu : Predicated False
13890000: system.cpu T0 : @_IO_flush_all_lockp+20    :   cmps   r3, #0            : IntAlu :  D=0x0000000000000001
13890000: system.cpu T0 : @_IO_flush_all_lockp+24    :   mov   r10, r0            : IntAlu :  D=0x0000000000000000
13890000: system.cpu T0 : @_IO_flush_all_lockp+28    :   str   r3, [sp, #4]       : MemWrite :  D=0x0000000000000000 A=0xbefffd34
13890500: system.cpu T0 : @_IO_flush_all_lockp+32    :   bne                      : IntAlu : Predicated False
13956000: system.cpu T0 : @_IO_flush_all_lockp+36    :   ldr   r2, [sp, #4]       : MemRead :  D=0x0000000000000000 A=0xbefffd34
13956000: system.cpu T0 : @_IO_flush_all_lockp+40    :   ldr   r3, [pc, #752]     : MemRead :  D=0x0000000000009c68 A=0xaabc
13956000: system.cpu T0 : @_IO_flush_all_lockp+44    :   str   r2, [sp, #12]      : MemWrite :  D=0x0000000000000000 A=0xbefffd3c
13956500: system.cpu T0 : @_IO_flush_all_lockp+48    :   str   r3, [sp, #8]       : MemWrite :  D=0x0000000000009c68 A=0xbefffd38
13957000: system.cpu T0 : @_IO_flush_all_lockp+52    :   cmps   r10, #0           : IntAlu :  D=0x0000000000000001
13957000: system.cpu T0 : @_IO_flush_all_lockp+56    :   ldreq   r8, [pc, #740]   : MemRead :  D=0x0000000000080fe4 A=0xaac0
13957000: system.cpu T0 : @_IO_flush_all_lockp+60    :   beq                      : IntAlu : 
14013500: system.cpu T0 : @_IO_flush_all_lockp+160    :   ldr   r3, [pc, #640]     : MemRead :  D=0x0000000000080258 A=0xaac4
14070500: system.cpu T0 : @_IO_flush_all_lockp+164    :   ldr   r9, [r8, #24]      : MemRead :  D=0x0000000000000000 A=0x80ffc
14070500: system.cpu T0 : @_IO_flush_all_lockp+168    :   ldr   r6, [r3, #0]       : MemRead :  D=0x00000000000801b8 A=0x80258
14070500: system.cpu T0 : @_IO_flush_all_lockp+172    :   cmps   r6, #0            : IntAlu :  D=0x0000000000000001
14071000: system.cpu T0 : @_IO_flush_all_lockp+176    :   moveq   fp, r6           : IntAlu : Predicated False
14075000: system.cpu T0 : @_IO_flush_all_lockp+180    :   beq                      : IntAlu : Predicated False
14075000: system.cpu T0 : @_IO_flush_all_lockp+184    :   mov   fp, #0             : IntAlu :  D=0x0000000000000000
14075000: system.cpu T0 : @_IO_flush_all_lockp+188    :   b                        : IntAlu : 
14144500: system.cpu T0 : @_IO_flush_all_lockp+400    :   cmps   r10, #0           : IntAlu :  D=0x0000000000000001
14149000: system.cpu T0 : @_IO_flush_all_lockp+404    :   str   r6, [r8, #20]      : MemWrite :  D=0x00000000000801b8 A=0x80ff8
14149000: system.cpu T0 : @_IO_flush_all_lockp+408    :   beq                      : IntAlu : 
14220500: system.cpu T0 : @_IO_flush_all_lockp+520    :   ldr   r3, [r6, #108]     : MemRead :  D=0x0000000000000000 A=0x80224
14220500: system.cpu T0 : @_IO_flush_all_lockp+524    :   cmps   r3, #0            : IntAlu :  D=0x0000000000000001
14220500: system.cpu T0 : @_IO_flush_all_lockp+528    :   bgt                      : IntAlu : Predicated False
14225000: system.cpu T0 : @_IO_flush_all_lockp+532    :   ldr   r2, [r6, #20]      : MemRead :  D=0x0000000000000000 A=0x801cc
14225000: system.cpu T0 : @_IO_flush_all_lockp+536    :   ldr   r3, [r6, #16]      : MemRead :  D=0x0000000000000000 A=0x801c8
14225000: system.cpu T0 : @_IO_flush_all_lockp+540    :   cmps   r2, r3            : IntAlu :  D=0x0000000000000001
14225500: system.cpu T0 : @_IO_flush_all_lockp+544    :   bhi                      : IntAlu : Predicated False
14288500: system.cpu T0 : @_IO_flush_all_lockp+548    :   b                        : IntAlu : 
14349500: system.cpu T0 : @_IO_flush_all_lockp+244    :   cmps   r10, #0           : IntAlu :  D=0x0000000000000001
14349500: system.cpu T0 : @_IO_flush_all_lockp+248    :   beq                      : IntAlu : 
14355500: system.cpu T0 : @_IO_flush_all_lockp+360    :   ldr   r3, [r8, #24]      : MemRead :  D=0x0000000000000000 A=0x80ffc
14355500: system.cpu T0 : @_IO_flush_all_lockp+364    :   mov   r2, #0             : IntAlu :  D=0x0000000000000000
14355500: system.cpu T0 : @_IO_flush_all_lockp+368    :   cmps   r9, r3            : IntAlu :  D=0x0000000000000001
14356000: system.cpu T0 : @_IO_flush_all_lockp+372    :   str   r2, [r8, #20]      : MemWrite :  D=0x0000000000000000 A=0x80ff8
14356000: system.cpu T0 : @_IO_flush_all_lockp+376    :   ldrne   r2, [pc, #424]   : MemRead : Predicated False
14356000: system.cpu T0 : @_IO_flush_all_lockp+380    :   ldreq   r6, [r6, #52]    : MemRead :  D=0x0000000000080118 A=0x801ec
14356500: system.cpu T0 : @_IO_flush_all_lockp+384    :   ldrne   r6, [r2, #0]     : MemRead : Predicated False
14357000: system.cpu T0 : @_IO_flush_all_lockp+388    :   cmps   r6, #0            : IntAlu :  D=0x0000000000000001
14357000: system.cpu T0 : @_IO_flush_all_lockp+392    :   beq                      : IntAlu : Predicated False
14357000: system.cpu T0 : @_IO_flush_all_lockp+396    :   mov   r9, r3             : IntAlu :  D=0x0000000000000000
14357500: system.cpu T0 : @_IO_flush_all_lockp+400    :   cmps   r10, #0           : IntAlu :  D=0x0000000000000001
14358000: system.cpu T0 : @_IO_flush_all_lockp+404    :   str   r6, [r8, #20]      : MemWrite :  D=0x0000000000080118 A=0x80ff8
14358000: system.cpu T0 : @_IO_flush_all_lockp+408    :   beq                      : IntAlu : 
14363500: system.cpu T0 : @_IO_flush_all_lockp+520    :   ldr   r3, [r6, #108]     : MemRead :  D=0x0000000000000000 A=0x80184
14363500: system.cpu T0 : @_IO_flush_all_lockp+524    :   cmps   r3, #0            : IntAlu :  D=0x0000000000000001
14363500: system.cpu T0 : @_IO_flush_all_lockp+528    :   bgt                      : IntAlu : Predicated False
14364000: system.cpu T0 : @_IO_flush_all_lockp+532    :   ldr   r2, [r6, #20]      : MemRead :  D=0x0000000000000000 A=0x8012c
14364000: system.cpu T0 : @_IO_flush_all_lockp+536    :   ldr   r3, [r6, #16]      : MemRead :  D=0x0000000000000000 A=0x80128
14364000: system.cpu T0 : @_IO_flush_all_lockp+540    :   cmps   r2, r3            : IntAlu :  D=0x0000000000000001
14364500: system.cpu T0 : @_IO_flush_all_lockp+544    :   bhi                      : IntAlu : Predicated False
14365000: system.cpu T0 : @_IO_flush_all_lockp+548    :   b                        : IntAlu : 
14365500: system.cpu T0 : @_IO_flush_all_lockp+244    :   cmps   r10, #0           : IntAlu :  D=0x0000000000000001
14365500: system.cpu T0 : @_IO_flush_all_lockp+248    :   beq                      : IntAlu : 
14371500: system.cpu T0 : @_IO_flush_all_lockp+360    :   ldr   r3, [r8, #24]      : MemRead :  D=0x0000000000000000 A=0x80ffc
14371500: system.cpu T0 : @_IO_flush_all_lockp+364    :   mov   r2, #0             : IntAlu :  D=0x0000000000000000
14371500: system.cpu T0 : @_IO_flush_all_lockp+368    :   cmps   r9, r3            : IntAlu :  D=0x0000000000000001
14372000: system.cpu T0 : @_IO_flush_all_lockp+372    :   str   r2, [r8, #20]      : MemWrite :  D=0x0000000000000000 A=0x80ff8
14372000: system.cpu T0 : @_IO_flush_all_lockp+376    :   ldrne   r2, [pc, #424]   : MemRead : Predicated False
14372000: system.cpu T0 : @_IO_flush_all_lockp+380    :   ldreq   r6, [r6, #52]    : MemRead :  D=0x0000000000080078 A=0x8014c
14372500: system.cpu T0 : @_IO_flush_all_lockp+384    :   ldrne   r6, [r2, #0]     : MemRead : Predicated False
14373000: system.cpu T0 : @_IO_flush_all_lockp+388    :   cmps   r6, #0            : IntAlu :  D=0x0000000000000001
14373000: system.cpu T0 : @_IO_flush_all_lockp+392    :   beq                      : IntAlu : Predicated False
14373000: system.cpu T0 : @_IO_flush_all_lockp+396    :   mov   r9, r3             : IntAlu :  D=0x0000000000000000
14373500: system.cpu T0 : @_IO_flush_all_lockp+400    :   cmps   r10, #0           : IntAlu :  D=0x0000000000000001
14374000: system.cpu T0 : @_IO_flush_all_lockp+404    :   str   r6, [r8, #20]      : MemWrite :  D=0x0000000000080078 A=0x80ff8
14374000: system.cpu T0 : @_IO_flush_all_lockp+408    :   beq                      : IntAlu : 
14379500: system.cpu T0 : @_IO_flush_all_lockp+520    :   ldr   r3, [r6, #108]     : MemRead :  D=0x0000000000000000 A=0x800e4
14379500: system.cpu T0 : @_IO_flush_all_lockp+524    :   cmps   r3, #0            : IntAlu :  D=0x0000000000000001
14379500: system.cpu T0 : @_IO_flush_all_lockp+528    :   bgt                      : IntAlu : Predicated False
14380000: system.cpu T0 : @_IO_flush_all_lockp+532    :   ldr   r2, [r6, #20]      : MemRead :  D=0x0000000000000000 A=0x8008c
14380000: system.cpu T0 : @_IO_flush_all_lockp+536    :   ldr   r3, [r6, #16]      : MemRead :  D=0x0000000000000000 A=0x80088
14380000: system.cpu T0 : @_IO_flush_all_lockp+540    :   cmps   r2, r3            : IntAlu :  D=0x0000000000000001
14380500: system.cpu T0 : @_IO_flush_all_lockp+544    :   bhi                      : IntAlu : Predicated False
14381000: system.cpu T0 : @_IO_flush_all_lockp+548    :   b                        : IntAlu : 
14381500: system.cpu T0 : @_IO_flush_all_lockp+244    :   cmps   r10, #0           : IntAlu :  D=0x0000000000000001
14381500: system.cpu T0 : @_IO_flush_all_lockp+248    :   beq                      : IntAlu : 
14387500: system.cpu T0 : @_IO_flush_all_lockp+360    :   ldr   r3, [r8, #24]      : MemRead :  D=0x0000000000000000 A=0x80ffc
14387500: system.cpu T0 : @_IO_flush_all_lockp+364    :   mov   r2, #0             : IntAlu :  D=0x0000000000000000
14387500: system.cpu T0 : @_IO_flush_all_lockp+368    :   cmps   r9, r3            : IntAlu :  D=0x0000000000000001
14388000: system.cpu T0 : @_IO_flush_all_lockp+372    :   str   r2, [r8, #20]      : MemWrite :  D=0x0000000000000000 A=0x80ff8
14388000: system.cpu T0 : @_IO_flush_all_lockp+376    :   ldrne   r2, [pc, #424]   : MemRead : Predicated False
14388000: system.cpu T0 : @_IO_flush_all_lockp+380    :   ldreq   r6, [r6, #52]    : MemRead :  D=0x0000000000000000 A=0x800ac
14388500: system.cpu T0 : @_IO_flush_all_lockp+384    :   ldrne   r6, [r2, #0]     : MemRead : Predicated False
14389000: system.cpu T0 : @_IO_flush_all_lockp+388    :   cmps   r6, #0            : IntAlu :  D=0x0000000000000001
14389000: system.cpu T0 : @_IO_flush_all_lockp+392    :   beq                      : IntAlu : 
14510500: system.cpu T0 : @_IO_flush_all_lockp+552    :   cmps   r10, #0           : IntAlu :  D=0x0000000000000001
14510500: system.cpu T0 : @_IO_flush_all_lockp+556    :   beq                      : IntAlu : 
14573500: system.cpu T0 : @_IO_flush_all_lockp+656    :   ldr   r3, [sp, #4]       : MemRead :  D=0x0000000000000000 A=0xbefffd34
14574000: system.cpu T0 : @_IO_flush_all_lockp+660    :   cmps   r3, #0            : IntAlu :  D=0x0000000000000001
14574000: system.cpu T0 : @_IO_flush_all_lockp+664    :   addne   r0, sp, #8       : IntAlu : Predicated False
14574000: system.cpu T0 : @_IO_flush_all_lockp+668    :   movne   r1, #0           : IntAlu : Predicated False
14574500: system.cpu T0 : @_IO_flush_all_lockp+672    :   movne   r0, r0           : IntAlu : Predicated False
14630500: system.cpu T0 : @_IO_flush_all_lockp+676    :   mov   r0, fp             : IntAlu :  D=0x0000000000000000
14630500: system.cpu T0 : @_IO_flush_all_lockp+680    :   add   sp, sp, #28        : IntAlu :  D=0x00000000befffd4c
14630500: system.cpu T0 : @_IO_flush_all_lockp+684    : ldmstm                    
14630500: system.cpu T0 : @_IO_flush_all_lockp+684.0  :   ldr2_uop   r4,r5, [sp, #0] : MemRead :  D=0x0000000000000000 A=0xbefffd4c
14631000: system.cpu T0 : @_IO_flush_all_lockp+684.1  :   ldr2_uop   r6,r7, [sp, #8] : MemRead :  D=0x0000000000000000 A=0xbefffd54
14631000: system.cpu T0 : @_IO_flush_all_lockp+684.2  :   ldr2_uop   r8,r9, [sp, #16] : MemRead :  D=0x0000000000000000 A=0xbefffd5c
14631000: system.cpu T0 : @_IO_flush_all_lockp+684.3  :   ldr2_uop   r10,fp, [sp, #24] : MemRead :  D=0x0000000000000000 A=0xbefffd64
14631500: system.cpu T0 : @_IO_flush_all_lockp+684.4  :   ldr_uop   lr, [sp, #32]  : MemRead :  D=0x000000000000aad4 A=0xbefffd6c
14631500: system.cpu T0 : @_IO_flush_all_lockp+684.5  :   addi_uop   sp, sp, #36   : IntAlu :  D=0x00000000befffd70
14631500: system.cpu T0 : @_IO_flush_all_lockp+688    :   bx                       : IntAlu : 
14632000: system.cpu T0 : @_IO_cleanup+12    :   ldr   r3, [pc, #508]     : MemRead :  D=0x0000000000080258 A=0xacd8
14632000: system.cpu T0 : @_IO_cleanup+16    :   mov   fp, r0             : IntAlu :  D=0x0000000000000000
14632000: system.cpu T0 : @_IO_cleanup+20    :   ldr   r6, [r3, #0]       : MemRead :  D=0x00000000000801b8 A=0x80258
14632500: system.cpu T0 : @_IO_cleanup+24    :   cmps   r6, #0            : IntAlu :  D=0x0000000000000001
14632500: system.cpu T0 : @_IO_cleanup+28    :   beq                      : IntAlu : Predicated False
14632500: system.cpu T0 : @_IO_cleanup+32    :   ldr   r10, [pc, #492]    : MemRead :  D=0x0000000000080fe4 A=0xacdc
14633000: system.cpu T0 : @_IO_cleanup+36    :   mov   r9, #1             : IntAlu :  D=0x0000000000000001
14633500: system.cpu T0 : @_IO_cleanup+40    :   mvn   r8, #0             : IntAlu :  D=0x00000000ffffffff
14633500: system.cpu T0 : @_IO_cleanup+44    :   ldr   r3, [r6, #0]       : MemRead :  D=0x00000000fbad2086 A=0x801b8
14633500: system.cpu T0 : @_IO_cleanup+48    :   ands   r4, r3, #2        : IntAlu :  D=0x0000000000000000
14634000: system.cpu T0 : @_IO_cleanup+52    :   bne                      : IntAlu : 
14791500: system.cpu T0 : @_IO_cleanup+344    :   str   r8, [r6, #108]     : MemWrite :  D=0x00000000ffffffff A=0x80224
14791500: system.cpu T0 : @_IO_cleanup+348    :   ldr   r6, [r6, #52]      : MemRead :  D=0x0000000000080118 A=0x801ec
14791500: system.cpu T0 : @_IO_cleanup+352    :   cmps   r6, #0            : IntAlu :  D=0x0000000000000001
14792000: system.cpu T0 : @_IO_cleanup+356    :   bne                      : IntAlu : 
14799500: system.cpu T0 : @_IO_cleanup+44    :   ldr   r3, [r6, #0]       : MemRead :  D=0x00000000fbad2084 A=0x80118
14799500: system.cpu T0 : @_IO_cleanup+48    :   ands   r4, r3, #2        : IntAlu :  D=0x0000000000000001
14799500: system.cpu T0 : @_IO_cleanup+52    :   bne                      : IntAlu : Predicated False
14800000: system.cpu T0 : @_IO_cleanup+56    :   ldr   r2, [pc, #472]     : MemRead :  D=0x0000000000001008 A=0xace0
14800000: system.cpu T0 : @_IO_cleanup+60    :   and   r2, r3, r2         : IntAlu :  D=0x0000000000000000
14800000: system.cpu T0 : @_IO_cleanup+64    :   cmps   r2, #8            : IntAlu :  D=0x0000000000000000
14800500: system.cpu T0 : @_IO_cleanup+68    :   beq                      : IntAlu : Predicated False
14801000: system.cpu T0 : @_IO_cleanup+72    :   ldr   r3, [r6, #108]     : MemRead :  D=0x0000000000000000 A=0x80184
14801000: system.cpu T0 : @_IO_cleanup+76    :   cmps   r3, #0            : IntAlu :  D=0x0000000000000001
14801000: system.cpu T0 : @_IO_cleanup+80    :   beq                      : IntAlu : 
14809000: system.cpu T0 : @_IO_cleanup+344    :   str   r8, [r6, #108]     : MemWrite :  D=0x00000000ffffffff A=0x80184
14809000: system.cpu T0 : @_IO_cleanup+348    :   ldr   r6, [r6, #52]      : MemRead :  D=0x0000000000080078 A=0x8014c
14809000: system.cpu T0 : @_IO_cleanup+352    :   cmps   r6, #0            : IntAlu :  D=0x0000000000000001
14809500: system.cpu T0 : @_IO_cleanup+356    :   bne                      : IntAlu : 
14817000: system.cpu T0 : @_IO_cleanup+44    :   ldr   r3, [r6, #0]       : MemRead :  D=0x00000000fbad2088 A=0x80078
14817000: system.cpu T0 : @_IO_cleanup+48    :   ands   r4, r3, #2        : IntAlu :  D=0x0000000000000001
14817000: system.cpu T0 : @_IO_cleanup+52    :   bne                      : IntAlu : Predicated False
14817500: system.cpu T0 : @_IO_cleanup+56    :   ldr   r2, [pc, #472]     : MemRead :  D=0x0000000000001008 A=0xace0
14817500: system.cpu T0 : @_IO_cleanup+60    :   and   r2, r3, r2         : IntAlu :  D=0x0000000000000008
14817500: system.cpu T0 : @_IO_cleanup+64    :   cmps   r2, #8            : IntAlu :  D=0x0000000000000001
14818000: system.cpu T0 : @_IO_cleanup+68    :   beq                      : IntAlu : 
14826000: system.cpu T0 : @_IO_cleanup+344    :   str   r8, [r6, #108]     : MemWrite :  D=0x00000000ffffffff A=0x800e4
14826000: system.cpu T0 : @_IO_cleanup+348    :   ldr   r6, [r6, #52]      : MemRead :  D=0x0000000000000000 A=0x800ac
14826000: system.cpu T0 : @_IO_cleanup+352    :   cmps   r6, #0            : IntAlu :  D=0x0000000000000001
14826500: system.cpu T0 : @_IO_cleanup+356    :   bne                      : IntAlu : Predicated False
14827000: system.cpu T0 : @_IO_cleanup+360    :   mov   r0, fp             : IntAlu :  D=0x0000000000000000
14827000: system.cpu T0 : @_IO_cleanup+364    : ldmstm                    
14827000: system.cpu T0 : @_IO_cleanup+364.0  :   ldr2_uop   r3,r4, [sp, #0] : MemRead :  D=0x0000000000077458 A=0xbefffd70
14827000: system.cpu T0 : @_IO_cleanup+364.1  :   ldr2_uop   r5,r6, [sp, #8] : MemRead :  D=0x0000000000077458 A=0xbefffd78
14827500: system.cpu T0 : @_IO_cleanup+364.2  :   ldr2_uop   r7,r8, [sp, #16] : MemRead :  D=0x0000000000000000 A=0xbefffd80
14827500: system.cpu T0 : @_IO_cleanup+364.3  :   ldr2_uop   r9,r10, [sp, #24] : MemRead :  D=0x0000000000000000 A=0xbefffd88
14827500: system.cpu T0 : @_IO_cleanup+364.4  :   ldr2_uop   fp,lr, [sp, #32] : MemRead :  D=0x0000000000008dbc A=0xbefffd90
14828000: system.cpu T0 : @_IO_cleanup+364.5  :   addi_uop   sp, sp, #40   : IntAlu :  D=0x00000000befffd98
14828000: system.cpu T0 : @_IO_cleanup+368    :   bx                       : IntAlu : 
14839500: system.cpu T0 : @exit+140    :   cmps   r4, r6            : IntAlu :  D=0x0000000000000001
14840000: system.cpu T0 : @exit+144    :   bcc                      : IntAlu : Predicated False
14840000: system.cpu T0 : @exit+148    :   mov   r0, r5             : IntAlu :  D=0x0000000000000000
14840000: system.cpu T0 : @exit+152    :   bl                       : IntAlu :  D=0x0000000000008dcc
14840500: system.cpu T0 : @_Exit    :   ldr   r4, [pc, #96]      : MemRead :  D=0x000000000006db30 A=0x12520
14840500: system.cpu T0 : @_Exit+4    :   ldr   r1, [pc, #96]      : MemRead :  D=0x000000000006db1c A=0x12524
14841000: system.cpu T0 : @_Exit+8    :   mov   r3, r0             : IntAlu :  D=0x0000000000000000
14841000: system.cpu T0 : @_Exit+12    :   b                        : IntAlu : 
14844000: system.cpu T0 : @_Exit+36    :   mov   r0, r3             : IntAlu :  D=0x0000000000000000
14844500: system.cpu T0 : @_Exit+40    :   mov   r7, #248           : IntAlu :  D=0x00000000000000f8
14844500: system.cpu T0 : @_Exit+44    :   svc   #0                 : IntAlu : 
